[2023-02-08T15:20:16.588+0000] {taskinstance.py:1083} INFO - Dependencies all met for <TaskInstance: cms_asp_noc.data_load scheduled__2022-11-10T00:00:00+00:00 [queued]>
[2023-02-08T15:20:16.597+0000] {taskinstance.py:1083} INFO - Dependencies all met for <TaskInstance: cms_asp_noc.data_load scheduled__2022-11-10T00:00:00+00:00 [queued]>
[2023-02-08T15:20:16.598+0000] {taskinstance.py:1279} INFO - 
--------------------------------------------------------------------------------
[2023-02-08T15:20:16.599+0000] {taskinstance.py:1280} INFO - Starting attempt 1 of 1
[2023-02-08T15:20:16.599+0000] {taskinstance.py:1281} INFO - 
--------------------------------------------------------------------------------
[2023-02-08T15:20:16.622+0000] {taskinstance.py:1300} INFO - Executing <Task(PythonOperator): data_load> on 2022-11-10 00:00:00+00:00
[2023-02-08T15:20:16.635+0000] {standard_task_runner.py:55} INFO - Started process 3549 to run task
[2023-02-08T15:20:16.650+0000] {standard_task_runner.py:82} INFO - Running: ['***', 'tasks', 'run', 'cms_asp_noc', 'data_load', 'scheduled__2022-11-10T00:00:00+00:00', '--job-id', '1150', '--raw', '--subdir', 'DAGS_FOLDER/cms_upd.py', '--cfg-path', '/tmp/tmpzy070rgw']
[2023-02-08T15:20:16.663+0000] {standard_task_runner.py:83} INFO - Job 1150: Subtask data_load
[2023-02-08T15:20:16.939+0000] {task_command.py:388} INFO - Running <TaskInstance: cms_asp_noc.data_load scheduled__2022-11-10T00:00:00+00:00 [running]> on host 1f90076947be
[2023-02-08T15:20:18.077+0000] {taskinstance.py:1509} INFO - Exporting the following env vars:
AIRFLOW_CTX_DAG_OWNER=***
AIRFLOW_CTX_DAG_ID=cms_asp_noc
AIRFLOW_CTX_TASK_ID=data_load
AIRFLOW_CTX_EXECUTION_DATE=2022-11-10T00:00:00+00:00
AIRFLOW_CTX_TRY_NUMBER=1
AIRFLOW_CTX_DAG_RUN_ID=scheduled__2022-11-10T00:00:00+00:00
[2023-02-08T15:20:18.083+0000] {logging_mixin.py:137} INFO - []
[2023-02-08T15:20:18.085+0000] {python.py:177} INFO - Done. Returned value was: None
[2023-02-08T15:20:18.118+0000] {taskinstance.py:1323} INFO - Marking task as SUCCESS. dag_id=cms_asp_noc, task_id=data_load, execution_date=20221110T000000, start_date=20230208T152016, end_date=20230208T152018
[2023-02-08T15:20:18.422+0000] {local_task_job.py:208} INFO - Task exited with return code 0
[2023-02-08T15:20:18.574+0000] {taskinstance.py:2578} INFO - 0 downstream tasks scheduled from follow-on schedule check
