[2023-02-08T15:14:07.205+0000] {taskinstance.py:1083} INFO - Dependencies all met for <TaskInstance: cms_asp_noc.download_file scheduled__2022-09-01T00:00:00+00:00 [queued]>
[2023-02-08T15:14:07.214+0000] {taskinstance.py:1083} INFO - Dependencies all met for <TaskInstance: cms_asp_noc.download_file scheduled__2022-09-01T00:00:00+00:00 [queued]>
[2023-02-08T15:14:07.215+0000] {taskinstance.py:1279} INFO - 
--------------------------------------------------------------------------------
[2023-02-08T15:14:07.215+0000] {taskinstance.py:1280} INFO - Starting attempt 1 of 1
[2023-02-08T15:14:07.219+0000] {taskinstance.py:1281} INFO - 
--------------------------------------------------------------------------------
[2023-02-08T15:14:07.237+0000] {taskinstance.py:1300} INFO - Executing <Task(PythonOperator): download_file> on 2022-09-01 00:00:00+00:00
[2023-02-08T15:14:07.245+0000] {standard_task_runner.py:55} INFO - Started process 2073 to run task
[2023-02-08T15:14:07.250+0000] {standard_task_runner.py:82} INFO - Running: ['***', 'tasks', 'run', 'cms_asp_noc', 'download_file', 'scheduled__2022-09-01T00:00:00+00:00', '--job-id', '776', '--raw', '--subdir', 'DAGS_FOLDER/cms_upd.py', '--cfg-path', '/tmp/tmpehccj_w4']
[2023-02-08T15:14:07.253+0000] {standard_task_runner.py:83} INFO - Job 776: Subtask download_file
[2023-02-08T15:14:07.328+0000] {task_command.py:388} INFO - Running <TaskInstance: cms_asp_noc.download_file scheduled__2022-09-01T00:00:00+00:00 [running]> on host 1f90076947be
[2023-02-08T15:14:07.951+0000] {taskinstance.py:1509} INFO - Exporting the following env vars:
AIRFLOW_CTX_DAG_OWNER=***
AIRFLOW_CTX_DAG_ID=cms_asp_noc
AIRFLOW_CTX_TASK_ID=download_file
AIRFLOW_CTX_EXECUTION_DATE=2022-09-01T00:00:00+00:00
AIRFLOW_CTX_TRY_NUMBER=1
AIRFLOW_CTX_DAG_RUN_ID=scheduled__2022-09-01T00:00:00+00:00
[2023-02-08T15:14:10.150+0000] {logging_mixin.py:137} INFO - july-2022-asp-pricing-file-updated-12142022.zip is downloaded.
[2023-02-08T15:14:10.289+0000] {logging_mixin.py:137} INFO - january-2023-noc-pricing-file.zip is downloaded.
[2023-02-08T15:14:10.611+0000] {logging_mixin.py:137} INFO - january-2022-asp-ndc-hcpcs-crosswalk.zip is downloaded.
[2023-02-08T15:14:10.781+0000] {logging_mixin.py:137} INFO - january-2022-asp-pricing-file-updated-06082022.zip is downloaded.
[2023-02-08T15:14:11.043+0000] {logging_mixin.py:137} INFO - october-2022-asp-ndc-hcpcs-crosswalks-updated-12212022.zip is downloaded.
[2023-02-08T15:14:11.195+0000] {logging_mixin.py:137} INFO - july-2022-noc-pricing-file.zip is downloaded.
[2023-02-08T15:14:11.333+0000] {logging_mixin.py:137} INFO - april-2022-noc-pricing-file.zip is downloaded.
[2023-02-08T15:14:11.606+0000] {logging_mixin.py:137} INFO - july-2022-asp-ndc-hcpcs-crosswalk-updated-07142022.zip is downloaded.
[2023-02-08T15:14:11.754+0000] {logging_mixin.py:137} INFO - october-2022-noc-pricing-file.zip is downloaded.
[2023-02-08T15:14:12.071+0000] {logging_mixin.py:137} INFO - april-2022-asp-ndc-hcpcs-crosswalk.zip is downloaded.
[2023-02-08T15:14:12.250+0000] {logging_mixin.py:137} INFO - 2023.zip is downloaded.
[2023-02-08T15:14:12.392+0000] {logging_mixin.py:137} INFO - january-2022-noc-pricing-file-updated-03022022.zip is downloaded.
[2023-02-08T15:14:12.575+0000] {logging_mixin.py:137} INFO - october-2022-asp-pricing-file-updated-12212022.zip is downloaded.
[2023-02-08T15:14:12.779+0000] {logging_mixin.py:137} INFO - april-2022-asp-pricing-file-updated-12142022.zip is downloaded.
[2023-02-08T15:14:13.146+0000] {logging_mixin.py:137} INFO - 2023.zip is downloaded.
[2023-02-08T15:14:13.147+0000] {python.py:177} INFO - Done. Returned value was: None
[2023-02-08T15:14:13.198+0000] {taskinstance.py:1323} INFO - Marking task as SUCCESS. dag_id=cms_asp_noc, task_id=download_file, execution_date=20220901T000000, start_date=20230208T151407, end_date=20230208T151413
[2023-02-08T15:14:13.614+0000] {local_task_job.py:208} INFO - Task exited with return code 0
[2023-02-08T15:14:14.369+0000] {taskinstance.py:2578} INFO - 1 downstream tasks scheduled from follow-on schedule check
