[2023-02-08T15:16:49.772+0000] {taskinstance.py:1083} INFO - Dependencies all met for <TaskInstance: cms_asp_noc.download_file scheduled__2022-10-03T00:00:00+00:00 [queued]>
[2023-02-08T15:16:49.801+0000] {taskinstance.py:1083} INFO - Dependencies all met for <TaskInstance: cms_asp_noc.download_file scheduled__2022-10-03T00:00:00+00:00 [queued]>
[2023-02-08T15:16:49.802+0000] {taskinstance.py:1279} INFO - 
--------------------------------------------------------------------------------
[2023-02-08T15:16:49.803+0000] {taskinstance.py:1280} INFO - Starting attempt 1 of 1
[2023-02-08T15:16:49.804+0000] {taskinstance.py:1281} INFO - 
--------------------------------------------------------------------------------
[2023-02-08T15:16:49.831+0000] {taskinstance.py:1300} INFO - Executing <Task(PythonOperator): download_file> on 2022-10-03 00:00:00+00:00
[2023-02-08T15:16:49.843+0000] {standard_task_runner.py:55} INFO - Started process 2746 to run task
[2023-02-08T15:16:49.856+0000] {standard_task_runner.py:82} INFO - Running: ['***', 'tasks', 'run', 'cms_asp_noc', 'download_file', 'scheduled__2022-10-03T00:00:00+00:00', '--job-id', '949', '--raw', '--subdir', 'DAGS_FOLDER/cms_upd.py', '--cfg-path', '/tmp/tmp8iaykmqw']
[2023-02-08T15:16:49.875+0000] {standard_task_runner.py:83} INFO - Job 949: Subtask download_file
[2023-02-08T15:16:50.053+0000] {task_command.py:388} INFO - Running <TaskInstance: cms_asp_noc.download_file scheduled__2022-10-03T00:00:00+00:00 [running]> on host 1f90076947be
[2023-02-08T15:16:50.540+0000] {taskinstance.py:1509} INFO - Exporting the following env vars:
AIRFLOW_CTX_DAG_OWNER=***
AIRFLOW_CTX_DAG_ID=cms_asp_noc
AIRFLOW_CTX_TASK_ID=download_file
AIRFLOW_CTX_EXECUTION_DATE=2022-10-03T00:00:00+00:00
AIRFLOW_CTX_TRY_NUMBER=1
AIRFLOW_CTX_DAG_RUN_ID=scheduled__2022-10-03T00:00:00+00:00
[2023-02-08T15:16:55.051+0000] {logging_mixin.py:137} INFO - july-2022-asp-pricing-file-updated-12142022.zip is downloaded.
[2023-02-08T15:16:55.217+0000] {logging_mixin.py:137} INFO - january-2023-noc-pricing-file.zip is downloaded.
[2023-02-08T15:16:55.512+0000] {logging_mixin.py:137} INFO - january-2022-asp-ndc-hcpcs-crosswalk.zip is downloaded.
[2023-02-08T15:16:55.668+0000] {logging_mixin.py:137} INFO - january-2022-asp-pricing-file-updated-06082022.zip is downloaded.
[2023-02-08T15:16:55.927+0000] {logging_mixin.py:137} INFO - october-2022-asp-ndc-hcpcs-crosswalks-updated-12212022.zip is downloaded.
[2023-02-08T15:16:56.086+0000] {logging_mixin.py:137} INFO - july-2022-noc-pricing-file.zip is downloaded.
[2023-02-08T15:16:56.220+0000] {logging_mixin.py:137} INFO - april-2022-noc-pricing-file.zip is downloaded.
[2023-02-08T15:16:56.497+0000] {logging_mixin.py:137} INFO - july-2022-asp-ndc-hcpcs-crosswalk-updated-07142022.zip is downloaded.
[2023-02-08T15:16:56.632+0000] {logging_mixin.py:137} INFO - october-2022-noc-pricing-file.zip is downloaded.
[2023-02-08T15:16:56.914+0000] {logging_mixin.py:137} INFO - april-2022-asp-ndc-hcpcs-crosswalk.zip is downloaded.
[2023-02-08T15:16:57.098+0000] {logging_mixin.py:137} INFO - 2023.zip is downloaded.
[2023-02-08T15:16:57.248+0000] {logging_mixin.py:137} INFO - january-2022-noc-pricing-file-updated-03022022.zip is downloaded.
[2023-02-08T15:16:57.482+0000] {logging_mixin.py:137} INFO - october-2022-asp-pricing-file-updated-12212022.zip is downloaded.
[2023-02-08T15:16:57.655+0000] {logging_mixin.py:137} INFO - april-2022-asp-pricing-file-updated-12142022.zip is downloaded.
[2023-02-08T15:16:57.958+0000] {logging_mixin.py:137} INFO - 2023.zip is downloaded.
[2023-02-08T15:16:57.971+0000] {python.py:177} INFO - Done. Returned value was: None
[2023-02-08T15:16:58.007+0000] {taskinstance.py:1323} INFO - Marking task as SUCCESS. dag_id=cms_asp_noc, task_id=download_file, execution_date=20221003T000000, start_date=20230208T151649, end_date=20230208T151658
[2023-02-08T15:16:58.264+0000] {local_task_job.py:208} INFO - Task exited with return code 0
[2023-02-08T15:16:58.872+0000] {taskinstance.py:2578} INFO - 1 downstream tasks scheduled from follow-on schedule check
