[2023-03-06T16:03:03.120+0000] {taskinstance.py:1083} INFO - Dependencies all met for <TaskInstance: cms_asp_noc.download_file scheduled__2023-03-03T00:00:00+00:00 [queued]>
[2023-03-06T16:03:03.218+0000] {taskinstance.py:1083} INFO - Dependencies all met for <TaskInstance: cms_asp_noc.download_file scheduled__2023-03-03T00:00:00+00:00 [queued]>
[2023-03-06T16:03:03.219+0000] {taskinstance.py:1279} INFO - 
--------------------------------------------------------------------------------
[2023-03-06T16:03:03.220+0000] {taskinstance.py:1280} INFO - Starting attempt 1 of 1
[2023-03-06T16:03:03.221+0000] {taskinstance.py:1281} INFO - 
--------------------------------------------------------------------------------
[2023-03-06T16:03:03.261+0000] {taskinstance.py:1300} INFO - Executing <Task(PythonOperator): download_file> on 2023-03-03 00:00:00+00:00
[2023-03-06T16:03:03.283+0000] {standard_task_runner.py:55} INFO - Started process 133 to run task
[2023-03-06T16:03:03.354+0000] {standard_task_runner.py:82} INFO - Running: ['***', 'tasks', 'run', 'cms_asp_noc', 'download_file', 'scheduled__2023-03-03T00:00:00+00:00', '--job-id', '1929', '--raw', '--subdir', 'DAGS_FOLDER/cms_upd.py', '--cfg-path', '/tmp/tmp8m5uzqmf']
[2023-03-06T16:03:03.373+0000] {standard_task_runner.py:83} INFO - Job 1929: Subtask download_file
[2023-03-06T16:03:06.541+0000] {task_command.py:388} INFO - Running <TaskInstance: cms_asp_noc.download_file scheduled__2023-03-03T00:00:00+00:00 [running]> on host 2886274f27ea
[2023-03-06T16:03:07.934+0000] {taskinstance.py:1509} INFO - Exporting the following env vars:
AIRFLOW_CTX_DAG_OWNER=***
AIRFLOW_CTX_DAG_ID=cms_asp_noc
AIRFLOW_CTX_TASK_ID=download_file
AIRFLOW_CTX_EXECUTION_DATE=2023-03-03T00:00:00+00:00
AIRFLOW_CTX_TRY_NUMBER=1
AIRFLOW_CTX_DAG_RUN_ID=scheduled__2023-03-03T00:00:00+00:00
[2023-03-06T16:03:14.764+0000] {logging_mixin.py:137} INFO - january-2023-noc-pricing-file.zip is downloaded.
[2023-03-06T16:03:15.350+0000] {logging_mixin.py:137} INFO - january-2022-asp-ndc-hcpcs-crosswalk.zip is downloaded.
[2023-03-06T16:03:15.602+0000] {logging_mixin.py:137} INFO - january-2022-asp-pricing-file-updated-06082022.zip is downloaded.
[2023-03-06T16:03:15.853+0000] {logging_mixin.py:137} INFO - october-2022-asp-pricing-file-updated-12212022.zip is downloaded.
[2023-03-06T16:03:16.207+0000] {logging_mixin.py:137} INFO - 2023.zip is downloaded.
[2023-03-06T16:03:17.419+0000] {logging_mixin.py:137} INFO - 2023.zip is downloaded.
[2023-03-06T16:03:17.769+0000] {logging_mixin.py:137} INFO - january-2022-noc-pricing-file-updated-03022022.zip is downloaded.
[2023-03-06T16:03:18.000+0000] {logging_mixin.py:137} INFO - october-2022-noc-pricing-file.zip is downloaded.
[2023-03-06T16:03:18.677+0000] {logging_mixin.py:137} INFO - october-2022-asp-ndc-hcpcs-crosswalks-updated-12212022.zip is downloaded.
[2023-03-06T16:03:19.380+0000] {logging_mixin.py:137} INFO - april-2022-asp-ndc-hcpcs-crosswalk.zip is downloaded.
[2023-03-06T16:03:19.553+0000] {logging_mixin.py:137} INFO - july-2022-noc-pricing-file.zip is downloaded.
[2023-03-06T16:03:19.829+0000] {logging_mixin.py:137} INFO - april-2022-asp-pricing-file-updated-12142022.zip is downloaded.
[2023-03-06T16:03:20.147+0000] {logging_mixin.py:137} INFO - april-2022-noc-pricing-file.zip is downloaded.
[2023-03-06T16:03:20.397+0000] {logging_mixin.py:137} INFO - july-2022-asp-pricing-file-updated-12142022.zip is downloaded.
[2023-03-06T16:03:21.902+0000] {logging_mixin.py:137} INFO - july-2022-asp-ndc-hcpcs-crosswalk-updated-07142022.zip is downloaded.
[2023-03-06T16:03:21.951+0000] {python.py:177} INFO - Done. Returned value was: None
[2023-03-06T16:03:22.502+0000] {taskinstance.py:1323} INFO - Marking task as SUCCESS. dag_id=cms_asp_noc, task_id=download_file, execution_date=20230303T000000, start_date=20230306T160303, end_date=20230306T160322
[2023-03-06T16:03:23.972+0000] {local_task_job.py:208} INFO - Task exited with return code 0
[2023-03-06T16:03:32.768+0000] {taskinstance.py:2578} INFO - 0 downstream tasks scheduled from follow-on schedule check
