[2023-02-12T00:00:03.230+0000] {taskinstance.py:1083} INFO - Dependencies all met for <TaskInstance: cms_asp_noc.website_changed scheduled__2023-02-11T00:00:00+00:00 [queued]>
[2023-02-12T00:00:03.240+0000] {taskinstance.py:1083} INFO - Dependencies all met for <TaskInstance: cms_asp_noc.website_changed scheduled__2023-02-11T00:00:00+00:00 [queued]>
[2023-02-12T00:00:03.240+0000] {taskinstance.py:1279} INFO - 
--------------------------------------------------------------------------------
[2023-02-12T00:00:03.241+0000] {taskinstance.py:1280} INFO - Starting attempt 1 of 1
[2023-02-12T00:00:03.241+0000] {taskinstance.py:1281} INFO - 
--------------------------------------------------------------------------------
[2023-02-12T00:00:03.253+0000] {taskinstance.py:1300} INFO - Executing <Task(PythonOperator): website_changed> on 2023-02-11 00:00:00+00:00
[2023-02-12T00:00:03.260+0000] {standard_task_runner.py:55} INFO - Started process 33249 to run task
[2023-02-12T00:00:03.264+0000] {standard_task_runner.py:82} INFO - Running: ['***', 'tasks', 'run', 'cms_asp_noc', 'website_changed', 'scheduled__2023-02-11T00:00:00+00:00', '--job-id', '1732', '--raw', '--subdir', 'DAGS_FOLDER/cms_upd.py', '--cfg-path', '/tmp/tmp0ekb0v09']
[2023-02-12T00:00:03.267+0000] {standard_task_runner.py:83} INFO - Job 1732: Subtask website_changed
[2023-02-12T00:00:03.331+0000] {task_command.py:388} INFO - Running <TaskInstance: cms_asp_noc.website_changed scheduled__2023-02-11T00:00:00+00:00 [running]> on host 2886274f27ea
[2023-02-12T00:00:03.409+0000] {taskinstance.py:1509} INFO - Exporting the following env vars:
AIRFLOW_CTX_DAG_OWNER=***
AIRFLOW_CTX_DAG_ID=cms_asp_noc
AIRFLOW_CTX_TASK_ID=website_changed
AIRFLOW_CTX_EXECUTION_DATE=2023-02-11T00:00:00+00:00
AIRFLOW_CTX_TRY_NUMBER=1
AIRFLOW_CTX_DAG_RUN_ID=scheduled__2023-02-11T00:00:00+00:00
[2023-02-12T00:00:05.796+0000] {logging_mixin.py:137} INFO - Website is not changed.
[2023-02-12T00:00:05.797+0000] {python.py:177} INFO - Done. Returned value was: Website is not changed
[2023-02-12T00:00:05.833+0000] {taskinstance.py:1323} INFO - Marking task as SUCCESS. dag_id=cms_asp_noc, task_id=website_changed, execution_date=20230211T000000, start_date=20230212T000003, end_date=20230212T000005
[2023-02-12T00:00:05.947+0000] {local_task_job.py:208} INFO - Task exited with return code 0
[2023-02-12T00:00:06.010+0000] {taskinstance.py:2578} INFO - 2 downstream tasks scheduled from follow-on schedule check
