[2023-02-08T15:13:10.086+0000] {taskinstance.py:1083} INFO - Dependencies all met for <TaskInstance: cms_asp_noc.data_load scheduled__2022-08-13T00:00:00+00:00 [queued]>
[2023-02-08T15:13:10.122+0000] {taskinstance.py:1083} INFO - Dependencies all met for <TaskInstance: cms_asp_noc.data_load scheduled__2022-08-13T00:00:00+00:00 [queued]>
[2023-02-08T15:13:10.133+0000] {taskinstance.py:1279} INFO - 
--------------------------------------------------------------------------------
[2023-02-08T15:13:10.138+0000] {taskinstance.py:1280} INFO - Starting attempt 1 of 1
[2023-02-08T15:13:10.146+0000] {taskinstance.py:1281} INFO - 
--------------------------------------------------------------------------------
[2023-02-08T15:13:10.284+0000] {taskinstance.py:1300} INFO - Executing <Task(PythonOperator): data_load> on 2022-08-13 00:00:00+00:00
[2023-02-08T15:13:10.324+0000] {standard_task_runner.py:55} INFO - Started process 1836 to run task
[2023-02-08T15:13:10.369+0000] {standard_task_runner.py:82} INFO - Running: ['***', 'tasks', 'run', 'cms_asp_noc', 'data_load', 'scheduled__2022-08-13T00:00:00+00:00', '--job-id', '714', '--raw', '--subdir', 'DAGS_FOLDER/cms_upd.py', '--cfg-path', '/tmp/tmpzeic9e44']
[2023-02-08T15:13:10.390+0000] {standard_task_runner.py:83} INFO - Job 714: Subtask data_load
[2023-02-08T15:13:10.834+0000] {task_command.py:388} INFO - Running <TaskInstance: cms_asp_noc.data_load scheduled__2022-08-13T00:00:00+00:00 [running]> on host 1f90076947be
[2023-02-08T15:13:12.046+0000] {taskinstance.py:1509} INFO - Exporting the following env vars:
AIRFLOW_CTX_DAG_OWNER=***
AIRFLOW_CTX_DAG_ID=cms_asp_noc
AIRFLOW_CTX_TASK_ID=data_load
AIRFLOW_CTX_EXECUTION_DATE=2022-08-13T00:00:00+00:00
AIRFLOW_CTX_TRY_NUMBER=1
AIRFLOW_CTX_DAG_RUN_ID=scheduled__2022-08-13T00:00:00+00:00
[2023-02-08T15:13:12.049+0000] {logging_mixin.py:137} INFO - []
[2023-02-08T15:13:12.050+0000] {python.py:177} INFO - Done. Returned value was: None
[2023-02-08T15:13:12.068+0000] {taskinstance.py:1323} INFO - Marking task as SUCCESS. dag_id=cms_asp_noc, task_id=data_load, execution_date=20220813T000000, start_date=20230208T151310, end_date=20230208T151312
[2023-02-08T15:13:12.459+0000] {local_task_job.py:208} INFO - Task exited with return code 0
[2023-02-08T15:13:12.849+0000] {taskinstance.py:2578} INFO - 0 downstream tasks scheduled from follow-on schedule check
