[2023-02-08T15:54:45.254+0000] {taskinstance.py:1083} INFO - Dependencies all met for <TaskInstance: cms_asp_noc.download_file scheduled__2023-01-06T00:00:00+00:00 [queued]>
[2023-02-08T15:54:45.282+0000] {taskinstance.py:1083} INFO - Dependencies all met for <TaskInstance: cms_asp_noc.download_file scheduled__2023-01-06T00:00:00+00:00 [queued]>
[2023-02-08T15:54:45.284+0000] {taskinstance.py:1279} INFO - 
--------------------------------------------------------------------------------
[2023-02-08T15:54:45.285+0000] {taskinstance.py:1280} INFO - Starting attempt 1 of 1
[2023-02-08T15:54:45.286+0000] {taskinstance.py:1281} INFO - 
--------------------------------------------------------------------------------
[2023-02-08T15:54:45.316+0000] {taskinstance.py:1300} INFO - Executing <Task(PythonOperator): download_file> on 2023-01-06 00:00:00+00:00
[2023-02-08T15:54:45.324+0000] {standard_task_runner.py:55} INFO - Started process 4659 to run task
[2023-02-08T15:54:45.336+0000] {standard_task_runner.py:82} INFO - Running: ['***', 'tasks', 'run', 'cms_asp_noc', 'download_file', 'scheduled__2023-01-06T00:00:00+00:00', '--job-id', '1395', '--raw', '--subdir', 'DAGS_FOLDER/cms_upd.py', '--cfg-path', '/tmp/tmpps2dhov8']
[2023-02-08T15:54:45.350+0000] {standard_task_runner.py:83} INFO - Job 1395: Subtask download_file
[2023-02-08T15:54:45.670+0000] {task_command.py:388} INFO - Running <TaskInstance: cms_asp_noc.download_file scheduled__2023-01-06T00:00:00+00:00 [running]> on host 1f90076947be
[2023-02-08T15:54:48.475+0000] {taskinstance.py:1509} INFO - Exporting the following env vars:
AIRFLOW_CTX_DAG_OWNER=***
AIRFLOW_CTX_DAG_ID=cms_asp_noc
AIRFLOW_CTX_TASK_ID=download_file
AIRFLOW_CTX_EXECUTION_DATE=2023-01-06T00:00:00+00:00
AIRFLOW_CTX_TRY_NUMBER=1
AIRFLOW_CTX_DAG_RUN_ID=scheduled__2023-01-06T00:00:00+00:00
[2023-02-08T15:54:53.119+0000] {logging_mixin.py:137} INFO - july-2022-asp-pricing-file-updated-12142022.zip is downloaded.
[2023-02-08T15:54:53.381+0000] {logging_mixin.py:137} INFO - january-2023-noc-pricing-file.zip is downloaded.
[2023-02-08T15:54:54.059+0000] {logging_mixin.py:137} INFO - january-2022-asp-ndc-hcpcs-crosswalk.zip is downloaded.
[2023-02-08T15:54:54.224+0000] {logging_mixin.py:137} INFO - january-2022-asp-pricing-file-updated-06082022.zip is downloaded.
[2023-02-08T15:54:54.735+0000] {logging_mixin.py:137} INFO - october-2022-asp-ndc-hcpcs-crosswalks-updated-12212022.zip is downloaded.
[2023-02-08T15:54:54.939+0000] {logging_mixin.py:137} INFO - july-2022-noc-pricing-file.zip is downloaded.
[2023-02-08T15:54:55.123+0000] {logging_mixin.py:137} INFO - april-2022-noc-pricing-file.zip is downloaded.
[2023-02-08T15:54:55.495+0000] {logging_mixin.py:137} INFO - july-2022-asp-ndc-hcpcs-crosswalk-updated-07142022.zip is downloaded.
[2023-02-08T15:54:55.721+0000] {logging_mixin.py:137} INFO - october-2022-noc-pricing-file.zip is downloaded.
[2023-02-08T15:54:56.199+0000] {logging_mixin.py:137} INFO - april-2022-asp-ndc-hcpcs-crosswalk.zip is downloaded.
[2023-02-08T15:54:56.428+0000] {logging_mixin.py:137} INFO - 2023.zip is downloaded.
[2023-02-08T15:54:56.659+0000] {logging_mixin.py:137} INFO - january-2022-noc-pricing-file-updated-03022022.zip is downloaded.
[2023-02-08T15:54:56.828+0000] {logging_mixin.py:137} INFO - october-2022-asp-pricing-file-updated-12212022.zip is downloaded.
[2023-02-08T15:54:57.022+0000] {logging_mixin.py:137} INFO - april-2022-asp-pricing-file-updated-12142022.zip is downloaded.
[2023-02-08T15:54:57.598+0000] {logging_mixin.py:137} INFO - 2023.zip is downloaded.
[2023-02-08T15:54:57.600+0000] {python.py:177} INFO - Done. Returned value was: None
[2023-02-08T15:54:57.751+0000] {taskinstance.py:1323} INFO - Marking task as SUCCESS. dag_id=cms_asp_noc, task_id=download_file, execution_date=20230106T000000, start_date=20230208T155445, end_date=20230208T155457
[2023-02-08T15:54:58.520+0000] {local_task_job.py:208} INFO - Task exited with return code 0
[2023-02-08T15:55:00.552+0000] {taskinstance.py:2578} INFO - 1 downstream tasks scheduled from follow-on schedule check
