[2023-02-08T15:19:57.448+0000] {taskinstance.py:1083} INFO - Dependencies all met for <TaskInstance: cms_asp_noc.download_file scheduled__2022-11-08T00:00:00+00:00 [queued]>
[2023-02-08T15:19:57.477+0000] {taskinstance.py:1083} INFO - Dependencies all met for <TaskInstance: cms_asp_noc.download_file scheduled__2022-11-08T00:00:00+00:00 [queued]>
[2023-02-08T15:19:57.478+0000] {taskinstance.py:1279} INFO - 
--------------------------------------------------------------------------------
[2023-02-08T15:19:57.481+0000] {taskinstance.py:1280} INFO - Starting attempt 1 of 1
[2023-02-08T15:19:57.482+0000] {taskinstance.py:1281} INFO - 
--------------------------------------------------------------------------------
[2023-02-08T15:19:57.548+0000] {taskinstance.py:1300} INFO - Executing <Task(PythonOperator): download_file> on 2022-11-08 00:00:00+00:00
[2023-02-08T15:19:57.589+0000] {standard_task_runner.py:55} INFO - Started process 3484 to run task
[2023-02-08T15:19:57.608+0000] {standard_task_runner.py:82} INFO - Running: ['***', 'tasks', 'run', 'cms_asp_noc', 'download_file', 'scheduled__2022-11-08T00:00:00+00:00', '--job-id', '1131', '--raw', '--subdir', 'DAGS_FOLDER/cms_upd.py', '--cfg-path', '/tmp/tmpk1iw4ab2']
[2023-02-08T15:19:57.621+0000] {standard_task_runner.py:83} INFO - Job 1131: Subtask download_file
[2023-02-08T15:19:57.780+0000] {task_command.py:388} INFO - Running <TaskInstance: cms_asp_noc.download_file scheduled__2022-11-08T00:00:00+00:00 [running]> on host 1f90076947be
[2023-02-08T15:19:59.291+0000] {taskinstance.py:1509} INFO - Exporting the following env vars:
AIRFLOW_CTX_DAG_OWNER=***
AIRFLOW_CTX_DAG_ID=cms_asp_noc
AIRFLOW_CTX_TASK_ID=download_file
AIRFLOW_CTX_EXECUTION_DATE=2022-11-08T00:00:00+00:00
AIRFLOW_CTX_TRY_NUMBER=1
AIRFLOW_CTX_DAG_RUN_ID=scheduled__2022-11-08T00:00:00+00:00
[2023-02-08T15:20:04.070+0000] {logging_mixin.py:137} INFO - july-2022-asp-pricing-file-updated-12142022.zip is downloaded.
[2023-02-08T15:20:04.303+0000] {logging_mixin.py:137} INFO - january-2023-noc-pricing-file.zip is downloaded.
[2023-02-08T15:20:04.643+0000] {logging_mixin.py:137} INFO - january-2022-asp-ndc-hcpcs-crosswalk.zip is downloaded.
[2023-02-08T15:20:04.803+0000] {logging_mixin.py:137} INFO - january-2022-asp-pricing-file-updated-06082022.zip is downloaded.
[2023-02-08T15:20:05.077+0000] {logging_mixin.py:137} INFO - october-2022-asp-ndc-hcpcs-crosswalks-updated-12212022.zip is downloaded.
[2023-02-08T15:20:05.205+0000] {logging_mixin.py:137} INFO - july-2022-noc-pricing-file.zip is downloaded.
[2023-02-08T15:20:05.402+0000] {logging_mixin.py:137} INFO - april-2022-noc-pricing-file.zip is downloaded.
[2023-02-08T15:20:05.701+0000] {logging_mixin.py:137} INFO - july-2022-asp-ndc-hcpcs-crosswalk-updated-07142022.zip is downloaded.
[2023-02-08T15:20:05.830+0000] {logging_mixin.py:137} INFO - october-2022-noc-pricing-file.zip is downloaded.
[2023-02-08T15:20:06.184+0000] {logging_mixin.py:137} INFO - april-2022-asp-ndc-hcpcs-crosswalk.zip is downloaded.
[2023-02-08T15:20:06.398+0000] {logging_mixin.py:137} INFO - 2023.zip is downloaded.
[2023-02-08T15:20:06.595+0000] {logging_mixin.py:137} INFO - january-2022-noc-pricing-file-updated-03022022.zip is downloaded.
[2023-02-08T15:20:06.761+0000] {logging_mixin.py:137} INFO - october-2022-asp-pricing-file-updated-12212022.zip is downloaded.
[2023-02-08T15:20:06.958+0000] {logging_mixin.py:137} INFO - april-2022-asp-pricing-file-updated-12142022.zip is downloaded.
[2023-02-08T15:20:07.243+0000] {logging_mixin.py:137} INFO - 2023.zip is downloaded.
[2023-02-08T15:20:07.244+0000] {python.py:177} INFO - Done. Returned value was: None
[2023-02-08T15:20:07.293+0000] {taskinstance.py:1323} INFO - Marking task as SUCCESS. dag_id=cms_asp_noc, task_id=download_file, execution_date=20221108T000000, start_date=20230208T151957, end_date=20230208T152007
[2023-02-08T15:20:07.633+0000] {local_task_job.py:208} INFO - Task exited with return code 0
[2023-02-08T15:20:08.191+0000] {taskinstance.py:2578} INFO - 1 downstream tasks scheduled from follow-on schedule check
