[2023-02-10T15:37:47.188+0000] {taskinstance.py:1083} INFO - Dependencies all met for <TaskInstance: cms_asp_noc.check_if_updates manual__2023-02-10T15:37:25.465043+00:00 [queued]>
[2023-02-10T15:37:47.200+0000] {taskinstance.py:1083} INFO - Dependencies all met for <TaskInstance: cms_asp_noc.check_if_updates manual__2023-02-10T15:37:25.465043+00:00 [queued]>
[2023-02-10T15:37:47.202+0000] {taskinstance.py:1279} INFO - 
--------------------------------------------------------------------------------
[2023-02-10T15:37:47.203+0000] {taskinstance.py:1280} INFO - Starting attempt 1 of 1
[2023-02-10T15:37:47.204+0000] {taskinstance.py:1281} INFO - 
--------------------------------------------------------------------------------
[2023-02-10T15:37:47.229+0000] {taskinstance.py:1300} INFO - Executing <Task(BranchPythonOperator): check_if_updates> on 2023-02-10 15:37:25.465043+00:00
[2023-02-10T15:37:47.244+0000] {standard_task_runner.py:55} INFO - Started process 43664 to run task
[2023-02-10T15:37:47.248+0000] {standard_task_runner.py:82} INFO - Running: ['***', 'tasks', 'run', 'cms_asp_noc', 'check_if_updates', 'manual__2023-02-10T15:37:25.465043+00:00', '--job-id', '1719', '--raw', '--subdir', 'DAGS_FOLDER/cms_upd.py', '--cfg-path', '/tmp/tmp4emx0f62']
[2023-02-10T15:37:47.251+0000] {standard_task_runner.py:83} INFO - Job 1719: Subtask check_if_updates
[2023-02-10T15:37:47.323+0000] {task_command.py:388} INFO - Running <TaskInstance: cms_asp_noc.check_if_updates manual__2023-02-10T15:37:25.465043+00:00 [running]> on host 2886274f27ea
[2023-02-10T15:37:47.381+0000] {taskinstance.py:1509} INFO - Exporting the following env vars:
AIRFLOW_CTX_DAG_OWNER=***
AIRFLOW_CTX_DAG_ID=cms_asp_noc
AIRFLOW_CTX_TASK_ID=check_if_updates
AIRFLOW_CTX_EXECUTION_DATE=2023-02-10T15:37:25.465043+00:00
AIRFLOW_CTX_TRY_NUMBER=1
AIRFLOW_CTX_DAG_RUN_ID=manual__2023-02-10T15:37:25.465043+00:00
[2023-02-10T15:37:47.776+0000] {python.py:177} INFO - Done. Returned value was: email_alert
[2023-02-10T15:37:47.780+0000] {python.py:211} INFO - Branch callable return email_alert
[2023-02-10T15:37:47.781+0000] {skipmixin.py:155} INFO - Following branch email_alert
[2023-02-10T15:37:47.782+0000] {skipmixin.py:211} INFO - Skipping tasks ['file_not_found', 'no_update']
[2023-02-10T15:37:47.839+0000] {taskinstance.py:1323} INFO - Marking task as SUCCESS. dag_id=cms_asp_noc, task_id=check_if_updates, execution_date=20230210T153725, start_date=20230210T153747, end_date=20230210T153747
[2023-02-10T15:37:47.915+0000] {local_task_job.py:208} INFO - Task exited with return code 0
[2023-02-10T15:37:47.948+0000] {taskinstance.py:2578} INFO - 1 downstream tasks scheduled from follow-on schedule check
