[2023-02-08T12:53:40.671+0000] {taskinstance.py:1083} INFO - Dependencies all met for <TaskInstance: cms_asp_noc.download_file scheduled__2022-01-31T00:00:00+00:00 [queued]>
[2023-02-08T12:53:41.004+0000] {taskinstance.py:1083} INFO - Dependencies all met for <TaskInstance: cms_asp_noc.download_file scheduled__2022-01-31T00:00:00+00:00 [queued]>
[2023-02-08T12:53:41.029+0000] {taskinstance.py:1279} INFO - 
--------------------------------------------------------------------------------
[2023-02-08T12:53:41.030+0000] {taskinstance.py:1280} INFO - Starting attempt 1 of 1
[2023-02-08T12:53:41.032+0000] {taskinstance.py:1281} INFO - 
--------------------------------------------------------------------------------
[2023-02-08T12:53:41.671+0000] {taskinstance.py:1300} INFO - Executing <Task(PythonOperator): download_file> on 2022-01-31 00:00:00+00:00
[2023-02-08T12:53:41.969+0000] {standard_task_runner.py:55} INFO - Started process 432 to run task
[2023-02-08T12:53:42.198+0000] {standard_task_runner.py:82} INFO - Running: ['***', 'tasks', 'run', 'cms_asp_noc', 'download_file', 'scheduled__2022-01-31T00:00:00+00:00', '--job-id', '70', '--raw', '--subdir', 'DAGS_FOLDER/cms_upd.py', '--cfg-path', '/tmp/tmp0c7dvo_y']
[2023-02-08T12:53:42.258+0000] {standard_task_runner.py:83} INFO - Job 70: Subtask download_file
[2023-02-08T12:53:42.952+0000] {task_command.py:388} INFO - Running <TaskInstance: cms_asp_noc.download_file scheduled__2022-01-31T00:00:00+00:00 [running]> on host 4ed7ae61ecf3
[2023-02-08T12:54:37.106+0000] {taskinstance.py:1509} INFO - Exporting the following env vars:
AIRFLOW_CTX_DAG_OWNER=***
AIRFLOW_CTX_DAG_ID=cms_asp_noc
AIRFLOW_CTX_TASK_ID=download_file
AIRFLOW_CTX_EXECUTION_DATE=2022-01-31T00:00:00+00:00
AIRFLOW_CTX_TRY_NUMBER=1
AIRFLOW_CTX_DAG_RUN_ID=scheduled__2022-01-31T00:00:00+00:00
[2023-02-08T12:54:46.575+0000] {logging_mixin.py:137} INFO - october-2022-noc-pricing-file.zip is downloaded.
[2023-02-08T12:54:48.589+0000] {logging_mixin.py:137} INFO - april-2022-noc-pricing-file.zip is downloaded.
[2023-02-08T12:54:50.982+0000] {logging_mixin.py:137} INFO - 2023.zip is downloaded.
[2023-02-08T12:54:51.453+0000] {logging_mixin.py:137} INFO - 2023.zip is downloaded.
[2023-02-08T12:54:52.427+0000] {logging_mixin.py:137} INFO - april-2022-asp-ndc-hcpcs-crosswalk.zip is downloaded.
[2023-02-08T12:54:53.021+0000] {logging_mixin.py:137} INFO - july-2022-asp-pricing-file-updated-12142022.zip is downloaded.
[2023-02-08T12:54:53.242+0000] {logging_mixin.py:137} INFO - april-2022-asp-pricing-file-updated-12142022.zip is downloaded.
[2023-02-08T12:55:00.506+0000] {logging_mixin.py:137} INFO - january-2022-asp-ndc-hcpcs-crosswalk.zip is downloaded.
[2023-02-08T12:55:01.465+0000] {logging_mixin.py:137} INFO - january-2023-noc-pricing-file.zip is downloaded.
[2023-02-08T12:55:04.524+0000] {logging_mixin.py:137} INFO - october-2022-asp-ndc-hcpcs-crosswalks-updated-12212022.zip is downloaded.
[2023-02-08T12:55:10.618+0000] {logging_mixin.py:137} INFO - october-2022-asp-pricing-file-updated-12212022.zip is downloaded.
[2023-02-08T12:55:14.935+0000] {local_task_job.py:208} INFO - Task exited with return code Negsignal.SIGKILL
[2023-02-08T12:55:41.046+0000] {taskinstance.py:2578} INFO - 0 downstream tasks scheduled from follow-on schedule check
