[2023-02-08T15:19:13.671+0000] {taskinstance.py:1083} INFO - Dependencies all met for <TaskInstance: cms_asp_noc.download_file scheduled__2022-10-30T00:00:00+00:00 [queued]>
[2023-02-08T15:19:13.705+0000] {taskinstance.py:1083} INFO - Dependencies all met for <TaskInstance: cms_asp_noc.download_file scheduled__2022-10-30T00:00:00+00:00 [queued]>
[2023-02-08T15:19:13.706+0000] {taskinstance.py:1279} INFO - 
--------------------------------------------------------------------------------
[2023-02-08T15:19:13.706+0000] {taskinstance.py:1280} INFO - Starting attempt 1 of 1
[2023-02-08T15:19:13.715+0000] {taskinstance.py:1281} INFO - 
--------------------------------------------------------------------------------
[2023-02-08T15:19:13.784+0000] {taskinstance.py:1300} INFO - Executing <Task(PythonOperator): download_file> on 2022-10-30 00:00:00+00:00
[2023-02-08T15:19:13.818+0000] {standard_task_runner.py:55} INFO - Started process 3315 to run task
[2023-02-08T15:19:13.860+0000] {standard_task_runner.py:82} INFO - Running: ['***', 'tasks', 'run', 'cms_asp_noc', 'download_file', 'scheduled__2022-10-30T00:00:00+00:00', '--job-id', '1093', '--raw', '--subdir', 'DAGS_FOLDER/cms_upd.py', '--cfg-path', '/tmp/tmpqymm0jf0']
[2023-02-08T15:19:13.865+0000] {standard_task_runner.py:83} INFO - Job 1093: Subtask download_file
[2023-02-08T15:19:14.082+0000] {task_command.py:388} INFO - Running <TaskInstance: cms_asp_noc.download_file scheduled__2022-10-30T00:00:00+00:00 [running]> on host 1f90076947be
[2023-02-08T15:19:14.932+0000] {taskinstance.py:1509} INFO - Exporting the following env vars:
AIRFLOW_CTX_DAG_OWNER=***
AIRFLOW_CTX_DAG_ID=cms_asp_noc
AIRFLOW_CTX_TASK_ID=download_file
AIRFLOW_CTX_EXECUTION_DATE=2022-10-30T00:00:00+00:00
AIRFLOW_CTX_TRY_NUMBER=1
AIRFLOW_CTX_DAG_RUN_ID=scheduled__2022-10-30T00:00:00+00:00
[2023-02-08T15:19:18.366+0000] {logging_mixin.py:137} INFO - july-2022-asp-pricing-file-updated-12142022.zip is downloaded.
[2023-02-08T15:19:18.900+0000] {logging_mixin.py:137} INFO - january-2023-noc-pricing-file.zip is downloaded.
[2023-02-08T15:19:20.581+0000] {logging_mixin.py:137} INFO - january-2022-asp-ndc-hcpcs-crosswalk.zip is downloaded.
[2023-02-08T15:19:20.812+0000] {logging_mixin.py:137} INFO - january-2022-asp-pricing-file-updated-06082022.zip is downloaded.
[2023-02-08T15:19:21.235+0000] {logging_mixin.py:137} INFO - october-2022-asp-ndc-hcpcs-crosswalks-updated-12212022.zip is downloaded.
[2023-02-08T15:19:21.403+0000] {logging_mixin.py:137} INFO - july-2022-noc-pricing-file.zip is downloaded.
[2023-02-08T15:19:21.558+0000] {logging_mixin.py:137} INFO - april-2022-noc-pricing-file.zip is downloaded.
[2023-02-08T15:19:21.981+0000] {logging_mixin.py:137} INFO - july-2022-asp-ndc-hcpcs-crosswalk-updated-07142022.zip is downloaded.
[2023-02-08T15:19:22.128+0000] {logging_mixin.py:137} INFO - october-2022-noc-pricing-file.zip is downloaded.
[2023-02-08T15:19:22.488+0000] {logging_mixin.py:137} INFO - april-2022-asp-ndc-hcpcs-crosswalk.zip is downloaded.
[2023-02-08T15:19:22.665+0000] {logging_mixin.py:137} INFO - 2023.zip is downloaded.
[2023-02-08T15:19:22.833+0000] {logging_mixin.py:137} INFO - january-2022-noc-pricing-file-updated-03022022.zip is downloaded.
[2023-02-08T15:19:22.999+0000] {logging_mixin.py:137} INFO - october-2022-asp-pricing-file-updated-12212022.zip is downloaded.
[2023-02-08T15:19:23.193+0000] {logging_mixin.py:137} INFO - april-2022-asp-pricing-file-updated-12142022.zip is downloaded.
[2023-02-08T15:19:23.499+0000] {logging_mixin.py:137} INFO - 2023.zip is downloaded.
[2023-02-08T15:19:23.505+0000] {python.py:177} INFO - Done. Returned value was: None
[2023-02-08T15:19:23.621+0000] {taskinstance.py:1323} INFO - Marking task as SUCCESS. dag_id=cms_asp_noc, task_id=download_file, execution_date=20221030T000000, start_date=20230208T151913, end_date=20230208T151923
[2023-02-08T15:19:24.499+0000] {local_task_job.py:208} INFO - Task exited with return code 0
[2023-02-08T15:19:25.826+0000] {taskinstance.py:2578} INFO - 0 downstream tasks scheduled from follow-on schedule check
