[2023-02-28T20:30:13.868+0000] {taskinstance.py:1083} INFO - Dependencies all met for <TaskInstance: cms_asp_noc.website_changed scheduled__2023-02-27T00:00:00+00:00 [queued]>
[2023-02-28T20:30:13.905+0000] {taskinstance.py:1083} INFO - Dependencies all met for <TaskInstance: cms_asp_noc.website_changed scheduled__2023-02-27T00:00:00+00:00 [queued]>
[2023-02-28T20:30:13.907+0000] {taskinstance.py:1279} INFO - 
--------------------------------------------------------------------------------
[2023-02-28T20:30:13.908+0000] {taskinstance.py:1280} INFO - Starting attempt 1 of 1
[2023-02-28T20:30:13.909+0000] {taskinstance.py:1281} INFO - 
--------------------------------------------------------------------------------
[2023-02-28T20:30:13.942+0000] {taskinstance.py:1300} INFO - Executing <Task(PythonOperator): website_changed> on 2023-02-27 00:00:00+00:00
[2023-02-28T20:30:13.977+0000] {standard_task_runner.py:55} INFO - Started process 67 to run task
[2023-02-28T20:30:13.991+0000] {standard_task_runner.py:82} INFO - Running: ['***', 'tasks', 'run', 'cms_asp_noc', 'website_changed', 'scheduled__2023-02-27T00:00:00+00:00', '--job-id', '1879', '--raw', '--subdir', 'DAGS_FOLDER/cms_upd.py', '--cfg-path', '/tmp/tmpqzvr32s7']
[2023-02-28T20:30:13.997+0000] {standard_task_runner.py:83} INFO - Job 1879: Subtask website_changed
[2023-02-28T20:30:16.317+0000] {task_command.py:388} INFO - Running <TaskInstance: cms_asp_noc.website_changed scheduled__2023-02-27T00:00:00+00:00 [running]> on host 2886274f27ea
[2023-02-28T20:30:16.727+0000] {taskinstance.py:1509} INFO - Exporting the following env vars:
AIRFLOW_CTX_DAG_OWNER=***
AIRFLOW_CTX_DAG_ID=cms_asp_noc
AIRFLOW_CTX_TASK_ID=website_changed
AIRFLOW_CTX_EXECUTION_DATE=2023-02-27T00:00:00+00:00
AIRFLOW_CTX_TRY_NUMBER=1
AIRFLOW_CTX_DAG_RUN_ID=scheduled__2023-02-27T00:00:00+00:00
[2023-02-28T20:30:17.137+0000] {logging_mixin.py:137} INFO - Website is not changed.
[2023-02-28T20:30:17.140+0000] {python.py:177} INFO - Done. Returned value was: Website is not changed
[2023-02-28T20:30:17.384+0000] {taskinstance.py:1323} INFO - Marking task as SUCCESS. dag_id=cms_asp_noc, task_id=website_changed, execution_date=20230227T000000, start_date=20230228T203013, end_date=20230228T203017
[2023-02-28T20:30:18.203+0000] {local_task_job.py:208} INFO - Task exited with return code 0
[2023-02-28T20:30:20.972+0000] {taskinstance.py:2578} INFO - 2 downstream tasks scheduled from follow-on schedule check
