[2023-02-10T15:15:21.828+0000] {taskinstance.py:1083} INFO - Dependencies all met for <TaskInstance: cms_asp_noc.call_asp_pricing manual__2023-02-10T14:46:10+00:00 [queued]>
[2023-02-10T15:15:21.843+0000] {taskinstance.py:1083} INFO - Dependencies all met for <TaskInstance: cms_asp_noc.call_asp_pricing manual__2023-02-10T14:46:10+00:00 [queued]>
[2023-02-10T15:15:21.844+0000] {taskinstance.py:1279} INFO - 
--------------------------------------------------------------------------------
[2023-02-10T15:15:21.845+0000] {taskinstance.py:1280} INFO - Starting attempt 5 of 5
[2023-02-10T15:15:21.846+0000] {taskinstance.py:1281} INFO - 
--------------------------------------------------------------------------------
[2023-02-10T15:15:21.859+0000] {taskinstance.py:1300} INFO - Executing <Task(PythonOperator): call_asp_pricing> on 2023-02-10 14:46:10+00:00
[2023-02-10T15:15:21.870+0000] {standard_task_runner.py:55} INFO - Started process 42166 to run task
[2023-02-10T15:15:21.875+0000] {standard_task_runner.py:82} INFO - Running: ['***', 'tasks', 'run', 'cms_asp_noc', 'call_asp_pricing', 'manual__2023-02-10T14:46:10+00:00', '--job-id', '1689', '--raw', '--subdir', 'DAGS_FOLDER/cms_upd.py', '--cfg-path', '/tmp/tmpnj8qi1wh']
[2023-02-10T15:15:21.879+0000] {standard_task_runner.py:83} INFO - Job 1689: Subtask call_asp_pricing
[2023-02-10T15:15:21.992+0000] {task_command.py:388} INFO - Running <TaskInstance: cms_asp_noc.call_asp_pricing manual__2023-02-10T14:46:10+00:00 [running]> on host 2886274f27ea
[2023-02-10T15:15:22.069+0000] {taskinstance.py:1509} INFO - Exporting the following env vars:
AIRFLOW_CTX_DAG_OWNER=***
AIRFLOW_CTX_DAG_ID=cms_asp_noc
AIRFLOW_CTX_TASK_ID=call_asp_pricing
AIRFLOW_CTX_EXECUTION_DATE=2023-02-10T14:46:10+00:00
AIRFLOW_CTX_TRY_NUMBER=5
AIRFLOW_CTX_DAG_RUN_ID=manual__2023-02-10T14:46:10+00:00
[2023-02-10T15:15:22.097+0000] {python.py:177} INFO - Done. Returned value was: None
[2023-02-10T15:15:22.646+0000] {taskinstance.py:1323} INFO - Marking task as SUCCESS. dag_id=cms_asp_noc, task_id=call_asp_pricing, execution_date=20230210T144610, start_date=20230210T151521, end_date=20230210T151522
[2023-02-10T15:15:22.721+0000] {local_task_job.py:208} INFO - Task exited with return code 0
[2023-02-10T15:15:22.777+0000] {taskinstance.py:2578} INFO - 0 downstream tasks scheduled from follow-on schedule check
