[2023-02-08T13:13:10.634+0000] {taskinstance.py:1083} INFO - Dependencies all met for <TaskInstance: cms_asp_noc.download_file scheduled__2022-04-10T00:00:00+00:00 [queued]>
[2023-02-08T13:13:10.733+0000] {taskinstance.py:1083} INFO - Dependencies all met for <TaskInstance: cms_asp_noc.download_file scheduled__2022-04-10T00:00:00+00:00 [queued]>
[2023-02-08T13:13:10.737+0000] {taskinstance.py:1279} INFO - 
--------------------------------------------------------------------------------
[2023-02-08T13:13:10.742+0000] {taskinstance.py:1280} INFO - Starting attempt 1 of 1
[2023-02-08T13:13:10.743+0000] {taskinstance.py:1281} INFO - 
--------------------------------------------------------------------------------
[2023-02-08T13:13:10.939+0000] {taskinstance.py:1300} INFO - Executing <Task(PythonOperator): download_file> on 2022-04-10 00:00:00+00:00
[2023-02-08T13:13:11.071+0000] {standard_task_runner.py:55} INFO - Started process 1266 to run task
[2023-02-08T13:13:11.307+0000] {standard_task_runner.py:82} INFO - Running: ['***', 'tasks', 'run', 'cms_asp_noc', 'download_file', 'scheduled__2022-04-10T00:00:00+00:00', '--job-id', '193', '--raw', '--subdir', 'DAGS_FOLDER/cms_upd.py', '--cfg-path', '/tmp/tmp8e2a9i1h']
[2023-02-08T13:13:11.348+0000] {standard_task_runner.py:83} INFO - Job 193: Subtask download_file
[2023-02-08T13:13:12.617+0000] {task_command.py:388} INFO - Running <TaskInstance: cms_asp_noc.download_file scheduled__2022-04-10T00:00:00+00:00 [running]> on host 4ed7ae61ecf3
[2023-02-08T13:14:32.166+0000] {taskinstance.py:1509} INFO - Exporting the following env vars:
AIRFLOW_CTX_DAG_OWNER=***
AIRFLOW_CTX_DAG_ID=cms_asp_noc
AIRFLOW_CTX_TASK_ID=download_file
AIRFLOW_CTX_EXECUTION_DATE=2022-04-10T00:00:00+00:00
AIRFLOW_CTX_TRY_NUMBER=1
AIRFLOW_CTX_DAG_RUN_ID=scheduled__2022-04-10T00:00:00+00:00
[2023-02-08T13:15:10.901+0000] {logging_mixin.py:137} INFO - october-2022-noc-pricing-file.zip is downloaded.
[2023-02-08T13:15:11.402+0000] {logging_mixin.py:137} INFO - april-2022-noc-pricing-file.zip is downloaded.
[2023-02-08T13:15:13.232+0000] {logging_mixin.py:137} INFO - 2023.zip is downloaded.
[2023-02-08T13:15:19.477+0000] {local_task_job.py:208} INFO - Task exited with return code Negsignal.SIGKILL
[2023-02-08T13:16:01.282+0000] {taskinstance.py:2578} INFO - 0 downstream tasks scheduled from follow-on schedule check
