[2023-03-08T00:00:38.466+0000] {taskinstance.py:1083} INFO - Dependencies all met for <TaskInstance: cms_asp_noc.get_files scheduled__2023-03-07T00:00:00+00:00 [queued]>
[2023-03-08T00:00:38.480+0000] {taskinstance.py:1083} INFO - Dependencies all met for <TaskInstance: cms_asp_noc.get_files scheduled__2023-03-07T00:00:00+00:00 [queued]>
[2023-03-08T00:00:38.481+0000] {taskinstance.py:1279} INFO - 
--------------------------------------------------------------------------------
[2023-03-08T00:00:38.481+0000] {taskinstance.py:1280} INFO - Starting attempt 1 of 1
[2023-03-08T00:00:38.482+0000] {taskinstance.py:1281} INFO - 
--------------------------------------------------------------------------------
[2023-03-08T00:00:38.500+0000] {taskinstance.py:1300} INFO - Executing <Task(PythonOperator): get_files> on 2023-03-07 00:00:00+00:00
[2023-03-08T00:00:38.510+0000] {standard_task_runner.py:55} INFO - Started process 22596 to run task
[2023-03-08T00:00:38.573+0000] {standard_task_runner.py:82} INFO - Running: ['***', 'tasks', 'run', 'cms_asp_noc', 'get_files', 'scheduled__2023-03-07T00:00:00+00:00', '--job-id', '1978', '--raw', '--subdir', 'DAGS_FOLDER/cms_upd.py', '--cfg-path', '/tmp/tmp5ul8zml5']
[2023-03-08T00:00:38.587+0000] {standard_task_runner.py:83} INFO - Job 1978: Subtask get_files
[2023-03-08T00:00:38.773+0000] {task_command.py:388} INFO - Running <TaskInstance: cms_asp_noc.get_files scheduled__2023-03-07T00:00:00+00:00 [running]> on host 2886274f27ea
[2023-03-08T00:00:39.487+0000] {taskinstance.py:1509} INFO - Exporting the following env vars:
AIRFLOW_CTX_DAG_OWNER=***
AIRFLOW_CTX_DAG_ID=cms_asp_noc
AIRFLOW_CTX_TASK_ID=get_files
AIRFLOW_CTX_EXECUTION_DATE=2023-03-07T00:00:00+00:00
AIRFLOW_CTX_TRY_NUMBER=1
AIRFLOW_CTX_DAG_RUN_ID=scheduled__2023-03-07T00:00:00+00:00
[2023-03-08T00:00:39.507+0000] {updates.py:41} INFO - updated asp_pricing
[2023-03-08T00:00:39.525+0000] {updates.py:55} INFO - updated asp_ndc_hcpcs
[2023-03-08T00:00:39.547+0000] {updates.py:69} INFO - updated noc_ndc_hcpcs
[2023-03-08T00:00:39.551+0000] {python.py:177} INFO - Done. Returned value was: NO UPDATES
[2023-03-08T00:00:39.573+0000] {taskinstance.py:1323} INFO - Marking task as SUCCESS. dag_id=cms_asp_noc, task_id=get_files, execution_date=20230307T000000, start_date=20230308T000038, end_date=20230308T000039
[2023-03-08T00:00:39.643+0000] {local_task_job.py:208} INFO - Task exited with return code 0
[2023-03-08T00:00:39.680+0000] {taskinstance.py:2578} INFO - 1 downstream tasks scheduled from follow-on schedule check
