[2023-02-09T19:45:30.212+0000] {taskinstance.py:1083} INFO - Dependencies all met for <TaskInstance: cms_asp_noc.extract manual__2023-02-09T19:45:20+00:00 [queued]>
[2023-02-09T19:45:30.220+0000] {taskinstance.py:1083} INFO - Dependencies all met for <TaskInstance: cms_asp_noc.extract manual__2023-02-09T19:45:20+00:00 [queued]>
[2023-02-09T19:45:30.220+0000] {taskinstance.py:1279} INFO - 
--------------------------------------------------------------------------------
[2023-02-09T19:45:30.221+0000] {taskinstance.py:1280} INFO - Starting attempt 1 of 1
[2023-02-09T19:45:30.221+0000] {taskinstance.py:1281} INFO - 
--------------------------------------------------------------------------------
[2023-02-09T19:45:30.230+0000] {taskinstance.py:1300} INFO - Executing <Task(PythonOperator): extract> on 2023-02-09 19:45:20+00:00
[2023-02-09T19:45:30.237+0000] {standard_task_runner.py:55} INFO - Started process 10396 to run task
[2023-02-09T19:45:30.241+0000] {standard_task_runner.py:82} INFO - Running: ['***', 'tasks', 'run', 'cms_asp_noc', 'extract', 'manual__2023-02-09T19:45:20+00:00', '--job-id', '1592', '--raw', '--subdir', 'DAGS_FOLDER/cms_upd.py', '--cfg-path', '/tmp/tmp4f3g3r23']
[2023-02-09T19:45:30.243+0000] {standard_task_runner.py:83} INFO - Job 1592: Subtask extract
[2023-02-09T19:45:30.311+0000] {task_command.py:388} INFO - Running <TaskInstance: cms_asp_noc.extract manual__2023-02-09T19:45:20+00:00 [running]> on host 64b688f0f9e2
[2023-02-09T19:45:30.371+0000] {taskinstance.py:1509} INFO - Exporting the following env vars:
AIRFLOW_CTX_DAG_OWNER=***
AIRFLOW_CTX_DAG_ID=cms_asp_noc
AIRFLOW_CTX_TASK_ID=extract
AIRFLOW_CTX_EXECUTION_DATE=2023-02-09T19:45:20+00:00
AIRFLOW_CTX_TRY_NUMBER=1
AIRFLOW_CTX_DAG_RUN_ID=manual__2023-02-09T19:45:20+00:00
[2023-02-09T19:45:30.379+0000] {logging_mixin.py:137} INFO - /opt/***/op_files/cms_zip_files/april-2022-asp-pricing-file-updated-06082022.zip
[2023-02-09T19:45:30.679+0000] {logging_mixin.py:137} INFO - /opt/***/op_files/cms_zip_files/april-2022-asp-pricing-file-updated-12142022.zip
[2023-02-09T19:45:30.694+0000] {logging_mixin.py:137} INFO - /opt/***/op_files/cms_zip_files/january-2022-asp-pricing-file-updated-06082022.zip
[2023-02-09T19:45:30.709+0000] {logging_mixin.py:137} INFO - /opt/***/op_files/cms_zip_files/july-2022-asp-ndc-hcpcs-crosswalk-updated-07142022.zip
[2023-02-09T19:45:30.818+0000] {logging_mixin.py:137} INFO - /opt/***/op_files/cms_zip_files/july-2022-asp-pricing-file-updated-12142022.zip
[2023-02-09T19:45:30.829+0000] {logging_mixin.py:137} INFO - /opt/***/op_files/cms_zip_files/july-2022-noc-pricing-file.zip
[2023-02-09T19:45:30.834+0000] {python.py:177} INFO - Done. Returned value was: None
[2023-02-09T19:45:30.845+0000] {taskinstance.py:1323} INFO - Marking task as SUCCESS. dag_id=cms_asp_noc, task_id=extract, execution_date=20230209T194520, start_date=20230209T194530, end_date=20230209T194530
[2023-02-09T19:45:30.903+0000] {local_task_job.py:208} INFO - Task exited with return code 0
[2023-02-09T19:45:30.935+0000] {taskinstance.py:2578} INFO - 1 downstream tasks scheduled from follow-on schedule check
