[2023-02-10T15:26:58.839+0000] {taskinstance.py:1083} INFO - Dependencies all met for <TaskInstance: cms_asp_noc.call_noc_ndc_procedure manual__2023-02-10T15:26:34.927942+00:00 [queued]>
[2023-02-10T15:26:58.849+0000] {taskinstance.py:1083} INFO - Dependencies all met for <TaskInstance: cms_asp_noc.call_noc_ndc_procedure manual__2023-02-10T15:26:34.927942+00:00 [queued]>
[2023-02-10T15:26:58.851+0000] {taskinstance.py:1279} INFO - 
--------------------------------------------------------------------------------
[2023-02-10T15:26:58.851+0000] {taskinstance.py:1280} INFO - Starting attempt 1 of 1
[2023-02-10T15:26:58.852+0000] {taskinstance.py:1281} INFO - 
--------------------------------------------------------------------------------
[2023-02-10T15:26:58.865+0000] {taskinstance.py:1300} INFO - Executing <Task(PythonOperator): call_noc_ndc_procedure> on 2023-02-10 15:26:34.927942+00:00
[2023-02-10T15:26:58.879+0000] {standard_task_runner.py:55} INFO - Started process 42908 to run task
[2023-02-10T15:26:58.886+0000] {standard_task_runner.py:82} INFO - Running: ['***', 'tasks', 'run', 'cms_asp_noc', 'call_noc_ndc_procedure', 'manual__2023-02-10T15:26:34.927942+00:00', '--job-id', '1697', '--raw', '--subdir', 'DAGS_FOLDER/cms_upd.py', '--cfg-path', '/tmp/tmpz_9ycxk8']
[2023-02-10T15:26:58.891+0000] {standard_task_runner.py:83} INFO - Job 1697: Subtask call_noc_ndc_procedure
[2023-02-10T15:26:58.975+0000] {task_command.py:388} INFO - Running <TaskInstance: cms_asp_noc.call_noc_ndc_procedure manual__2023-02-10T15:26:34.927942+00:00 [running]> on host 2886274f27ea
[2023-02-10T15:26:59.039+0000] {taskinstance.py:1509} INFO - Exporting the following env vars:
AIRFLOW_CTX_DAG_OWNER=***
AIRFLOW_CTX_DAG_ID=cms_asp_noc
AIRFLOW_CTX_TASK_ID=call_noc_ndc_procedure
AIRFLOW_CTX_EXECUTION_DATE=2023-02-10T15:26:34.927942+00:00
AIRFLOW_CTX_TRY_NUMBER=1
AIRFLOW_CTX_DAG_RUN_ID=manual__2023-02-10T15:26:34.927942+00:00
[2023-02-10T15:26:59.050+0000] {python.py:177} INFO - Done. Returned value was: None
[2023-02-10T15:26:59.458+0000] {taskinstance.py:1323} INFO - Marking task as SUCCESS. dag_id=cms_asp_noc, task_id=call_noc_ndc_procedure, execution_date=20230210T152634, start_date=20230210T152658, end_date=20230210T152659
[2023-02-10T15:26:59.549+0000] {local_task_job.py:208} INFO - Task exited with return code 0
[2023-02-10T15:26:59.582+0000] {taskinstance.py:2578} INFO - 1 downstream tasks scheduled from follow-on schedule check
