[2023-02-08T15:14:54.132+0000] {taskinstance.py:1083} INFO - Dependencies all met for <TaskInstance: cms_asp_noc.data_load scheduled__2022-09-03T00:00:00+00:00 [queued]>
[2023-02-08T15:14:54.158+0000] {taskinstance.py:1083} INFO - Dependencies all met for <TaskInstance: cms_asp_noc.data_load scheduled__2022-09-03T00:00:00+00:00 [queued]>
[2023-02-08T15:14:54.159+0000] {taskinstance.py:1279} INFO - 
--------------------------------------------------------------------------------
[2023-02-08T15:14:54.160+0000] {taskinstance.py:1280} INFO - Starting attempt 1 of 1
[2023-02-08T15:14:54.160+0000] {taskinstance.py:1281} INFO - 
--------------------------------------------------------------------------------
[2023-02-08T15:14:54.201+0000] {taskinstance.py:1300} INFO - Executing <Task(PythonOperator): data_load> on 2022-09-03 00:00:00+00:00
[2023-02-08T15:14:54.217+0000] {standard_task_runner.py:55} INFO - Started process 2260 to run task
[2023-02-08T15:14:54.232+0000] {standard_task_runner.py:82} INFO - Running: ['***', 'tasks', 'run', 'cms_asp_noc', 'data_load', 'scheduled__2022-09-03T00:00:00+00:00', '--job-id', '824', '--raw', '--subdir', 'DAGS_FOLDER/cms_upd.py', '--cfg-path', '/tmp/tmp637wbxyh']
[2023-02-08T15:14:54.237+0000] {standard_task_runner.py:83} INFO - Job 824: Subtask data_load
[2023-02-08T15:14:54.493+0000] {task_command.py:388} INFO - Running <TaskInstance: cms_asp_noc.data_load scheduled__2022-09-03T00:00:00+00:00 [running]> on host 1f90076947be
[2023-02-08T15:14:55.857+0000] {taskinstance.py:1509} INFO - Exporting the following env vars:
AIRFLOW_CTX_DAG_OWNER=***
AIRFLOW_CTX_DAG_ID=cms_asp_noc
AIRFLOW_CTX_TASK_ID=data_load
AIRFLOW_CTX_EXECUTION_DATE=2022-09-03T00:00:00+00:00
AIRFLOW_CTX_TRY_NUMBER=1
AIRFLOW_CTX_DAG_RUN_ID=scheduled__2022-09-03T00:00:00+00:00
[2023-02-08T15:14:55.869+0000] {logging_mixin.py:137} INFO - []
[2023-02-08T15:14:55.873+0000] {python.py:177} INFO - Done. Returned value was: None
[2023-02-08T15:14:55.905+0000] {taskinstance.py:1323} INFO - Marking task as SUCCESS. dag_id=cms_asp_noc, task_id=data_load, execution_date=20220903T000000, start_date=20230208T151454, end_date=20230208T151455
[2023-02-08T15:14:56.216+0000] {local_task_job.py:208} INFO - Task exited with return code 0
[2023-02-08T15:14:56.423+0000] {taskinstance.py:2578} INFO - 0 downstream tasks scheduled from follow-on schedule check
