[2023-02-08T15:05:20.105+0000] {taskinstance.py:1083} INFO - Dependencies all met for <TaskInstance: cms_asp_noc.extract scheduled__2022-05-20T00:00:00+00:00 [queued]>
[2023-02-08T15:05:20.130+0000] {taskinstance.py:1083} INFO - Dependencies all met for <TaskInstance: cms_asp_noc.extract scheduled__2022-05-20T00:00:00+00:00 [queued]>
[2023-02-08T15:05:20.132+0000] {taskinstance.py:1279} INFO - 
--------------------------------------------------------------------------------
[2023-02-08T15:05:20.133+0000] {taskinstance.py:1280} INFO - Starting attempt 1 of 1
[2023-02-08T15:05:20.136+0000] {taskinstance.py:1281} INFO - 
--------------------------------------------------------------------------------
[2023-02-08T15:05:20.164+0000] {taskinstance.py:1300} INFO - Executing <Task(PythonOperator): extract> on 2022-05-20 00:00:00+00:00
[2023-02-08T15:05:20.183+0000] {standard_task_runner.py:55} INFO - Started process 143 to run task
[2023-02-08T15:05:20.227+0000] {standard_task_runner.py:82} INFO - Running: ['***', 'tasks', 'run', 'cms_asp_noc', 'extract', 'scheduled__2022-05-20T00:00:00+00:00', '--job-id', '286', '--raw', '--subdir', 'DAGS_FOLDER/cms_upd.py', '--cfg-path', '/tmp/tmpn1_tzq6j']
[2023-02-08T15:05:20.243+0000] {standard_task_runner.py:83} INFO - Job 286: Subtask extract
[2023-02-08T15:05:20.393+0000] {task_command.py:388} INFO - Running <TaskInstance: cms_asp_noc.extract scheduled__2022-05-20T00:00:00+00:00 [running]> on host 1f90076947be
[2023-02-08T15:05:21.338+0000] {taskinstance.py:1509} INFO - Exporting the following env vars:
AIRFLOW_CTX_DAG_OWNER=***
AIRFLOW_CTX_DAG_ID=cms_asp_noc
AIRFLOW_CTX_TASK_ID=extract
AIRFLOW_CTX_EXECUTION_DATE=2022-05-20T00:00:00+00:00
AIRFLOW_CTX_TRY_NUMBER=1
AIRFLOW_CTX_DAG_RUN_ID=scheduled__2022-05-20T00:00:00+00:00
[2023-02-08T15:05:21.362+0000] {logging_mixin.py:137} INFO - /opt/***/op_files/cms_zip_files/april-2022-asp-pricing-file-updated-06082022.zip
[2023-02-08T15:05:21.402+0000] {logging_mixin.py:137} INFO - /opt/***/op_files/cms_zip_files/april-2022-asp-pricing-file-updated-12142022.zip
[2023-02-08T15:05:21.424+0000] {logging_mixin.py:137} INFO - /opt/***/op_files/cms_zip_files/january-2022-asp-pricing-file-updated-06082022.zip
[2023-02-08T15:05:21.453+0000] {logging_mixin.py:137} INFO - /opt/***/op_files/cms_zip_files/july-2022-asp-ndc-hcpcs-crosswalk-updated-07142022.zip
[2023-02-08T15:05:21.629+0000] {logging_mixin.py:137} INFO - /opt/***/op_files/cms_zip_files/july-2022-asp-pricing-file-updated-12142022.zip
[2023-02-08T15:05:21.661+0000] {logging_mixin.py:137} INFO - /opt/***/op_files/cms_zip_files/july-2022-noc-pricing-file.zip
[2023-02-08T15:05:21.680+0000] {python.py:177} INFO - Done. Returned value was: None
[2023-02-08T15:05:21.712+0000] {taskinstance.py:1323} INFO - Marking task as SUCCESS. dag_id=cms_asp_noc, task_id=extract, execution_date=20220520T000000, start_date=20230208T150520, end_date=20230208T150521
[2023-02-08T15:05:21.888+0000] {local_task_job.py:208} INFO - Task exited with return code 0
[2023-02-08T15:05:22.097+0000] {taskinstance.py:2578} INFO - 0 downstream tasks scheduled from follow-on schedule check
