[2023-02-08T15:56:20.292+0000] {taskinstance.py:1083} INFO - Dependencies all met for <TaskInstance: cms_asp_noc.data_load scheduled__2023-01-24T00:00:00+00:00 [queued]>
[2023-02-08T15:56:20.306+0000] {taskinstance.py:1083} INFO - Dependencies all met for <TaskInstance: cms_asp_noc.data_load scheduled__2023-01-24T00:00:00+00:00 [queued]>
[2023-02-08T15:56:20.307+0000] {taskinstance.py:1279} INFO - 
--------------------------------------------------------------------------------
[2023-02-08T15:56:20.308+0000] {taskinstance.py:1280} INFO - Starting attempt 1 of 1
[2023-02-08T15:56:20.308+0000] {taskinstance.py:1281} INFO - 
--------------------------------------------------------------------------------
[2023-02-08T15:56:20.346+0000] {taskinstance.py:1300} INFO - Executing <Task(PythonOperator): data_load> on 2023-01-24 00:00:00+00:00
[2023-02-08T15:56:20.356+0000] {standard_task_runner.py:55} INFO - Started process 5003 to run task
[2023-02-08T15:56:20.390+0000] {standard_task_runner.py:82} INFO - Running: ['***', 'tasks', 'run', 'cms_asp_noc', 'data_load', 'scheduled__2023-01-24T00:00:00+00:00', '--job-id', '1483', '--raw', '--subdir', 'DAGS_FOLDER/cms_upd.py', '--cfg-path', '/tmp/tmpnnm72_mi']
[2023-02-08T15:56:20.398+0000] {standard_task_runner.py:83} INFO - Job 1483: Subtask data_load
[2023-02-08T15:56:20.614+0000] {task_command.py:388} INFO - Running <TaskInstance: cms_asp_noc.data_load scheduled__2023-01-24T00:00:00+00:00 [running]> on host 1f90076947be
[2023-02-08T15:56:20.763+0000] {taskinstance.py:1509} INFO - Exporting the following env vars:
AIRFLOW_CTX_DAG_OWNER=***
AIRFLOW_CTX_DAG_ID=cms_asp_noc
AIRFLOW_CTX_TASK_ID=data_load
AIRFLOW_CTX_EXECUTION_DATE=2023-01-24T00:00:00+00:00
AIRFLOW_CTX_TRY_NUMBER=1
AIRFLOW_CTX_DAG_RUN_ID=scheduled__2023-01-24T00:00:00+00:00
[2023-02-08T15:56:20.766+0000] {logging_mixin.py:137} INFO - []
[2023-02-08T15:56:20.767+0000] {python.py:177} INFO - Done. Returned value was: None
[2023-02-08T15:56:20.794+0000] {taskinstance.py:1323} INFO - Marking task as SUCCESS. dag_id=cms_asp_noc, task_id=data_load, execution_date=20230124T000000, start_date=20230208T155620, end_date=20230208T155620
[2023-02-08T15:56:20.862+0000] {local_task_job.py:208} INFO - Task exited with return code 0
[2023-02-08T15:56:20.948+0000] {taskinstance.py:2578} INFO - 1 downstream tasks scheduled from follow-on schedule check
