[2023-02-09T19:45:27.394+0000] {taskinstance.py:1083} INFO - Dependencies all met for <TaskInstance: cms_asp_noc.download_file manual__2023-02-09T19:45:20+00:00 [queued]>
[2023-02-09T19:45:27.401+0000] {taskinstance.py:1083} INFO - Dependencies all met for <TaskInstance: cms_asp_noc.download_file manual__2023-02-09T19:45:20+00:00 [queued]>
[2023-02-09T19:45:27.402+0000] {taskinstance.py:1279} INFO - 
--------------------------------------------------------------------------------
[2023-02-09T19:45:27.402+0000] {taskinstance.py:1280} INFO - Starting attempt 1 of 1
[2023-02-09T19:45:27.403+0000] {taskinstance.py:1281} INFO - 
--------------------------------------------------------------------------------
[2023-02-09T19:45:27.411+0000] {taskinstance.py:1300} INFO - Executing <Task(PythonOperator): download_file> on 2023-02-09 19:45:20+00:00
[2023-02-09T19:45:27.417+0000] {standard_task_runner.py:55} INFO - Started process 10393 to run task
[2023-02-09T19:45:27.422+0000] {standard_task_runner.py:82} INFO - Running: ['***', 'tasks', 'run', 'cms_asp_noc', 'download_file', 'manual__2023-02-09T19:45:20+00:00', '--job-id', '1591', '--raw', '--subdir', 'DAGS_FOLDER/cms_upd.py', '--cfg-path', '/tmp/tmpxy9cypef']
[2023-02-09T19:45:27.425+0000] {standard_task_runner.py:83} INFO - Job 1591: Subtask download_file
[2023-02-09T19:45:27.488+0000] {task_command.py:388} INFO - Running <TaskInstance: cms_asp_noc.download_file manual__2023-02-09T19:45:20+00:00 [running]> on host 64b688f0f9e2
[2023-02-09T19:45:27.546+0000] {taskinstance.py:1509} INFO - Exporting the following env vars:
AIRFLOW_CTX_DAG_OWNER=***
AIRFLOW_CTX_DAG_ID=cms_asp_noc
AIRFLOW_CTX_TASK_ID=download_file
AIRFLOW_CTX_EXECUTION_DATE=2023-02-09T19:45:20+00:00
AIRFLOW_CTX_TRY_NUMBER=1
AIRFLOW_CTX_DAG_RUN_ID=manual__2023-02-09T19:45:20+00:00
[2023-02-09T19:45:28.874+0000] {python.py:177} INFO - Done. Returned value was: None
[2023-02-09T19:45:28.897+0000] {taskinstance.py:1323} INFO - Marking task as SUCCESS. dag_id=cms_asp_noc, task_id=download_file, execution_date=20230209T194520, start_date=20230209T194527, end_date=20230209T194528
[2023-02-09T19:45:28.977+0000] {local_task_job.py:208} INFO - Task exited with return code 0
[2023-02-09T19:45:29.018+0000] {taskinstance.py:2578} INFO - 1 downstream tasks scheduled from follow-on schedule check
