[2023-02-08T13:11:41.661+0000] {taskinstance.py:1083} INFO - Dependencies all met for <TaskInstance: cms_asp_noc.download_file scheduled__2022-04-06T00:00:00+00:00 [queued]>
[2023-02-08T13:11:41.735+0000] {taskinstance.py:1083} INFO - Dependencies all met for <TaskInstance: cms_asp_noc.download_file scheduled__2022-04-06T00:00:00+00:00 [queued]>
[2023-02-08T13:11:41.737+0000] {taskinstance.py:1279} INFO - 
--------------------------------------------------------------------------------
[2023-02-08T13:11:41.740+0000] {taskinstance.py:1280} INFO - Starting attempt 1 of 1
[2023-02-08T13:11:41.741+0000] {taskinstance.py:1281} INFO - 
--------------------------------------------------------------------------------
[2023-02-08T13:11:41.848+0000] {taskinstance.py:1300} INFO - Executing <Task(PythonOperator): download_file> on 2022-04-06 00:00:00+00:00
[2023-02-08T13:11:41.893+0000] {standard_task_runner.py:55} INFO - Started process 1212 to run task
[2023-02-08T13:11:41.945+0000] {standard_task_runner.py:82} INFO - Running: ['***', 'tasks', 'run', 'cms_asp_noc', 'download_file', 'scheduled__2022-04-06T00:00:00+00:00', '--job-id', '185', '--raw', '--subdir', 'DAGS_FOLDER/cms_upd.py', '--cfg-path', '/tmp/tmp4n2q_arc']
[2023-02-08T13:11:42.005+0000] {standard_task_runner.py:83} INFO - Job 185: Subtask download_file
[2023-02-08T13:11:42.827+0000] {task_command.py:388} INFO - Running <TaskInstance: cms_asp_noc.download_file scheduled__2022-04-06T00:00:00+00:00 [running]> on host 4ed7ae61ecf3
[2023-02-08T13:12:42.051+0000] {taskinstance.py:1509} INFO - Exporting the following env vars:
AIRFLOW_CTX_DAG_OWNER=***
AIRFLOW_CTX_DAG_ID=cms_asp_noc
AIRFLOW_CTX_TASK_ID=download_file
AIRFLOW_CTX_EXECUTION_DATE=2022-04-06T00:00:00+00:00
AIRFLOW_CTX_TRY_NUMBER=1
AIRFLOW_CTX_DAG_RUN_ID=scheduled__2022-04-06T00:00:00+00:00
[2023-02-08T13:12:47.470+0000] {logging_mixin.py:137} INFO - october-2022-noc-pricing-file.zip is downloaded.
[2023-02-08T13:12:47.652+0000] {logging_mixin.py:137} INFO - april-2022-noc-pricing-file.zip is downloaded.
[2023-02-08T13:12:48.077+0000] {logging_mixin.py:137} INFO - 2023.zip is downloaded.
[2023-02-08T13:12:48.362+0000] {logging_mixin.py:137} INFO - 2023.zip is downloaded.
[2023-02-08T13:12:51.275+0000] {logging_mixin.py:137} INFO - april-2022-asp-ndc-hcpcs-crosswalk.zip is downloaded.
[2023-02-08T13:12:56.188+0000] {logging_mixin.py:137} INFO - july-2022-asp-pricing-file-updated-12142022.zip is downloaded.
[2023-02-08T13:12:57.810+0000] {logging_mixin.py:137} INFO - april-2022-asp-pricing-file-updated-12142022.zip is downloaded.
[2023-02-08T13:13:00.030+0000] {logging_mixin.py:137} INFO - january-2022-asp-ndc-hcpcs-crosswalk.zip is downloaded.
[2023-02-08T13:13:00.803+0000] {logging_mixin.py:137} INFO - january-2023-noc-pricing-file.zip is downloaded.
[2023-02-08T13:13:03.232+0000] {logging_mixin.py:137} INFO - october-2022-asp-ndc-hcpcs-crosswalks-updated-12212022.zip is downloaded.
[2023-02-08T13:13:03.628+0000] {logging_mixin.py:137} INFO - october-2022-asp-pricing-file-updated-12212022.zip is downloaded.
[2023-02-08T13:13:04.609+0000] {logging_mixin.py:137} INFO - july-2022-asp-ndc-hcpcs-crosswalk-updated-07142022.zip is downloaded.
[2023-02-08T13:13:05.335+0000] {logging_mixin.py:137} INFO - july-2022-noc-pricing-file.zip is downloaded.
[2023-02-08T13:13:05.768+0000] {logging_mixin.py:137} INFO - january-2022-asp-pricing-file-updated-06082022.zip is downloaded.
[2023-02-08T13:13:06.422+0000] {logging_mixin.py:137} INFO - january-2022-noc-pricing-file-updated-03022022.zip is downloaded.
[2023-02-08T13:13:06.438+0000] {python.py:177} INFO - Done. Returned value was: None
[2023-02-08T13:13:08.605+0000] {taskinstance.py:1323} INFO - Marking task as SUCCESS. dag_id=cms_asp_noc, task_id=download_file, execution_date=20220406T000000, start_date=20230208T131141, end_date=20230208T131308
[2023-02-08T13:13:13.739+0000] {local_task_job.py:208} INFO - Task exited with return code 0
[2023-02-08T13:14:17.020+0000] {taskinstance.py:2578} INFO - 1 downstream tasks scheduled from follow-on schedule check
