[2023-02-12T00:00:20.266+0000] {taskinstance.py:1083} INFO - Dependencies all met for <TaskInstance: cms_asp_noc.call_asp_pricing scheduled__2023-02-11T00:00:00+00:00 [queued]>
[2023-02-12T00:00:20.275+0000] {taskinstance.py:1083} INFO - Dependencies all met for <TaskInstance: cms_asp_noc.call_asp_pricing scheduled__2023-02-11T00:00:00+00:00 [queued]>
[2023-02-12T00:00:20.275+0000] {taskinstance.py:1279} INFO - 
--------------------------------------------------------------------------------
[2023-02-12T00:00:20.276+0000] {taskinstance.py:1280} INFO - Starting attempt 1 of 1
[2023-02-12T00:00:20.277+0000] {taskinstance.py:1281} INFO - 
--------------------------------------------------------------------------------
[2023-02-12T00:00:20.289+0000] {taskinstance.py:1300} INFO - Executing <Task(PythonOperator): call_asp_pricing> on 2023-02-11 00:00:00+00:00
[2023-02-12T00:00:20.295+0000] {standard_task_runner.py:55} INFO - Started process 33290 to run task
[2023-02-12T00:00:20.300+0000] {standard_task_runner.py:82} INFO - Running: ['***', 'tasks', 'run', 'cms_asp_noc', 'call_asp_pricing', 'scheduled__2023-02-11T00:00:00+00:00', '--job-id', '1737', '--raw', '--subdir', 'DAGS_FOLDER/cms_upd.py', '--cfg-path', '/tmp/tmp05ti2n2b']
[2023-02-12T00:00:20.303+0000] {standard_task_runner.py:83} INFO - Job 1737: Subtask call_asp_pricing
[2023-02-12T00:00:20.370+0000] {task_command.py:388} INFO - Running <TaskInstance: cms_asp_noc.call_asp_pricing scheduled__2023-02-11T00:00:00+00:00 [running]> on host 2886274f27ea
[2023-02-12T00:00:20.433+0000] {taskinstance.py:1509} INFO - Exporting the following env vars:
AIRFLOW_CTX_DAG_OWNER=***
AIRFLOW_CTX_DAG_ID=cms_asp_noc
AIRFLOW_CTX_TASK_ID=call_asp_pricing
AIRFLOW_CTX_EXECUTION_DATE=2023-02-11T00:00:00+00:00
AIRFLOW_CTX_TRY_NUMBER=1
AIRFLOW_CTX_DAG_RUN_ID=scheduled__2023-02-11T00:00:00+00:00
[2023-02-12T00:00:20.467+0000] {python.py:177} INFO - Done. Returned value was: None
[2023-02-12T00:00:20.863+0000] {taskinstance.py:1323} INFO - Marking task as SUCCESS. dag_id=cms_asp_noc, task_id=call_asp_pricing, execution_date=20230211T000000, start_date=20230212T000020, end_date=20230212T000020
[2023-02-12T00:00:20.941+0000] {local_task_job.py:208} INFO - Task exited with return code 0
[2023-02-12T00:00:20.973+0000] {taskinstance.py:2578} INFO - 1 downstream tasks scheduled from follow-on schedule check
