[2023-03-06T16:05:11.316+0000] {taskinstance.py:1083} INFO - Dependencies all met for <TaskInstance: cms_asp_noc.call_ndc_hcpcs scheduled__2023-03-05T00:00:00+00:00 [queued]>
[2023-03-06T16:05:11.332+0000] {taskinstance.py:1083} INFO - Dependencies all met for <TaskInstance: cms_asp_noc.call_ndc_hcpcs scheduled__2023-03-05T00:00:00+00:00 [queued]>
[2023-03-06T16:05:11.338+0000] {taskinstance.py:1279} INFO - 
--------------------------------------------------------------------------------
[2023-03-06T16:05:11.342+0000] {taskinstance.py:1280} INFO - Starting attempt 1 of 1
[2023-03-06T16:05:11.345+0000] {taskinstance.py:1281} INFO - 
--------------------------------------------------------------------------------
[2023-03-06T16:05:11.391+0000] {taskinstance.py:1300} INFO - Executing <Task(PythonOperator): call_ndc_hcpcs> on 2023-03-05 00:00:00+00:00
[2023-03-06T16:05:11.423+0000] {standard_task_runner.py:55} INFO - Started process 245 to run task
[2023-03-06T16:05:11.434+0000] {standard_task_runner.py:82} INFO - Running: ['***', 'tasks', 'run', 'cms_asp_noc', 'call_ndc_hcpcs', 'scheduled__2023-03-05T00:00:00+00:00', '--job-id', '1941', '--raw', '--subdir', 'DAGS_FOLDER/cms_upd.py', '--cfg-path', '/tmp/tmphonhlc2i']
[2023-03-06T16:05:11.442+0000] {standard_task_runner.py:83} INFO - Job 1941: Subtask call_ndc_hcpcs
[2023-03-06T16:05:12.464+0000] {task_command.py:388} INFO - Running <TaskInstance: cms_asp_noc.call_ndc_hcpcs scheduled__2023-03-05T00:00:00+00:00 [running]> on host 2886274f27ea
[2023-03-06T16:05:12.604+0000] {taskinstance.py:1509} INFO - Exporting the following env vars:
AIRFLOW_CTX_DAG_OWNER=***
AIRFLOW_CTX_DAG_ID=cms_asp_noc
AIRFLOW_CTX_TASK_ID=call_ndc_hcpcs
AIRFLOW_CTX_EXECUTION_DATE=2023-03-05T00:00:00+00:00
AIRFLOW_CTX_TRY_NUMBER=1
AIRFLOW_CTX_DAG_RUN_ID=scheduled__2023-03-05T00:00:00+00:00
[2023-03-06T16:05:12.744+0000] {python.py:177} INFO - Done. Returned value was: None
[2023-03-06T16:05:12.790+0000] {taskinstance.py:1323} INFO - Marking task as SUCCESS. dag_id=cms_asp_noc, task_id=call_ndc_hcpcs, execution_date=20230305T000000, start_date=20230306T160511, end_date=20230306T160512
[2023-03-06T16:05:12.960+0000] {local_task_job.py:208} INFO - Task exited with return code 0
[2023-03-06T16:05:13.532+0000] {taskinstance.py:2578} INFO - 1 downstream tasks scheduled from follow-on schedule check
