[2023-02-08T12:55:57.249+0000] {taskinstance.py:1083} INFO - Dependencies all met for <TaskInstance: cms_asp_noc.download_file scheduled__2022-02-07T00:00:00+00:00 [queued]>
[2023-02-08T12:55:57.319+0000] {taskinstance.py:1083} INFO - Dependencies all met for <TaskInstance: cms_asp_noc.download_file scheduled__2022-02-07T00:00:00+00:00 [queued]>
[2023-02-08T12:55:57.324+0000] {taskinstance.py:1279} INFO - 
--------------------------------------------------------------------------------
[2023-02-08T12:55:57.327+0000] {taskinstance.py:1280} INFO - Starting attempt 1 of 1
[2023-02-08T12:55:57.328+0000] {taskinstance.py:1281} INFO - 
--------------------------------------------------------------------------------
[2023-02-08T12:55:57.575+0000] {taskinstance.py:1300} INFO - Executing <Task(PythonOperator): download_file> on 2022-02-07 00:00:00+00:00
[2023-02-08T12:55:57.654+0000] {standard_task_runner.py:55} INFO - Started process 505 to run task
[2023-02-08T12:55:57.674+0000] {standard_task_runner.py:82} INFO - Running: ['***', 'tasks', 'run', 'cms_asp_noc', 'download_file', 'scheduled__2022-02-07T00:00:00+00:00', '--job-id', '80', '--raw', '--subdir', 'DAGS_FOLDER/cms_upd.py', '--cfg-path', '/tmp/tmpvyh6s40h']
[2023-02-08T12:55:57.680+0000] {standard_task_runner.py:83} INFO - Job 80: Subtask download_file
[2023-02-08T12:55:58.057+0000] {task_command.py:388} INFO - Running <TaskInstance: cms_asp_noc.download_file scheduled__2022-02-07T00:00:00+00:00 [running]> on host 4ed7ae61ecf3
[2023-02-08T12:56:37.285+0000] {taskinstance.py:1509} INFO - Exporting the following env vars:
AIRFLOW_CTX_DAG_OWNER=***
AIRFLOW_CTX_DAG_ID=cms_asp_noc
AIRFLOW_CTX_TASK_ID=download_file
AIRFLOW_CTX_EXECUTION_DATE=2022-02-07T00:00:00+00:00
AIRFLOW_CTX_TRY_NUMBER=1
AIRFLOW_CTX_DAG_RUN_ID=scheduled__2022-02-07T00:00:00+00:00
[2023-02-08T12:57:02.709+0000] {logging_mixin.py:137} INFO - october-2022-noc-pricing-file.zip is downloaded.
[2023-02-08T12:57:03.177+0000] {logging_mixin.py:137} INFO - april-2022-noc-pricing-file.zip is downloaded.
[2023-02-08T12:57:04.453+0000] {logging_mixin.py:137} INFO - 2023.zip is downloaded.
[2023-02-08T12:57:06.789+0000] {logging_mixin.py:137} INFO - 2023.zip is downloaded.
[2023-02-08T12:57:08.901+0000] {logging_mixin.py:137} INFO - april-2022-asp-ndc-hcpcs-crosswalk.zip is downloaded.
[2023-02-08T12:57:09.210+0000] {logging_mixin.py:137} INFO - july-2022-asp-pricing-file-updated-12142022.zip is downloaded.
[2023-02-08T12:57:10.563+0000] {logging_mixin.py:137} INFO - april-2022-asp-pricing-file-updated-12142022.zip is downloaded.
[2023-02-08T12:57:12.590+0000] {logging_mixin.py:137} INFO - january-2022-asp-ndc-hcpcs-crosswalk.zip is downloaded.
[2023-02-08T12:57:13.289+0000] {logging_mixin.py:137} INFO - january-2023-noc-pricing-file.zip is downloaded.
[2023-02-08T12:57:13.969+0000] {logging_mixin.py:137} INFO - october-2022-asp-ndc-hcpcs-crosswalks-updated-12212022.zip is downloaded.
[2023-02-08T12:57:14.226+0000] {logging_mixin.py:137} INFO - october-2022-asp-pricing-file-updated-12212022.zip is downloaded.
[2023-02-08T12:57:15.657+0000] {logging_mixin.py:137} INFO - july-2022-asp-ndc-hcpcs-crosswalk-updated-07142022.zip is downloaded.
[2023-02-08T12:57:16.634+0000] {logging_mixin.py:137} INFO - july-2022-noc-pricing-file.zip is downloaded.
[2023-02-08T12:57:18.356+0000] {logging_mixin.py:137} INFO - january-2022-asp-pricing-file-updated-06082022.zip is downloaded.
[2023-02-08T12:57:19.192+0000] {logging_mixin.py:137} INFO - january-2022-noc-pricing-file-updated-03022022.zip is downloaded.
[2023-02-08T12:57:19.196+0000] {python.py:177} INFO - Done. Returned value was: None
[2023-02-08T12:57:19.712+0000] {taskinstance.py:1323} INFO - Marking task as SUCCESS. dag_id=cms_asp_noc, task_id=download_file, execution_date=20220207T000000, start_date=20230208T125557, end_date=20230208T125719
[2023-02-08T12:57:26.129+0000] {local_task_job.py:208} INFO - Task exited with return code 0
[2023-02-08T12:58:17.543+0000] {taskinstance.py:2578} INFO - 0 downstream tasks scheduled from follow-on schedule check
