[2023-02-08T13:01:25.050+0000] {taskinstance.py:1083} INFO - Dependencies all met for <TaskInstance: cms_asp_noc.website_changed scheduled__2022-03-08T00:00:00+00:00 [queued]>
[2023-02-08T13:01:25.477+0000] {taskinstance.py:1083} INFO - Dependencies all met for <TaskInstance: cms_asp_noc.website_changed scheduled__2022-03-08T00:00:00+00:00 [queued]>
[2023-02-08T13:01:25.489+0000] {taskinstance.py:1279} INFO - 
--------------------------------------------------------------------------------
[2023-02-08T13:01:25.492+0000] {taskinstance.py:1280} INFO - Starting attempt 1 of 1
[2023-02-08T13:01:25.493+0000] {taskinstance.py:1281} INFO - 
--------------------------------------------------------------------------------
[2023-02-08T13:01:26.611+0000] {taskinstance.py:1300} INFO - Executing <Task(PythonOperator): website_changed> on 2022-03-08 00:00:00+00:00
[2023-02-08T13:01:26.866+0000] {standard_task_runner.py:55} INFO - Started process 783 to run task
[2023-02-08T13:01:26.893+0000] {standard_task_runner.py:82} INFO - Running: ['***', 'tasks', 'run', 'cms_asp_noc', 'website_changed', 'scheduled__2022-03-08T00:00:00+00:00', '--job-id', '118', '--raw', '--subdir', 'DAGS_FOLDER/cms_upd.py', '--cfg-path', '/tmp/tmpzs0vu_9y']
[2023-02-08T13:01:26.904+0000] {standard_task_runner.py:83} INFO - Job 118: Subtask website_changed
[2023-02-08T13:01:29.542+0000] {task_command.py:388} INFO - Running <TaskInstance: cms_asp_noc.website_changed scheduled__2022-03-08T00:00:00+00:00 [running]> on host 4ed7ae61ecf3
[2023-02-08T13:02:20.500+0000] {taskinstance.py:1509} INFO - Exporting the following env vars:
AIRFLOW_CTX_DAG_OWNER=***
AIRFLOW_CTX_DAG_ID=cms_asp_noc
AIRFLOW_CTX_TASK_ID=website_changed
AIRFLOW_CTX_EXECUTION_DATE=2022-03-08T00:00:00+00:00
AIRFLOW_CTX_TRY_NUMBER=1
AIRFLOW_CTX_DAG_RUN_ID=scheduled__2022-03-08T00:00:00+00:00
[2023-02-08T13:02:21.938+0000] {logging_mixin.py:137} INFO - Website is changed. Links: True
[2023-02-08T13:02:21.942+0000] {python.py:177} INFO - Done. Returned value was: ['https://www.cms.gov/files/zip/april-2022-noc-pricing-file.zip', 'https://www.cms.gov/files/zip/july-2022-noc-pricing-file.zip', 'https://www.cms.gov/files/zip/april-2022-asp-ndc-hcpcs-crosswalk.zip', 'https://www.cms.gov/files/zip/october-2022-noc-pricing-file.zip', 'https://www.cms.gov/files/zip/july-2022-asp-pricing-file-updated-12142022.zip', 'https://www.cms.gov/files/zip/april-2022-asp-pricing-file-updated-12142022.zip', 'https://www.cms.gov/files/zip/january-2022-asp-ndc-hcpcs-crosswalk.zip', 'https://www.cms.gov/files/zip/january-2022-noc-pricing-file-updated-03022022.zip', 'https://www.cms.gov/files/zip/october-2022-asp-pricing-file-updated-12212022.zip', 'https://www.cms.gov/files/zip/january-2022-asp-pricing-file-updated-06082022.zip', 'https://www.cms.gov/files/zip/july-2022-asp-ndc-hcpcs-crosswalk-updated-07142022.zip']
[2023-02-08T13:02:22.415+0000] {taskinstance.py:1323} INFO - Marking task as SUCCESS. dag_id=cms_asp_noc, task_id=website_changed, execution_date=20220308T000000, start_date=20230208T130125, end_date=20230208T130222
[2023-02-08T13:02:31.197+0000] {local_task_job.py:273} WARNING - State of this instance has been externally set to success. Terminating instance.
[2023-02-08T13:02:31.385+0000] {process_utils.py:133} INFO - Sending Signals.SIGTERM to group 783. PIDs of all processes in the group: [783]
[2023-02-08T13:02:31.407+0000] {process_utils.py:84} INFO - Sending the signal Signals.SIGTERM to group 783
[2023-02-08T13:02:32.540+0000] {process_utils.py:79} INFO - Process psutil.Process(pid=783, status='terminated', exitcode=0, started='13:01:26') (783) terminated with exit code 0
