[2023-02-08T15:56:25.740+0000] {taskinstance.py:1083} INFO - Dependencies all met for <TaskInstance: cms_asp_noc.populate_all_tables scheduled__2023-01-19T00:00:00+00:00 [queued]>
[2023-02-08T15:56:25.765+0000] {taskinstance.py:1083} INFO - Dependencies all met for <TaskInstance: cms_asp_noc.populate_all_tables scheduled__2023-01-19T00:00:00+00:00 [queued]>
[2023-02-08T15:56:25.765+0000] {taskinstance.py:1279} INFO - 
--------------------------------------------------------------------------------
[2023-02-08T15:56:25.766+0000] {taskinstance.py:1280} INFO - Starting attempt 1 of 1
[2023-02-08T15:56:25.766+0000] {taskinstance.py:1281} INFO - 
--------------------------------------------------------------------------------
[2023-02-08T15:56:25.789+0000] {taskinstance.py:1300} INFO - Executing <Task(PostgresOperator): populate_all_tables> on 2023-01-19 00:00:00+00:00
[2023-02-08T15:56:25.800+0000] {standard_task_runner.py:55} INFO - Started process 5024 to run task
[2023-02-08T15:56:25.828+0000] {standard_task_runner.py:82} INFO - Running: ['***', 'tasks', 'run', 'cms_asp_noc', 'populate_all_tables', 'scheduled__2023-01-19T00:00:00+00:00', '--job-id', '1491', '--raw', '--subdir', 'DAGS_FOLDER/cms_upd.py', '--cfg-path', '/tmp/tmp4zwe3vl9']
[2023-02-08T15:56:25.831+0000] {standard_task_runner.py:83} INFO - Job 1491: Subtask populate_all_tables
[2023-02-08T15:56:26.006+0000] {task_command.py:388} INFO - Running <TaskInstance: cms_asp_noc.populate_all_tables scheduled__2023-01-19T00:00:00+00:00 [running]> on host 1f90076947be
[2023-02-08T15:56:26.924+0000] {taskinstance.py:1509} INFO - Exporting the following env vars:
AIRFLOW_CTX_DAG_OWNER=***
AIRFLOW_CTX_DAG_ID=cms_asp_noc
AIRFLOW_CTX_TASK_ID=populate_all_tables
AIRFLOW_CTX_EXECUTION_DATE=2023-01-19T00:00:00+00:00
AIRFLOW_CTX_TRY_NUMBER=1
AIRFLOW_CTX_DAG_RUN_ID=scheduled__2023-01-19T00:00:00+00:00
[2023-02-08T15:56:26.925+0000] {sql.py:254} INFO - Executing: ['call sp_upsert_asp_pricing();\ncall sp_upsert_asp_ndc_hcpcs();\ncall sp_upsert_noc_NDC_HCPCS();']
[2023-02-08T15:56:26.952+0000] {taskinstance.py:1768} ERROR - Task failed with exception
Traceback (most recent call last):
  File "/home/airflow/.local/lib/python3.7/site-packages/airflow/providers/common/sql/operators/sql.py", line 255, in execute
    hook = self.get_db_hook()
  File "/home/airflow/.local/lib/python3.7/site-packages/airflow/providers/common/sql/operators/sql.py", line 179, in get_db_hook
    return self._hook
  File "/home/airflow/.local/lib/python3.7/site-packages/cached_property.py", line 36, in __get__
    value = obj.__dict__[self.func.__name__] = self.func(obj)
  File "/home/airflow/.local/lib/python3.7/site-packages/airflow/providers/common/sql/operators/sql.py", line 141, in _hook
    conn = BaseHook.get_connection(self.conn_id)
  File "/home/airflow/.local/lib/python3.7/site-packages/airflow/hooks/base.py", line 72, in get_connection
    conn = Connection.get_connection_from_secrets(conn_id)
  File "/home/airflow/.local/lib/python3.7/site-packages/airflow/models/connection.py", line 435, in get_connection_from_secrets
    raise AirflowNotFoundException(f"The conn_id `{conn_id}` isn't defined")
airflow.exceptions.AirflowNotFoundException: The conn_id `postgres_conn` isn't defined
[2023-02-08T15:56:26.957+0000] {taskinstance.py:1323} INFO - Marking task as FAILED. dag_id=cms_asp_noc, task_id=populate_all_tables, execution_date=20230119T000000, start_date=20230208T155625, end_date=20230208T155626
[2023-02-08T15:56:26.992+0000] {standard_task_runner.py:105} ERROR - Failed to execute job 1491 for task populate_all_tables (The conn_id `postgres_conn` isn't defined; 5024)
[2023-02-08T15:56:27.066+0000] {local_task_job.py:208} INFO - Task exited with return code 1
[2023-02-08T15:56:27.153+0000] {taskinstance.py:2578} INFO - 0 downstream tasks scheduled from follow-on schedule check
