[2023-02-08T15:05:37.700+0000] {taskinstance.py:1083} INFO - Dependencies all met for <TaskInstance: cms_asp_noc.download_file scheduled__2022-06-02T00:00:00+00:00 [queued]>
[2023-02-08T15:05:37.708+0000] {taskinstance.py:1083} INFO - Dependencies all met for <TaskInstance: cms_asp_noc.download_file scheduled__2022-06-02T00:00:00+00:00 [queued]>
[2023-02-08T15:05:37.709+0000] {taskinstance.py:1279} INFO - 
--------------------------------------------------------------------------------
[2023-02-08T15:05:37.709+0000] {taskinstance.py:1280} INFO - Starting attempt 1 of 1
[2023-02-08T15:05:37.712+0000] {taskinstance.py:1281} INFO - 
--------------------------------------------------------------------------------
[2023-02-08T15:05:37.725+0000] {taskinstance.py:1300} INFO - Executing <Task(PythonOperator): download_file> on 2022-06-02 00:00:00+00:00
[2023-02-08T15:05:37.736+0000] {standard_task_runner.py:55} INFO - Started process 246 to run task
[2023-02-08T15:05:37.741+0000] {standard_task_runner.py:82} INFO - Running: ['***', 'tasks', 'run', 'cms_asp_noc', 'download_file', 'scheduled__2022-06-02T00:00:00+00:00', '--job-id', '318', '--raw', '--subdir', 'DAGS_FOLDER/cms_upd.py', '--cfg-path', '/tmp/tmpqi65vqpp']
[2023-02-08T15:05:37.745+0000] {standard_task_runner.py:83} INFO - Job 318: Subtask download_file
[2023-02-08T15:05:37.838+0000] {task_command.py:388} INFO - Running <TaskInstance: cms_asp_noc.download_file scheduled__2022-06-02T00:00:00+00:00 [running]> on host 1f90076947be
[2023-02-08T15:05:38.712+0000] {taskinstance.py:1509} INFO - Exporting the following env vars:
AIRFLOW_CTX_DAG_OWNER=***
AIRFLOW_CTX_DAG_ID=cms_asp_noc
AIRFLOW_CTX_TASK_ID=download_file
AIRFLOW_CTX_EXECUTION_DATE=2022-06-02T00:00:00+00:00
AIRFLOW_CTX_TRY_NUMBER=1
AIRFLOW_CTX_DAG_RUN_ID=scheduled__2022-06-02T00:00:00+00:00
[2023-02-08T15:05:41.203+0000] {logging_mixin.py:137} INFO - july-2022-asp-pricing-file-updated-12142022.zip is downloaded.
[2023-02-08T15:05:41.367+0000] {logging_mixin.py:137} INFO - january-2023-noc-pricing-file.zip is downloaded.
[2023-02-08T15:05:41.630+0000] {logging_mixin.py:137} INFO - january-2022-asp-ndc-hcpcs-crosswalk.zip is downloaded.
[2023-02-08T15:05:41.806+0000] {logging_mixin.py:137} INFO - january-2022-asp-pricing-file-updated-06082022.zip is downloaded.
[2023-02-08T15:05:42.119+0000] {logging_mixin.py:137} INFO - october-2022-asp-ndc-hcpcs-crosswalks-updated-12212022.zip is downloaded.
[2023-02-08T15:05:42.260+0000] {logging_mixin.py:137} INFO - july-2022-noc-pricing-file.zip is downloaded.
[2023-02-08T15:05:42.430+0000] {logging_mixin.py:137} INFO - april-2022-noc-pricing-file.zip is downloaded.
[2023-02-08T15:05:42.732+0000] {logging_mixin.py:137} INFO - july-2022-asp-ndc-hcpcs-crosswalk-updated-07142022.zip is downloaded.
[2023-02-08T15:05:42.904+0000] {logging_mixin.py:137} INFO - october-2022-noc-pricing-file.zip is downloaded.
[2023-02-08T15:05:43.242+0000] {logging_mixin.py:137} INFO - april-2022-asp-ndc-hcpcs-crosswalk.zip is downloaded.
[2023-02-08T15:05:43.458+0000] {logging_mixin.py:137} INFO - 2023.zip is downloaded.
[2023-02-08T15:05:43.772+0000] {logging_mixin.py:137} INFO - january-2022-noc-pricing-file-updated-03022022.zip is downloaded.
[2023-02-08T15:05:44.004+0000] {logging_mixin.py:137} INFO - october-2022-asp-pricing-file-updated-12212022.zip is downloaded.
[2023-02-08T15:05:44.240+0000] {logging_mixin.py:137} INFO - april-2022-asp-pricing-file-updated-12142022.zip is downloaded.
[2023-02-08T15:05:44.575+0000] {logging_mixin.py:137} INFO - 2023.zip is downloaded.
[2023-02-08T15:05:44.577+0000] {python.py:177} INFO - Done. Returned value was: None
[2023-02-08T15:05:44.607+0000] {taskinstance.py:1323} INFO - Marking task as SUCCESS. dag_id=cms_asp_noc, task_id=download_file, execution_date=20220602T000000, start_date=20230208T150537, end_date=20230208T150544
[2023-02-08T15:05:45.088+0000] {local_task_job.py:208} INFO - Task exited with return code 0
[2023-02-08T15:05:45.914+0000] {taskinstance.py:2578} INFO - 0 downstream tasks scheduled from follow-on schedule check
