[2023-02-08T15:11:31.945+0000] {taskinstance.py:1083} INFO - Dependencies all met for <TaskInstance: cms_asp_noc.download_file scheduled__2022-07-30T00:00:00+00:00 [queued]>
[2023-02-08T15:11:32.032+0000] {taskinstance.py:1083} INFO - Dependencies all met for <TaskInstance: cms_asp_noc.download_file scheduled__2022-07-30T00:00:00+00:00 [queued]>
[2023-02-08T15:11:32.038+0000] {taskinstance.py:1279} INFO - 
--------------------------------------------------------------------------------
[2023-02-08T15:11:32.039+0000] {taskinstance.py:1280} INFO - Starting attempt 1 of 1
[2023-02-08T15:11:32.040+0000] {taskinstance.py:1281} INFO - 
--------------------------------------------------------------------------------
[2023-02-08T15:11:32.175+0000] {taskinstance.py:1300} INFO - Executing <Task(PythonOperator): download_file> on 2022-07-30 00:00:00+00:00
[2023-02-08T15:11:32.319+0000] {standard_task_runner.py:55} INFO - Started process 1503 to run task
[2023-02-08T15:11:32.347+0000] {standard_task_runner.py:82} INFO - Running: ['***', 'tasks', 'run', 'cms_asp_noc', 'download_file', 'scheduled__2022-07-30T00:00:00+00:00', '--job-id', '631', '--raw', '--subdir', 'DAGS_FOLDER/cms_upd.py', '--cfg-path', '/tmp/tmpmhe3f8y_']
[2023-02-08T15:11:32.364+0000] {standard_task_runner.py:83} INFO - Job 631: Subtask download_file
[2023-02-08T15:11:32.779+0000] {task_command.py:388} INFO - Running <TaskInstance: cms_asp_noc.download_file scheduled__2022-07-30T00:00:00+00:00 [running]> on host 1f90076947be
[2023-02-08T15:11:35.236+0000] {taskinstance.py:1509} INFO - Exporting the following env vars:
AIRFLOW_CTX_DAG_OWNER=***
AIRFLOW_CTX_DAG_ID=cms_asp_noc
AIRFLOW_CTX_TASK_ID=download_file
AIRFLOW_CTX_EXECUTION_DATE=2022-07-30T00:00:00+00:00
AIRFLOW_CTX_TRY_NUMBER=1
AIRFLOW_CTX_DAG_RUN_ID=scheduled__2022-07-30T00:00:00+00:00
[2023-02-08T15:11:37.587+0000] {logging_mixin.py:137} INFO - july-2022-asp-pricing-file-updated-12142022.zip is downloaded.
[2023-02-08T15:11:37.727+0000] {logging_mixin.py:137} INFO - january-2023-noc-pricing-file.zip is downloaded.
[2023-02-08T15:11:38.057+0000] {logging_mixin.py:137} INFO - january-2022-asp-ndc-hcpcs-crosswalk.zip is downloaded.
[2023-02-08T15:11:38.280+0000] {logging_mixin.py:137} INFO - january-2022-asp-pricing-file-updated-06082022.zip is downloaded.
[2023-02-08T15:11:39.251+0000] {logging_mixin.py:137} INFO - october-2022-asp-ndc-hcpcs-crosswalks-updated-12212022.zip is downloaded.
[2023-02-08T15:11:39.835+0000] {logging_mixin.py:137} INFO - july-2022-noc-pricing-file.zip is downloaded.
[2023-02-08T15:11:40.374+0000] {logging_mixin.py:137} INFO - april-2022-noc-pricing-file.zip is downloaded.
[2023-02-08T15:11:41.611+0000] {logging_mixin.py:137} INFO - july-2022-asp-ndc-hcpcs-crosswalk-updated-07142022.zip is downloaded.
[2023-02-08T15:11:41.775+0000] {logging_mixin.py:137} INFO - october-2022-noc-pricing-file.zip is downloaded.
[2023-02-08T15:11:42.080+0000] {logging_mixin.py:137} INFO - april-2022-asp-ndc-hcpcs-crosswalk.zip is downloaded.
[2023-02-08T15:11:42.284+0000] {logging_mixin.py:137} INFO - 2023.zip is downloaded.
[2023-02-08T15:11:42.418+0000] {logging_mixin.py:137} INFO - january-2022-noc-pricing-file-updated-03022022.zip is downloaded.
[2023-02-08T15:11:42.674+0000] {logging_mixin.py:137} INFO - october-2022-asp-pricing-file-updated-12212022.zip is downloaded.
[2023-02-08T15:11:42.859+0000] {logging_mixin.py:137} INFO - april-2022-asp-pricing-file-updated-12142022.zip is downloaded.
[2023-02-08T15:11:43.166+0000] {logging_mixin.py:137} INFO - 2023.zip is downloaded.
[2023-02-08T15:11:43.167+0000] {python.py:177} INFO - Done. Returned value was: None
[2023-02-08T15:11:43.203+0000] {taskinstance.py:1323} INFO - Marking task as SUCCESS. dag_id=cms_asp_noc, task_id=download_file, execution_date=20220730T000000, start_date=20230208T151131, end_date=20230208T151143
[2023-02-08T15:11:43.510+0000] {local_task_job.py:208} INFO - Task exited with return code 0
[2023-02-08T15:11:44.941+0000] {taskinstance.py:2578} INFO - 1 downstream tasks scheduled from follow-on schedule check
