[2023-02-08T15:57:19.334+0000] {taskinstance.py:1083} INFO - Dependencies all met for <TaskInstance: cms_asp_noc.download_file scheduled__2023-02-07T00:00:00+00:00 [queued]>
[2023-02-08T15:57:19.349+0000] {taskinstance.py:1083} INFO - Dependencies all met for <TaskInstance: cms_asp_noc.download_file scheduled__2023-02-07T00:00:00+00:00 [queued]>
[2023-02-08T15:57:19.351+0000] {taskinstance.py:1279} INFO - 
--------------------------------------------------------------------------------
[2023-02-08T15:57:19.356+0000] {taskinstance.py:1280} INFO - Starting attempt 1 of 1
[2023-02-08T15:57:19.357+0000] {taskinstance.py:1281} INFO - 
--------------------------------------------------------------------------------
[2023-02-08T15:57:19.376+0000] {taskinstance.py:1300} INFO - Executing <Task(PythonOperator): download_file> on 2023-02-07 00:00:00+00:00
[2023-02-08T15:57:19.385+0000] {standard_task_runner.py:55} INFO - Started process 5229 to run task
[2023-02-08T15:57:19.411+0000] {standard_task_runner.py:82} INFO - Running: ['***', 'tasks', 'run', 'cms_asp_noc', 'download_file', 'scheduled__2023-02-07T00:00:00+00:00', '--job-id', '1544', '--raw', '--subdir', 'DAGS_FOLDER/cms_upd.py', '--cfg-path', '/tmp/tmp918yrxe0']
[2023-02-08T15:57:19.415+0000] {standard_task_runner.py:83} INFO - Job 1544: Subtask download_file
[2023-02-08T15:57:19.537+0000] {task_command.py:388} INFO - Running <TaskInstance: cms_asp_noc.download_file scheduled__2023-02-07T00:00:00+00:00 [running]> on host 1f90076947be
[2023-02-08T15:57:19.688+0000] {taskinstance.py:1509} INFO - Exporting the following env vars:
AIRFLOW_CTX_DAG_OWNER=***
AIRFLOW_CTX_DAG_ID=cms_asp_noc
AIRFLOW_CTX_TASK_ID=download_file
AIRFLOW_CTX_EXECUTION_DATE=2023-02-07T00:00:00+00:00
AIRFLOW_CTX_TRY_NUMBER=1
AIRFLOW_CTX_DAG_RUN_ID=scheduled__2023-02-07T00:00:00+00:00
[2023-02-08T15:57:23.074+0000] {logging_mixin.py:137} INFO - july-2022-asp-pricing-file-updated-12142022.zip is downloaded.
[2023-02-08T15:57:23.177+0000] {logging_mixin.py:137} INFO - january-2023-noc-pricing-file.zip is downloaded.
[2023-02-08T15:57:23.419+0000] {logging_mixin.py:137} INFO - january-2022-asp-ndc-hcpcs-crosswalk.zip is downloaded.
[2023-02-08T15:57:23.593+0000] {logging_mixin.py:137} INFO - january-2022-asp-pricing-file-updated-06082022.zip is downloaded.
[2023-02-08T15:57:23.860+0000] {logging_mixin.py:137} INFO - october-2022-asp-ndc-hcpcs-crosswalks-updated-12212022.zip is downloaded.
[2023-02-08T15:57:23.999+0000] {logging_mixin.py:137} INFO - july-2022-noc-pricing-file.zip is downloaded.
[2023-02-08T15:57:24.179+0000] {logging_mixin.py:137} INFO - april-2022-noc-pricing-file.zip is downloaded.
[2023-02-08T15:57:24.462+0000] {logging_mixin.py:137} INFO - july-2022-asp-ndc-hcpcs-crosswalk-updated-07142022.zip is downloaded.
[2023-02-08T15:57:24.574+0000] {logging_mixin.py:137} INFO - october-2022-noc-pricing-file.zip is downloaded.
[2023-02-08T15:57:25.074+0000] {logging_mixin.py:137} INFO - april-2022-asp-ndc-hcpcs-crosswalk.zip is downloaded.
[2023-02-08T15:57:25.524+0000] {logging_mixin.py:137} INFO - 2023.zip is downloaded.
[2023-02-08T15:57:25.950+0000] {logging_mixin.py:137} INFO - january-2022-noc-pricing-file-updated-03022022.zip is downloaded.
[2023-02-08T15:57:26.538+0000] {logging_mixin.py:137} INFO - october-2022-asp-pricing-file-updated-12212022.zip is downloaded.
[2023-02-08T15:57:27.293+0000] {logging_mixin.py:137} INFO - april-2022-asp-pricing-file-updated-12142022.zip is downloaded.
[2023-02-08T15:57:27.665+0000] {logging_mixin.py:137} INFO - 2023.zip is downloaded.
[2023-02-08T15:57:27.667+0000] {python.py:177} INFO - Done. Returned value was: None
[2023-02-08T15:57:27.707+0000] {taskinstance.py:1323} INFO - Marking task as SUCCESS. dag_id=cms_asp_noc, task_id=download_file, execution_date=20230207T000000, start_date=20230208T155719, end_date=20230208T155727
[2023-02-08T15:57:27.975+0000] {local_task_job.py:208} INFO - Task exited with return code 0
[2023-02-08T15:57:28.047+0000] {taskinstance.py:2578} INFO - 1 downstream tasks scheduled from follow-on schedule check
