[2023-02-09T19:45:33.145+0000] {taskinstance.py:1083} INFO - Dependencies all met for <TaskInstance: cms_asp_noc.data_load manual__2023-02-09T19:45:20+00:00 [queued]>
[2023-02-09T19:45:33.154+0000] {taskinstance.py:1083} INFO - Dependencies all met for <TaskInstance: cms_asp_noc.data_load manual__2023-02-09T19:45:20+00:00 [queued]>
[2023-02-09T19:45:33.155+0000] {taskinstance.py:1279} INFO - 
--------------------------------------------------------------------------------
[2023-02-09T19:45:33.156+0000] {taskinstance.py:1280} INFO - Starting attempt 1 of 1
[2023-02-09T19:45:33.156+0000] {taskinstance.py:1281} INFO - 
--------------------------------------------------------------------------------
[2023-02-09T19:45:33.169+0000] {taskinstance.py:1300} INFO - Executing <Task(PythonOperator): data_load> on 2023-02-09 19:45:20+00:00
[2023-02-09T19:45:33.181+0000] {standard_task_runner.py:55} INFO - Started process 10399 to run task
[2023-02-09T19:45:33.185+0000] {standard_task_runner.py:82} INFO - Running: ['***', 'tasks', 'run', 'cms_asp_noc', 'data_load', 'manual__2023-02-09T19:45:20+00:00', '--job-id', '1593', '--raw', '--subdir', 'DAGS_FOLDER/cms_upd.py', '--cfg-path', '/tmp/tmpkdjm2uk8']
[2023-02-09T19:45:33.189+0000] {standard_task_runner.py:83} INFO - Job 1593: Subtask data_load
[2023-02-09T19:45:33.271+0000] {task_command.py:388} INFO - Running <TaskInstance: cms_asp_noc.data_load manual__2023-02-09T19:45:20+00:00 [running]> on host 64b688f0f9e2
[2023-02-09T19:45:33.327+0000] {taskinstance.py:1509} INFO - Exporting the following env vars:
AIRFLOW_CTX_DAG_OWNER=***
AIRFLOW_CTX_DAG_ID=cms_asp_noc
AIRFLOW_CTX_TASK_ID=data_load
AIRFLOW_CTX_EXECUTION_DATE=2023-02-09T19:45:20+00:00
AIRFLOW_CTX_TRY_NUMBER=1
AIRFLOW_CTX_DAG_RUN_ID=manual__2023-02-09T19:45:20+00:00
[2023-02-09T19:45:33.333+0000] {logging_mixin.py:137} INFO - []
[2023-02-09T19:45:33.333+0000] {python.py:177} INFO - Done. Returned value was: None
[2023-02-09T19:45:33.592+0000] {taskinstance.py:1323} INFO - Marking task as SUCCESS. dag_id=cms_asp_noc, task_id=data_load, execution_date=20230209T194520, start_date=20230209T194533, end_date=20230209T194533
[2023-02-09T19:45:33.647+0000] {local_task_job.py:208} INFO - Task exited with return code 0
[2023-02-09T19:45:33.671+0000] {taskinstance.py:2578} INFO - 1 downstream tasks scheduled from follow-on schedule check
