[2023-02-08T15:15:26.744+0000] {taskinstance.py:1083} INFO - Dependencies all met for <TaskInstance: cms_asp_noc.data_load scheduled__2022-09-13T00:00:00+00:00 [queued]>
[2023-02-08T15:15:26.762+0000] {taskinstance.py:1083} INFO - Dependencies all met for <TaskInstance: cms_asp_noc.data_load scheduled__2022-09-13T00:00:00+00:00 [queued]>
[2023-02-08T15:15:26.763+0000] {taskinstance.py:1279} INFO - 
--------------------------------------------------------------------------------
[2023-02-08T15:15:26.763+0000] {taskinstance.py:1280} INFO - Starting attempt 1 of 1
[2023-02-08T15:15:26.764+0000] {taskinstance.py:1281} INFO - 
--------------------------------------------------------------------------------
[2023-02-08T15:15:26.780+0000] {taskinstance.py:1300} INFO - Executing <Task(PythonOperator): data_load> on 2022-09-13 00:00:00+00:00
[2023-02-08T15:15:26.797+0000] {standard_task_runner.py:55} INFO - Started process 2389 to run task
[2023-02-08T15:15:26.805+0000] {standard_task_runner.py:82} INFO - Running: ['***', 'tasks', 'run', 'cms_asp_noc', 'data_load', 'scheduled__2022-09-13T00:00:00+00:00', '--job-id', '859', '--raw', '--subdir', 'DAGS_FOLDER/cms_upd.py', '--cfg-path', '/tmp/tmpdk4zx_qm']
[2023-02-08T15:15:26.810+0000] {standard_task_runner.py:83} INFO - Job 859: Subtask data_load
[2023-02-08T15:15:27.032+0000] {task_command.py:388} INFO - Running <TaskInstance: cms_asp_noc.data_load scheduled__2022-09-13T00:00:00+00:00 [running]> on host 1f90076947be
[2023-02-08T15:15:27.711+0000] {taskinstance.py:1509} INFO - Exporting the following env vars:
AIRFLOW_CTX_DAG_OWNER=***
AIRFLOW_CTX_DAG_ID=cms_asp_noc
AIRFLOW_CTX_TASK_ID=data_load
AIRFLOW_CTX_EXECUTION_DATE=2022-09-13T00:00:00+00:00
AIRFLOW_CTX_TRY_NUMBER=1
AIRFLOW_CTX_DAG_RUN_ID=scheduled__2022-09-13T00:00:00+00:00
[2023-02-08T15:15:27.713+0000] {logging_mixin.py:137} INFO - []
[2023-02-08T15:15:27.714+0000] {python.py:177} INFO - Done. Returned value was: None
[2023-02-08T15:15:27.736+0000] {taskinstance.py:1323} INFO - Marking task as SUCCESS. dag_id=cms_asp_noc, task_id=data_load, execution_date=20220913T000000, start_date=20230208T151526, end_date=20230208T151527
[2023-02-08T15:15:27.827+0000] {local_task_job.py:208} INFO - Task exited with return code 0
[2023-02-08T15:15:27.944+0000] {taskinstance.py:2578} INFO - 1 downstream tasks scheduled from follow-on schedule check
