[2023-02-08T12:49:00.429+0000] {taskinstance.py:1083} INFO - Dependencies all met for <TaskInstance: cms_asp_noc.extract scheduled__2022-01-16T00:00:00+00:00 [queued]>
[2023-02-08T12:49:00.479+0000] {taskinstance.py:1083} INFO - Dependencies all met for <TaskInstance: cms_asp_noc.extract scheduled__2022-01-16T00:00:00+00:00 [queued]>
[2023-02-08T12:49:00.481+0000] {taskinstance.py:1279} INFO - 
--------------------------------------------------------------------------------
[2023-02-08T12:49:00.482+0000] {taskinstance.py:1280} INFO - Starting attempt 1 of 1
[2023-02-08T12:49:00.483+0000] {taskinstance.py:1281} INFO - 
--------------------------------------------------------------------------------
[2023-02-08T12:49:00.542+0000] {taskinstance.py:1300} INFO - Executing <Task(PythonOperator): extract> on 2022-01-16 00:00:00+00:00
[2023-02-08T12:49:00.587+0000] {standard_task_runner.py:55} INFO - Started process 206 to run task
[2023-02-08T12:49:00.669+0000] {standard_task_runner.py:82} INFO - Running: ['***', 'tasks', 'run', 'cms_asp_noc', 'extract', 'scheduled__2022-01-16T00:00:00+00:00', '--job-id', '33', '--raw', '--subdir', 'DAGS_FOLDER/cms_upd.py', '--cfg-path', '/tmp/tmplp5ktdd6']
[2023-02-08T12:49:00.695+0000] {standard_task_runner.py:83} INFO - Job 33: Subtask extract
[2023-02-08T12:49:01.272+0000] {task_command.py:388} INFO - Running <TaskInstance: cms_asp_noc.extract scheduled__2022-01-16T00:00:00+00:00 [running]> on host 4ed7ae61ecf3
[2023-02-08T12:49:24.979+0000] {taskinstance.py:1509} INFO - Exporting the following env vars:
AIRFLOW_CTX_DAG_OWNER=***
AIRFLOW_CTX_DAG_ID=cms_asp_noc
AIRFLOW_CTX_TASK_ID=extract
AIRFLOW_CTX_EXECUTION_DATE=2022-01-16T00:00:00+00:00
AIRFLOW_CTX_TRY_NUMBER=1
AIRFLOW_CTX_DAG_RUN_ID=scheduled__2022-01-16T00:00:00+00:00
[2023-02-08T12:49:25.110+0000] {logging_mixin.py:137} INFO - /opt/***/op_files/cms_zip_files/april-2022-asp-pricing-file-updated-06082022.zip
[2023-02-08T12:49:25.597+0000] {logging_mixin.py:137} INFO - /opt/***/op_files/cms_zip_files/april-2022-asp-pricing-file-updated-12142022.zip
[2023-02-08T12:49:28.090+0000] {local_task_job.py:208} INFO - Task exited with return code Negsignal.SIGKILL
[2023-02-08T12:50:16.900+0000] {taskinstance.py:2578} INFO - 0 downstream tasks scheduled from follow-on schedule check
