[2023-03-01T00:00:31.635+0000] {taskinstance.py:1083} INFO - Dependencies all met for <TaskInstance: cms_asp_noc.get_files scheduled__2023-02-28T00:00:00+00:00 [queued]>
[2023-03-01T00:00:31.643+0000] {taskinstance.py:1083} INFO - Dependencies all met for <TaskInstance: cms_asp_noc.get_files scheduled__2023-02-28T00:00:00+00:00 [queued]>
[2023-03-01T00:00:31.644+0000] {taskinstance.py:1279} INFO - 
--------------------------------------------------------------------------------
[2023-03-01T00:00:31.644+0000] {taskinstance.py:1280} INFO - Starting attempt 1 of 1
[2023-03-01T00:00:31.645+0000] {taskinstance.py:1281} INFO - 
--------------------------------------------------------------------------------
[2023-03-01T00:00:31.656+0000] {taskinstance.py:1300} INFO - Executing <Task(PythonOperator): get_files> on 2023-02-28 00:00:00+00:00
[2023-03-01T00:00:31.665+0000] {standard_task_runner.py:55} INFO - Started process 10794 to run task
[2023-03-01T00:00:31.669+0000] {standard_task_runner.py:82} INFO - Running: ['***', 'tasks', 'run', 'cms_asp_noc', 'get_files', 'scheduled__2023-02-28T00:00:00+00:00', '--job-id', '1898', '--raw', '--subdir', 'DAGS_FOLDER/cms_upd.py', '--cfg-path', '/tmp/tmp7gypxr7v']
[2023-03-01T00:00:31.672+0000] {standard_task_runner.py:83} INFO - Job 1898: Subtask get_files
[2023-03-01T00:00:31.916+0000] {task_command.py:388} INFO - Running <TaskInstance: cms_asp_noc.get_files scheduled__2023-02-28T00:00:00+00:00 [running]> on host 2886274f27ea
[2023-03-01T00:00:31.971+0000] {taskinstance.py:1509} INFO - Exporting the following env vars:
AIRFLOW_CTX_DAG_OWNER=***
AIRFLOW_CTX_DAG_ID=cms_asp_noc
AIRFLOW_CTX_TASK_ID=get_files
AIRFLOW_CTX_EXECUTION_DATE=2023-02-28T00:00:00+00:00
AIRFLOW_CTX_TRY_NUMBER=1
AIRFLOW_CTX_DAG_RUN_ID=scheduled__2023-02-28T00:00:00+00:00
[2023-03-01T00:00:31.989+0000] {updates.py:41} INFO - updated asp_pricing
[2023-03-01T00:00:32.003+0000] {updates.py:55} INFO - updated asp_ndc_hcpcs
[2023-03-01T00:00:32.017+0000] {updates.py:69} INFO - updated noc_ndc_hcpcs
[2023-03-01T00:00:32.021+0000] {python.py:177} INFO - Done. Returned value was: NO UPDATES
[2023-03-01T00:00:32.040+0000] {taskinstance.py:1323} INFO - Marking task as SUCCESS. dag_id=cms_asp_noc, task_id=get_files, execution_date=20230228T000000, start_date=20230301T000031, end_date=20230301T000032
[2023-03-01T00:00:32.081+0000] {local_task_job.py:208} INFO - Task exited with return code 0
[2023-03-01T00:00:32.105+0000] {taskinstance.py:2578} INFO - 1 downstream tasks scheduled from follow-on schedule check
