[2023-02-08T15:15:47.518+0000] {taskinstance.py:1083} INFO - Dependencies all met for <TaskInstance: cms_asp_noc.download_file scheduled__2022-09-20T00:00:00+00:00 [queued]>
[2023-02-08T15:15:47.533+0000] {taskinstance.py:1083} INFO - Dependencies all met for <TaskInstance: cms_asp_noc.download_file scheduled__2022-09-20T00:00:00+00:00 [queued]>
[2023-02-08T15:15:47.533+0000] {taskinstance.py:1279} INFO - 
--------------------------------------------------------------------------------
[2023-02-08T15:15:47.534+0000] {taskinstance.py:1280} INFO - Starting attempt 1 of 1
[2023-02-08T15:15:47.535+0000] {taskinstance.py:1281} INFO - 
--------------------------------------------------------------------------------
[2023-02-08T15:15:47.575+0000] {taskinstance.py:1300} INFO - Executing <Task(PythonOperator): download_file> on 2022-09-20 00:00:00+00:00
[2023-02-08T15:15:47.585+0000] {standard_task_runner.py:55} INFO - Started process 2471 to run task
[2023-02-08T15:15:47.597+0000] {standard_task_runner.py:82} INFO - Running: ['***', 'tasks', 'run', 'cms_asp_noc', 'download_file', 'scheduled__2022-09-20T00:00:00+00:00', '--job-id', '875', '--raw', '--subdir', 'DAGS_FOLDER/cms_upd.py', '--cfg-path', '/tmp/tmpsvg3sxnd']
[2023-02-08T15:15:47.604+0000] {standard_task_runner.py:83} INFO - Job 875: Subtask download_file
[2023-02-08T15:15:47.900+0000] {task_command.py:388} INFO - Running <TaskInstance: cms_asp_noc.download_file scheduled__2022-09-20T00:00:00+00:00 [running]> on host 1f90076947be
[2023-02-08T15:15:49.112+0000] {taskinstance.py:1509} INFO - Exporting the following env vars:
AIRFLOW_CTX_DAG_OWNER=***
AIRFLOW_CTX_DAG_ID=cms_asp_noc
AIRFLOW_CTX_TASK_ID=download_file
AIRFLOW_CTX_EXECUTION_DATE=2022-09-20T00:00:00+00:00
AIRFLOW_CTX_TRY_NUMBER=1
AIRFLOW_CTX_DAG_RUN_ID=scheduled__2022-09-20T00:00:00+00:00
[2023-02-08T15:15:52.067+0000] {logging_mixin.py:137} INFO - july-2022-asp-pricing-file-updated-12142022.zip is downloaded.
[2023-02-08T15:15:52.602+0000] {logging_mixin.py:137} INFO - january-2023-noc-pricing-file.zip is downloaded.
[2023-02-08T15:15:53.499+0000] {logging_mixin.py:137} INFO - january-2022-asp-ndc-hcpcs-crosswalk.zip is downloaded.
[2023-02-08T15:15:54.147+0000] {logging_mixin.py:137} INFO - january-2022-asp-pricing-file-updated-06082022.zip is downloaded.
[2023-02-08T15:15:55.669+0000] {logging_mixin.py:137} INFO - october-2022-asp-ndc-hcpcs-crosswalks-updated-12212022.zip is downloaded.
[2023-02-08T15:15:55.823+0000] {logging_mixin.py:137} INFO - july-2022-noc-pricing-file.zip is downloaded.
[2023-02-08T15:15:55.964+0000] {logging_mixin.py:137} INFO - april-2022-noc-pricing-file.zip is downloaded.
[2023-02-08T15:15:56.224+0000] {logging_mixin.py:137} INFO - july-2022-asp-ndc-hcpcs-crosswalk-updated-07142022.zip is downloaded.
[2023-02-08T15:15:56.362+0000] {logging_mixin.py:137} INFO - october-2022-noc-pricing-file.zip is downloaded.
[2023-02-08T15:15:56.705+0000] {logging_mixin.py:137} INFO - april-2022-asp-ndc-hcpcs-crosswalk.zip is downloaded.
[2023-02-08T15:15:56.924+0000] {logging_mixin.py:137} INFO - 2023.zip is downloaded.
[2023-02-08T15:15:57.086+0000] {logging_mixin.py:137} INFO - january-2022-noc-pricing-file-updated-03022022.zip is downloaded.
[2023-02-08T15:15:57.261+0000] {logging_mixin.py:137} INFO - october-2022-asp-pricing-file-updated-12212022.zip is downloaded.
[2023-02-08T15:15:57.443+0000] {logging_mixin.py:137} INFO - april-2022-asp-pricing-file-updated-12142022.zip is downloaded.
[2023-02-08T15:15:57.835+0000] {logging_mixin.py:137} INFO - 2023.zip is downloaded.
[2023-02-08T15:15:57.837+0000] {python.py:177} INFO - Done. Returned value was: None
[2023-02-08T15:15:57.896+0000] {taskinstance.py:1323} INFO - Marking task as SUCCESS. dag_id=cms_asp_noc, task_id=download_file, execution_date=20220920T000000, start_date=20230208T151547, end_date=20230208T151557
[2023-02-08T15:15:58.276+0000] {local_task_job.py:208} INFO - Task exited with return code 0
[2023-02-08T15:15:59.371+0000] {taskinstance.py:2578} INFO - 1 downstream tasks scheduled from follow-on schedule check
