[2023-02-08T15:17:49.667+0000] {taskinstance.py:1083} INFO - Dependencies all met for <TaskInstance: cms_asp_noc.download_file scheduled__2022-10-17T00:00:00+00:00 [queued]>
[2023-02-08T15:17:49.688+0000] {taskinstance.py:1083} INFO - Dependencies all met for <TaskInstance: cms_asp_noc.download_file scheduled__2022-10-17T00:00:00+00:00 [queued]>
[2023-02-08T15:17:49.689+0000] {taskinstance.py:1279} INFO - 
--------------------------------------------------------------------------------
[2023-02-08T15:17:49.690+0000] {taskinstance.py:1280} INFO - Starting attempt 1 of 1
[2023-02-08T15:17:49.690+0000] {taskinstance.py:1281} INFO - 
--------------------------------------------------------------------------------
[2023-02-08T15:17:49.738+0000] {taskinstance.py:1300} INFO - Executing <Task(PythonOperator): download_file> on 2022-10-17 00:00:00+00:00
[2023-02-08T15:17:49.753+0000] {standard_task_runner.py:55} INFO - Started process 3017 to run task
[2023-02-08T15:17:49.794+0000] {standard_task_runner.py:82} INFO - Running: ['***', 'tasks', 'run', 'cms_asp_noc', 'download_file', 'scheduled__2022-10-17T00:00:00+00:00', '--job-id', '1018', '--raw', '--subdir', 'DAGS_FOLDER/cms_upd.py', '--cfg-path', '/tmp/tmpis2d9kc0']
[2023-02-08T15:17:49.808+0000] {standard_task_runner.py:83} INFO - Job 1018: Subtask download_file
[2023-02-08T15:17:50.104+0000] {task_command.py:388} INFO - Running <TaskInstance: cms_asp_noc.download_file scheduled__2022-10-17T00:00:00+00:00 [running]> on host 1f90076947be
[2023-02-08T15:17:51.969+0000] {taskinstance.py:1509} INFO - Exporting the following env vars:
AIRFLOW_CTX_DAG_OWNER=***
AIRFLOW_CTX_DAG_ID=cms_asp_noc
AIRFLOW_CTX_TASK_ID=download_file
AIRFLOW_CTX_EXECUTION_DATE=2022-10-17T00:00:00+00:00
AIRFLOW_CTX_TRY_NUMBER=1
AIRFLOW_CTX_DAG_RUN_ID=scheduled__2022-10-17T00:00:00+00:00
[2023-02-08T15:17:55.300+0000] {logging_mixin.py:137} INFO - july-2022-asp-pricing-file-updated-12142022.zip is downloaded.
[2023-02-08T15:17:55.433+0000] {logging_mixin.py:137} INFO - january-2023-noc-pricing-file.zip is downloaded.
[2023-02-08T15:17:55.792+0000] {logging_mixin.py:137} INFO - january-2022-asp-ndc-hcpcs-crosswalk.zip is downloaded.
[2023-02-08T15:17:56.000+0000] {logging_mixin.py:137} INFO - january-2022-asp-pricing-file-updated-06082022.zip is downloaded.
[2023-02-08T15:17:56.413+0000] {logging_mixin.py:137} INFO - october-2022-asp-ndc-hcpcs-crosswalks-updated-12212022.zip is downloaded.
[2023-02-08T15:17:56.562+0000] {logging_mixin.py:137} INFO - july-2022-noc-pricing-file.zip is downloaded.
[2023-02-08T15:17:56.695+0000] {logging_mixin.py:137} INFO - april-2022-noc-pricing-file.zip is downloaded.
[2023-02-08T15:17:57.168+0000] {logging_mixin.py:137} INFO - july-2022-asp-ndc-hcpcs-crosswalk-updated-07142022.zip is downloaded.
[2023-02-08T15:17:57.350+0000] {logging_mixin.py:137} INFO - october-2022-noc-pricing-file.zip is downloaded.
[2023-02-08T15:17:57.723+0000] {logging_mixin.py:137} INFO - april-2022-asp-ndc-hcpcs-crosswalk.zip is downloaded.
[2023-02-08T15:17:57.919+0000] {logging_mixin.py:137} INFO - 2023.zip is downloaded.
[2023-02-08T15:17:58.050+0000] {logging_mixin.py:137} INFO - january-2022-noc-pricing-file-updated-03022022.zip is downloaded.
[2023-02-08T15:17:58.238+0000] {logging_mixin.py:137} INFO - october-2022-asp-pricing-file-updated-12212022.zip is downloaded.
[2023-02-08T15:17:58.444+0000] {logging_mixin.py:137} INFO - april-2022-asp-pricing-file-updated-12142022.zip is downloaded.
[2023-02-08T15:17:58.856+0000] {logging_mixin.py:137} INFO - 2023.zip is downloaded.
[2023-02-08T15:17:58.860+0000] {python.py:177} INFO - Done. Returned value was: None
[2023-02-08T15:17:58.927+0000] {taskinstance.py:1323} INFO - Marking task as SUCCESS. dag_id=cms_asp_noc, task_id=download_file, execution_date=20221017T000000, start_date=20230208T151749, end_date=20230208T151758
[2023-02-08T15:17:59.141+0000] {local_task_job.py:208} INFO - Task exited with return code 0
[2023-02-08T15:18:00.125+0000] {taskinstance.py:2578} INFO - 1 downstream tasks scheduled from follow-on schedule check
