[2023-02-08T15:56:01.798+0000] {taskinstance.py:1083} INFO - Dependencies all met for <TaskInstance: cms_asp_noc.download_file scheduled__2023-01-23T00:00:00+00:00 [queued]>
[2023-02-08T15:56:01.839+0000] {taskinstance.py:1083} INFO - Dependencies all met for <TaskInstance: cms_asp_noc.download_file scheduled__2023-01-23T00:00:00+00:00 [queued]>
[2023-02-08T15:56:01.844+0000] {taskinstance.py:1279} INFO - 
--------------------------------------------------------------------------------
[2023-02-08T15:56:01.845+0000] {taskinstance.py:1280} INFO - Starting attempt 1 of 1
[2023-02-08T15:56:01.846+0000] {taskinstance.py:1281} INFO - 
--------------------------------------------------------------------------------
[2023-02-08T15:56:01.891+0000] {taskinstance.py:1300} INFO - Executing <Task(PythonOperator): download_file> on 2023-01-23 00:00:00+00:00
[2023-02-08T15:56:01.901+0000] {standard_task_runner.py:55} INFO - Started process 4943 to run task
[2023-02-08T15:56:01.922+0000] {standard_task_runner.py:82} INFO - Running: ['***', 'tasks', 'run', 'cms_asp_noc', 'download_file', 'scheduled__2023-01-23T00:00:00+00:00', '--job-id', '1469', '--raw', '--subdir', 'DAGS_FOLDER/cms_upd.py', '--cfg-path', '/tmp/tmpoch82iqn']
[2023-02-08T15:56:01.929+0000] {standard_task_runner.py:83} INFO - Job 1469: Subtask download_file
[2023-02-08T15:56:02.027+0000] {task_command.py:388} INFO - Running <TaskInstance: cms_asp_noc.download_file scheduled__2023-01-23T00:00:00+00:00 [running]> on host 1f90076947be
[2023-02-08T15:56:02.645+0000] {taskinstance.py:1509} INFO - Exporting the following env vars:
AIRFLOW_CTX_DAG_OWNER=***
AIRFLOW_CTX_DAG_ID=cms_asp_noc
AIRFLOW_CTX_TASK_ID=download_file
AIRFLOW_CTX_EXECUTION_DATE=2023-01-23T00:00:00+00:00
AIRFLOW_CTX_TRY_NUMBER=1
AIRFLOW_CTX_DAG_RUN_ID=scheduled__2023-01-23T00:00:00+00:00
[2023-02-08T15:56:04.832+0000] {logging_mixin.py:137} INFO - july-2022-asp-pricing-file-updated-12142022.zip is downloaded.
[2023-02-08T15:56:04.926+0000] {logging_mixin.py:137} INFO - january-2023-noc-pricing-file.zip is downloaded.
[2023-02-08T15:56:05.156+0000] {logging_mixin.py:137} INFO - january-2022-asp-ndc-hcpcs-crosswalk.zip is downloaded.
[2023-02-08T15:56:05.317+0000] {logging_mixin.py:137} INFO - january-2022-asp-pricing-file-updated-06082022.zip is downloaded.
[2023-02-08T15:56:05.535+0000] {logging_mixin.py:137} INFO - october-2022-asp-ndc-hcpcs-crosswalks-updated-12212022.zip is downloaded.
[2023-02-08T15:56:05.638+0000] {logging_mixin.py:137} INFO - july-2022-noc-pricing-file.zip is downloaded.
[2023-02-08T15:56:05.734+0000] {logging_mixin.py:137} INFO - april-2022-noc-pricing-file.zip is downloaded.
[2023-02-08T15:56:05.964+0000] {logging_mixin.py:137} INFO - july-2022-asp-ndc-hcpcs-crosswalk-updated-07142022.zip is downloaded.
[2023-02-08T15:56:06.093+0000] {logging_mixin.py:137} INFO - october-2022-noc-pricing-file.zip is downloaded.
[2023-02-08T15:56:06.406+0000] {logging_mixin.py:137} INFO - april-2022-asp-ndc-hcpcs-crosswalk.zip is downloaded.
[2023-02-08T15:56:06.550+0000] {logging_mixin.py:137} INFO - 2023.zip is downloaded.
[2023-02-08T15:56:06.653+0000] {logging_mixin.py:137} INFO - january-2022-noc-pricing-file-updated-03022022.zip is downloaded.
[2023-02-08T15:56:06.764+0000] {logging_mixin.py:137} INFO - october-2022-asp-pricing-file-updated-12212022.zip is downloaded.
[2023-02-08T15:56:06.937+0000] {logging_mixin.py:137} INFO - april-2022-asp-pricing-file-updated-12142022.zip is downloaded.
[2023-02-08T15:56:07.234+0000] {logging_mixin.py:137} INFO - 2023.zip is downloaded.
[2023-02-08T15:56:07.236+0000] {python.py:177} INFO - Done. Returned value was: None
[2023-02-08T15:56:07.286+0000] {taskinstance.py:1323} INFO - Marking task as SUCCESS. dag_id=cms_asp_noc, task_id=download_file, execution_date=20230123T000000, start_date=20230208T155601, end_date=20230208T155607
[2023-02-08T15:56:07.639+0000] {local_task_job.py:208} INFO - Task exited with return code 0
[2023-02-08T15:56:08.640+0000] {taskinstance.py:2578} INFO - 1 downstream tasks scheduled from follow-on schedule check
