[2023-02-08T17:32:19.045+0000] {taskinstance.py:1083} INFO - Dependencies all met for <TaskInstance: cms_asp_noc.data_load manual__2023-02-08T17:31:54+00:00 [queued]>
[2023-02-08T17:32:19.051+0000] {taskinstance.py:1083} INFO - Dependencies all met for <TaskInstance: cms_asp_noc.data_load manual__2023-02-08T17:31:54+00:00 [queued]>
[2023-02-08T17:32:19.052+0000] {taskinstance.py:1279} INFO - 
--------------------------------------------------------------------------------
[2023-02-08T17:32:19.052+0000] {taskinstance.py:1280} INFO - Starting attempt 1 of 1
[2023-02-08T17:32:19.053+0000] {taskinstance.py:1281} INFO - 
--------------------------------------------------------------------------------
[2023-02-08T17:32:19.063+0000] {taskinstance.py:1300} INFO - Executing <Task(PythonOperator): data_load> on 2023-02-08 17:31:54+00:00
[2023-02-08T17:32:19.068+0000] {standard_task_runner.py:55} INFO - Started process 11722 to run task
[2023-02-08T17:32:19.073+0000] {standard_task_runner.py:82} INFO - Running: ['***', 'tasks', 'run', 'cms_asp_noc', 'data_load', 'manual__2023-02-08T17:31:54+00:00', '--job-id', '1568', '--raw', '--subdir', 'DAGS_FOLDER/cms_upd.py', '--cfg-path', '/tmp/tmp9cql0pg6']
[2023-02-08T17:32:19.076+0000] {standard_task_runner.py:83} INFO - Job 1568: Subtask data_load
[2023-02-08T17:32:19.140+0000] {task_command.py:388} INFO - Running <TaskInstance: cms_asp_noc.data_load manual__2023-02-08T17:31:54+00:00 [running]> on host 1f90076947be
[2023-02-08T17:32:19.332+0000] {taskinstance.py:1509} INFO - Exporting the following env vars:
AIRFLOW_CTX_DAG_OWNER=***
AIRFLOW_CTX_DAG_ID=cms_asp_noc
AIRFLOW_CTX_TASK_ID=data_load
AIRFLOW_CTX_EXECUTION_DATE=2023-02-08T17:31:54+00:00
AIRFLOW_CTX_TRY_NUMBER=1
AIRFLOW_CTX_DAG_RUN_ID=manual__2023-02-08T17:31:54+00:00
[2023-02-08T17:32:19.334+0000] {logging_mixin.py:137} INFO - []
[2023-02-08T17:32:19.334+0000] {python.py:177} INFO - Done. Returned value was: None
[2023-02-08T17:32:19.342+0000] {taskinstance.py:1323} INFO - Marking task as SUCCESS. dag_id=cms_asp_noc, task_id=data_load, execution_date=20230208T173154, start_date=20230208T173219, end_date=20230208T173219
[2023-02-08T17:32:19.413+0000] {local_task_job.py:208} INFO - Task exited with return code 0
[2023-02-08T17:32:19.472+0000] {taskinstance.py:2578} INFO - 0 downstream tasks scheduled from follow-on schedule check
