[2023-03-09T00:00:04.921+0000] {taskinstance.py:1083} INFO - Dependencies all met for <TaskInstance: cms_asp_noc.download_file scheduled__2023-03-08T00:00:00+00:00 [queued]>
[2023-03-09T00:00:04.927+0000] {taskinstance.py:1083} INFO - Dependencies all met for <TaskInstance: cms_asp_noc.download_file scheduled__2023-03-08T00:00:00+00:00 [queued]>
[2023-03-09T00:00:04.927+0000] {taskinstance.py:1279} INFO - 
--------------------------------------------------------------------------------
[2023-03-09T00:00:04.928+0000] {taskinstance.py:1280} INFO - Starting attempt 1 of 1
[2023-03-09T00:00:04.928+0000] {taskinstance.py:1281} INFO - 
--------------------------------------------------------------------------------
[2023-03-09T00:00:04.935+0000] {taskinstance.py:1300} INFO - Executing <Task(PythonOperator): download_file> on 2023-03-08 00:00:00+00:00
[2023-03-09T00:00:04.942+0000] {standard_task_runner.py:55} INFO - Started process 69310 to run task
[2023-03-09T00:00:04.945+0000] {standard_task_runner.py:82} INFO - Running: ['***', 'tasks', 'run', 'cms_asp_noc', 'download_file', 'scheduled__2023-03-08T00:00:00+00:00', '--job-id', '1982', '--raw', '--subdir', 'DAGS_FOLDER/cms_upd.py', '--cfg-path', '/tmp/tmptweb_wkt']
[2023-03-09T00:00:04.947+0000] {standard_task_runner.py:83} INFO - Job 1982: Subtask download_file
[2023-03-09T00:00:05.001+0000] {task_command.py:388} INFO - Running <TaskInstance: cms_asp_noc.download_file scheduled__2023-03-08T00:00:00+00:00 [running]> on host 2886274f27ea
[2023-03-09T00:00:05.218+0000] {taskinstance.py:1509} INFO - Exporting the following env vars:
AIRFLOW_CTX_DAG_OWNER=***
AIRFLOW_CTX_DAG_ID=cms_asp_noc
AIRFLOW_CTX_TASK_ID=download_file
AIRFLOW_CTX_EXECUTION_DATE=2023-03-08T00:00:00+00:00
AIRFLOW_CTX_TRY_NUMBER=1
AIRFLOW_CTX_DAG_RUN_ID=scheduled__2023-03-08T00:00:00+00:00
[2023-03-09T00:00:13.347+0000] {logging_mixin.py:137} INFO - january-2022-noc-pricing-file-updated-03022022.zip is downloaded.
[2023-03-09T00:00:13.967+0000] {logging_mixin.py:137} INFO - 2023.zip is downloaded.
[2023-03-09T00:00:14.444+0000] {logging_mixin.py:137} INFO - january-2023-noc-pricing-file.zip is downloaded.
[2023-03-09T00:00:14.886+0000] {logging_mixin.py:137} INFO - april-2022-noc-pricing-file.zip is downloaded.
[2023-03-09T00:00:15.195+0000] {logging_mixin.py:137} INFO - october-2022-noc-pricing-file.zip is downloaded.
[2023-03-09T00:00:15.736+0000] {logging_mixin.py:137} INFO - july-2022-noc-pricing-file.zip is downloaded.
[2023-03-09T00:00:16.285+0000] {logging_mixin.py:137} INFO - october-2022-asp-pricing-file-updated-12212022.zip is downloaded.
[2023-03-09T00:00:16.498+0000] {logging_mixin.py:137} INFO - july-2022-asp-pricing-file-updated-12142022.zip is downloaded.
[2023-03-09T00:00:17.052+0000] {logging_mixin.py:137} INFO - april-2022-asp-ndc-hcpcs-crosswalk.zip is downloaded.
[2023-03-09T00:00:17.424+0000] {logging_mixin.py:137} INFO - january-2022-asp-pricing-file-updated-06082022.zip is downloaded.
[2023-03-09T00:00:17.630+0000] {logging_mixin.py:137} INFO - 2023.zip is downloaded.
[2023-03-09T00:00:17.851+0000] {logging_mixin.py:137} INFO - april-2022-asp-pricing-file-updated-12142022.zip is downloaded.
[2023-03-09T00:00:18.368+0000] {logging_mixin.py:137} INFO - october-2022-asp-ndc-hcpcs-crosswalks-updated-12212022.zip is downloaded.
[2023-03-09T00:00:18.902+0000] {logging_mixin.py:137} INFO - january-2022-asp-ndc-hcpcs-crosswalk.zip is downloaded.
[2023-03-09T00:00:19.440+0000] {logging_mixin.py:137} INFO - july-2022-asp-ndc-hcpcs-crosswalk-updated-07142022.zip is downloaded.
[2023-03-09T00:00:19.441+0000] {python.py:177} INFO - Done. Returned value was: None
[2023-03-09T00:00:19.464+0000] {taskinstance.py:1323} INFO - Marking task as SUCCESS. dag_id=cms_asp_noc, task_id=download_file, execution_date=20230308T000000, start_date=20230309T000004, end_date=20230309T000019
[2023-03-09T00:00:19.619+0000] {local_task_job.py:208} INFO - Task exited with return code 0
[2023-03-09T00:00:20.026+0000] {taskinstance.py:2578} INFO - 1 downstream tasks scheduled from follow-on schedule check
