[2023-02-10T15:37:07.757+0000] {taskinstance.py:1083} INFO - Dependencies all met for <TaskInstance: cms_asp_noc.get_files manual__2023-02-10T15:28:32.560061+00:00 [queued]>
[2023-02-10T15:37:07.765+0000] {taskinstance.py:1083} INFO - Dependencies all met for <TaskInstance: cms_asp_noc.get_files manual__2023-02-10T15:28:32.560061+00:00 [queued]>
[2023-02-10T15:37:07.766+0000] {taskinstance.py:1279} INFO - 
--------------------------------------------------------------------------------
[2023-02-10T15:37:07.767+0000] {taskinstance.py:1280} INFO - Starting attempt 2 of 2
[2023-02-10T15:37:07.767+0000] {taskinstance.py:1281} INFO - 
--------------------------------------------------------------------------------
[2023-02-10T15:37:07.778+0000] {taskinstance.py:1300} INFO - Executing <Task(PythonOperator): get_files> on 2023-02-10 15:28:32.560061+00:00
[2023-02-10T15:37:07.786+0000] {standard_task_runner.py:55} INFO - Started process 43592 to run task
[2023-02-10T15:37:07.790+0000] {standard_task_runner.py:82} INFO - Running: ['***', 'tasks', 'run', 'cms_asp_noc', 'get_files', 'manual__2023-02-10T15:28:32.560061+00:00', '--job-id', '1708', '--raw', '--subdir', 'DAGS_FOLDER/cms_upd.py', '--cfg-path', '/tmp/tmps26ktjvn']
[2023-02-10T15:37:07.792+0000] {standard_task_runner.py:83} INFO - Job 1708: Subtask get_files
[2023-02-10T15:37:07.857+0000] {task_command.py:388} INFO - Running <TaskInstance: cms_asp_noc.get_files manual__2023-02-10T15:28:32.560061+00:00 [running]> on host 2886274f27ea
[2023-02-10T15:37:07.925+0000] {taskinstance.py:1509} INFO - Exporting the following env vars:
AIRFLOW_CTX_DAG_OWNER=***
AIRFLOW_CTX_DAG_ID=cms_asp_noc
AIRFLOW_CTX_TASK_ID=get_files
AIRFLOW_CTX_EXECUTION_DATE=2023-02-10T15:28:32.560061+00:00
AIRFLOW_CTX_TRY_NUMBER=2
AIRFLOW_CTX_DAG_RUN_ID=manual__2023-02-10T15:28:32.560061+00:00
[2023-02-10T15:37:07.949+0000] {updates.py:41} INFO - updated asp_pricing
[2023-02-10T15:37:07.970+0000] {updates.py:55} INFO - updated asp_ndc_hcpcs
[2023-02-10T15:37:07.992+0000] {updates.py:69} INFO - updated noc_ndc_hcpcs
[2023-02-10T15:37:07.998+0000] {python.py:177} INFO - Done. Returned value was: NO UPDATES
[2023-02-10T15:37:08.473+0000] {taskinstance.py:1323} INFO - Marking task as SUCCESS. dag_id=cms_asp_noc, task_id=get_files, execution_date=20230210T152832, start_date=20230210T153707, end_date=20230210T153708
[2023-02-10T15:37:08.537+0000] {local_task_job.py:208} INFO - Task exited with return code 0
[2023-02-10T15:37:08.560+0000] {taskinstance.py:2578} INFO - 0 downstream tasks scheduled from follow-on schedule check
