[2023-02-08T13:05:39.113+0000] {taskinstance.py:1083} INFO - Dependencies all met for <TaskInstance: cms_asp_noc.download_file scheduled__2022-03-16T00:00:00+00:00 [queued]>
[2023-02-08T13:05:56.038+0000] {taskinstance.py:1083} INFO - Dependencies all met for <TaskInstance: cms_asp_noc.download_file scheduled__2022-03-16T00:00:00+00:00 [queued]>
[2023-02-08T13:05:56.865+0000] {taskinstance.py:1279} INFO - 
--------------------------------------------------------------------------------
[2023-02-08T13:05:56.883+0000] {taskinstance.py:1280} INFO - Starting attempt 1 of 1
[2023-02-08T13:05:56.885+0000] {taskinstance.py:1281} INFO - 
--------------------------------------------------------------------------------
[2023-02-08T13:05:58.490+0000] {taskinstance.py:1300} INFO - Executing <Task(PythonOperator): download_file> on 2022-03-16 00:00:00+00:00
[2023-02-08T13:05:58.677+0000] {standard_task_runner.py:55} INFO - Started process 979 to run task
[2023-02-08T13:05:59.601+0000] {standard_task_runner.py:82} INFO - Running: ['***', 'tasks', 'run', 'cms_asp_noc', 'download_file', 'scheduled__2022-03-16T00:00:00+00:00', '--job-id', '148', '--raw', '--subdir', 'DAGS_FOLDER/cms_upd.py', '--cfg-path', '/tmp/tmps78ck10a']
[2023-02-08T13:06:00.235+0000] {standard_task_runner.py:83} INFO - Job 148: Subtask download_file
[2023-02-08T13:06:04.213+0000] {task_command.py:388} INFO - Running <TaskInstance: cms_asp_noc.download_file scheduled__2022-03-16T00:00:00+00:00 [running]> on host 4ed7ae61ecf3
[2023-02-08T13:06:26.232+0000] {taskinstance.py:1509} INFO - Exporting the following env vars:
AIRFLOW_CTX_DAG_OWNER=***
AIRFLOW_CTX_DAG_ID=cms_asp_noc
AIRFLOW_CTX_TASK_ID=download_file
AIRFLOW_CTX_EXECUTION_DATE=2022-03-16T00:00:00+00:00
AIRFLOW_CTX_TRY_NUMBER=1
AIRFLOW_CTX_DAG_RUN_ID=scheduled__2022-03-16T00:00:00+00:00
[2023-02-08T13:06:48.314+0000] {logging_mixin.py:137} INFO - october-2022-noc-pricing-file.zip is downloaded.
[2023-02-08T13:06:50.160+0000] {logging_mixin.py:137} INFO - april-2022-noc-pricing-file.zip is downloaded.
[2023-02-08T13:06:51.369+0000] {logging_mixin.py:137} INFO - 2023.zip is downloaded.
[2023-02-08T13:06:51.890+0000] {logging_mixin.py:137} INFO - 2023.zip is downloaded.
[2023-02-08T13:06:53.619+0000] {logging_mixin.py:137} INFO - april-2022-asp-ndc-hcpcs-crosswalk.zip is downloaded.
[2023-02-08T13:06:54.908+0000] {logging_mixin.py:137} INFO - july-2022-asp-pricing-file-updated-12142022.zip is downloaded.
[2023-02-08T13:06:55.562+0000] {logging_mixin.py:137} INFO - april-2022-asp-pricing-file-updated-12142022.zip is downloaded.
[2023-02-08T13:06:56.354+0000] {logging_mixin.py:137} INFO - january-2022-asp-ndc-hcpcs-crosswalk.zip is downloaded.
[2023-02-08T13:06:56.585+0000] {logging_mixin.py:137} INFO - january-2023-noc-pricing-file.zip is downloaded.
[2023-02-08T13:06:57.412+0000] {logging_mixin.py:137} INFO - october-2022-asp-ndc-hcpcs-crosswalks-updated-12212022.zip is downloaded.
[2023-02-08T13:06:57.854+0000] {logging_mixin.py:137} INFO - october-2022-asp-pricing-file-updated-12212022.zip is downloaded.
[2023-02-08T13:06:58.667+0000] {logging_mixin.py:137} INFO - july-2022-asp-ndc-hcpcs-crosswalk-updated-07142022.zip is downloaded.
[2023-02-08T13:06:58.886+0000] {logging_mixin.py:137} INFO - july-2022-noc-pricing-file.zip is downloaded.
[2023-02-08T13:06:59.132+0000] {logging_mixin.py:137} INFO - january-2022-asp-pricing-file-updated-06082022.zip is downloaded.
[2023-02-08T13:06:59.343+0000] {logging_mixin.py:137} INFO - january-2022-noc-pricing-file-updated-03022022.zip is downloaded.
[2023-02-08T13:06:59.345+0000] {python.py:177} INFO - Done. Returned value was: None
[2023-02-08T13:06:59.582+0000] {taskinstance.py:1323} INFO - Marking task as SUCCESS. dag_id=cms_asp_noc, task_id=download_file, execution_date=20220316T000000, start_date=20230208T130539, end_date=20230208T130659
[2023-02-08T13:07:01.457+0000] {local_task_job.py:208} INFO - Task exited with return code 0
[2023-02-08T13:07:31.856+0000] {taskinstance.py:2578} INFO - 0 downstream tasks scheduled from follow-on schedule check
