[2023-03-02T00:06:01.284+0000] {taskinstance.py:1083} INFO - Dependencies all met for <TaskInstance: cms_asp_noc.download_file scheduled__2023-03-01T00:00:00+00:00 [queued]>
[2023-03-02T00:06:01.295+0000] {taskinstance.py:1083} INFO - Dependencies all met for <TaskInstance: cms_asp_noc.download_file scheduled__2023-03-01T00:00:00+00:00 [queued]>
[2023-03-02T00:06:01.296+0000] {taskinstance.py:1279} INFO - 
--------------------------------------------------------------------------------
[2023-03-02T00:06:01.296+0000] {taskinstance.py:1280} INFO - Starting attempt 1 of 1
[2023-03-02T00:06:01.297+0000] {taskinstance.py:1281} INFO - 
--------------------------------------------------------------------------------
[2023-03-02T00:06:01.308+0000] {taskinstance.py:1300} INFO - Executing <Task(PythonOperator): download_file> on 2023-03-01 00:00:00+00:00
[2023-03-02T00:06:01.331+0000] {standard_task_runner.py:55} INFO - Started process 46221 to run task
[2023-03-02T00:06:01.336+0000] {standard_task_runner.py:82} INFO - Running: ['***', 'tasks', 'run', 'cms_asp_noc', 'download_file', 'scheduled__2023-03-01T00:00:00+00:00', '--job-id', '1902', '--raw', '--subdir', 'DAGS_FOLDER/cms_upd.py', '--cfg-path', '/tmp/tmpqc1dhlx9']
[2023-03-02T00:06:01.340+0000] {standard_task_runner.py:83} INFO - Job 1902: Subtask download_file
[2023-03-02T00:06:01.725+0000] {task_command.py:388} INFO - Running <TaskInstance: cms_asp_noc.download_file scheduled__2023-03-01T00:00:00+00:00 [running]> on host 2886274f27ea
[2023-03-02T00:06:01.774+0000] {taskinstance.py:1509} INFO - Exporting the following env vars:
AIRFLOW_CTX_DAG_OWNER=***
AIRFLOW_CTX_DAG_ID=cms_asp_noc
AIRFLOW_CTX_TASK_ID=download_file
AIRFLOW_CTX_EXECUTION_DATE=2023-03-01T00:00:00+00:00
AIRFLOW_CTX_TRY_NUMBER=1
AIRFLOW_CTX_DAG_RUN_ID=scheduled__2023-03-01T00:00:00+00:00
[2023-03-02T00:06:09.767+0000] {logging_mixin.py:137} INFO - january-2023-noc-pricing-file.zip is downloaded.
[2023-03-02T00:12:50.889+0000] {logging_mixin.py:137} INFO - january-2022-asp-ndc-hcpcs-crosswalk.zip is downloaded.
[2023-03-02T00:12:52.630+0000] {logging_mixin.py:137} INFO - 2023.zip is downloaded.
[2023-03-02T00:12:53.983+0000] {logging_mixin.py:137} INFO - october-2022-asp-ndc-hcpcs-crosswalks-updated-12212022.zip is downloaded.
[2023-03-02T00:12:54.411+0000] {logging_mixin.py:137} INFO - april-2022-asp-pricing-file-updated-12142022.zip is downloaded.
[2023-03-02T00:12:54.825+0000] {logging_mixin.py:137} INFO - january-2022-noc-pricing-file-updated-03022022.zip is downloaded.
[2023-03-02T00:12:55.211+0000] {logging_mixin.py:137} INFO - july-2022-asp-pricing-file-updated-12142022.zip is downloaded.
[2023-03-02T00:12:55.405+0000] {logging_mixin.py:137} INFO - 2023.zip is downloaded.
[2023-03-02T00:12:55.779+0000] {logging_mixin.py:137} INFO - july-2022-noc-pricing-file.zip is downloaded.
[2023-03-02T00:12:56.087+0000] {logging_mixin.py:137} INFO - april-2022-noc-pricing-file.zip is downloaded.
[2023-03-02T00:12:56.386+0000] {logging_mixin.py:137} INFO - july-2022-asp-ndc-hcpcs-crosswalk-updated-07142022.zip is downloaded.
[2023-03-02T00:12:56.977+0000] {logging_mixin.py:137} INFO - april-2022-asp-ndc-hcpcs-crosswalk.zip is downloaded.
[2023-03-02T00:12:57.358+0000] {logging_mixin.py:137} INFO - october-2022-asp-pricing-file-updated-12212022.zip is downloaded.
[2023-03-02T00:12:57.695+0000] {logging_mixin.py:137} INFO - october-2022-noc-pricing-file.zip is downloaded.
[2023-03-02T00:12:58.118+0000] {logging_mixin.py:137} INFO - january-2022-asp-pricing-file-updated-06082022.zip is downloaded.
[2023-03-02T00:12:58.124+0000] {python.py:177} INFO - Done. Returned value was: None
[2023-03-02T00:12:58.205+0000] {taskinstance.py:1323} INFO - Marking task as SUCCESS. dag_id=cms_asp_noc, task_id=download_file, execution_date=20230301T000000, start_date=20230302T000601, end_date=20230302T001258
[2023-03-02T00:12:58.488+0000] {local_task_job.py:208} INFO - Task exited with return code 0
[2023-03-02T00:12:59.199+0000] {taskinstance.py:2578} INFO - 1 downstream tasks scheduled from follow-on schedule check
