[2023-02-08T15:20:34.947+0000] {taskinstance.py:1083} INFO - Dependencies all met for <TaskInstance: cms_asp_noc.download_file scheduled__2022-11-19T00:00:00+00:00 [queued]>
[2023-02-08T15:20:34.956+0000] {taskinstance.py:1083} INFO - Dependencies all met for <TaskInstance: cms_asp_noc.download_file scheduled__2022-11-19T00:00:00+00:00 [queued]>
[2023-02-08T15:20:34.956+0000] {taskinstance.py:1279} INFO - 
--------------------------------------------------------------------------------
[2023-02-08T15:20:34.957+0000] {taskinstance.py:1280} INFO - Starting attempt 1 of 1
[2023-02-08T15:20:34.957+0000] {taskinstance.py:1281} INFO - 
--------------------------------------------------------------------------------
[2023-02-08T15:20:34.973+0000] {taskinstance.py:1300} INFO - Executing <Task(PythonOperator): download_file> on 2022-11-19 00:00:00+00:00
[2023-02-08T15:20:34.986+0000] {standard_task_runner.py:55} INFO - Started process 3619 to run task
[2023-02-08T15:20:35.001+0000] {standard_task_runner.py:82} INFO - Running: ['***', 'tasks', 'run', 'cms_asp_noc', 'download_file', 'scheduled__2022-11-19T00:00:00+00:00', '--job-id', '1168', '--raw', '--subdir', 'DAGS_FOLDER/cms_upd.py', '--cfg-path', '/tmp/tmpijhu0gth']
[2023-02-08T15:20:35.006+0000] {standard_task_runner.py:83} INFO - Job 1168: Subtask download_file
[2023-02-08T15:20:35.119+0000] {task_command.py:388} INFO - Running <TaskInstance: cms_asp_noc.download_file scheduled__2022-11-19T00:00:00+00:00 [running]> on host 1f90076947be
[2023-02-08T15:20:35.973+0000] {taskinstance.py:1509} INFO - Exporting the following env vars:
AIRFLOW_CTX_DAG_OWNER=***
AIRFLOW_CTX_DAG_ID=cms_asp_noc
AIRFLOW_CTX_TASK_ID=download_file
AIRFLOW_CTX_EXECUTION_DATE=2022-11-19T00:00:00+00:00
AIRFLOW_CTX_TRY_NUMBER=1
AIRFLOW_CTX_DAG_RUN_ID=scheduled__2022-11-19T00:00:00+00:00
[2023-02-08T15:20:38.447+0000] {logging_mixin.py:137} INFO - july-2022-asp-pricing-file-updated-12142022.zip is downloaded.
[2023-02-08T15:20:38.646+0000] {logging_mixin.py:137} INFO - january-2023-noc-pricing-file.zip is downloaded.
[2023-02-08T15:20:39.074+0000] {logging_mixin.py:137} INFO - january-2022-asp-ndc-hcpcs-crosswalk.zip is downloaded.
[2023-02-08T15:20:39.256+0000] {logging_mixin.py:137} INFO - january-2022-asp-pricing-file-updated-06082022.zip is downloaded.
[2023-02-08T15:20:39.616+0000] {logging_mixin.py:137} INFO - october-2022-asp-ndc-hcpcs-crosswalks-updated-12212022.zip is downloaded.
[2023-02-08T15:20:39.758+0000] {logging_mixin.py:137} INFO - july-2022-noc-pricing-file.zip is downloaded.
[2023-02-08T15:20:39.912+0000] {logging_mixin.py:137} INFO - april-2022-noc-pricing-file.zip is downloaded.
[2023-02-08T15:20:40.356+0000] {logging_mixin.py:137} INFO - july-2022-asp-ndc-hcpcs-crosswalk-updated-07142022.zip is downloaded.
[2023-02-08T15:20:40.498+0000] {logging_mixin.py:137} INFO - october-2022-noc-pricing-file.zip is downloaded.
[2023-02-08T15:20:40.859+0000] {logging_mixin.py:137} INFO - april-2022-asp-ndc-hcpcs-crosswalk.zip is downloaded.
[2023-02-08T15:20:41.067+0000] {logging_mixin.py:137} INFO - 2023.zip is downloaded.
[2023-02-08T15:20:41.231+0000] {logging_mixin.py:137} INFO - january-2022-noc-pricing-file-updated-03022022.zip is downloaded.
[2023-02-08T15:20:41.443+0000] {logging_mixin.py:137} INFO - october-2022-asp-pricing-file-updated-12212022.zip is downloaded.
[2023-02-08T15:20:41.631+0000] {logging_mixin.py:137} INFO - april-2022-asp-pricing-file-updated-12142022.zip is downloaded.
[2023-02-08T15:20:42.042+0000] {logging_mixin.py:137} INFO - 2023.zip is downloaded.
[2023-02-08T15:20:42.044+0000] {python.py:177} INFO - Done. Returned value was: None
[2023-02-08T15:20:42.111+0000] {taskinstance.py:1323} INFO - Marking task as SUCCESS. dag_id=cms_asp_noc, task_id=download_file, execution_date=20221119T000000, start_date=20230208T152034, end_date=20230208T152042
[2023-02-08T15:20:42.283+0000] {local_task_job.py:208} INFO - Task exited with return code 0
[2023-02-08T15:20:43.233+0000] {taskinstance.py:2578} INFO - 0 downstream tasks scheduled from follow-on schedule check
