[2023-02-28T20:30:57.778+0000] {taskinstance.py:1083} INFO - Dependencies all met for <TaskInstance: cms_asp_noc.get_files scheduled__2023-02-27T00:00:00+00:00 [queued]>
[2023-02-28T20:30:57.795+0000] {taskinstance.py:1083} INFO - Dependencies all met for <TaskInstance: cms_asp_noc.get_files scheduled__2023-02-27T00:00:00+00:00 [queued]>
[2023-02-28T20:30:57.797+0000] {taskinstance.py:1279} INFO - 
--------------------------------------------------------------------------------
[2023-02-28T20:30:57.798+0000] {taskinstance.py:1280} INFO - Starting attempt 1 of 1
[2023-02-28T20:30:57.801+0000] {taskinstance.py:1281} INFO - 
--------------------------------------------------------------------------------
[2023-02-28T20:30:57.823+0000] {taskinstance.py:1300} INFO - Executing <Task(PythonOperator): get_files> on 2023-02-27 00:00:00+00:00
[2023-02-28T20:30:57.836+0000] {standard_task_runner.py:55} INFO - Started process 130 to run task
[2023-02-28T20:30:57.846+0000] {standard_task_runner.py:82} INFO - Running: ['***', 'tasks', 'run', 'cms_asp_noc', 'get_files', 'scheduled__2023-02-27T00:00:00+00:00', '--job-id', '1887', '--raw', '--subdir', 'DAGS_FOLDER/cms_upd.py', '--cfg-path', '/tmp/tmpknz9fiwq']
[2023-02-28T20:30:57.850+0000] {standard_task_runner.py:83} INFO - Job 1887: Subtask get_files
[2023-02-28T20:30:58.597+0000] {task_command.py:388} INFO - Running <TaskInstance: cms_asp_noc.get_files scheduled__2023-02-27T00:00:00+00:00 [running]> on host 2886274f27ea
[2023-02-28T20:30:58.669+0000] {taskinstance.py:1509} INFO - Exporting the following env vars:
AIRFLOW_CTX_DAG_OWNER=***
AIRFLOW_CTX_DAG_ID=cms_asp_noc
AIRFLOW_CTX_TASK_ID=get_files
AIRFLOW_CTX_EXECUTION_DATE=2023-02-27T00:00:00+00:00
AIRFLOW_CTX_TRY_NUMBER=1
AIRFLOW_CTX_DAG_RUN_ID=scheduled__2023-02-27T00:00:00+00:00
[2023-02-28T20:30:58.698+0000] {updates.py:41} INFO - updated asp_pricing
[2023-02-28T20:30:58.718+0000] {updates.py:55} INFO - updated asp_ndc_hcpcs
[2023-02-28T20:30:58.751+0000] {updates.py:69} INFO - updated noc_ndc_hcpcs
[2023-02-28T20:30:58.758+0000] {python.py:177} INFO - Done. Returned value was: NO UPDATES
[2023-02-28T20:30:58.797+0000] {taskinstance.py:1323} INFO - Marking task as SUCCESS. dag_id=cms_asp_noc, task_id=get_files, execution_date=20230227T000000, start_date=20230228T203057, end_date=20230228T203058
[2023-02-28T20:30:58.894+0000] {local_task_job.py:208} INFO - Task exited with return code 0
[2023-02-28T20:30:58.939+0000] {taskinstance.py:2578} INFO - 1 downstream tasks scheduled from follow-on schedule check
