[2023-02-08T15:21:40.966+0000] {taskinstance.py:1083} INFO - Dependencies all met for <TaskInstance: cms_asp_noc.extract scheduled__2022-11-27T00:00:00+00:00 [queued]>
[2023-02-08T15:21:41.009+0000] {taskinstance.py:1083} INFO - Dependencies all met for <TaskInstance: cms_asp_noc.extract scheduled__2022-11-27T00:00:00+00:00 [queued]>
[2023-02-08T15:21:41.009+0000] {taskinstance.py:1279} INFO - 
--------------------------------------------------------------------------------
[2023-02-08T15:21:41.010+0000] {taskinstance.py:1280} INFO - Starting attempt 1 of 1
[2023-02-08T15:21:41.010+0000] {taskinstance.py:1281} INFO - 
--------------------------------------------------------------------------------
[2023-02-08T15:21:41.036+0000] {taskinstance.py:1300} INFO - Executing <Task(PythonOperator): extract> on 2022-11-27 00:00:00+00:00
[2023-02-08T15:21:41.054+0000] {standard_task_runner.py:55} INFO - Started process 3898 to run task
[2023-02-08T15:21:41.066+0000] {standard_task_runner.py:82} INFO - Running: ['***', 'tasks', 'run', 'cms_asp_noc', 'extract', 'scheduled__2022-11-27T00:00:00+00:00', '--job-id', '1238', '--raw', '--subdir', 'DAGS_FOLDER/cms_upd.py', '--cfg-path', '/tmp/tmpdfc05h7g']
[2023-02-08T15:21:41.073+0000] {standard_task_runner.py:83} INFO - Job 1238: Subtask extract
[2023-02-08T15:21:41.320+0000] {task_command.py:388} INFO - Running <TaskInstance: cms_asp_noc.extract scheduled__2022-11-27T00:00:00+00:00 [running]> on host 1f90076947be
[2023-02-08T15:21:41.519+0000] {taskinstance.py:1509} INFO - Exporting the following env vars:
AIRFLOW_CTX_DAG_OWNER=***
AIRFLOW_CTX_DAG_ID=cms_asp_noc
AIRFLOW_CTX_TASK_ID=extract
AIRFLOW_CTX_EXECUTION_DATE=2022-11-27T00:00:00+00:00
AIRFLOW_CTX_TRY_NUMBER=1
AIRFLOW_CTX_DAG_RUN_ID=scheduled__2022-11-27T00:00:00+00:00
[2023-02-08T15:21:41.525+0000] {logging_mixin.py:137} INFO - /opt/***/op_files/cms_zip_files/april-2022-asp-pricing-file-updated-06082022.zip
[2023-02-08T15:21:41.555+0000] {logging_mixin.py:137} INFO - /opt/***/op_files/cms_zip_files/april-2022-asp-pricing-file-updated-12142022.zip
[2023-02-08T15:21:41.569+0000] {logging_mixin.py:137} INFO - /opt/***/op_files/cms_zip_files/january-2022-asp-pricing-file-updated-06082022.zip
[2023-02-08T15:21:41.590+0000] {logging_mixin.py:137} INFO - /opt/***/op_files/cms_zip_files/july-2022-asp-ndc-hcpcs-crosswalk-updated-07142022.zip
[2023-02-08T15:21:41.782+0000] {logging_mixin.py:137} INFO - /opt/***/op_files/cms_zip_files/july-2022-asp-pricing-file-updated-12142022.zip
[2023-02-08T15:21:41.807+0000] {logging_mixin.py:137} INFO - /opt/***/op_files/cms_zip_files/july-2022-noc-pricing-file.zip
[2023-02-08T15:21:41.820+0000] {python.py:177} INFO - Done. Returned value was: None
[2023-02-08T15:21:41.851+0000] {taskinstance.py:1323} INFO - Marking task as SUCCESS. dag_id=cms_asp_noc, task_id=extract, execution_date=20221127T000000, start_date=20230208T152140, end_date=20230208T152141
[2023-02-08T15:21:43.211+0000] {local_task_job.py:208} INFO - Task exited with return code 0
[2023-02-08T15:21:43.336+0000] {taskinstance.py:2578} INFO - 1 downstream tasks scheduled from follow-on schedule check
