[2023-02-09T23:45:23.011+0000] {taskinstance.py:1083} INFO - Dependencies all met for <TaskInstance: cms_asp_noc.download_file manual__2023-02-09T22:14:21+00:00 [queued]>
[2023-02-09T23:45:23.020+0000] {taskinstance.py:1083} INFO - Dependencies all met for <TaskInstance: cms_asp_noc.download_file manual__2023-02-09T22:14:21+00:00 [queued]>
[2023-02-09T23:45:23.021+0000] {taskinstance.py:1279} INFO - 
--------------------------------------------------------------------------------
[2023-02-09T23:45:23.022+0000] {taskinstance.py:1280} INFO - Starting attempt 2 of 2
[2023-02-09T23:45:23.022+0000] {taskinstance.py:1281} INFO - 
--------------------------------------------------------------------------------
[2023-02-09T23:45:23.032+0000] {taskinstance.py:1300} INFO - Executing <Task(PythonOperator): download_file> on 2023-02-09 22:14:21+00:00
[2023-02-09T23:45:23.042+0000] {standard_task_runner.py:55} INFO - Started process 10154 to run task
[2023-02-09T23:45:23.046+0000] {standard_task_runner.py:82} INFO - Running: ['***', 'tasks', 'run', 'cms_asp_noc', 'download_file', 'manual__2023-02-09T22:14:21+00:00', '--job-id', '1622', '--raw', '--subdir', 'DAGS_FOLDER/cms_upd.py', '--cfg-path', '/tmp/tmp4r5n2ge5']
[2023-02-09T23:45:23.048+0000] {standard_task_runner.py:83} INFO - Job 1622: Subtask download_file
[2023-02-09T23:45:23.116+0000] {task_command.py:388} INFO - Running <TaskInstance: cms_asp_noc.download_file manual__2023-02-09T22:14:21+00:00 [running]> on host 2886274f27ea
[2023-02-09T23:45:23.174+0000] {taskinstance.py:1509} INFO - Exporting the following env vars:
AIRFLOW_CTX_DAG_OWNER=***
AIRFLOW_CTX_DAG_ID=cms_asp_noc
AIRFLOW_CTX_TASK_ID=download_file
AIRFLOW_CTX_EXECUTION_DATE=2023-02-09T22:14:21+00:00
AIRFLOW_CTX_TRY_NUMBER=2
AIRFLOW_CTX_DAG_RUN_ID=manual__2023-02-09T22:14:21+00:00
[2023-02-09T23:45:25.846+0000] {python.py:177} INFO - Done. Returned value was: None
[2023-02-09T23:45:25.859+0000] {taskinstance.py:1323} INFO - Marking task as SUCCESS. dag_id=cms_asp_noc, task_id=download_file, execution_date=20230209T221421, start_date=20230209T234523, end_date=20230209T234525
[2023-02-09T23:45:25.977+0000] {local_task_job.py:208} INFO - Task exited with return code 0
[2023-02-09T23:45:25.996+0000] {taskinstance.py:2578} INFO - 0 downstream tasks scheduled from follow-on schedule check
