[2023-02-08T13:17:48.799+0000] {taskinstance.py:1083} INFO - Dependencies all met for <TaskInstance: cms_asp_noc.data_load scheduled__2022-04-11T00:00:00+00:00 [queued]>
[2023-02-08T13:17:49.806+0000] {taskinstance.py:1083} INFO - Dependencies all met for <TaskInstance: cms_asp_noc.data_load scheduled__2022-04-11T00:00:00+00:00 [queued]>
[2023-02-08T13:17:49.811+0000] {taskinstance.py:1279} INFO - 
--------------------------------------------------------------------------------
[2023-02-08T13:17:49.814+0000] {taskinstance.py:1280} INFO - Starting attempt 1 of 1
[2023-02-08T13:17:49.821+0000] {taskinstance.py:1281} INFO - 
--------------------------------------------------------------------------------
[2023-02-08T13:17:50.381+0000] {taskinstance.py:1300} INFO - Executing <Task(PythonOperator): data_load> on 2022-04-11 00:00:00+00:00
[2023-02-08T13:17:50.416+0000] {standard_task_runner.py:55} INFO - Started process 1427 to run task
[2023-02-08T13:17:50.739+0000] {standard_task_runner.py:82} INFO - Running: ['***', 'tasks', 'run', 'cms_asp_noc', 'data_load', 'scheduled__2022-04-11T00:00:00+00:00', '--job-id', '213', '--raw', '--subdir', 'DAGS_FOLDER/cms_upd.py', '--cfg-path', '/tmp/tmp9xa_7uzm']
[2023-02-08T13:17:50.838+0000] {standard_task_runner.py:83} INFO - Job 213: Subtask data_load
[2023-02-08T13:17:54.719+0000] {task_command.py:388} INFO - Running <TaskInstance: cms_asp_noc.data_load scheduled__2022-04-11T00:00:00+00:00 [running]> on host 4ed7ae61ecf3
[2023-02-08T13:18:56.294+0000] {taskinstance.py:1509} INFO - Exporting the following env vars:
AIRFLOW_CTX_DAG_OWNER=***
AIRFLOW_CTX_DAG_ID=cms_asp_noc
AIRFLOW_CTX_TASK_ID=data_load
AIRFLOW_CTX_EXECUTION_DATE=2022-04-11T00:00:00+00:00
AIRFLOW_CTX_TRY_NUMBER=1
AIRFLOW_CTX_DAG_RUN_ID=scheduled__2022-04-11T00:00:00+00:00
[2023-02-08T13:18:56.409+0000] {logging_mixin.py:137} INFO - []
[2023-02-08T13:18:56.427+0000] {python.py:177} INFO - Done. Returned value was: None
[2023-02-08T13:18:56.620+0000] {taskinstance.py:1323} INFO - Marking task as SUCCESS. dag_id=cms_asp_noc, task_id=data_load, execution_date=20220411T000000, start_date=20230208T131748, end_date=20230208T131856
[2023-02-08T13:19:01.075+0000] {local_task_job.py:208} INFO - Task exited with return code 0
[2023-02-08T13:19:34.880+0000] {taskinstance.py:2578} INFO - 0 downstream tasks scheduled from follow-on schedule check
