[2023-02-10T15:26:39.469+0000] {taskinstance.py:1083} INFO - Dependencies all met for <TaskInstance: cms_asp_noc.website_changed manual__2023-02-10T15:26:34.927942+00:00 [queued]>
[2023-02-10T15:26:39.486+0000] {taskinstance.py:1083} INFO - Dependencies all met for <TaskInstance: cms_asp_noc.website_changed manual__2023-02-10T15:26:34.927942+00:00 [queued]>
[2023-02-10T15:26:39.487+0000] {taskinstance.py:1279} INFO - 
--------------------------------------------------------------------------------
[2023-02-10T15:26:39.488+0000] {taskinstance.py:1280} INFO - Starting attempt 1 of 1
[2023-02-10T15:26:39.488+0000] {taskinstance.py:1281} INFO - 
--------------------------------------------------------------------------------
[2023-02-10T15:26:39.505+0000] {taskinstance.py:1300} INFO - Executing <Task(PythonOperator): website_changed> on 2023-02-10 15:26:34.927942+00:00
[2023-02-10T15:26:39.571+0000] {standard_task_runner.py:55} INFO - Started process 42874 to run task
[2023-02-10T15:26:39.577+0000] {standard_task_runner.py:82} INFO - Running: ['***', 'tasks', 'run', 'cms_asp_noc', 'website_changed', 'manual__2023-02-10T15:26:34.927942+00:00', '--job-id', '1690', '--raw', '--subdir', 'DAGS_FOLDER/cms_upd.py', '--cfg-path', '/tmp/tmpnjfahdyu']
[2023-02-10T15:26:39.586+0000] {standard_task_runner.py:83} INFO - Job 1690: Subtask website_changed
[2023-02-10T15:26:39.702+0000] {task_command.py:388} INFO - Running <TaskInstance: cms_asp_noc.website_changed manual__2023-02-10T15:26:34.927942+00:00 [running]> on host 2886274f27ea
[2023-02-10T15:26:39.775+0000] {taskinstance.py:1509} INFO - Exporting the following env vars:
AIRFLOW_CTX_DAG_OWNER=***
AIRFLOW_CTX_DAG_ID=cms_asp_noc
AIRFLOW_CTX_TASK_ID=website_changed
AIRFLOW_CTX_EXECUTION_DATE=2023-02-10T15:26:34.927942+00:00
AIRFLOW_CTX_TRY_NUMBER=1
AIRFLOW_CTX_DAG_RUN_ID=manual__2023-02-10T15:26:34.927942+00:00
[2023-02-10T15:26:40.522+0000] {logging_mixin.py:137} INFO - Website is not changed.
[2023-02-10T15:26:40.522+0000] {python.py:177} INFO - Done. Returned value was: Website is not changed
[2023-02-10T15:26:40.553+0000] {taskinstance.py:1323} INFO - Marking task as SUCCESS. dag_id=cms_asp_noc, task_id=website_changed, execution_date=20230210T152634, start_date=20230210T152639, end_date=20230210T152640
[2023-02-10T15:26:40.627+0000] {local_task_job.py:208} INFO - Task exited with return code 0
[2023-02-10T15:26:40.666+0000] {taskinstance.py:2578} INFO - 2 downstream tasks scheduled from follow-on schedule check
