[2023-02-08T15:05:36.873+0000] {taskinstance.py:1083} INFO - Dependencies all met for <TaskInstance: cms_asp_noc.download_file scheduled__2022-05-27T00:00:00+00:00 [queued]>
[2023-02-08T15:05:36.918+0000] {taskinstance.py:1083} INFO - Dependencies all met for <TaskInstance: cms_asp_noc.download_file scheduled__2022-05-27T00:00:00+00:00 [queued]>
[2023-02-08T15:05:36.932+0000] {taskinstance.py:1279} INFO - 
--------------------------------------------------------------------------------
[2023-02-08T15:05:36.932+0000] {taskinstance.py:1280} INFO - Starting attempt 1 of 1
[2023-02-08T15:05:36.933+0000] {taskinstance.py:1281} INFO - 
--------------------------------------------------------------------------------
[2023-02-08T15:05:36.964+0000] {taskinstance.py:1300} INFO - Executing <Task(PythonOperator): download_file> on 2022-05-27 00:00:00+00:00
[2023-02-08T15:05:36.977+0000] {standard_task_runner.py:55} INFO - Started process 241 to run task
[2023-02-08T15:05:36.991+0000] {standard_task_runner.py:82} INFO - Running: ['***', 'tasks', 'run', 'cms_asp_noc', 'download_file', 'scheduled__2022-05-27T00:00:00+00:00', '--job-id', '315', '--raw', '--subdir', 'DAGS_FOLDER/cms_upd.py', '--cfg-path', '/tmp/tmpzhpu9fhu']
[2023-02-08T15:05:36.997+0000] {standard_task_runner.py:83} INFO - Job 315: Subtask download_file
[2023-02-08T15:05:37.090+0000] {task_command.py:388} INFO - Running <TaskInstance: cms_asp_noc.download_file scheduled__2022-05-27T00:00:00+00:00 [running]> on host 1f90076947be
[2023-02-08T15:05:37.570+0000] {taskinstance.py:1509} INFO - Exporting the following env vars:
AIRFLOW_CTX_DAG_OWNER=***
AIRFLOW_CTX_DAG_ID=cms_asp_noc
AIRFLOW_CTX_TASK_ID=download_file
AIRFLOW_CTX_EXECUTION_DATE=2022-05-27T00:00:00+00:00
AIRFLOW_CTX_TRY_NUMBER=1
AIRFLOW_CTX_DAG_RUN_ID=scheduled__2022-05-27T00:00:00+00:00
[2023-02-08T15:05:40.132+0000] {logging_mixin.py:137} INFO - july-2022-asp-pricing-file-updated-12142022.zip is downloaded.
[2023-02-08T15:05:40.324+0000] {logging_mixin.py:137} INFO - january-2023-noc-pricing-file.zip is downloaded.
[2023-02-08T15:05:40.616+0000] {logging_mixin.py:137} INFO - january-2022-asp-ndc-hcpcs-crosswalk.zip is downloaded.
[2023-02-08T15:05:40.816+0000] {logging_mixin.py:137} INFO - january-2022-asp-pricing-file-updated-06082022.zip is downloaded.
[2023-02-08T15:05:41.117+0000] {logging_mixin.py:137} INFO - october-2022-asp-ndc-hcpcs-crosswalks-updated-12212022.zip is downloaded.
[2023-02-08T15:05:41.266+0000] {logging_mixin.py:137} INFO - july-2022-noc-pricing-file.zip is downloaded.
[2023-02-08T15:05:41.408+0000] {logging_mixin.py:137} INFO - april-2022-noc-pricing-file.zip is downloaded.
[2023-02-08T15:05:42.136+0000] {logging_mixin.py:137} INFO - july-2022-asp-ndc-hcpcs-crosswalk-updated-07142022.zip is downloaded.
[2023-02-08T15:05:42.345+0000] {logging_mixin.py:137} INFO - october-2022-noc-pricing-file.zip is downloaded.
[2023-02-08T15:05:42.681+0000] {logging_mixin.py:137} INFO - april-2022-asp-ndc-hcpcs-crosswalk.zip is downloaded.
[2023-02-08T15:05:42.851+0000] {logging_mixin.py:137} INFO - 2023.zip is downloaded.
[2023-02-08T15:05:42.981+0000] {logging_mixin.py:137} INFO - january-2022-noc-pricing-file-updated-03022022.zip is downloaded.
[2023-02-08T15:05:43.167+0000] {logging_mixin.py:137} INFO - october-2022-asp-pricing-file-updated-12212022.zip is downloaded.
[2023-02-08T15:05:43.370+0000] {logging_mixin.py:137} INFO - april-2022-asp-pricing-file-updated-12142022.zip is downloaded.
[2023-02-08T15:05:43.717+0000] {logging_mixin.py:137} INFO - 2023.zip is downloaded.
[2023-02-08T15:05:43.720+0000] {python.py:177} INFO - Done. Returned value was: None
[2023-02-08T15:05:43.787+0000] {taskinstance.py:1323} INFO - Marking task as SUCCESS. dag_id=cms_asp_noc, task_id=download_file, execution_date=20220527T000000, start_date=20230208T150536, end_date=20230208T150543
[2023-02-08T15:05:44.073+0000] {local_task_job.py:208} INFO - Task exited with return code 0
[2023-02-08T15:05:46.012+0000] {taskinstance.py:2578} INFO - 1 downstream tasks scheduled from follow-on schedule check
