[2023-02-08T13:16:42.664+0000] {taskinstance.py:1083} INFO - Dependencies all met for <TaskInstance: cms_asp_noc.extract scheduled__2022-04-09T00:00:00+00:00 [queued]>
[2023-02-08T13:16:42.758+0000] {taskinstance.py:1083} INFO - Dependencies all met for <TaskInstance: cms_asp_noc.extract scheduled__2022-04-09T00:00:00+00:00 [queued]>
[2023-02-08T13:16:42.759+0000] {taskinstance.py:1279} INFO - 
--------------------------------------------------------------------------------
[2023-02-08T13:16:42.761+0000] {taskinstance.py:1280} INFO - Starting attempt 1 of 1
[2023-02-08T13:16:42.763+0000] {taskinstance.py:1281} INFO - 
--------------------------------------------------------------------------------
[2023-02-08T13:16:42.949+0000] {taskinstance.py:1300} INFO - Executing <Task(PythonOperator): extract> on 2022-04-09 00:00:00+00:00
[2023-02-08T13:16:43.382+0000] {standard_task_runner.py:55} INFO - Started process 1380 to run task
[2023-02-08T13:16:43.470+0000] {standard_task_runner.py:82} INFO - Running: ['***', 'tasks', 'run', 'cms_asp_noc', 'extract', 'scheduled__2022-04-09T00:00:00+00:00', '--job-id', '210', '--raw', '--subdir', 'DAGS_FOLDER/cms_upd.py', '--cfg-path', '/tmp/tmpgwy0tokb']
[2023-02-08T13:16:43.495+0000] {standard_task_runner.py:83} INFO - Job 210: Subtask extract
[2023-02-08T13:16:46.441+0000] {task_command.py:388} INFO - Running <TaskInstance: cms_asp_noc.extract scheduled__2022-04-09T00:00:00+00:00 [running]> on host 4ed7ae61ecf3
[2023-02-08T13:17:15.664+0000] {taskinstance.py:1509} INFO - Exporting the following env vars:
AIRFLOW_CTX_DAG_OWNER=***
AIRFLOW_CTX_DAG_ID=cms_asp_noc
AIRFLOW_CTX_TASK_ID=extract
AIRFLOW_CTX_EXECUTION_DATE=2022-04-09T00:00:00+00:00
AIRFLOW_CTX_TRY_NUMBER=1
AIRFLOW_CTX_DAG_RUN_ID=scheduled__2022-04-09T00:00:00+00:00
[2023-02-08T13:17:16.132+0000] {logging_mixin.py:137} INFO - /opt/***/op_files/cms_zip_files/april-2022-asp-pricing-file-updated-06082022.zip
[2023-02-08T13:17:16.560+0000] {logging_mixin.py:137} INFO - /opt/***/op_files/cms_zip_files/april-2022-asp-pricing-file-updated-12142022.zip
[2023-02-08T13:17:16.653+0000] {logging_mixin.py:137} INFO - /opt/***/op_files/cms_zip_files/january-2022-asp-pricing-file-updated-06082022.zip
[2023-02-08T13:17:16.729+0000] {logging_mixin.py:137} INFO - /opt/***/op_files/cms_zip_files/july-2022-asp-ndc-hcpcs-crosswalk-updated-07142022.zip
[2023-02-08T13:17:17.649+0000] {logging_mixin.py:137} INFO - /opt/***/op_files/cms_zip_files/july-2022-asp-pricing-file-updated-12142022.zip
[2023-02-08T13:17:17.768+0000] {logging_mixin.py:137} INFO - /opt/***/op_files/cms_zip_files/july-2022-noc-pricing-file.zip
[2023-02-08T13:17:17.855+0000] {python.py:177} INFO - Done. Returned value was: None
[2023-02-08T13:17:18.362+0000] {taskinstance.py:1323} INFO - Marking task as SUCCESS. dag_id=cms_asp_noc, task_id=extract, execution_date=20220409T000000, start_date=20230208T131642, end_date=20230208T131718
[2023-02-08T13:17:21.295+0000] {local_task_job.py:208} INFO - Task exited with return code 0
[2023-02-08T13:17:58.139+0000] {taskinstance.py:2578} INFO - 0 downstream tasks scheduled from follow-on schedule check
