[2023-02-08T15:12:16.118+0000] {taskinstance.py:1083} INFO - Dependencies all met for <TaskInstance: cms_asp_noc.download_file scheduled__2022-08-08T00:00:00+00:00 [queued]>
[2023-02-08T15:12:16.153+0000] {taskinstance.py:1083} INFO - Dependencies all met for <TaskInstance: cms_asp_noc.download_file scheduled__2022-08-08T00:00:00+00:00 [queued]>
[2023-02-08T15:12:16.154+0000] {taskinstance.py:1279} INFO - 
--------------------------------------------------------------------------------
[2023-02-08T15:12:16.155+0000] {taskinstance.py:1280} INFO - Starting attempt 1 of 1
[2023-02-08T15:12:16.156+0000] {taskinstance.py:1281} INFO - 
--------------------------------------------------------------------------------
[2023-02-08T15:12:16.209+0000] {taskinstance.py:1300} INFO - Executing <Task(PythonOperator): download_file> on 2022-08-08 00:00:00+00:00
[2023-02-08T15:12:16.232+0000] {standard_task_runner.py:55} INFO - Started process 1649 to run task
[2023-02-08T15:12:16.252+0000] {standard_task_runner.py:82} INFO - Running: ['***', 'tasks', 'run', 'cms_asp_noc', 'download_file', 'scheduled__2022-08-08T00:00:00+00:00', '--job-id', '669', '--raw', '--subdir', 'DAGS_FOLDER/cms_upd.py', '--cfg-path', '/tmp/tmp214qpm6p']
[2023-02-08T15:12:16.260+0000] {standard_task_runner.py:83} INFO - Job 669: Subtask download_file
[2023-02-08T15:12:16.473+0000] {task_command.py:388} INFO - Running <TaskInstance: cms_asp_noc.download_file scheduled__2022-08-08T00:00:00+00:00 [running]> on host 1f90076947be
[2023-02-08T15:12:18.766+0000] {taskinstance.py:1509} INFO - Exporting the following env vars:
AIRFLOW_CTX_DAG_OWNER=***
AIRFLOW_CTX_DAG_ID=cms_asp_noc
AIRFLOW_CTX_TASK_ID=download_file
AIRFLOW_CTX_EXECUTION_DATE=2022-08-08T00:00:00+00:00
AIRFLOW_CTX_TRY_NUMBER=1
AIRFLOW_CTX_DAG_RUN_ID=scheduled__2022-08-08T00:00:00+00:00
[2023-02-08T15:12:21.192+0000] {logging_mixin.py:137} INFO - july-2022-asp-pricing-file-updated-12142022.zip is downloaded.
[2023-02-08T15:12:21.340+0000] {logging_mixin.py:137} INFO - january-2023-noc-pricing-file.zip is downloaded.
[2023-02-08T15:12:21.645+0000] {logging_mixin.py:137} INFO - january-2022-asp-ndc-hcpcs-crosswalk.zip is downloaded.
[2023-02-08T15:12:21.831+0000] {logging_mixin.py:137} INFO - january-2022-asp-pricing-file-updated-06082022.zip is downloaded.
[2023-02-08T15:12:22.157+0000] {logging_mixin.py:137} INFO - october-2022-asp-ndc-hcpcs-crosswalks-updated-12212022.zip is downloaded.
[2023-02-08T15:12:22.334+0000] {logging_mixin.py:137} INFO - july-2022-noc-pricing-file.zip is downloaded.
[2023-02-08T15:12:23.005+0000] {logging_mixin.py:137} INFO - april-2022-noc-pricing-file.zip is downloaded.
[2023-02-08T15:12:24.149+0000] {logging_mixin.py:137} INFO - july-2022-asp-ndc-hcpcs-crosswalk-updated-07142022.zip is downloaded.
[2023-02-08T15:12:24.655+0000] {logging_mixin.py:137} INFO - october-2022-noc-pricing-file.zip is downloaded.
[2023-02-08T15:12:25.536+0000] {logging_mixin.py:137} INFO - april-2022-asp-ndc-hcpcs-crosswalk.zip is downloaded.
[2023-02-08T15:12:25.705+0000] {logging_mixin.py:137} INFO - 2023.zip is downloaded.
[2023-02-08T15:12:25.883+0000] {logging_mixin.py:137} INFO - january-2022-noc-pricing-file-updated-03022022.zip is downloaded.
[2023-02-08T15:12:26.131+0000] {logging_mixin.py:137} INFO - october-2022-asp-pricing-file-updated-12212022.zip is downloaded.
[2023-02-08T15:12:26.351+0000] {logging_mixin.py:137} INFO - april-2022-asp-pricing-file-updated-12142022.zip is downloaded.
[2023-02-08T15:12:26.653+0000] {logging_mixin.py:137} INFO - 2023.zip is downloaded.
[2023-02-08T15:12:26.654+0000] {python.py:177} INFO - Done. Returned value was: None
[2023-02-08T15:12:26.749+0000] {taskinstance.py:1323} INFO - Marking task as SUCCESS. dag_id=cms_asp_noc, task_id=download_file, execution_date=20220808T000000, start_date=20230208T151216, end_date=20230208T151226
[2023-02-08T15:12:27.104+0000] {local_task_job.py:208} INFO - Task exited with return code 0
[2023-02-08T15:12:28.441+0000] {taskinstance.py:2578} INFO - 0 downstream tasks scheduled from follow-on schedule check
