[2023-02-08T12:59:50.925+0000] {taskinstance.py:1083} INFO - Dependencies all met for <TaskInstance: cms_asp_noc.download_file scheduled__2022-02-21T00:00:00+00:00 [queued]>
[2023-02-08T12:59:51.075+0000] {taskinstance.py:1083} INFO - Dependencies all met for <TaskInstance: cms_asp_noc.download_file scheduled__2022-02-21T00:00:00+00:00 [queued]>
[2023-02-08T12:59:51.086+0000] {taskinstance.py:1279} INFO - 
--------------------------------------------------------------------------------
[2023-02-08T12:59:51.088+0000] {taskinstance.py:1280} INFO - Starting attempt 1 of 1
[2023-02-08T12:59:51.091+0000] {taskinstance.py:1281} INFO - 
--------------------------------------------------------------------------------
[2023-02-08T12:59:51.397+0000] {taskinstance.py:1300} INFO - Executing <Task(PythonOperator): download_file> on 2022-02-21 00:00:00+00:00
[2023-02-08T12:59:51.860+0000] {standard_task_runner.py:55} INFO - Started process 695 to run task
[2023-02-08T12:59:51.964+0000] {standard_task_runner.py:82} INFO - Running: ['***', 'tasks', 'run', 'cms_asp_noc', 'download_file', 'scheduled__2022-02-21T00:00:00+00:00', '--job-id', '106', '--raw', '--subdir', 'DAGS_FOLDER/cms_upd.py', '--cfg-path', '/tmp/tmpn15n6byp']
[2023-02-08T12:59:52.047+0000] {standard_task_runner.py:83} INFO - Job 106: Subtask download_file
[2023-02-08T12:59:54.358+0000] {task_command.py:388} INFO - Running <TaskInstance: cms_asp_noc.download_file scheduled__2022-02-21T00:00:00+00:00 [running]> on host 4ed7ae61ecf3
[2023-02-08T13:00:17.392+0000] {taskinstance.py:1509} INFO - Exporting the following env vars:
AIRFLOW_CTX_DAG_OWNER=***
AIRFLOW_CTX_DAG_ID=cms_asp_noc
AIRFLOW_CTX_TASK_ID=download_file
AIRFLOW_CTX_EXECUTION_DATE=2022-02-21T00:00:00+00:00
AIRFLOW_CTX_TRY_NUMBER=1
AIRFLOW_CTX_DAG_RUN_ID=scheduled__2022-02-21T00:00:00+00:00
[2023-02-08T13:00:38.763+0000] {local_task_job.py:208} INFO - Task exited with return code Negsignal.SIGKILL
[2023-02-08T13:00:55.754+0000] {taskinstance.py:2578} INFO - 0 downstream tasks scheduled from follow-on schedule check
