[2023-02-24T20:52:26.584+0000] {taskinstance.py:1083} INFO - Dependencies all met for <TaskInstance: cms_asp_noc.call_asp_pricing manual__2023-02-24T20:44:56.320874+00:00 [queued]>
[2023-02-24T20:52:26.593+0000] {taskinstance.py:1083} INFO - Dependencies all met for <TaskInstance: cms_asp_noc.call_asp_pricing manual__2023-02-24T20:44:56.320874+00:00 [queued]>
[2023-02-24T20:52:26.593+0000] {taskinstance.py:1279} INFO - 
--------------------------------------------------------------------------------
[2023-02-24T20:52:26.594+0000] {taskinstance.py:1280} INFO - Starting attempt 1 of 1
[2023-02-24T20:52:26.594+0000] {taskinstance.py:1281} INFO - 
--------------------------------------------------------------------------------
[2023-02-24T20:52:26.612+0000] {taskinstance.py:1300} INFO - Executing <Task(PythonOperator): call_asp_pricing> on 2023-02-24 20:44:56.320874+00:00
[2023-02-24T20:52:26.629+0000] {standard_task_runner.py:55} INFO - Started process 109 to run task
[2023-02-24T20:52:26.635+0000] {standard_task_runner.py:82} INFO - Running: ['***', 'tasks', 'run', 'cms_asp_noc', 'call_asp_pricing', 'manual__2023-02-24T20:44:56.320874+00:00', '--job-id', '1844', '--raw', '--subdir', 'DAGS_FOLDER/cms_upd.py', '--cfg-path', '/tmp/tmpqn9ka_ao']
[2023-02-24T20:52:26.637+0000] {standard_task_runner.py:83} INFO - Job 1844: Subtask call_asp_pricing
[2023-02-24T20:52:26.738+0000] {task_command.py:388} INFO - Running <TaskInstance: cms_asp_noc.call_asp_pricing manual__2023-02-24T20:44:56.320874+00:00 [running]> on host 2886274f27ea
[2023-02-24T20:52:26.981+0000] {taskinstance.py:1509} INFO - Exporting the following env vars:
AIRFLOW_CTX_DAG_OWNER=***
AIRFLOW_CTX_DAG_ID=cms_asp_noc
AIRFLOW_CTX_TASK_ID=call_asp_pricing
AIRFLOW_CTX_EXECUTION_DATE=2023-02-24T20:44:56.320874+00:00
AIRFLOW_CTX_TRY_NUMBER=1
AIRFLOW_CTX_DAG_RUN_ID=manual__2023-02-24T20:44:56.320874+00:00
[2023-02-24T20:52:27.013+0000] {python.py:177} INFO - Done. Returned value was: None
[2023-02-24T20:52:27.025+0000] {taskinstance.py:1323} INFO - Marking task as SUCCESS. dag_id=cms_asp_noc, task_id=call_asp_pricing, execution_date=20230224T204456, start_date=20230224T205226, end_date=20230224T205227
[2023-02-24T20:52:27.087+0000] {local_task_job.py:208} INFO - Task exited with return code 0
[2023-02-24T20:52:27.119+0000] {taskinstance.py:2578} INFO - 0 downstream tasks scheduled from follow-on schedule check
