[2023-02-10T15:37:42.184+0000] {taskinstance.py:1083} INFO - Dependencies all met for <TaskInstance: cms_asp_noc.call_ndc_hcpcs manual__2023-02-10T15:37:25.465043+00:00 [queued]>
[2023-02-10T15:37:42.192+0000] {taskinstance.py:1083} INFO - Dependencies all met for <TaskInstance: cms_asp_noc.call_ndc_hcpcs manual__2023-02-10T15:37:25.465043+00:00 [queued]>
[2023-02-10T15:37:42.193+0000] {taskinstance.py:1279} INFO - 
--------------------------------------------------------------------------------
[2023-02-10T15:37:42.194+0000] {taskinstance.py:1280} INFO - Starting attempt 1 of 1
[2023-02-10T15:37:42.194+0000] {taskinstance.py:1281} INFO - 
--------------------------------------------------------------------------------
[2023-02-10T15:37:42.214+0000] {taskinstance.py:1300} INFO - Executing <Task(PythonOperator): call_ndc_hcpcs> on 2023-02-10 15:37:25.465043+00:00
[2023-02-10T15:37:42.221+0000] {standard_task_runner.py:55} INFO - Started process 43655 to run task
[2023-02-10T15:37:42.225+0000] {standard_task_runner.py:82} INFO - Running: ['***', 'tasks', 'run', 'cms_asp_noc', 'call_ndc_hcpcs', 'manual__2023-02-10T15:37:25.465043+00:00', '--job-id', '1716', '--raw', '--subdir', 'DAGS_FOLDER/cms_upd.py', '--cfg-path', '/tmp/tmpejrsftv_']
[2023-02-10T15:37:42.228+0000] {standard_task_runner.py:83} INFO - Job 1716: Subtask call_ndc_hcpcs
[2023-02-10T15:37:42.298+0000] {task_command.py:388} INFO - Running <TaskInstance: cms_asp_noc.call_ndc_hcpcs manual__2023-02-10T15:37:25.465043+00:00 [running]> on host 2886274f27ea
[2023-02-10T15:37:42.364+0000] {taskinstance.py:1509} INFO - Exporting the following env vars:
AIRFLOW_CTX_DAG_OWNER=***
AIRFLOW_CTX_DAG_ID=cms_asp_noc
AIRFLOW_CTX_TASK_ID=call_ndc_hcpcs
AIRFLOW_CTX_EXECUTION_DATE=2023-02-10T15:37:25.465043+00:00
AIRFLOW_CTX_TRY_NUMBER=1
AIRFLOW_CTX_DAG_RUN_ID=manual__2023-02-10T15:37:25.465043+00:00
[2023-02-10T15:37:42.388+0000] {python.py:177} INFO - Done. Returned value was: None
[2023-02-10T15:37:42.711+0000] {taskinstance.py:1323} INFO - Marking task as SUCCESS. dag_id=cms_asp_noc, task_id=call_ndc_hcpcs, execution_date=20230210T153725, start_date=20230210T153742, end_date=20230210T153742
[2023-02-10T15:37:42.763+0000] {local_task_job.py:208} INFO - Task exited with return code 0
[2023-02-10T15:37:42.796+0000] {taskinstance.py:2578} INFO - 1 downstream tasks scheduled from follow-on schedule check
