[2023-02-08T15:56:54.879+0000] {taskinstance.py:1083} INFO - Dependencies all met for <TaskInstance: cms_asp_noc.data_load scheduled__2023-01-27T00:00:00+00:00 [queued]>
[2023-02-08T15:56:54.908+0000] {taskinstance.py:1083} INFO - Dependencies all met for <TaskInstance: cms_asp_noc.data_load scheduled__2023-01-27T00:00:00+00:00 [queued]>
[2023-02-08T15:56:54.910+0000] {taskinstance.py:1279} INFO - 
--------------------------------------------------------------------------------
[2023-02-08T15:56:54.911+0000] {taskinstance.py:1280} INFO - Starting attempt 1 of 1
[2023-02-08T15:56:54.914+0000] {taskinstance.py:1281} INFO - 
--------------------------------------------------------------------------------
[2023-02-08T15:56:54.955+0000] {taskinstance.py:1300} INFO - Executing <Task(PythonOperator): data_load> on 2023-01-27 00:00:00+00:00
[2023-02-08T15:56:54.964+0000] {standard_task_runner.py:55} INFO - Started process 5142 to run task
[2023-02-08T15:56:54.979+0000] {standard_task_runner.py:82} INFO - Running: ['***', 'tasks', 'run', 'cms_asp_noc', 'data_load', 'scheduled__2023-01-27T00:00:00+00:00', '--job-id', '1520', '--raw', '--subdir', 'DAGS_FOLDER/cms_upd.py', '--cfg-path', '/tmp/tmpzymr9fsu']
[2023-02-08T15:56:54.992+0000] {standard_task_runner.py:83} INFO - Job 1520: Subtask data_load
[2023-02-08T15:56:55.205+0000] {task_command.py:388} INFO - Running <TaskInstance: cms_asp_noc.data_load scheduled__2023-01-27T00:00:00+00:00 [running]> on host 1f90076947be
[2023-02-08T15:56:56.361+0000] {taskinstance.py:1509} INFO - Exporting the following env vars:
AIRFLOW_CTX_DAG_OWNER=***
AIRFLOW_CTX_DAG_ID=cms_asp_noc
AIRFLOW_CTX_TASK_ID=data_load
AIRFLOW_CTX_EXECUTION_DATE=2023-01-27T00:00:00+00:00
AIRFLOW_CTX_TRY_NUMBER=1
AIRFLOW_CTX_DAG_RUN_ID=scheduled__2023-01-27T00:00:00+00:00
[2023-02-08T15:56:56.366+0000] {logging_mixin.py:137} INFO - []
[2023-02-08T15:56:56.368+0000] {python.py:177} INFO - Done. Returned value was: None
[2023-02-08T15:56:56.382+0000] {taskinstance.py:1323} INFO - Marking task as SUCCESS. dag_id=cms_asp_noc, task_id=data_load, execution_date=20230127T000000, start_date=20230208T155654, end_date=20230208T155656
[2023-02-08T15:56:56.505+0000] {local_task_job.py:208} INFO - Task exited with return code 0
[2023-02-08T15:56:56.905+0000] {taskinstance.py:2578} INFO - 0 downstream tasks scheduled from follow-on schedule check
