[2023-02-24T22:06:03.424+0000] {taskinstance.py:1083} INFO - Dependencies all met for <TaskInstance: cms_asp_noc.website_changed manual__2023-02-24T20:44:56.320874+00:00 [queued]>
[2023-02-24T22:06:03.431+0000] {taskinstance.py:1083} INFO - Dependencies all met for <TaskInstance: cms_asp_noc.website_changed manual__2023-02-24T20:44:56.320874+00:00 [queued]>
[2023-02-24T22:06:03.432+0000] {taskinstance.py:1279} INFO - 
--------------------------------------------------------------------------------
[2023-02-24T22:06:03.432+0000] {taskinstance.py:1280} INFO - Starting attempt 2 of 2
[2023-02-24T22:06:03.433+0000] {taskinstance.py:1281} INFO - 
--------------------------------------------------------------------------------
[2023-02-24T22:06:03.440+0000] {taskinstance.py:1300} INFO - Executing <Task(PythonOperator): website_changed> on 2023-02-24 20:44:56.320874+00:00
[2023-02-24T22:06:03.447+0000] {standard_task_runner.py:55} INFO - Started process 5178 to run task
[2023-02-24T22:06:03.451+0000] {standard_task_runner.py:82} INFO - Running: ['***', 'tasks', 'run', 'cms_asp_noc', 'website_changed', 'manual__2023-02-24T20:44:56.320874+00:00', '--job-id', '1850', '--raw', '--subdir', 'DAGS_FOLDER/cms_upd.py', '--cfg-path', '/tmp/tmppg04jjgt']
[2023-02-24T22:06:03.453+0000] {standard_task_runner.py:83} INFO - Job 1850: Subtask website_changed
[2023-02-24T22:06:03.505+0000] {task_command.py:388} INFO - Running <TaskInstance: cms_asp_noc.website_changed manual__2023-02-24T20:44:56.320874+00:00 [running]> on host 2886274f27ea
[2023-02-24T22:06:03.911+0000] {taskinstance.py:1509} INFO - Exporting the following env vars:
AIRFLOW_CTX_DAG_OWNER=***
AIRFLOW_CTX_DAG_ID=cms_asp_noc
AIRFLOW_CTX_TASK_ID=website_changed
AIRFLOW_CTX_EXECUTION_DATE=2023-02-24T20:44:56.320874+00:00
AIRFLOW_CTX_TRY_NUMBER=2
AIRFLOW_CTX_DAG_RUN_ID=manual__2023-02-24T20:44:56.320874+00:00
[2023-02-24T22:06:04.187+0000] {logging_mixin.py:137} INFO - Write in empty file.
[2023-02-24T22:06:04.189+0000] {python.py:177} INFO - Done. Returned value was: []
[2023-02-24T22:06:04.208+0000] {taskinstance.py:1323} INFO - Marking task as SUCCESS. dag_id=cms_asp_noc, task_id=website_changed, execution_date=20230224T204456, start_date=20230224T220603, end_date=20230224T220604
[2023-02-24T22:06:04.279+0000] {local_task_job.py:208} INFO - Task exited with return code 0
[2023-02-24T22:06:04.297+0000] {taskinstance.py:2578} INFO - 0 downstream tasks scheduled from follow-on schedule check
