[2023-02-24T22:08:19.685+0000] {taskinstance.py:1083} INFO - Dependencies all met for <TaskInstance: cms_asp_noc.website_changed manual__2023-02-24T20:44:56.320874+00:00 [queued]>
[2023-02-24T22:08:19.695+0000] {taskinstance.py:1083} INFO - Dependencies all met for <TaskInstance: cms_asp_noc.website_changed manual__2023-02-24T20:44:56.320874+00:00 [queued]>
[2023-02-24T22:08:19.696+0000] {taskinstance.py:1279} INFO - 
--------------------------------------------------------------------------------
[2023-02-24T22:08:19.697+0000] {taskinstance.py:1280} INFO - Starting attempt 3 of 3
[2023-02-24T22:08:19.697+0000] {taskinstance.py:1281} INFO - 
--------------------------------------------------------------------------------
[2023-02-24T22:08:19.707+0000] {taskinstance.py:1300} INFO - Executing <Task(PythonOperator): website_changed> on 2023-02-24 20:44:56.320874+00:00
[2023-02-24T22:08:19.718+0000] {standard_task_runner.py:55} INFO - Started process 5332 to run task
[2023-02-24T22:08:19.725+0000] {standard_task_runner.py:82} INFO - Running: ['***', 'tasks', 'run', 'cms_asp_noc', 'website_changed', 'manual__2023-02-24T20:44:56.320874+00:00', '--job-id', '1851', '--raw', '--subdir', 'DAGS_FOLDER/cms_upd.py', '--cfg-path', '/tmp/tmp8b1x59w7']
[2023-02-24T22:08:19.731+0000] {standard_task_runner.py:83} INFO - Job 1851: Subtask website_changed
[2023-02-24T22:08:19.871+0000] {task_command.py:388} INFO - Running <TaskInstance: cms_asp_noc.website_changed manual__2023-02-24T20:44:56.320874+00:00 [running]> on host 2886274f27ea
[2023-02-24T22:08:20.753+0000] {taskinstance.py:1509} INFO - Exporting the following env vars:
AIRFLOW_CTX_DAG_OWNER=***
AIRFLOW_CTX_DAG_ID=cms_asp_noc
AIRFLOW_CTX_TASK_ID=website_changed
AIRFLOW_CTX_EXECUTION_DATE=2023-02-24T20:44:56.320874+00:00
AIRFLOW_CTX_TRY_NUMBER=3
AIRFLOW_CTX_DAG_RUN_ID=manual__2023-02-24T20:44:56.320874+00:00
[2023-02-24T22:08:21.752+0000] {logging_mixin.py:137} INFO - Website is not changed.
[2023-02-24T22:08:21.754+0000] {python.py:177} INFO - Done. Returned value was: Website is not changed
[2023-02-24T22:08:21.831+0000] {taskinstance.py:1323} INFO - Marking task as SUCCESS. dag_id=cms_asp_noc, task_id=website_changed, execution_date=20230224T204456, start_date=20230224T220819, end_date=20230224T220821
[2023-02-24T22:08:21.946+0000] {local_task_job.py:208} INFO - Task exited with return code 0
[2023-02-24T22:08:21.997+0000] {taskinstance.py:2578} INFO - 0 downstream tasks scheduled from follow-on schedule check
