[2023-03-07T17:03:36.036+0000] {taskinstance.py:1083} INFO - Dependencies all met for <TaskInstance: cms_asp_noc.get_files manual__2023-03-07T17:03:11.250217+00:00 [queued]>
[2023-03-07T17:03:36.047+0000] {taskinstance.py:1083} INFO - Dependencies all met for <TaskInstance: cms_asp_noc.get_files manual__2023-03-07T17:03:11.250217+00:00 [queued]>
[2023-03-07T17:03:36.048+0000] {taskinstance.py:1279} INFO - 
--------------------------------------------------------------------------------
[2023-03-07T17:03:36.049+0000] {taskinstance.py:1280} INFO - Starting attempt 1 of 1
[2023-03-07T17:03:36.050+0000] {taskinstance.py:1281} INFO - 
--------------------------------------------------------------------------------
[2023-03-07T17:03:36.067+0000] {taskinstance.py:1300} INFO - Executing <Task(PythonOperator): get_files> on 2023-03-07 17:03:11.250217+00:00
[2023-03-07T17:03:36.074+0000] {standard_task_runner.py:55} INFO - Started process 4329 to run task
[2023-03-07T17:03:36.078+0000] {standard_task_runner.py:82} INFO - Running: ['***', 'tasks', 'run', 'cms_asp_noc', 'get_files', 'manual__2023-03-07T17:03:11.250217+00:00', '--job-id', '1967', '--raw', '--subdir', 'DAGS_FOLDER/cms_upd.py', '--cfg-path', '/tmp/tmpv3c_xxqk']
[2023-03-07T17:03:36.081+0000] {standard_task_runner.py:83} INFO - Job 1967: Subtask get_files
[2023-03-07T17:03:36.146+0000] {task_command.py:388} INFO - Running <TaskInstance: cms_asp_noc.get_files manual__2023-03-07T17:03:11.250217+00:00 [running]> on host 2886274f27ea
[2023-03-07T17:03:36.511+0000] {taskinstance.py:1509} INFO - Exporting the following env vars:
AIRFLOW_CTX_DAG_OWNER=***
AIRFLOW_CTX_DAG_ID=cms_asp_noc
AIRFLOW_CTX_TASK_ID=get_files
AIRFLOW_CTX_EXECUTION_DATE=2023-03-07T17:03:11.250217+00:00
AIRFLOW_CTX_TRY_NUMBER=1
AIRFLOW_CTX_DAG_RUN_ID=manual__2023-03-07T17:03:11.250217+00:00
[2023-03-07T17:03:36.553+0000] {updates.py:41} INFO - updated asp_pricing
[2023-03-07T17:03:36.585+0000] {updates.py:55} INFO - updated asp_ndc_hcpcs
[2023-03-07T17:03:36.610+0000] {updates.py:69} INFO - updated noc_ndc_hcpcs
[2023-03-07T17:03:36.615+0000] {python.py:177} INFO - Done. Returned value was: NO UPDATES
[2023-03-07T17:03:36.646+0000] {taskinstance.py:1323} INFO - Marking task as SUCCESS. dag_id=cms_asp_noc, task_id=get_files, execution_date=20230307T170311, start_date=20230307T170336, end_date=20230307T170336
[2023-03-07T17:03:36.696+0000] {local_task_job.py:208} INFO - Task exited with return code 0
[2023-03-07T17:03:36.723+0000] {taskinstance.py:2578} INFO - 1 downstream tasks scheduled from follow-on schedule check
