[2023-02-28T20:30:40.731+0000] {taskinstance.py:1083} INFO - Dependencies all met for <TaskInstance: cms_asp_noc.extract scheduled__2023-02-27T00:00:00+00:00 [queued]>
[2023-02-28T20:30:40.771+0000] {taskinstance.py:1083} INFO - Dependencies all met for <TaskInstance: cms_asp_noc.extract scheduled__2023-02-27T00:00:00+00:00 [queued]>
[2023-02-28T20:30:40.771+0000] {taskinstance.py:1279} INFO - 
--------------------------------------------------------------------------------
[2023-02-28T20:30:40.772+0000] {taskinstance.py:1280} INFO - Starting attempt 1 of 1
[2023-02-28T20:30:40.772+0000] {taskinstance.py:1281} INFO - 
--------------------------------------------------------------------------------
[2023-02-28T20:30:40.792+0000] {taskinstance.py:1300} INFO - Executing <Task(PythonOperator): extract> on 2023-02-27 00:00:00+00:00
[2023-02-28T20:30:40.813+0000] {standard_task_runner.py:55} INFO - Started process 95 to run task
[2023-02-28T20:30:40.807+0000] {standard_task_runner.py:82} INFO - Running: ['***', 'tasks', 'run', 'cms_asp_noc', 'extract', 'scheduled__2023-02-27T00:00:00+00:00', '--job-id', '1881', '--raw', '--subdir', 'DAGS_FOLDER/cms_upd.py', '--cfg-path', '/tmp/tmpmwmbodul']
[2023-02-28T20:30:40.815+0000] {standard_task_runner.py:83} INFO - Job 1881: Subtask extract
[2023-02-28T20:30:41.872+0000] {task_command.py:388} INFO - Running <TaskInstance: cms_asp_noc.extract scheduled__2023-02-27T00:00:00+00:00 [running]> on host 2886274f27ea
[2023-02-28T20:30:42.020+0000] {taskinstance.py:1509} INFO - Exporting the following env vars:
AIRFLOW_CTX_DAG_OWNER=***
AIRFLOW_CTX_DAG_ID=cms_asp_noc
AIRFLOW_CTX_TASK_ID=extract
AIRFLOW_CTX_EXECUTION_DATE=2023-02-27T00:00:00+00:00
AIRFLOW_CTX_TRY_NUMBER=1
AIRFLOW_CTX_DAG_RUN_ID=scheduled__2023-02-27T00:00:00+00:00
[2023-02-28T20:30:42.031+0000] {logging_mixin.py:137} INFO - /opt/***/op_files/cms_zip_files/april-2022-asp-pricing-file-updated-06082022.zip
[2023-02-28T20:30:42.058+0000] {logging_mixin.py:137} INFO - /opt/***/op_files/cms_zip_files/april-2022-asp-pricing-file-updated-12142022.zip
[2023-02-28T20:30:42.075+0000] {logging_mixin.py:137} INFO - /opt/***/op_files/cms_zip_files/january-2022-asp-pricing-file-updated-06082022.zip
[2023-02-28T20:30:42.117+0000] {logging_mixin.py:137} INFO - /opt/***/op_files/cms_zip_files/july-2022-asp-ndc-hcpcs-crosswalk-updated-07142022.zip
[2023-02-28T20:30:42.359+0000] {logging_mixin.py:137} INFO - /opt/***/op_files/cms_zip_files/july-2022-asp-pricing-file-updated-12142022.zip
[2023-02-28T20:30:42.384+0000] {logging_mixin.py:137} INFO - /opt/***/op_files/cms_zip_files/july-2022-noc-pricing-file.zip
[2023-02-28T20:30:42.408+0000] {python.py:177} INFO - Done. Returned value was: None
[2023-02-28T20:30:42.444+0000] {taskinstance.py:1323} INFO - Marking task as SUCCESS. dag_id=cms_asp_noc, task_id=extract, execution_date=20230227T000000, start_date=20230228T203040, end_date=20230228T203042
[2023-02-28T20:30:42.648+0000] {local_task_job.py:208} INFO - Task exited with return code 0
[2023-02-28T20:30:42.993+0000] {taskinstance.py:2578} INFO - 1 downstream tasks scheduled from follow-on schedule check
