[2023-02-08T12:47:14.886+0000] {taskinstance.py:1083} INFO - Dependencies all met for <TaskInstance: cms_asp_noc.website_changed scheduled__2022-01-03T00:00:00+00:00 [queued]>
[2023-02-08T12:47:15.218+0000] {taskinstance.py:1083} INFO - Dependencies all met for <TaskInstance: cms_asp_noc.website_changed scheduled__2022-01-03T00:00:00+00:00 [queued]>
[2023-02-08T12:47:15.232+0000] {taskinstance.py:1279} INFO - 
--------------------------------------------------------------------------------
[2023-02-08T12:47:15.237+0000] {taskinstance.py:1280} INFO - Starting attempt 1 of 1
[2023-02-08T12:47:15.240+0000] {taskinstance.py:1281} INFO - 
--------------------------------------------------------------------------------
[2023-02-08T12:47:15.665+0000] {taskinstance.py:1300} INFO - Executing <Task(PythonOperator): website_changed> on 2022-01-03 00:00:00+00:00
[2023-02-08T12:47:15.695+0000] {standard_task_runner.py:55} INFO - Started process 107 to run task
[2023-02-08T12:47:16.241+0000] {standard_task_runner.py:82} INFO - Running: ['***', 'tasks', 'run', 'cms_asp_noc', 'website_changed', 'scheduled__2022-01-03T00:00:00+00:00', '--job-id', '12', '--raw', '--subdir', 'DAGS_FOLDER/cms_upd.py', '--cfg-path', '/tmp/tmp_m8uiwg1']
[2023-02-08T12:47:16.364+0000] {standard_task_runner.py:83} INFO - Job 12: Subtask website_changed
[2023-02-08T12:47:19.002+0000] {task_command.py:388} INFO - Running <TaskInstance: cms_asp_noc.website_changed scheduled__2022-01-03T00:00:00+00:00 [running]> on host 4ed7ae61ecf3
[2023-02-08T12:47:22.307+0000] {taskinstance.py:1509} INFO - Exporting the following env vars:
AIRFLOW_CTX_DAG_OWNER=***
AIRFLOW_CTX_DAG_ID=cms_asp_noc
AIRFLOW_CTX_TASK_ID=website_changed
AIRFLOW_CTX_EXECUTION_DATE=2022-01-03T00:00:00+00:00
AIRFLOW_CTX_TRY_NUMBER=1
AIRFLOW_CTX_DAG_RUN_ID=scheduled__2022-01-03T00:00:00+00:00
[2023-02-08T12:48:15.145+0000] {local_task_job.py:208} INFO - Task exited with return code Negsignal.SIGKILL
[2023-02-08T12:48:16.711+0000] {taskinstance.py:2578} INFO - 0 downstream tasks scheduled from follow-on schedule check
