[2023-02-08T15:19:30.792+0000] {taskinstance.py:1083} INFO - Dependencies all met for <TaskInstance: cms_asp_noc.data_load scheduled__2022-11-02T00:00:00+00:00 [queued]>
[2023-02-08T15:19:30.806+0000] {taskinstance.py:1083} INFO - Dependencies all met for <TaskInstance: cms_asp_noc.data_load scheduled__2022-11-02T00:00:00+00:00 [queued]>
[2023-02-08T15:19:30.809+0000] {taskinstance.py:1279} INFO - 
--------------------------------------------------------------------------------
[2023-02-08T15:19:30.810+0000] {taskinstance.py:1280} INFO - Starting attempt 1 of 1
[2023-02-08T15:19:30.810+0000] {taskinstance.py:1281} INFO - 
--------------------------------------------------------------------------------
[2023-02-08T15:19:30.826+0000] {taskinstance.py:1300} INFO - Executing <Task(PythonOperator): data_load> on 2022-11-02 00:00:00+00:00
[2023-02-08T15:19:30.838+0000] {standard_task_runner.py:55} INFO - Started process 3384 to run task
[2023-02-08T15:19:30.852+0000] {standard_task_runner.py:82} INFO - Running: ['***', 'tasks', 'run', 'cms_asp_noc', 'data_load', 'scheduled__2022-11-02T00:00:00+00:00', '--job-id', '1107', '--raw', '--subdir', 'DAGS_FOLDER/cms_upd.py', '--cfg-path', '/tmp/tmpvm25tz2z']
[2023-02-08T15:19:30.856+0000] {standard_task_runner.py:83} INFO - Job 1107: Subtask data_load
[2023-02-08T15:19:31.064+0000] {task_command.py:388} INFO - Running <TaskInstance: cms_asp_noc.data_load scheduled__2022-11-02T00:00:00+00:00 [running]> on host 1f90076947be
[2023-02-08T15:19:31.962+0000] {taskinstance.py:1509} INFO - Exporting the following env vars:
AIRFLOW_CTX_DAG_OWNER=***
AIRFLOW_CTX_DAG_ID=cms_asp_noc
AIRFLOW_CTX_TASK_ID=data_load
AIRFLOW_CTX_EXECUTION_DATE=2022-11-02T00:00:00+00:00
AIRFLOW_CTX_TRY_NUMBER=1
AIRFLOW_CTX_DAG_RUN_ID=scheduled__2022-11-02T00:00:00+00:00
[2023-02-08T15:19:31.969+0000] {logging_mixin.py:137} INFO - []
[2023-02-08T15:19:31.969+0000] {python.py:177} INFO - Done. Returned value was: None
[2023-02-08T15:19:31.984+0000] {taskinstance.py:1323} INFO - Marking task as SUCCESS. dag_id=cms_asp_noc, task_id=data_load, execution_date=20221102T000000, start_date=20230208T151930, end_date=20230208T151931
[2023-02-08T15:19:32.114+0000] {local_task_job.py:208} INFO - Task exited with return code 0
[2023-02-08T15:19:32.215+0000] {taskinstance.py:2578} INFO - 1 downstream tasks scheduled from follow-on schedule check
