[2023-02-08T13:18:12.238+0000] {taskinstance.py:1083} INFO - Dependencies all met for <TaskInstance: cms_asp_noc.download_file scheduled__2022-04-23T00:00:00+00:00 [queued]>
[2023-02-08T13:18:12.378+0000] {taskinstance.py:1083} INFO - Dependencies all met for <TaskInstance: cms_asp_noc.download_file scheduled__2022-04-23T00:00:00+00:00 [queued]>
[2023-02-08T13:18:12.384+0000] {taskinstance.py:1279} INFO - 
--------------------------------------------------------------------------------
[2023-02-08T13:18:12.385+0000] {taskinstance.py:1280} INFO - Starting attempt 1 of 1
[2023-02-08T13:18:12.389+0000] {taskinstance.py:1281} INFO - 
--------------------------------------------------------------------------------
[2023-02-08T13:18:12.505+0000] {taskinstance.py:1300} INFO - Executing <Task(PythonOperator): download_file> on 2022-04-23 00:00:00+00:00
[2023-02-08T13:18:12.772+0000] {standard_task_runner.py:82} INFO - Running: ['***', 'tasks', 'run', 'cms_asp_noc', 'download_file', 'scheduled__2022-04-23T00:00:00+00:00', '--job-id', '219', '--raw', '--subdir', 'DAGS_FOLDER/cms_upd.py', '--cfg-path', '/tmp/tmps7h_b1on']
[2023-02-08T13:18:12.781+0000] {standard_task_runner.py:83} INFO - Job 219: Subtask download_file
[2023-02-08T13:18:12.730+0000] {standard_task_runner.py:55} INFO - Started process 1449 to run task
[2023-02-08T13:18:14.901+0000] {task_command.py:388} INFO - Running <TaskInstance: cms_asp_noc.download_file scheduled__2022-04-23T00:00:00+00:00 [running]> on host 4ed7ae61ecf3
[2023-02-08T13:18:55.483+0000] {taskinstance.py:1509} INFO - Exporting the following env vars:
AIRFLOW_CTX_DAG_OWNER=***
AIRFLOW_CTX_DAG_ID=cms_asp_noc
AIRFLOW_CTX_TASK_ID=download_file
AIRFLOW_CTX_EXECUTION_DATE=2022-04-23T00:00:00+00:00
AIRFLOW_CTX_TRY_NUMBER=1
AIRFLOW_CTX_DAG_RUN_ID=scheduled__2022-04-23T00:00:00+00:00
[2023-02-08T13:19:07.939+0000] {logging_mixin.py:137} INFO - october-2022-noc-pricing-file.zip is downloaded.
[2023-02-08T13:19:08.152+0000] {logging_mixin.py:137} INFO - april-2022-noc-pricing-file.zip is downloaded.
[2023-02-08T13:19:08.679+0000] {logging_mixin.py:137} INFO - 2023.zip is downloaded.
[2023-02-08T13:19:09.079+0000] {logging_mixin.py:137} INFO - 2023.zip is downloaded.
[2023-02-08T13:19:10.194+0000] {logging_mixin.py:137} INFO - april-2022-asp-ndc-hcpcs-crosswalk.zip is downloaded.
[2023-02-08T13:19:11.614+0000] {logging_mixin.py:137} INFO - july-2022-asp-pricing-file-updated-12142022.zip is downloaded.
[2023-02-08T13:19:13.159+0000] {logging_mixin.py:137} INFO - april-2022-asp-pricing-file-updated-12142022.zip is downloaded.
[2023-02-08T13:19:14.760+0000] {logging_mixin.py:137} INFO - january-2022-asp-ndc-hcpcs-crosswalk.zip is downloaded.
[2023-02-08T13:19:28.128+0000] {logging_mixin.py:137} INFO - january-2023-noc-pricing-file.zip is downloaded.
[2023-02-08T13:19:36.220+0000] {logging_mixin.py:137} INFO - october-2022-asp-ndc-hcpcs-crosswalks-updated-12212022.zip is downloaded.
[2023-02-08T13:19:36.509+0000] {logging_mixin.py:137} INFO - october-2022-asp-pricing-file-updated-12212022.zip is downloaded.
[2023-02-08T13:19:37.204+0000] {logging_mixin.py:137} INFO - july-2022-asp-ndc-hcpcs-crosswalk-updated-07142022.zip is downloaded.
[2023-02-08T13:19:37.367+0000] {logging_mixin.py:137} INFO - july-2022-noc-pricing-file.zip is downloaded.
[2023-02-08T13:19:37.934+0000] {logging_mixin.py:137} INFO - january-2022-asp-pricing-file-updated-06082022.zip is downloaded.
[2023-02-08T13:19:38.425+0000] {logging_mixin.py:137} INFO - january-2022-noc-pricing-file-updated-03022022.zip is downloaded.
[2023-02-08T13:19:38.457+0000] {python.py:177} INFO - Done. Returned value was: None
[2023-02-08T13:19:38.870+0000] {taskinstance.py:1323} INFO - Marking task as SUCCESS. dag_id=cms_asp_noc, task_id=download_file, execution_date=20220423T000000, start_date=20230208T131812, end_date=20230208T131938
[2023-02-08T13:19:43.896+0000] {local_task_job.py:208} INFO - Task exited with return code 0
[2023-02-08T13:20:23.161+0000] {taskinstance.py:2578} INFO - 0 downstream tasks scheduled from follow-on schedule check
