[2023-02-21T00:00:35.308+0000] {taskinstance.py:1083} INFO - Dependencies all met for <TaskInstance: cms_asp_noc.call_noc_ndc_procedure scheduled__2023-02-20T00:00:00+00:00 [queued]>
[2023-02-21T00:00:35.317+0000] {taskinstance.py:1083} INFO - Dependencies all met for <TaskInstance: cms_asp_noc.call_noc_ndc_procedure scheduled__2023-02-20T00:00:00+00:00 [queued]>
[2023-02-21T00:00:35.318+0000] {taskinstance.py:1279} INFO - 
--------------------------------------------------------------------------------
[2023-02-21T00:00:35.318+0000] {taskinstance.py:1280} INFO - Starting attempt 1 of 1
[2023-02-21T00:00:35.319+0000] {taskinstance.py:1281} INFO - 
--------------------------------------------------------------------------------
[2023-02-21T00:00:35.328+0000] {taskinstance.py:1300} INFO - Executing <Task(PythonOperator): call_noc_ndc_procedure> on 2023-02-20 00:00:00+00:00
[2023-02-21T00:00:35.338+0000] {standard_task_runner.py:55} INFO - Started process 79521 to run task
[2023-02-21T00:00:35.346+0000] {standard_task_runner.py:82} INFO - Running: ['***', 'tasks', 'run', 'cms_asp_noc', 'call_noc_ndc_procedure', 'scheduled__2023-02-20T00:00:00+00:00', '--job-id', '1819', '--raw', '--subdir', 'DAGS_FOLDER/cms_upd.py', '--cfg-path', '/tmp/tmp8ucwrypi']
[2023-02-21T00:00:35.354+0000] {standard_task_runner.py:83} INFO - Job 1819: Subtask call_noc_ndc_procedure
[2023-02-21T00:00:36.088+0000] {task_command.py:388} INFO - Running <TaskInstance: cms_asp_noc.call_noc_ndc_procedure scheduled__2023-02-20T00:00:00+00:00 [running]> on host 2886274f27ea
[2023-02-21T00:00:36.238+0000] {taskinstance.py:1509} INFO - Exporting the following env vars:
AIRFLOW_CTX_DAG_OWNER=***
AIRFLOW_CTX_DAG_ID=cms_asp_noc
AIRFLOW_CTX_TASK_ID=call_noc_ndc_procedure
AIRFLOW_CTX_EXECUTION_DATE=2023-02-20T00:00:00+00:00
AIRFLOW_CTX_TRY_NUMBER=1
AIRFLOW_CTX_DAG_RUN_ID=scheduled__2023-02-20T00:00:00+00:00
[2023-02-21T00:00:36.263+0000] {python.py:177} INFO - Done. Returned value was: None
[2023-02-21T00:00:36.298+0000] {taskinstance.py:1323} INFO - Marking task as SUCCESS. dag_id=cms_asp_noc, task_id=call_noc_ndc_procedure, execution_date=20230220T000000, start_date=20230221T000035, end_date=20230221T000036
[2023-02-21T00:00:36.372+0000] {local_task_job.py:208} INFO - Task exited with return code 0
[2023-02-21T00:00:36.436+0000] {taskinstance.py:2578} INFO - 1 downstream tasks scheduled from follow-on schedule check
