[2023-02-09T22:10:51.894+0000] {taskinstance.py:1083} INFO - Dependencies all met for <TaskInstance: cms_asp_noc.data_load manual__2023-02-09T20:52:08.203846+00:00 [queued]>
[2023-02-09T22:10:51.902+0000] {taskinstance.py:1083} INFO - Dependencies all met for <TaskInstance: cms_asp_noc.data_load manual__2023-02-09T20:52:08.203846+00:00 [queued]>
[2023-02-09T22:10:51.903+0000] {taskinstance.py:1279} INFO - 
--------------------------------------------------------------------------------
[2023-02-09T22:10:51.903+0000] {taskinstance.py:1280} INFO - Starting attempt 3 of 3
[2023-02-09T22:10:51.904+0000] {taskinstance.py:1281} INFO - 
--------------------------------------------------------------------------------
[2023-02-09T22:10:51.914+0000] {taskinstance.py:1300} INFO - Executing <Task(PythonOperator): data_load> on 2023-02-09 20:52:08.203846+00:00
[2023-02-09T22:10:51.922+0000] {standard_task_runner.py:55} INFO - Started process 3730 to run task
[2023-02-09T22:10:51.927+0000] {standard_task_runner.py:82} INFO - Running: ['***', 'tasks', 'run', 'cms_asp_noc', 'data_load', 'manual__2023-02-09T20:52:08.203846+00:00', '--job-id', '1612', '--raw', '--subdir', 'DAGS_FOLDER/cms_upd.py', '--cfg-path', '/tmp/tmpmlpv9g8_']
[2023-02-09T22:10:51.930+0000] {standard_task_runner.py:83} INFO - Job 1612: Subtask data_load
[2023-02-09T22:10:52.006+0000] {task_command.py:388} INFO - Running <TaskInstance: cms_asp_noc.data_load manual__2023-02-09T20:52:08.203846+00:00 [running]> on host 2886274f27ea
[2023-02-09T22:10:52.066+0000] {taskinstance.py:1509} INFO - Exporting the following env vars:
AIRFLOW_CTX_DAG_OWNER=***
AIRFLOW_CTX_DAG_ID=cms_asp_noc
AIRFLOW_CTX_TASK_ID=data_load
AIRFLOW_CTX_EXECUTION_DATE=2023-02-09T20:52:08.203846+00:00
AIRFLOW_CTX_TRY_NUMBER=3
AIRFLOW_CTX_DAG_RUN_ID=manual__2023-02-09T20:52:08.203846+00:00
[2023-02-09T22:10:52.068+0000] {logging_mixin.py:137} INFO - []
[2023-02-09T22:10:52.069+0000] {python.py:177} INFO - Done. Returned value was: None
[2023-02-09T22:10:52.405+0000] {taskinstance.py:1323} INFO - Marking task as SUCCESS. dag_id=cms_asp_noc, task_id=data_load, execution_date=20230209T205208, start_date=20230209T221051, end_date=20230209T221052
[2023-02-09T22:10:52.470+0000] {local_task_job.py:208} INFO - Task exited with return code 0
[2023-02-09T22:10:52.494+0000] {taskinstance.py:2578} INFO - 0 downstream tasks scheduled from follow-on schedule check
