[2023-02-08T15:14:37.165+0000] {taskinstance.py:1083} INFO - Dependencies all met for <TaskInstance: cms_asp_noc.download_file scheduled__2022-09-03T00:00:00+00:00 [queued]>
[2023-02-08T15:14:37.203+0000] {taskinstance.py:1083} INFO - Dependencies all met for <TaskInstance: cms_asp_noc.download_file scheduled__2022-09-03T00:00:00+00:00 [queued]>
[2023-02-08T15:14:37.210+0000] {taskinstance.py:1279} INFO - 
--------------------------------------------------------------------------------
[2023-02-08T15:14:37.212+0000] {taskinstance.py:1280} INFO - Starting attempt 1 of 1
[2023-02-08T15:14:37.213+0000] {taskinstance.py:1281} INFO - 
--------------------------------------------------------------------------------
[2023-02-08T15:14:37.266+0000] {taskinstance.py:1300} INFO - Executing <Task(PythonOperator): download_file> on 2022-09-03 00:00:00+00:00
[2023-02-08T15:14:37.285+0000] {standard_task_runner.py:55} INFO - Started process 2196 to run task
[2023-02-08T15:14:37.413+0000] {standard_task_runner.py:82} INFO - Running: ['***', 'tasks', 'run', 'cms_asp_noc', 'download_file', 'scheduled__2022-09-03T00:00:00+00:00', '--job-id', '807', '--raw', '--subdir', 'DAGS_FOLDER/cms_upd.py', '--cfg-path', '/tmp/tmpv1bbcd9w']
[2023-02-08T15:14:37.461+0000] {standard_task_runner.py:83} INFO - Job 807: Subtask download_file
[2023-02-08T15:14:37.807+0000] {task_command.py:388} INFO - Running <TaskInstance: cms_asp_noc.download_file scheduled__2022-09-03T00:00:00+00:00 [running]> on host 1f90076947be
[2023-02-08T15:14:39.458+0000] {taskinstance.py:1509} INFO - Exporting the following env vars:
AIRFLOW_CTX_DAG_OWNER=***
AIRFLOW_CTX_DAG_ID=cms_asp_noc
AIRFLOW_CTX_TASK_ID=download_file
AIRFLOW_CTX_EXECUTION_DATE=2022-09-03T00:00:00+00:00
AIRFLOW_CTX_TRY_NUMBER=1
AIRFLOW_CTX_DAG_RUN_ID=scheduled__2022-09-03T00:00:00+00:00
[2023-02-08T15:14:42.781+0000] {logging_mixin.py:137} INFO - july-2022-asp-pricing-file-updated-12142022.zip is downloaded.
[2023-02-08T15:14:42.927+0000] {logging_mixin.py:137} INFO - january-2023-noc-pricing-file.zip is downloaded.
[2023-02-08T15:14:43.215+0000] {logging_mixin.py:137} INFO - january-2022-asp-ndc-hcpcs-crosswalk.zip is downloaded.
[2023-02-08T15:14:43.431+0000] {logging_mixin.py:137} INFO - january-2022-asp-pricing-file-updated-06082022.zip is downloaded.
[2023-02-08T15:14:43.744+0000] {logging_mixin.py:137} INFO - october-2022-asp-ndc-hcpcs-crosswalks-updated-12212022.zip is downloaded.
[2023-02-08T15:14:43.885+0000] {logging_mixin.py:137} INFO - july-2022-noc-pricing-file.zip is downloaded.
[2023-02-08T15:14:44.037+0000] {logging_mixin.py:137} INFO - april-2022-noc-pricing-file.zip is downloaded.
[2023-02-08T15:14:44.336+0000] {logging_mixin.py:137} INFO - july-2022-asp-ndc-hcpcs-crosswalk-updated-07142022.zip is downloaded.
[2023-02-08T15:14:44.480+0000] {logging_mixin.py:137} INFO - october-2022-noc-pricing-file.zip is downloaded.
[2023-02-08T15:14:44.802+0000] {logging_mixin.py:137} INFO - april-2022-asp-ndc-hcpcs-crosswalk.zip is downloaded.
[2023-02-08T15:14:44.970+0000] {logging_mixin.py:137} INFO - 2023.zip is downloaded.
[2023-02-08T15:14:45.120+0000] {logging_mixin.py:137} INFO - january-2022-noc-pricing-file-updated-03022022.zip is downloaded.
[2023-02-08T15:14:45.294+0000] {logging_mixin.py:137} INFO - october-2022-asp-pricing-file-updated-12212022.zip is downloaded.
[2023-02-08T15:14:45.467+0000] {logging_mixin.py:137} INFO - april-2022-asp-pricing-file-updated-12142022.zip is downloaded.
[2023-02-08T15:14:45.785+0000] {logging_mixin.py:137} INFO - 2023.zip is downloaded.
[2023-02-08T15:14:45.788+0000] {python.py:177} INFO - Done. Returned value was: None
[2023-02-08T15:14:45.820+0000] {taskinstance.py:1323} INFO - Marking task as SUCCESS. dag_id=cms_asp_noc, task_id=download_file, execution_date=20220903T000000, start_date=20230208T151437, end_date=20230208T151445
[2023-02-08T15:14:46.097+0000] {local_task_job.py:208} INFO - Task exited with return code 0
[2023-02-08T15:14:46.731+0000] {taskinstance.py:2578} INFO - 1 downstream tasks scheduled from follow-on schedule check
