[2023-02-21T00:00:06.858+0000] {taskinstance.py:1083} INFO - Dependencies all met for <TaskInstance: cms_asp_noc.download_file scheduled__2023-02-20T00:00:00+00:00 [queued]>
[2023-02-21T00:00:06.865+0000] {taskinstance.py:1083} INFO - Dependencies all met for <TaskInstance: cms_asp_noc.download_file scheduled__2023-02-20T00:00:00+00:00 [queued]>
[2023-02-21T00:00:06.866+0000] {taskinstance.py:1279} INFO - 
--------------------------------------------------------------------------------
[2023-02-21T00:00:06.867+0000] {taskinstance.py:1280} INFO - Starting attempt 1 of 1
[2023-02-21T00:00:06.867+0000] {taskinstance.py:1281} INFO - 
--------------------------------------------------------------------------------
[2023-02-21T00:00:06.876+0000] {taskinstance.py:1300} INFO - Executing <Task(PythonOperator): download_file> on 2023-02-20 00:00:00+00:00
[2023-02-21T00:00:06.882+0000] {standard_task_runner.py:55} INFO - Started process 79464 to run task
[2023-02-21T00:00:06.886+0000] {standard_task_runner.py:82} INFO - Running: ['***', 'tasks', 'run', 'cms_asp_noc', 'download_file', 'scheduled__2023-02-20T00:00:00+00:00', '--job-id', '1813', '--raw', '--subdir', 'DAGS_FOLDER/cms_upd.py', '--cfg-path', '/tmp/tmp90m71lgc']
[2023-02-21T00:00:06.888+0000] {standard_task_runner.py:83} INFO - Job 1813: Subtask download_file
[2023-02-21T00:00:07.107+0000] {task_command.py:388} INFO - Running <TaskInstance: cms_asp_noc.download_file scheduled__2023-02-20T00:00:00+00:00 [running]> on host 2886274f27ea
[2023-02-21T00:00:07.166+0000] {taskinstance.py:1509} INFO - Exporting the following env vars:
AIRFLOW_CTX_DAG_OWNER=***
AIRFLOW_CTX_DAG_ID=cms_asp_noc
AIRFLOW_CTX_TASK_ID=download_file
AIRFLOW_CTX_EXECUTION_DATE=2023-02-20T00:00:00+00:00
AIRFLOW_CTX_TRY_NUMBER=1
AIRFLOW_CTX_DAG_RUN_ID=scheduled__2023-02-20T00:00:00+00:00
[2023-02-21T00:00:09.660+0000] {logging_mixin.py:137} INFO - october-2022-noc-pricing-file.zip is downloaded.
[2023-02-21T00:00:09.890+0000] {logging_mixin.py:137} INFO - 2023.zip is downloaded.
[2023-02-21T00:00:10.113+0000] {logging_mixin.py:137} INFO - january-2023-noc-pricing-file.zip is downloaded.
[2023-02-21T00:00:10.496+0000] {logging_mixin.py:137} INFO - july-2022-noc-pricing-file.zip is downloaded.
[2023-02-21T00:00:10.998+0000] {logging_mixin.py:137} INFO - october-2022-asp-ndc-hcpcs-crosswalks-updated-12212022.zip is downloaded.
[2023-02-21T00:00:11.476+0000] {logging_mixin.py:137} INFO - april-2022-asp-pricing-file-updated-12142022.zip is downloaded.
[2023-02-21T00:00:11.952+0000] {logging_mixin.py:137} INFO - april-2022-asp-ndc-hcpcs-crosswalk.zip is downloaded.
[2023-02-21T00:00:12.331+0000] {logging_mixin.py:137} INFO - january-2022-noc-pricing-file-updated-03022022.zip is downloaded.
[2023-02-21T00:00:12.963+0000] {logging_mixin.py:137} INFO - 2023.zip is downloaded.
[2023-02-21T00:00:13.448+0000] {logging_mixin.py:137} INFO - april-2022-noc-pricing-file.zip is downloaded.
[2023-02-21T00:00:15.422+0000] {logging_mixin.py:137} INFO - october-2022-asp-pricing-file-updated-12212022.zip is downloaded.
[2023-02-21T00:00:15.850+0000] {logging_mixin.py:137} INFO - january-2022-asp-pricing-file-updated-06082022.zip is downloaded.
[2023-02-21T00:00:16.476+0000] {logging_mixin.py:137} INFO - july-2022-asp-ndc-hcpcs-crosswalk-updated-07142022.zip is downloaded.
[2023-02-21T00:00:16.871+0000] {logging_mixin.py:137} INFO - january-2022-asp-ndc-hcpcs-crosswalk.zip is downloaded.
[2023-02-21T00:00:17.356+0000] {logging_mixin.py:137} INFO - july-2022-asp-pricing-file-updated-12142022.zip is downloaded.
[2023-02-21T00:00:17.357+0000] {python.py:177} INFO - Done. Returned value was: None
[2023-02-21T00:00:17.387+0000] {taskinstance.py:1323} INFO - Marking task as SUCCESS. dag_id=cms_asp_noc, task_id=download_file, execution_date=20230220T000000, start_date=20230221T000006, end_date=20230221T000017
[2023-02-21T00:00:17.497+0000] {local_task_job.py:208} INFO - Task exited with return code 0
[2023-02-21T00:00:17.930+0000] {taskinstance.py:2578} INFO - 1 downstream tasks scheduled from follow-on schedule check
