[2023-02-10T12:01:32.991+0000] {taskinstance.py:1083} INFO - Dependencies all met for <TaskInstance: cms_asp_noc.download_file manual__2023-02-10T12:01:25+00:00 [queued]>
[2023-02-10T12:01:33.001+0000] {taskinstance.py:1083} INFO - Dependencies all met for <TaskInstance: cms_asp_noc.download_file manual__2023-02-10T12:01:25+00:00 [queued]>
[2023-02-10T12:01:33.002+0000] {taskinstance.py:1279} INFO - 
--------------------------------------------------------------------------------
[2023-02-10T12:01:33.002+0000] {taskinstance.py:1280} INFO - Starting attempt 1 of 1
[2023-02-10T12:01:33.003+0000] {taskinstance.py:1281} INFO - 
--------------------------------------------------------------------------------
[2023-02-10T12:01:33.015+0000] {taskinstance.py:1300} INFO - Executing <Task(PythonOperator): download_file> on 2023-02-10 12:01:25+00:00
[2023-02-10T12:01:33.024+0000] {standard_task_runner.py:55} INFO - Started process 31250 to run task
[2023-02-10T12:01:33.029+0000] {standard_task_runner.py:82} INFO - Running: ['***', 'tasks', 'run', 'cms_asp_noc', 'download_file', 'manual__2023-02-10T12:01:25+00:00', '--job-id', '1632', '--raw', '--subdir', 'DAGS_FOLDER/cms_upd.py', '--cfg-path', '/tmp/tmp5m9pvrut']
[2023-02-10T12:01:33.033+0000] {standard_task_runner.py:83} INFO - Job 1632: Subtask download_file
[2023-02-10T12:01:33.105+0000] {task_command.py:388} INFO - Running <TaskInstance: cms_asp_noc.download_file manual__2023-02-10T12:01:25+00:00 [running]> on host 2886274f27ea
[2023-02-10T12:01:33.172+0000] {taskinstance.py:1509} INFO - Exporting the following env vars:
AIRFLOW_CTX_DAG_OWNER=***
AIRFLOW_CTX_DAG_ID=cms_asp_noc
AIRFLOW_CTX_TASK_ID=download_file
AIRFLOW_CTX_EXECUTION_DATE=2023-02-10T12:01:25+00:00
AIRFLOW_CTX_TRY_NUMBER=1
AIRFLOW_CTX_DAG_RUN_ID=manual__2023-02-10T12:01:25+00:00
[2023-02-10T12:01:34.774+0000] {python.py:177} INFO - Done. Returned value was: None
[2023-02-10T12:01:34.786+0000] {taskinstance.py:1323} INFO - Marking task as SUCCESS. dag_id=cms_asp_noc, task_id=download_file, execution_date=20230210T120125, start_date=20230210T120132, end_date=20230210T120134
[2023-02-10T12:01:34.838+0000] {local_task_job.py:208} INFO - Task exited with return code 0
[2023-02-10T12:01:34.871+0000] {taskinstance.py:2578} INFO - 1 downstream tasks scheduled from follow-on schedule check
