[2023-02-08T13:04:41.608+0000] {taskinstance.py:1083} INFO - Dependencies all met for <TaskInstance: cms_asp_noc.download_file scheduled__2022-03-13T00:00:00+00:00 [queued]>
[2023-02-08T13:04:42.018+0000] {taskinstance.py:1083} INFO - Dependencies all met for <TaskInstance: cms_asp_noc.download_file scheduled__2022-03-13T00:00:00+00:00 [queued]>
[2023-02-08T13:04:42.025+0000] {taskinstance.py:1279} INFO - 
--------------------------------------------------------------------------------
[2023-02-08T13:04:42.027+0000] {taskinstance.py:1280} INFO - Starting attempt 1 of 1
[2023-02-08T13:04:42.028+0000] {taskinstance.py:1281} INFO - 
--------------------------------------------------------------------------------
[2023-02-08T13:04:43.311+0000] {taskinstance.py:1300} INFO - Executing <Task(PythonOperator): download_file> on 2022-03-13 00:00:00+00:00
[2023-02-08T13:04:43.872+0000] {standard_task_runner.py:55} INFO - Started process 939 to run task
[2023-02-08T13:04:44.396+0000] {standard_task_runner.py:82} INFO - Running: ['***', 'tasks', 'run', 'cms_asp_noc', 'download_file', 'scheduled__2022-03-13T00:00:00+00:00', '--job-id', '143', '--raw', '--subdir', 'DAGS_FOLDER/cms_upd.py', '--cfg-path', '/tmp/tmphgftqglq']
[2023-02-08T13:04:44.802+0000] {standard_task_runner.py:83} INFO - Job 143: Subtask download_file
[2023-02-08T13:04:53.989+0000] {task_command.py:388} INFO - Running <TaskInstance: cms_asp_noc.download_file scheduled__2022-03-13T00:00:00+00:00 [running]> on host 4ed7ae61ecf3
[2023-02-08T13:05:26.506+0000] {taskinstance.py:1509} INFO - Exporting the following env vars:
AIRFLOW_CTX_DAG_OWNER=***
AIRFLOW_CTX_DAG_ID=cms_asp_noc
AIRFLOW_CTX_TASK_ID=download_file
AIRFLOW_CTX_EXECUTION_DATE=2022-03-13T00:00:00+00:00
AIRFLOW_CTX_TRY_NUMBER=1
AIRFLOW_CTX_DAG_RUN_ID=scheduled__2022-03-13T00:00:00+00:00
[2023-02-08T13:05:58.026+0000] {local_task_job.py:208} INFO - Task exited with return code Negsignal.SIGKILL
[2023-02-08T13:06:22.859+0000] {taskinstance.py:2578} INFO - 0 downstream tasks scheduled from follow-on schedule check
