[2023-03-08T00:00:01.441+0000] {taskinstance.py:1083} INFO - Dependencies all met for <TaskInstance: cms_asp_noc.website_changed scheduled__2023-03-07T00:00:00+00:00 [queued]>
[2023-03-08T00:00:01.449+0000] {taskinstance.py:1083} INFO - Dependencies all met for <TaskInstance: cms_asp_noc.website_changed scheduled__2023-03-07T00:00:00+00:00 [queued]>
[2023-03-08T00:00:01.450+0000] {taskinstance.py:1279} INFO - 
--------------------------------------------------------------------------------
[2023-03-08T00:00:01.450+0000] {taskinstance.py:1280} INFO - Starting attempt 1 of 1
[2023-03-08T00:00:01.451+0000] {taskinstance.py:1281} INFO - 
--------------------------------------------------------------------------------
[2023-03-08T00:00:01.460+0000] {taskinstance.py:1300} INFO - Executing <Task(PythonOperator): website_changed> on 2023-03-07 00:00:00+00:00
[2023-03-08T00:00:01.467+0000] {standard_task_runner.py:55} INFO - Started process 22533 to run task
[2023-03-08T00:00:01.472+0000] {standard_task_runner.py:82} INFO - Running: ['***', 'tasks', 'run', 'cms_asp_noc', 'website_changed', 'scheduled__2023-03-07T00:00:00+00:00', '--job-id', '1970', '--raw', '--subdir', 'DAGS_FOLDER/cms_upd.py', '--cfg-path', '/tmp/tmpyl16g0m_']
[2023-03-08T00:00:01.474+0000] {standard_task_runner.py:83} INFO - Job 1970: Subtask website_changed
[2023-03-08T00:00:01.539+0000] {task_command.py:388} INFO - Running <TaskInstance: cms_asp_noc.website_changed scheduled__2023-03-07T00:00:00+00:00 [running]> on host 2886274f27ea
[2023-03-08T00:00:01.898+0000] {taskinstance.py:1509} INFO - Exporting the following env vars:
AIRFLOW_CTX_DAG_OWNER=***
AIRFLOW_CTX_DAG_ID=cms_asp_noc
AIRFLOW_CTX_TASK_ID=website_changed
AIRFLOW_CTX_EXECUTION_DATE=2023-03-07T00:00:00+00:00
AIRFLOW_CTX_TRY_NUMBER=1
AIRFLOW_CTX_DAG_RUN_ID=scheduled__2023-03-07T00:00:00+00:00
[2023-03-08T00:00:02.131+0000] {logging_mixin.py:137} INFO - Website is not changed.
[2023-03-08T00:00:02.132+0000] {python.py:177} INFO - Done. Returned value was: Website is not changed
[2023-03-08T00:00:02.154+0000] {taskinstance.py:1323} INFO - Marking task as SUCCESS. dag_id=cms_asp_noc, task_id=website_changed, execution_date=20230307T000000, start_date=20230308T000001, end_date=20230308T000002
[2023-03-08T00:00:02.212+0000] {local_task_job.py:208} INFO - Task exited with return code 0
[2023-03-08T00:00:02.364+0000] {taskinstance.py:2578} INFO - 2 downstream tasks scheduled from follow-on schedule check
