[2023-02-08T12:56:05.816+0000] {taskinstance.py:1083} INFO - Dependencies all met for <TaskInstance: cms_asp_noc.download_file scheduled__2022-02-08T00:00:00+00:00 [queued]>
[2023-02-08T12:56:06.719+0000] {taskinstance.py:1083} INFO - Dependencies all met for <TaskInstance: cms_asp_noc.download_file scheduled__2022-02-08T00:00:00+00:00 [queued]>
[2023-02-08T12:56:06.745+0000] {taskinstance.py:1279} INFO - 
--------------------------------------------------------------------------------
[2023-02-08T12:56:06.749+0000] {taskinstance.py:1280} INFO - Starting attempt 1 of 1
[2023-02-08T12:56:06.751+0000] {taskinstance.py:1281} INFO - 
--------------------------------------------------------------------------------
[2023-02-08T12:56:07.341+0000] {taskinstance.py:1300} INFO - Executing <Task(PythonOperator): download_file> on 2022-02-08 00:00:00+00:00
[2023-02-08T12:56:07.761+0000] {standard_task_runner.py:55} INFO - Started process 515 to run task
[2023-02-08T12:56:07.932+0000] {standard_task_runner.py:82} INFO - Running: ['***', 'tasks', 'run', 'cms_asp_noc', 'download_file', 'scheduled__2022-02-08T00:00:00+00:00', '--job-id', '84', '--raw', '--subdir', 'DAGS_FOLDER/cms_upd.py', '--cfg-path', '/tmp/tmpbxc72vg2']
[2023-02-08T12:56:08.200+0000] {standard_task_runner.py:83} INFO - Job 84: Subtask download_file
[2023-02-08T12:56:10.623+0000] {task_command.py:388} INFO - Running <TaskInstance: cms_asp_noc.download_file scheduled__2022-02-08T00:00:00+00:00 [running]> on host 4ed7ae61ecf3
[2023-02-08T12:56:46.800+0000] {taskinstance.py:1509} INFO - Exporting the following env vars:
AIRFLOW_CTX_DAG_OWNER=***
AIRFLOW_CTX_DAG_ID=cms_asp_noc
AIRFLOW_CTX_TASK_ID=download_file
AIRFLOW_CTX_EXECUTION_DATE=2022-02-08T00:00:00+00:00
AIRFLOW_CTX_TRY_NUMBER=1
AIRFLOW_CTX_DAG_RUN_ID=scheduled__2022-02-08T00:00:00+00:00
[2023-02-08T12:57:07.614+0000] {logging_mixin.py:137} INFO - october-2022-noc-pricing-file.zip is downloaded.
[2023-02-08T12:57:09.482+0000] {logging_mixin.py:137} INFO - april-2022-noc-pricing-file.zip is downloaded.
[2023-02-08T12:57:10.217+0000] {logging_mixin.py:137} INFO - 2023.zip is downloaded.
[2023-02-08T12:57:11.705+0000] {logging_mixin.py:137} INFO - 2023.zip is downloaded.
[2023-02-08T12:57:12.489+0000] {logging_mixin.py:137} INFO - april-2022-asp-ndc-hcpcs-crosswalk.zip is downloaded.
[2023-02-08T12:57:13.282+0000] {logging_mixin.py:137} INFO - july-2022-asp-pricing-file-updated-12142022.zip is downloaded.
[2023-02-08T12:57:13.996+0000] {logging_mixin.py:137} INFO - april-2022-asp-pricing-file-updated-12142022.zip is downloaded.
[2023-02-08T12:57:14.412+0000] {logging_mixin.py:137} INFO - january-2022-asp-ndc-hcpcs-crosswalk.zip is downloaded.
[2023-02-08T12:57:14.580+0000] {logging_mixin.py:137} INFO - january-2023-noc-pricing-file.zip is downloaded.
[2023-02-08T12:57:16.370+0000] {logging_mixin.py:137} INFO - october-2022-asp-ndc-hcpcs-crosswalks-updated-12212022.zip is downloaded.
[2023-02-08T12:57:18.529+0000] {logging_mixin.py:137} INFO - october-2022-asp-pricing-file-updated-12212022.zip is downloaded.
[2023-02-08T12:57:19.409+0000] {logging_mixin.py:137} INFO - july-2022-asp-ndc-hcpcs-crosswalk-updated-07142022.zip is downloaded.
[2023-02-08T12:57:19.626+0000] {logging_mixin.py:137} INFO - july-2022-noc-pricing-file.zip is downloaded.
[2023-02-08T12:57:19.838+0000] {logging_mixin.py:137} INFO - january-2022-asp-pricing-file-updated-06082022.zip is downloaded.
[2023-02-08T12:57:20.011+0000] {logging_mixin.py:137} INFO - january-2022-noc-pricing-file-updated-03022022.zip is downloaded.
[2023-02-08T12:57:20.015+0000] {python.py:177} INFO - Done. Returned value was: None
[2023-02-08T12:57:20.377+0000] {taskinstance.py:1323} INFO - Marking task as SUCCESS. dag_id=cms_asp_noc, task_id=download_file, execution_date=20220208T000000, start_date=20230208T125605, end_date=20230208T125720
[2023-02-08T12:57:27.396+0000] {local_task_job.py:208} INFO - Task exited with return code 0
[2023-02-08T12:58:28.876+0000] {taskinstance.py:2578} INFO - 0 downstream tasks scheduled from follow-on schedule check
