[2023-03-06T16:03:07.945+0000] {taskinstance.py:1083} INFO - Dependencies all met for <TaskInstance: cms_asp_noc.download_file scheduled__2023-03-05T00:00:00+00:00 [queued]>
[2023-03-06T16:03:07.969+0000] {taskinstance.py:1083} INFO - Dependencies all met for <TaskInstance: cms_asp_noc.download_file scheduled__2023-03-05T00:00:00+00:00 [queued]>
[2023-03-06T16:03:07.981+0000] {taskinstance.py:1279} INFO - 
--------------------------------------------------------------------------------
[2023-03-06T16:03:07.989+0000] {taskinstance.py:1280} INFO - Starting attempt 1 of 1
[2023-03-06T16:03:08.008+0000] {taskinstance.py:1281} INFO - 
--------------------------------------------------------------------------------
[2023-03-06T16:03:08.188+0000] {taskinstance.py:1300} INFO - Executing <Task(PythonOperator): download_file> on 2023-03-05 00:00:00+00:00
[2023-03-06T16:03:08.219+0000] {standard_task_runner.py:55} INFO - Started process 141 to run task
[2023-03-06T16:03:08.253+0000] {standard_task_runner.py:82} INFO - Running: ['***', 'tasks', 'run', 'cms_asp_noc', 'download_file', 'scheduled__2023-03-05T00:00:00+00:00', '--job-id', '1930', '--raw', '--subdir', 'DAGS_FOLDER/cms_upd.py', '--cfg-path', '/tmp/tmpa96q6xt0']
[2023-03-06T16:03:08.283+0000] {standard_task_runner.py:83} INFO - Job 1930: Subtask download_file
[2023-03-06T16:03:09.850+0000] {task_command.py:388} INFO - Running <TaskInstance: cms_asp_noc.download_file scheduled__2023-03-05T00:00:00+00:00 [running]> on host 2886274f27ea
[2023-03-06T16:03:10.030+0000] {taskinstance.py:1509} INFO - Exporting the following env vars:
AIRFLOW_CTX_DAG_OWNER=***
AIRFLOW_CTX_DAG_ID=cms_asp_noc
AIRFLOW_CTX_TASK_ID=download_file
AIRFLOW_CTX_EXECUTION_DATE=2023-03-05T00:00:00+00:00
AIRFLOW_CTX_TRY_NUMBER=1
AIRFLOW_CTX_DAG_RUN_ID=scheduled__2023-03-05T00:00:00+00:00
[2023-03-06T16:03:14.641+0000] {logging_mixin.py:137} INFO - january-2023-noc-pricing-file.zip is downloaded.
[2023-03-06T16:03:15.305+0000] {logging_mixin.py:137} INFO - january-2022-asp-ndc-hcpcs-crosswalk.zip is downloaded.
[2023-03-06T16:03:15.499+0000] {logging_mixin.py:137} INFO - january-2022-asp-pricing-file-updated-06082022.zip is downloaded.
[2023-03-06T16:03:15.820+0000] {logging_mixin.py:137} INFO - october-2022-asp-pricing-file-updated-12212022.zip is downloaded.
[2023-03-06T16:03:16.163+0000] {logging_mixin.py:137} INFO - 2023.zip is downloaded.
[2023-03-06T16:03:16.906+0000] {logging_mixin.py:137} INFO - 2023.zip is downloaded.
[2023-03-06T16:03:17.343+0000] {logging_mixin.py:137} INFO - january-2022-noc-pricing-file-updated-03022022.zip is downloaded.
[2023-03-06T16:03:17.592+0000] {logging_mixin.py:137} INFO - october-2022-noc-pricing-file.zip is downloaded.
[2023-03-06T16:03:18.469+0000] {logging_mixin.py:137} INFO - october-2022-asp-ndc-hcpcs-crosswalks-updated-12212022.zip is downloaded.
[2023-03-06T16:03:19.134+0000] {logging_mixin.py:137} INFO - april-2022-asp-ndc-hcpcs-crosswalk.zip is downloaded.
[2023-03-06T16:03:19.296+0000] {logging_mixin.py:137} INFO - july-2022-noc-pricing-file.zip is downloaded.
[2023-03-06T16:03:19.492+0000] {logging_mixin.py:137} INFO - april-2022-asp-pricing-file-updated-12142022.zip is downloaded.
[2023-03-06T16:03:20.255+0000] {logging_mixin.py:137} INFO - april-2022-noc-pricing-file.zip is downloaded.
[2023-03-06T16:03:20.453+0000] {logging_mixin.py:137} INFO - july-2022-asp-pricing-file-updated-12142022.zip is downloaded.
[2023-03-06T16:03:22.077+0000] {logging_mixin.py:137} INFO - july-2022-asp-ndc-hcpcs-crosswalk-updated-07142022.zip is downloaded.
[2023-03-06T16:03:22.142+0000] {python.py:177} INFO - Done. Returned value was: None
[2023-03-06T16:03:22.358+0000] {taskinstance.py:1323} INFO - Marking task as SUCCESS. dag_id=cms_asp_noc, task_id=download_file, execution_date=20230305T000000, start_date=20230306T160307, end_date=20230306T160322
[2023-03-06T16:03:24.715+0000] {local_task_job.py:208} INFO - Task exited with return code 0
[2023-03-06T16:03:32.251+0000] {taskinstance.py:2578} INFO - 0 downstream tasks scheduled from follow-on schedule check
