[2023-02-08T15:09:45.914+0000] {taskinstance.py:1083} INFO - Dependencies all met for <TaskInstance: cms_asp_noc.download_file scheduled__2022-07-10T00:00:00+00:00 [queued]>
[2023-02-08T15:09:45.941+0000] {taskinstance.py:1083} INFO - Dependencies all met for <TaskInstance: cms_asp_noc.download_file scheduled__2022-07-10T00:00:00+00:00 [queued]>
[2023-02-08T15:09:45.943+0000] {taskinstance.py:1279} INFO - 
--------------------------------------------------------------------------------
[2023-02-08T15:09:45.944+0000] {taskinstance.py:1280} INFO - Starting attempt 1 of 1
[2023-02-08T15:09:45.945+0000] {taskinstance.py:1281} INFO - 
--------------------------------------------------------------------------------
[2023-02-08T15:09:45.975+0000] {taskinstance.py:1300} INFO - Executing <Task(PythonOperator): download_file> on 2022-07-10 00:00:00+00:00
[2023-02-08T15:09:45.986+0000] {standard_task_runner.py:55} INFO - Started process 1079 to run task
[2023-02-08T15:09:45.992+0000] {standard_task_runner.py:82} INFO - Running: ['***', 'tasks', 'run', 'cms_asp_noc', 'download_file', 'scheduled__2022-07-10T00:00:00+00:00', '--job-id', '524', '--raw', '--subdir', 'DAGS_FOLDER/cms_upd.py', '--cfg-path', '/tmp/tmpzf0mijhe']
[2023-02-08T15:09:46.004+0000] {standard_task_runner.py:83} INFO - Job 524: Subtask download_file
[2023-02-08T15:09:46.148+0000] {task_command.py:388} INFO - Running <TaskInstance: cms_asp_noc.download_file scheduled__2022-07-10T00:00:00+00:00 [running]> on host 1f90076947be
[2023-02-08T15:09:46.738+0000] {taskinstance.py:1509} INFO - Exporting the following env vars:
AIRFLOW_CTX_DAG_OWNER=***
AIRFLOW_CTX_DAG_ID=cms_asp_noc
AIRFLOW_CTX_TASK_ID=download_file
AIRFLOW_CTX_EXECUTION_DATE=2022-07-10T00:00:00+00:00
AIRFLOW_CTX_TRY_NUMBER=1
AIRFLOW_CTX_DAG_RUN_ID=scheduled__2022-07-10T00:00:00+00:00
[2023-02-08T15:09:49.555+0000] {logging_mixin.py:137} INFO - july-2022-asp-pricing-file-updated-12142022.zip is downloaded.
[2023-02-08T15:09:49.689+0000] {logging_mixin.py:137} INFO - january-2023-noc-pricing-file.zip is downloaded.
[2023-02-08T15:09:49.974+0000] {logging_mixin.py:137} INFO - january-2022-asp-ndc-hcpcs-crosswalk.zip is downloaded.
[2023-02-08T15:09:50.169+0000] {logging_mixin.py:137} INFO - january-2022-asp-pricing-file-updated-06082022.zip is downloaded.
[2023-02-08T15:09:50.500+0000] {logging_mixin.py:137} INFO - october-2022-asp-ndc-hcpcs-crosswalks-updated-12212022.zip is downloaded.
[2023-02-08T15:09:50.649+0000] {logging_mixin.py:137} INFO - july-2022-noc-pricing-file.zip is downloaded.
[2023-02-08T15:09:50.788+0000] {logging_mixin.py:137} INFO - april-2022-noc-pricing-file.zip is downloaded.
[2023-02-08T15:09:51.082+0000] {logging_mixin.py:137} INFO - july-2022-asp-ndc-hcpcs-crosswalk-updated-07142022.zip is downloaded.
[2023-02-08T15:09:51.220+0000] {logging_mixin.py:137} INFO - october-2022-noc-pricing-file.zip is downloaded.
[2023-02-08T15:09:51.500+0000] {logging_mixin.py:137} INFO - april-2022-asp-ndc-hcpcs-crosswalk.zip is downloaded.
[2023-02-08T15:09:51.807+0000] {logging_mixin.py:137} INFO - 2023.zip is downloaded.
[2023-02-08T15:09:51.954+0000] {logging_mixin.py:137} INFO - january-2022-noc-pricing-file-updated-03022022.zip is downloaded.
[2023-02-08T15:09:52.133+0000] {logging_mixin.py:137} INFO - october-2022-asp-pricing-file-updated-12212022.zip is downloaded.
[2023-02-08T15:09:52.317+0000] {logging_mixin.py:137} INFO - april-2022-asp-pricing-file-updated-12142022.zip is downloaded.
[2023-02-08T15:09:52.699+0000] {logging_mixin.py:137} INFO - 2023.zip is downloaded.
[2023-02-08T15:09:52.700+0000] {python.py:177} INFO - Done. Returned value was: None
[2023-02-08T15:09:52.734+0000] {taskinstance.py:1323} INFO - Marking task as SUCCESS. dag_id=cms_asp_noc, task_id=download_file, execution_date=20220710T000000, start_date=20230208T150945, end_date=20230208T150952
[2023-02-08T15:09:53.265+0000] {local_task_job.py:208} INFO - Task exited with return code 0
[2023-02-08T15:09:54.179+0000] {taskinstance.py:2578} INFO - 1 downstream tasks scheduled from follow-on schedule check
