[2023-02-10T00:00:04.305+0000] {taskinstance.py:1083} INFO - Dependencies all met for <TaskInstance: cms_asp_noc.download_file scheduled__2023-02-09T00:00:00+00:00 [queued]>
[2023-02-10T00:00:04.312+0000] {taskinstance.py:1083} INFO - Dependencies all met for <TaskInstance: cms_asp_noc.download_file scheduled__2023-02-09T00:00:00+00:00 [queued]>
[2023-02-10T00:00:04.312+0000] {taskinstance.py:1279} INFO - 
--------------------------------------------------------------------------------
[2023-02-10T00:00:04.313+0000] {taskinstance.py:1280} INFO - Starting attempt 1 of 1
[2023-02-10T00:00:04.313+0000] {taskinstance.py:1281} INFO - 
--------------------------------------------------------------------------------
[2023-02-10T00:00:04.323+0000] {taskinstance.py:1300} INFO - Executing <Task(PythonOperator): download_file> on 2023-02-09 00:00:00+00:00
[2023-02-10T00:00:04.330+0000] {standard_task_runner.py:55} INFO - Started process 11146 to run task
[2023-02-10T00:00:04.333+0000] {standard_task_runner.py:82} INFO - Running: ['***', 'tasks', 'run', 'cms_asp_noc', 'download_file', 'scheduled__2023-02-09T00:00:00+00:00', '--job-id', '1626', '--raw', '--subdir', 'DAGS_FOLDER/cms_upd.py', '--cfg-path', '/tmp/tmpt_lbgtvj']
[2023-02-10T00:00:04.335+0000] {standard_task_runner.py:83} INFO - Job 1626: Subtask download_file
[2023-02-10T00:00:04.402+0000] {task_command.py:388} INFO - Running <TaskInstance: cms_asp_noc.download_file scheduled__2023-02-09T00:00:00+00:00 [running]> on host 2886274f27ea
[2023-02-10T00:00:04.462+0000] {taskinstance.py:1509} INFO - Exporting the following env vars:
AIRFLOW_CTX_DAG_OWNER=***
AIRFLOW_CTX_DAG_ID=cms_asp_noc
AIRFLOW_CTX_TASK_ID=download_file
AIRFLOW_CTX_EXECUTION_DATE=2023-02-09T00:00:00+00:00
AIRFLOW_CTX_TRY_NUMBER=1
AIRFLOW_CTX_DAG_RUN_ID=scheduled__2023-02-09T00:00:00+00:00
[2023-02-10T00:00:05.888+0000] {python.py:177} INFO - Done. Returned value was: None
[2023-02-10T00:00:05.906+0000] {taskinstance.py:1323} INFO - Marking task as SUCCESS. dag_id=cms_asp_noc, task_id=download_file, execution_date=20230209T000000, start_date=20230210T000004, end_date=20230210T000005
[2023-02-10T00:00:05.985+0000] {local_task_job.py:208} INFO - Task exited with return code 0
[2023-02-10T00:00:06.041+0000] {taskinstance.py:2578} INFO - 0 downstream tasks scheduled from follow-on schedule check
