[2023-02-08T15:20:24.023+0000] {taskinstance.py:1083} INFO - Dependencies all met for <TaskInstance: cms_asp_noc.download_file scheduled__2022-11-13T00:00:00+00:00 [queued]>
[2023-02-08T15:20:24.032+0000] {taskinstance.py:1083} INFO - Dependencies all met for <TaskInstance: cms_asp_noc.download_file scheduled__2022-11-13T00:00:00+00:00 [queued]>
[2023-02-08T15:20:24.033+0000] {taskinstance.py:1279} INFO - 
--------------------------------------------------------------------------------
[2023-02-08T15:20:24.033+0000] {taskinstance.py:1280} INFO - Starting attempt 1 of 1
[2023-02-08T15:20:24.034+0000] {taskinstance.py:1281} INFO - 
--------------------------------------------------------------------------------
[2023-02-08T15:20:24.043+0000] {taskinstance.py:1300} INFO - Executing <Task(PythonOperator): download_file> on 2022-11-13 00:00:00+00:00
[2023-02-08T15:20:24.049+0000] {standard_task_runner.py:55} INFO - Started process 3571 to run task
[2023-02-08T15:20:24.052+0000] {standard_task_runner.py:82} INFO - Running: ['***', 'tasks', 'run', 'cms_asp_noc', 'download_file', 'scheduled__2022-11-13T00:00:00+00:00', '--job-id', '1158', '--raw', '--subdir', 'DAGS_FOLDER/cms_upd.py', '--cfg-path', '/tmp/tmp7i44li05']
[2023-02-08T15:20:24.055+0000] {standard_task_runner.py:83} INFO - Job 1158: Subtask download_file
[2023-02-08T15:20:24.119+0000] {task_command.py:388} INFO - Running <TaskInstance: cms_asp_noc.download_file scheduled__2022-11-13T00:00:00+00:00 [running]> on host 1f90076947be
[2023-02-08T15:20:24.192+0000] {taskinstance.py:1509} INFO - Exporting the following env vars:
AIRFLOW_CTX_DAG_OWNER=***
AIRFLOW_CTX_DAG_ID=cms_asp_noc
AIRFLOW_CTX_TASK_ID=download_file
AIRFLOW_CTX_EXECUTION_DATE=2022-11-13T00:00:00+00:00
AIRFLOW_CTX_TRY_NUMBER=1
AIRFLOW_CTX_DAG_RUN_ID=scheduled__2022-11-13T00:00:00+00:00
[2023-02-08T15:20:27.227+0000] {logging_mixin.py:137} INFO - july-2022-asp-pricing-file-updated-12142022.zip is downloaded.
[2023-02-08T15:20:27.351+0000] {logging_mixin.py:137} INFO - january-2023-noc-pricing-file.zip is downloaded.
[2023-02-08T15:20:27.603+0000] {logging_mixin.py:137} INFO - january-2022-asp-ndc-hcpcs-crosswalk.zip is downloaded.
[2023-02-08T15:20:27.811+0000] {logging_mixin.py:137} INFO - january-2022-asp-pricing-file-updated-06082022.zip is downloaded.
[2023-02-08T15:20:28.153+0000] {logging_mixin.py:137} INFO - october-2022-asp-ndc-hcpcs-crosswalks-updated-12212022.zip is downloaded.
[2023-02-08T15:20:28.306+0000] {logging_mixin.py:137} INFO - july-2022-noc-pricing-file.zip is downloaded.
[2023-02-08T15:20:28.453+0000] {logging_mixin.py:137} INFO - april-2022-noc-pricing-file.zip is downloaded.
[2023-02-08T15:20:28.731+0000] {logging_mixin.py:137} INFO - july-2022-asp-ndc-hcpcs-crosswalk-updated-07142022.zip is downloaded.
[2023-02-08T15:20:28.870+0000] {logging_mixin.py:137} INFO - october-2022-noc-pricing-file.zip is downloaded.
[2023-02-08T15:20:29.151+0000] {logging_mixin.py:137} INFO - april-2022-asp-ndc-hcpcs-crosswalk.zip is downloaded.
[2023-02-08T15:20:29.362+0000] {logging_mixin.py:137} INFO - 2023.zip is downloaded.
[2023-02-08T15:20:29.629+0000] {logging_mixin.py:137} INFO - january-2022-noc-pricing-file-updated-03022022.zip is downloaded.
[2023-02-08T15:20:29.790+0000] {logging_mixin.py:137} INFO - october-2022-asp-pricing-file-updated-12212022.zip is downloaded.
[2023-02-08T15:20:29.980+0000] {logging_mixin.py:137} INFO - april-2022-asp-pricing-file-updated-12142022.zip is downloaded.
[2023-02-08T15:20:30.384+0000] {logging_mixin.py:137} INFO - 2023.zip is downloaded.
[2023-02-08T15:20:30.385+0000] {python.py:177} INFO - Done. Returned value was: None
[2023-02-08T15:20:30.454+0000] {taskinstance.py:1323} INFO - Marking task as SUCCESS. dag_id=cms_asp_noc, task_id=download_file, execution_date=20221113T000000, start_date=20230208T152024, end_date=20230208T152030
[2023-02-08T15:20:30.935+0000] {local_task_job.py:208} INFO - Task exited with return code 0
[2023-02-08T15:20:31.014+0000] {taskinstance.py:2578} INFO - 1 downstream tasks scheduled from follow-on schedule check
