[2023-02-08T13:08:18.720+0000] {taskinstance.py:1083} INFO - Dependencies all met for <TaskInstance: cms_asp_noc.data_load scheduled__2022-03-14T00:00:00+00:00 [queued]>
[2023-02-08T13:08:19.037+0000] {taskinstance.py:1083} INFO - Dependencies all met for <TaskInstance: cms_asp_noc.data_load scheduled__2022-03-14T00:00:00+00:00 [queued]>
[2023-02-08T13:08:19.041+0000] {taskinstance.py:1279} INFO - 
--------------------------------------------------------------------------------
[2023-02-08T13:08:19.043+0000] {taskinstance.py:1280} INFO - Starting attempt 1 of 1
[2023-02-08T13:08:19.049+0000] {taskinstance.py:1281} INFO - 
--------------------------------------------------------------------------------
[2023-02-08T13:08:19.715+0000] {taskinstance.py:1300} INFO - Executing <Task(PythonOperator): data_load> on 2022-03-14 00:00:00+00:00
[2023-02-08T13:08:19.958+0000] {standard_task_runner.py:55} INFO - Started process 1101 to run task
[2023-02-08T13:08:20.054+0000] {standard_task_runner.py:82} INFO - Running: ['***', 'tasks', 'run', 'cms_asp_noc', 'data_load', 'scheduled__2022-03-14T00:00:00+00:00', '--job-id', '166', '--raw', '--subdir', 'DAGS_FOLDER/cms_upd.py', '--cfg-path', '/tmp/tmp7velchhi']
[2023-02-08T13:08:20.239+0000] {standard_task_runner.py:83} INFO - Job 166: Subtask data_load
[2023-02-08T13:08:22.289+0000] {task_command.py:388} INFO - Running <TaskInstance: cms_asp_noc.data_load scheduled__2022-03-14T00:00:00+00:00 [running]> on host 4ed7ae61ecf3
[2023-02-08T13:09:12.753+0000] {taskinstance.py:1509} INFO - Exporting the following env vars:
AIRFLOW_CTX_DAG_OWNER=***
AIRFLOW_CTX_DAG_ID=cms_asp_noc
AIRFLOW_CTX_TASK_ID=data_load
AIRFLOW_CTX_EXECUTION_DATE=2022-03-14T00:00:00+00:00
AIRFLOW_CTX_TRY_NUMBER=1
AIRFLOW_CTX_DAG_RUN_ID=scheduled__2022-03-14T00:00:00+00:00
[2023-02-08T13:09:13.844+0000] {logging_mixin.py:137} INFO - []
[2023-02-08T13:09:13.846+0000] {python.py:177} INFO - Done. Returned value was: None
[2023-02-08T13:09:14.262+0000] {taskinstance.py:1323} INFO - Marking task as SUCCESS. dag_id=cms_asp_noc, task_id=data_load, execution_date=20220314T000000, start_date=20230208T130818, end_date=20230208T130914
[2023-02-08T13:09:21.760+0000] {local_task_job.py:208} INFO - Task exited with return code 0
[2023-02-08T13:10:11.353+0000] {taskinstance.py:2578} INFO - 0 downstream tasks scheduled from follow-on schedule check
