[2023-02-14T00:00:07.730+0000] {taskinstance.py:1083} INFO - Dependencies all met for <TaskInstance: cms_asp_noc.download_file scheduled__2023-02-13T00:00:00+00:00 [queued]>
[2023-02-14T00:00:07.740+0000] {taskinstance.py:1083} INFO - Dependencies all met for <TaskInstance: cms_asp_noc.download_file scheduled__2023-02-13T00:00:00+00:00 [queued]>
[2023-02-14T00:00:07.740+0000] {taskinstance.py:1279} INFO - 
--------------------------------------------------------------------------------
[2023-02-14T00:00:07.741+0000] {taskinstance.py:1280} INFO - Starting attempt 1 of 1
[2023-02-14T00:00:07.741+0000] {taskinstance.py:1281} INFO - 
--------------------------------------------------------------------------------
[2023-02-14T00:00:07.751+0000] {taskinstance.py:1300} INFO - Executing <Task(PythonOperator): download_file> on 2023-02-13 00:00:00+00:00
[2023-02-14T00:00:07.760+0000] {standard_task_runner.py:55} INFO - Started process 57320 to run task
[2023-02-14T00:00:07.764+0000] {standard_task_runner.py:82} INFO - Running: ['***', 'tasks', 'run', 'cms_asp_noc', 'download_file', 'scheduled__2023-02-13T00:00:00+00:00', '--job-id', '1755', '--raw', '--subdir', 'DAGS_FOLDER/cms_upd.py', '--cfg-path', '/tmp/tmp0fqf4cjt']
[2023-02-14T00:00:07.767+0000] {standard_task_runner.py:83} INFO - Job 1755: Subtask download_file
[2023-02-14T00:00:08.040+0000] {task_command.py:388} INFO - Running <TaskInstance: cms_asp_noc.download_file scheduled__2023-02-13T00:00:00+00:00 [running]> on host 2886274f27ea
[2023-02-14T00:00:08.099+0000] {taskinstance.py:1509} INFO - Exporting the following env vars:
AIRFLOW_CTX_DAG_OWNER=***
AIRFLOW_CTX_DAG_ID=cms_asp_noc
AIRFLOW_CTX_TASK_ID=download_file
AIRFLOW_CTX_EXECUTION_DATE=2023-02-13T00:00:00+00:00
AIRFLOW_CTX_TRY_NUMBER=1
AIRFLOW_CTX_DAG_RUN_ID=scheduled__2023-02-13T00:00:00+00:00
[2023-02-14T00:00:11.764+0000] {logging_mixin.py:137} INFO - october-2022-noc-pricing-file.zip is downloaded.
[2023-02-14T00:00:11.954+0000] {logging_mixin.py:137} INFO - 2023.zip is downloaded.
[2023-02-14T00:00:12.124+0000] {logging_mixin.py:137} INFO - january-2023-noc-pricing-file.zip is downloaded.
[2023-02-14T00:00:12.434+0000] {logging_mixin.py:137} INFO - july-2022-noc-pricing-file.zip is downloaded.
[2023-02-14T00:00:13.998+0000] {logging_mixin.py:137} INFO - october-2022-asp-ndc-hcpcs-crosswalks-updated-12212022.zip is downloaded.
[2023-02-14T00:00:14.805+0000] {logging_mixin.py:137} INFO - april-2022-asp-pricing-file-updated-12142022.zip is downloaded.
[2023-02-14T00:00:15.685+0000] {logging_mixin.py:137} INFO - april-2022-asp-ndc-hcpcs-crosswalk.zip is downloaded.
[2023-02-14T00:00:16.008+0000] {logging_mixin.py:137} INFO - january-2022-noc-pricing-file-updated-03022022.zip is downloaded.
[2023-02-14T00:00:16.519+0000] {logging_mixin.py:137} INFO - 2023.zip is downloaded.
[2023-02-14T00:00:16.959+0000] {logging_mixin.py:137} INFO - april-2022-noc-pricing-file.zip is downloaded.
[2023-02-14T00:00:17.191+0000] {logging_mixin.py:137} INFO - october-2022-asp-pricing-file-updated-12212022.zip is downloaded.
[2023-02-14T00:00:17.442+0000] {logging_mixin.py:137} INFO - january-2022-asp-pricing-file-updated-06082022.zip is downloaded.
[2023-02-14T00:00:17.878+0000] {logging_mixin.py:137} INFO - july-2022-asp-ndc-hcpcs-crosswalk-updated-07142022.zip is downloaded.
[2023-02-14T00:00:18.275+0000] {logging_mixin.py:137} INFO - january-2022-asp-ndc-hcpcs-crosswalk.zip is downloaded.
[2023-02-14T00:00:18.455+0000] {logging_mixin.py:137} INFO - july-2022-asp-pricing-file-updated-12142022.zip is downloaded.
[2023-02-14T00:00:18.456+0000] {python.py:177} INFO - Done. Returned value was: None
[2023-02-14T00:00:18.504+0000] {taskinstance.py:1323} INFO - Marking task as SUCCESS. dag_id=cms_asp_noc, task_id=download_file, execution_date=20230213T000000, start_date=20230214T000007, end_date=20230214T000018
[2023-02-14T00:00:18.651+0000] {local_task_job.py:208} INFO - Task exited with return code 0
[2023-02-14T00:00:19.076+0000] {taskinstance.py:2578} INFO - 1 downstream tasks scheduled from follow-on schedule check
