[2023-02-15T00:00:37.112+0000] {taskinstance.py:1083} INFO - Dependencies all met for <TaskInstance: cms_asp_noc.call_noc_ndc_procedure scheduled__2023-02-14T00:00:00+00:00 [queued]>
[2023-02-15T00:00:37.122+0000] {taskinstance.py:1083} INFO - Dependencies all met for <TaskInstance: cms_asp_noc.call_noc_ndc_procedure scheduled__2023-02-14T00:00:00+00:00 [queued]>
[2023-02-15T00:00:37.123+0000] {taskinstance.py:1279} INFO - 
--------------------------------------------------------------------------------
[2023-02-15T00:00:37.124+0000] {taskinstance.py:1280} INFO - Starting attempt 1 of 1
[2023-02-15T00:00:37.125+0000] {taskinstance.py:1281} INFO - 
--------------------------------------------------------------------------------
[2023-02-15T00:00:37.135+0000] {taskinstance.py:1300} INFO - Executing <Task(PythonOperator): call_noc_ndc_procedure> on 2023-02-14 00:00:00+00:00
[2023-02-15T00:00:37.144+0000] {standard_task_runner.py:55} INFO - Started process 14732 to run task
[2023-02-15T00:00:37.149+0000] {standard_task_runner.py:82} INFO - Running: ['***', 'tasks', 'run', 'cms_asp_noc', 'call_noc_ndc_procedure', 'scheduled__2023-02-14T00:00:00+00:00', '--job-id', '1772', '--raw', '--subdir', 'DAGS_FOLDER/cms_upd.py', '--cfg-path', '/tmp/tmp9jt6bedd']
[2023-02-15T00:00:37.151+0000] {standard_task_runner.py:83} INFO - Job 1772: Subtask call_noc_ndc_procedure
[2023-02-15T00:00:37.709+0000] {task_command.py:388} INFO - Running <TaskInstance: cms_asp_noc.call_noc_ndc_procedure scheduled__2023-02-14T00:00:00+00:00 [running]> on host 2886274f27ea
[2023-02-15T00:00:37.816+0000] {taskinstance.py:1509} INFO - Exporting the following env vars:
AIRFLOW_CTX_DAG_OWNER=***
AIRFLOW_CTX_DAG_ID=cms_asp_noc
AIRFLOW_CTX_TASK_ID=call_noc_ndc_procedure
AIRFLOW_CTX_EXECUTION_DATE=2023-02-14T00:00:00+00:00
AIRFLOW_CTX_TRY_NUMBER=1
AIRFLOW_CTX_DAG_RUN_ID=scheduled__2023-02-14T00:00:00+00:00
[2023-02-15T00:00:37.836+0000] {python.py:177} INFO - Done. Returned value was: None
[2023-02-15T00:00:37.860+0000] {taskinstance.py:1323} INFO - Marking task as SUCCESS. dag_id=cms_asp_noc, task_id=call_noc_ndc_procedure, execution_date=20230214T000000, start_date=20230215T000037, end_date=20230215T000037
[2023-02-15T00:00:37.968+0000] {local_task_job.py:208} INFO - Task exited with return code 0
[2023-02-15T00:00:38.058+0000] {taskinstance.py:2578} INFO - 1 downstream tasks scheduled from follow-on schedule check
