[2023-02-08T13:20:25.176+0000] {taskinstance.py:1083} INFO - Dependencies all met for <TaskInstance: cms_asp_noc.extract scheduled__2022-04-23T00:00:00+00:00 [queued]>
[2023-02-08T13:20:26.579+0000] {taskinstance.py:1083} INFO - Dependencies all met for <TaskInstance: cms_asp_noc.extract scheduled__2022-04-23T00:00:00+00:00 [queued]>
[2023-02-08T13:20:26.661+0000] {taskinstance.py:1279} INFO - 
--------------------------------------------------------------------------------
[2023-02-08T13:20:26.665+0000] {taskinstance.py:1280} INFO - Starting attempt 1 of 1
[2023-02-08T13:20:26.690+0000] {taskinstance.py:1281} INFO - 
--------------------------------------------------------------------------------
[2023-02-08T13:20:29.847+0000] {taskinstance.py:1300} INFO - Executing <Task(PythonOperator): extract> on 2022-04-23 00:00:00+00:00
[2023-02-08T13:20:30.735+0000] {standard_task_runner.py:55} INFO - Started process 1529 to run task
[2023-02-08T13:20:30.847+0000] {standard_task_runner.py:82} INFO - Running: ['***', 'tasks', 'run', 'cms_asp_noc', 'extract', 'scheduled__2022-04-23T00:00:00+00:00', '--job-id', '224', '--raw', '--subdir', 'DAGS_FOLDER/cms_upd.py', '--cfg-path', '/tmp/tmp0ldjq1o2']
[2023-02-08T13:20:30.916+0000] {standard_task_runner.py:83} INFO - Job 224: Subtask extract
[2023-02-08T13:20:35.900+0000] {task_command.py:388} INFO - Running <TaskInstance: cms_asp_noc.extract scheduled__2022-04-23T00:00:00+00:00 [running]> on host 4ed7ae61ecf3
[2023-02-08T13:22:03.484+0000] {taskinstance.py:1509} INFO - Exporting the following env vars:
AIRFLOW_CTX_DAG_OWNER=***
AIRFLOW_CTX_DAG_ID=cms_asp_noc
AIRFLOW_CTX_TASK_ID=extract
AIRFLOW_CTX_EXECUTION_DATE=2022-04-23T00:00:00+00:00
AIRFLOW_CTX_TRY_NUMBER=1
AIRFLOW_CTX_DAG_RUN_ID=scheduled__2022-04-23T00:00:00+00:00
[2023-02-08T13:22:03.561+0000] {logging_mixin.py:137} INFO - /opt/***/op_files/cms_zip_files/april-2022-asp-pricing-file-updated-06082022.zip
[2023-02-08T13:22:03.873+0000] {logging_mixin.py:137} INFO - /opt/***/op_files/cms_zip_files/april-2022-asp-pricing-file-updated-12142022.zip
[2023-02-08T13:22:04.472+0000] {logging_mixin.py:137} INFO - /opt/***/op_files/cms_zip_files/january-2022-asp-pricing-file-updated-06082022.zip
[2023-02-08T13:22:13.458+0000] {logging_mixin.py:137} INFO - /opt/***/op_files/cms_zip_files/july-2022-asp-ndc-hcpcs-crosswalk-updated-07142022.zip
[2023-02-08T13:23:08.237+0000] {logging_mixin.py:137} INFO - /opt/***/op_files/cms_zip_files/july-2022-asp-pricing-file-updated-12142022.zip
[2023-02-08T13:23:09.165+0000] {logging_mixin.py:137} INFO - /opt/***/op_files/cms_zip_files/july-2022-noc-pricing-file.zip
[2023-02-08T13:23:09.720+0000] {python.py:177} INFO - Done. Returned value was: None
[2023-02-08T13:23:20.141+0000] {taskinstance.py:1323} INFO - Marking task as SUCCESS. dag_id=cms_asp_noc, task_id=extract, execution_date=20220423T000000, start_date=20230208T132025, end_date=20230208T132320
[2023-02-08T13:23:33.418+0000] {local_task_job.py:208} INFO - Task exited with return code 0
[2023-02-08T13:23:59.945+0000] {taskinstance.py:2578} INFO - 1 downstream tasks scheduled from follow-on schedule check
