[2023-03-09T00:00:21.110+0000] {taskinstance.py:1083} INFO - Dependencies all met for <TaskInstance: cms_asp_noc.extract scheduled__2023-03-08T00:00:00+00:00 [queued]>
[2023-03-09T00:00:21.119+0000] {taskinstance.py:1083} INFO - Dependencies all met for <TaskInstance: cms_asp_noc.extract scheduled__2023-03-08T00:00:00+00:00 [queued]>
[2023-03-09T00:00:21.119+0000] {taskinstance.py:1279} INFO - 
--------------------------------------------------------------------------------
[2023-03-09T00:00:21.120+0000] {taskinstance.py:1280} INFO - Starting attempt 1 of 1
[2023-03-09T00:00:21.120+0000] {taskinstance.py:1281} INFO - 
--------------------------------------------------------------------------------
[2023-03-09T00:00:21.130+0000] {taskinstance.py:1300} INFO - Executing <Task(PythonOperator): extract> on 2023-03-08 00:00:00+00:00
[2023-03-09T00:00:21.138+0000] {standard_task_runner.py:55} INFO - Started process 69335 to run task
[2023-03-09T00:00:21.143+0000] {standard_task_runner.py:82} INFO - Running: ['***', 'tasks', 'run', 'cms_asp_noc', 'extract', 'scheduled__2023-03-08T00:00:00+00:00', '--job-id', '1983', '--raw', '--subdir', 'DAGS_FOLDER/cms_upd.py', '--cfg-path', '/tmp/tmpg6c26mc9']
[2023-03-09T00:00:21.146+0000] {standard_task_runner.py:83} INFO - Job 1983: Subtask extract
[2023-03-09T00:00:21.226+0000] {task_command.py:388} INFO - Running <TaskInstance: cms_asp_noc.extract scheduled__2023-03-08T00:00:00+00:00 [running]> on host 2886274f27ea
[2023-03-09T00:00:21.464+0000] {taskinstance.py:1509} INFO - Exporting the following env vars:
AIRFLOW_CTX_DAG_OWNER=***
AIRFLOW_CTX_DAG_ID=cms_asp_noc
AIRFLOW_CTX_TASK_ID=extract
AIRFLOW_CTX_EXECUTION_DATE=2023-03-08T00:00:00+00:00
AIRFLOW_CTX_TRY_NUMBER=1
AIRFLOW_CTX_DAG_RUN_ID=scheduled__2023-03-08T00:00:00+00:00
[2023-03-09T00:00:21.468+0000] {logging_mixin.py:137} INFO - /opt/***/op_files/cms_zip_files/april-2022-asp-pricing-file-updated-06082022.zip
[2023-03-09T00:00:21.499+0000] {logging_mixin.py:137} INFO - /opt/***/op_files/cms_zip_files/april-2022-asp-pricing-file-updated-12142022.zip
[2023-03-09T00:00:21.523+0000] {logging_mixin.py:137} INFO - /opt/***/op_files/cms_zip_files/january-2022-asp-pricing-file-updated-06082022.zip
[2023-03-09T00:00:21.540+0000] {logging_mixin.py:137} INFO - /opt/***/op_files/cms_zip_files/july-2022-asp-ndc-hcpcs-crosswalk-updated-07142022.zip
[2023-03-09T00:00:21.701+0000] {logging_mixin.py:137} INFO - /opt/***/op_files/cms_zip_files/july-2022-asp-pricing-file-updated-12142022.zip
[2023-03-09T00:00:21.724+0000] {logging_mixin.py:137} INFO - /opt/***/op_files/cms_zip_files/july-2022-noc-pricing-file.zip
[2023-03-09T00:00:21.736+0000] {python.py:177} INFO - Done. Returned value was: None
[2023-03-09T00:00:21.759+0000] {taskinstance.py:1323} INFO - Marking task as SUCCESS. dag_id=cms_asp_noc, task_id=extract, execution_date=20230308T000000, start_date=20230309T000021, end_date=20230309T000021
[2023-03-09T00:00:21.879+0000] {local_task_job.py:208} INFO - Task exited with return code 0
[2023-03-09T00:00:21.918+0000] {taskinstance.py:2578} INFO - 1 downstream tasks scheduled from follow-on schedule check
