[2023-02-08T12:49:00.878+0000] {taskinstance.py:1083} INFO - Dependencies all met for <TaskInstance: cms_asp_noc.extract scheduled__2022-01-01T00:00:00+00:00 [queued]>
[2023-02-08T12:49:00.946+0000] {taskinstance.py:1083} INFO - Dependencies all met for <TaskInstance: cms_asp_noc.extract scheduled__2022-01-01T00:00:00+00:00 [queued]>
[2023-02-08T12:49:00.950+0000] {taskinstance.py:1279} INFO - 
--------------------------------------------------------------------------------
[2023-02-08T12:49:00.952+0000] {taskinstance.py:1280} INFO - Starting attempt 1 of 1
[2023-02-08T12:49:00.953+0000] {taskinstance.py:1281} INFO - 
--------------------------------------------------------------------------------
[2023-02-08T12:49:01.019+0000] {taskinstance.py:1300} INFO - Executing <Task(PythonOperator): extract> on 2022-01-01 00:00:00+00:00
[2023-02-08T12:49:01.082+0000] {standard_task_runner.py:55} INFO - Started process 213 to run task
[2023-02-08T12:49:01.252+0000] {standard_task_runner.py:82} INFO - Running: ['***', 'tasks', 'run', 'cms_asp_noc', 'extract', 'scheduled__2022-01-01T00:00:00+00:00', '--job-id', '35', '--raw', '--subdir', 'DAGS_FOLDER/cms_upd.py', '--cfg-path', '/tmp/tmp7mp7km65']
[2023-02-08T12:49:01.301+0000] {standard_task_runner.py:83} INFO - Job 35: Subtask extract
[2023-02-08T12:49:02.634+0000] {task_command.py:388} INFO - Running <TaskInstance: cms_asp_noc.extract scheduled__2022-01-01T00:00:00+00:00 [running]> on host 4ed7ae61ecf3
[2023-02-08T12:49:27.869+0000] {taskinstance.py:1509} INFO - Exporting the following env vars:
AIRFLOW_CTX_DAG_OWNER=***
AIRFLOW_CTX_DAG_ID=cms_asp_noc
AIRFLOW_CTX_TASK_ID=extract
AIRFLOW_CTX_EXECUTION_DATE=2022-01-01T00:00:00+00:00
AIRFLOW_CTX_TRY_NUMBER=1
AIRFLOW_CTX_DAG_RUN_ID=scheduled__2022-01-01T00:00:00+00:00
[2023-02-08T12:49:28.302+0000] {logging_mixin.py:137} INFO - /opt/***/op_files/cms_zip_files/april-2022-asp-pricing-file-updated-06082022.zip
[2023-02-08T12:49:41.297+0000] {local_task_job.py:208} INFO - Task exited with return code Negsignal.SIGKILL
[2023-02-08T12:50:08.119+0000] {taskinstance.py:2578} INFO - 0 downstream tasks scheduled from follow-on schedule check
