[2023-02-08T15:14:39.059+0000] {taskinstance.py:1083} INFO - Dependencies all met for <TaskInstance: cms_asp_noc.download_file scheduled__2022-09-06T00:00:00+00:00 [queued]>
[2023-02-08T15:14:39.108+0000] {taskinstance.py:1083} INFO - Dependencies all met for <TaskInstance: cms_asp_noc.download_file scheduled__2022-09-06T00:00:00+00:00 [queued]>
[2023-02-08T15:14:39.109+0000] {taskinstance.py:1279} INFO - 
--------------------------------------------------------------------------------
[2023-02-08T15:14:39.110+0000] {taskinstance.py:1280} INFO - Starting attempt 1 of 1
[2023-02-08T15:14:39.110+0000] {taskinstance.py:1281} INFO - 
--------------------------------------------------------------------------------
[2023-02-08T15:14:39.175+0000] {taskinstance.py:1300} INFO - Executing <Task(PythonOperator): download_file> on 2022-09-06 00:00:00+00:00
[2023-02-08T15:14:39.213+0000] {standard_task_runner.py:55} INFO - Started process 2201 to run task
[2023-02-08T15:14:39.238+0000] {standard_task_runner.py:82} INFO - Running: ['***', 'tasks', 'run', 'cms_asp_noc', 'download_file', 'scheduled__2022-09-06T00:00:00+00:00', '--job-id', '809', '--raw', '--subdir', 'DAGS_FOLDER/cms_upd.py', '--cfg-path', '/tmp/tmp37037zts']
[2023-02-08T15:14:39.253+0000] {standard_task_runner.py:83} INFO - Job 809: Subtask download_file
[2023-02-08T15:14:39.492+0000] {task_command.py:388} INFO - Running <TaskInstance: cms_asp_noc.download_file scheduled__2022-09-06T00:00:00+00:00 [running]> on host 1f90076947be
[2023-02-08T15:14:41.807+0000] {taskinstance.py:1509} INFO - Exporting the following env vars:
AIRFLOW_CTX_DAG_OWNER=***
AIRFLOW_CTX_DAG_ID=cms_asp_noc
AIRFLOW_CTX_TASK_ID=download_file
AIRFLOW_CTX_EXECUTION_DATE=2022-09-06T00:00:00+00:00
AIRFLOW_CTX_TRY_NUMBER=1
AIRFLOW_CTX_DAG_RUN_ID=scheduled__2022-09-06T00:00:00+00:00
[2023-02-08T15:14:44.003+0000] {logging_mixin.py:137} INFO - july-2022-asp-pricing-file-updated-12142022.zip is downloaded.
[2023-02-08T15:14:44.152+0000] {logging_mixin.py:137} INFO - january-2023-noc-pricing-file.zip is downloaded.
[2023-02-08T15:14:44.456+0000] {logging_mixin.py:137} INFO - january-2022-asp-ndc-hcpcs-crosswalk.zip is downloaded.
[2023-02-08T15:14:44.621+0000] {logging_mixin.py:137} INFO - january-2022-asp-pricing-file-updated-06082022.zip is downloaded.
[2023-02-08T15:14:44.909+0000] {logging_mixin.py:137} INFO - october-2022-asp-ndc-hcpcs-crosswalks-updated-12212022.zip is downloaded.
[2023-02-08T15:14:45.059+0000] {logging_mixin.py:137} INFO - july-2022-noc-pricing-file.zip is downloaded.
[2023-02-08T15:14:45.197+0000] {logging_mixin.py:137} INFO - april-2022-noc-pricing-file.zip is downloaded.
[2023-02-08T15:14:45.467+0000] {logging_mixin.py:137} INFO - july-2022-asp-ndc-hcpcs-crosswalk-updated-07142022.zip is downloaded.
[2023-02-08T15:14:45.628+0000] {logging_mixin.py:137} INFO - october-2022-noc-pricing-file.zip is downloaded.
[2023-02-08T15:14:45.938+0000] {logging_mixin.py:137} INFO - april-2022-asp-ndc-hcpcs-crosswalk.zip is downloaded.
[2023-02-08T15:14:46.121+0000] {logging_mixin.py:137} INFO - 2023.zip is downloaded.
[2023-02-08T15:14:46.273+0000] {logging_mixin.py:137} INFO - january-2022-noc-pricing-file-updated-03022022.zip is downloaded.
[2023-02-08T15:14:46.433+0000] {logging_mixin.py:137} INFO - october-2022-asp-pricing-file-updated-12212022.zip is downloaded.
[2023-02-08T15:14:46.628+0000] {logging_mixin.py:137} INFO - april-2022-asp-pricing-file-updated-12142022.zip is downloaded.
[2023-02-08T15:14:47.052+0000] {logging_mixin.py:137} INFO - 2023.zip is downloaded.
[2023-02-08T15:14:47.056+0000] {python.py:177} INFO - Done. Returned value was: None
[2023-02-08T15:14:47.119+0000] {taskinstance.py:1323} INFO - Marking task as SUCCESS. dag_id=cms_asp_noc, task_id=download_file, execution_date=20220906T000000, start_date=20230208T151439, end_date=20230208T151447
[2023-02-08T15:14:47.404+0000] {local_task_job.py:208} INFO - Task exited with return code 0
[2023-02-08T15:14:48.159+0000] {taskinstance.py:2578} INFO - 0 downstream tasks scheduled from follow-on schedule check
