[2023-02-08T15:12:16.031+0000] {taskinstance.py:1083} INFO - Dependencies all met for <TaskInstance: cms_asp_noc.download_file scheduled__2022-08-05T00:00:00+00:00 [queued]>
[2023-02-08T15:12:16.074+0000] {taskinstance.py:1083} INFO - Dependencies all met for <TaskInstance: cms_asp_noc.download_file scheduled__2022-08-05T00:00:00+00:00 [queued]>
[2023-02-08T15:12:16.074+0000] {taskinstance.py:1279} INFO - 
--------------------------------------------------------------------------------
[2023-02-08T15:12:16.075+0000] {taskinstance.py:1280} INFO - Starting attempt 1 of 1
[2023-02-08T15:12:16.075+0000] {taskinstance.py:1281} INFO - 
--------------------------------------------------------------------------------
[2023-02-08T15:12:16.107+0000] {taskinstance.py:1300} INFO - Executing <Task(PythonOperator): download_file> on 2022-08-05 00:00:00+00:00
[2023-02-08T15:12:16.122+0000] {standard_task_runner.py:55} INFO - Started process 1648 to run task
[2023-02-08T15:12:16.141+0000] {standard_task_runner.py:82} INFO - Running: ['***', 'tasks', 'run', 'cms_asp_noc', 'download_file', 'scheduled__2022-08-05T00:00:00+00:00', '--job-id', '668', '--raw', '--subdir', 'DAGS_FOLDER/cms_upd.py', '--cfg-path', '/tmp/tmp39p396os']
[2023-02-08T15:12:16.164+0000] {standard_task_runner.py:83} INFO - Job 668: Subtask download_file
[2023-02-08T15:12:16.385+0000] {task_command.py:388} INFO - Running <TaskInstance: cms_asp_noc.download_file scheduled__2022-08-05T00:00:00+00:00 [running]> on host 1f90076947be
[2023-02-08T15:12:17.882+0000] {taskinstance.py:1509} INFO - Exporting the following env vars:
AIRFLOW_CTX_DAG_OWNER=***
AIRFLOW_CTX_DAG_ID=cms_asp_noc
AIRFLOW_CTX_TASK_ID=download_file
AIRFLOW_CTX_EXECUTION_DATE=2022-08-05T00:00:00+00:00
AIRFLOW_CTX_TRY_NUMBER=1
AIRFLOW_CTX_DAG_RUN_ID=scheduled__2022-08-05T00:00:00+00:00
[2023-02-08T15:12:20.476+0000] {logging_mixin.py:137} INFO - july-2022-asp-pricing-file-updated-12142022.zip is downloaded.
[2023-02-08T15:12:20.628+0000] {logging_mixin.py:137} INFO - january-2023-noc-pricing-file.zip is downloaded.
[2023-02-08T15:12:20.923+0000] {logging_mixin.py:137} INFO - january-2022-asp-ndc-hcpcs-crosswalk.zip is downloaded.
[2023-02-08T15:12:21.096+0000] {logging_mixin.py:137} INFO - january-2022-asp-pricing-file-updated-06082022.zip is downloaded.
[2023-02-08T15:12:21.412+0000] {logging_mixin.py:137} INFO - october-2022-asp-ndc-hcpcs-crosswalks-updated-12212022.zip is downloaded.
[2023-02-08T15:12:21.542+0000] {logging_mixin.py:137} INFO - july-2022-noc-pricing-file.zip is downloaded.
[2023-02-08T15:12:21.744+0000] {logging_mixin.py:137} INFO - april-2022-noc-pricing-file.zip is downloaded.
[2023-02-08T15:12:22.125+0000] {logging_mixin.py:137} INFO - july-2022-asp-ndc-hcpcs-crosswalk-updated-07142022.zip is downloaded.
[2023-02-08T15:12:22.336+0000] {logging_mixin.py:137} INFO - october-2022-noc-pricing-file.zip is downloaded.
[2023-02-08T15:12:23.500+0000] {logging_mixin.py:137} INFO - april-2022-asp-ndc-hcpcs-crosswalk.zip is downloaded.
[2023-02-08T15:12:24.151+0000] {logging_mixin.py:137} INFO - 2023.zip is downloaded.
[2023-02-08T15:12:24.655+0000] {logging_mixin.py:137} INFO - january-2022-noc-pricing-file-updated-03022022.zip is downloaded.
[2023-02-08T15:12:25.384+0000] {logging_mixin.py:137} INFO - october-2022-asp-pricing-file-updated-12212022.zip is downloaded.
[2023-02-08T15:12:25.582+0000] {logging_mixin.py:137} INFO - april-2022-asp-pricing-file-updated-12142022.zip is downloaded.
[2023-02-08T15:12:25.936+0000] {logging_mixin.py:137} INFO - 2023.zip is downloaded.
[2023-02-08T15:12:25.939+0000] {python.py:177} INFO - Done. Returned value was: None
[2023-02-08T15:12:25.982+0000] {taskinstance.py:1323} INFO - Marking task as SUCCESS. dag_id=cms_asp_noc, task_id=download_file, execution_date=20220805T000000, start_date=20230208T151216, end_date=20230208T151225
[2023-02-08T15:12:26.443+0000] {local_task_job.py:208} INFO - Task exited with return code 0
[2023-02-08T15:12:28.749+0000] {taskinstance.py:2578} INFO - 0 downstream tasks scheduled from follow-on schedule check
