[2023-02-09T22:14:25.197+0000] {taskinstance.py:1083} INFO - Dependencies all met for <TaskInstance: cms_asp_noc.website_changed manual__2023-02-09T22:14:21+00:00 [queued]>
[2023-02-09T22:14:25.207+0000] {taskinstance.py:1083} INFO - Dependencies all met for <TaskInstance: cms_asp_noc.website_changed manual__2023-02-09T22:14:21+00:00 [queued]>
[2023-02-09T22:14:25.209+0000] {taskinstance.py:1279} INFO - 
--------------------------------------------------------------------------------
[2023-02-09T22:14:25.209+0000] {taskinstance.py:1280} INFO - Starting attempt 1 of 1
[2023-02-09T22:14:25.210+0000] {taskinstance.py:1281} INFO - 
--------------------------------------------------------------------------------
[2023-02-09T22:14:25.221+0000] {taskinstance.py:1300} INFO - Executing <Task(PythonOperator): website_changed> on 2023-02-09 22:14:21+00:00
[2023-02-09T22:14:25.234+0000] {standard_task_runner.py:55} INFO - Started process 3987 to run task
[2023-02-09T22:14:25.240+0000] {standard_task_runner.py:82} INFO - Running: ['***', 'tasks', 'run', 'cms_asp_noc', 'website_changed', 'manual__2023-02-09T22:14:21+00:00', '--job-id', '1615', '--raw', '--subdir', 'DAGS_FOLDER/cms_upd.py', '--cfg-path', '/tmp/tmpsym0dah2']
[2023-02-09T22:14:25.243+0000] {standard_task_runner.py:83} INFO - Job 1615: Subtask website_changed
[2023-02-09T22:14:25.317+0000] {task_command.py:388} INFO - Running <TaskInstance: cms_asp_noc.website_changed manual__2023-02-09T22:14:21+00:00 [running]> on host 2886274f27ea
[2023-02-09T22:14:25.381+0000] {taskinstance.py:1509} INFO - Exporting the following env vars:
AIRFLOW_CTX_DAG_OWNER=***
AIRFLOW_CTX_DAG_ID=cms_asp_noc
AIRFLOW_CTX_TASK_ID=website_changed
AIRFLOW_CTX_EXECUTION_DATE=2023-02-09T22:14:21+00:00
AIRFLOW_CTX_TRY_NUMBER=1
AIRFLOW_CTX_DAG_RUN_ID=manual__2023-02-09T22:14:21+00:00
[2023-02-09T22:14:25.919+0000] {logging_mixin.py:137} INFO - Website is not changed.
[2023-02-09T22:14:25.920+0000] {python.py:177} INFO - Done. Returned value was: Website is not changed
[2023-02-09T22:14:25.947+0000] {taskinstance.py:1323} INFO - Marking task as SUCCESS. dag_id=cms_asp_noc, task_id=website_changed, execution_date=20230209T221421, start_date=20230209T221425, end_date=20230209T221425
[2023-02-09T22:14:25.994+0000] {local_task_job.py:208} INFO - Task exited with return code 0
[2023-02-09T22:14:26.028+0000] {taskinstance.py:2578} INFO - 2 downstream tasks scheduled from follow-on schedule check
