[2023-02-10T11:25:08.690+0000] {taskinstance.py:1083} INFO - Dependencies all met for <TaskInstance: cms_asp_noc.data_load manual__2023-02-09T22:14:21+00:00 [queued]>
[2023-02-10T11:25:08.700+0000] {taskinstance.py:1083} INFO - Dependencies all met for <TaskInstance: cms_asp_noc.data_load manual__2023-02-09T22:14:21+00:00 [queued]>
[2023-02-10T11:25:08.701+0000] {taskinstance.py:1279} INFO - 
--------------------------------------------------------------------------------
[2023-02-10T11:25:08.702+0000] {taskinstance.py:1280} INFO - Starting attempt 5 of 5
[2023-02-10T11:25:08.702+0000] {taskinstance.py:1281} INFO - 
--------------------------------------------------------------------------------
[2023-02-10T11:25:08.712+0000] {taskinstance.py:1300} INFO - Executing <Task(PythonOperator): data_load> on 2023-02-09 22:14:21+00:00
[2023-02-10T11:25:08.721+0000] {standard_task_runner.py:55} INFO - Started process 30185 to run task
[2023-02-10T11:25:08.725+0000] {standard_task_runner.py:82} INFO - Running: ['***', 'tasks', 'run', 'cms_asp_noc', 'data_load', 'manual__2023-02-09T22:14:21+00:00', '--job-id', '1630', '--raw', '--subdir', 'DAGS_FOLDER/cms_upd.py', '--cfg-path', '/tmp/tmpwoi6imkt']
[2023-02-10T11:25:08.728+0000] {standard_task_runner.py:83} INFO - Job 1630: Subtask data_load
[2023-02-10T11:25:08.812+0000] {task_command.py:388} INFO - Running <TaskInstance: cms_asp_noc.data_load manual__2023-02-09T22:14:21+00:00 [running]> on host 2886274f27ea
[2023-02-10T11:25:08.880+0000] {taskinstance.py:1509} INFO - Exporting the following env vars:
AIRFLOW_CTX_DAG_OWNER=***
AIRFLOW_CTX_DAG_ID=cms_asp_noc
AIRFLOW_CTX_TASK_ID=data_load
AIRFLOW_CTX_EXECUTION_DATE=2023-02-09T22:14:21+00:00
AIRFLOW_CTX_TRY_NUMBER=5
AIRFLOW_CTX_DAG_RUN_ID=manual__2023-02-09T22:14:21+00:00
[2023-02-10T11:25:08.884+0000] {logging_mixin.py:137} INFO - []
[2023-02-10T11:25:08.884+0000] {python.py:177} INFO - Done. Returned value was: None
[2023-02-10T11:25:10.077+0000] {taskinstance.py:1323} INFO - Marking task as SUCCESS. dag_id=cms_asp_noc, task_id=data_load, execution_date=20230209T221421, start_date=20230210T112508, end_date=20230210T112510
[2023-02-10T11:25:10.166+0000] {local_task_job.py:208} INFO - Task exited with return code 0
[2023-02-10T11:25:10.197+0000] {taskinstance.py:2578} INFO - 0 downstream tasks scheduled from follow-on schedule check
