[2023-02-09T23:42:54.927+0000] {taskinstance.py:1083} INFO - Dependencies all met for <TaskInstance: cms_asp_noc.data_load manual__2023-02-09T22:14:21+00:00 [queued]>
[2023-02-09T23:42:54.937+0000] {taskinstance.py:1083} INFO - Dependencies all met for <TaskInstance: cms_asp_noc.data_load manual__2023-02-09T22:14:21+00:00 [queued]>
[2023-02-09T23:42:54.943+0000] {taskinstance.py:1279} INFO - 
--------------------------------------------------------------------------------
[2023-02-09T23:42:54.944+0000] {taskinstance.py:1280} INFO - Starting attempt 2 of 2
[2023-02-09T23:42:54.946+0000] {taskinstance.py:1281} INFO - 
--------------------------------------------------------------------------------
[2023-02-09T23:42:54.957+0000] {taskinstance.py:1300} INFO - Executing <Task(PythonOperator): data_load> on 2023-02-09 22:14:21+00:00
[2023-02-09T23:42:54.965+0000] {standard_task_runner.py:55} INFO - Started process 9979 to run task
[2023-02-09T23:42:54.971+0000] {standard_task_runner.py:82} INFO - Running: ['***', 'tasks', 'run', 'cms_asp_noc', 'data_load', 'manual__2023-02-09T22:14:21+00:00', '--job-id', '1620', '--raw', '--subdir', 'DAGS_FOLDER/cms_upd.py', '--cfg-path', '/tmp/tmpswa5bn7r']
[2023-02-09T23:42:54.974+0000] {standard_task_runner.py:83} INFO - Job 1620: Subtask data_load
[2023-02-09T23:42:55.048+0000] {task_command.py:388} INFO - Running <TaskInstance: cms_asp_noc.data_load manual__2023-02-09T22:14:21+00:00 [running]> on host 2886274f27ea
[2023-02-09T23:42:55.121+0000] {taskinstance.py:1509} INFO - Exporting the following env vars:
AIRFLOW_CTX_DAG_OWNER=***
AIRFLOW_CTX_DAG_ID=cms_asp_noc
AIRFLOW_CTX_TASK_ID=data_load
AIRFLOW_CTX_EXECUTION_DATE=2023-02-09T22:14:21+00:00
AIRFLOW_CTX_TRY_NUMBER=2
AIRFLOW_CTX_DAG_RUN_ID=manual__2023-02-09T22:14:21+00:00
[2023-02-09T23:42:55.123+0000] {logging_mixin.py:137} INFO - []
[2023-02-09T23:42:55.124+0000] {python.py:177} INFO - Done. Returned value was: None
[2023-02-09T23:42:55.915+0000] {taskinstance.py:1323} INFO - Marking task as SUCCESS. dag_id=cms_asp_noc, task_id=data_load, execution_date=20230209T221421, start_date=20230209T234254, end_date=20230209T234255
[2023-02-09T23:42:55.989+0000] {local_task_job.py:208} INFO - Task exited with return code 0
[2023-02-09T23:42:56.107+0000] {taskinstance.py:2578} INFO - 0 downstream tasks scheduled from follow-on schedule check
