[2023-02-09T22:14:33.850+0000] {taskinstance.py:1083} INFO - Dependencies all met for <TaskInstance: cms_asp_noc.data_load manual__2023-02-09T22:14:21+00:00 [queued]>
[2023-02-09T22:14:33.861+0000] {taskinstance.py:1083} INFO - Dependencies all met for <TaskInstance: cms_asp_noc.data_load manual__2023-02-09T22:14:21+00:00 [queued]>
[2023-02-09T22:14:33.862+0000] {taskinstance.py:1279} INFO - 
--------------------------------------------------------------------------------
[2023-02-09T22:14:33.863+0000] {taskinstance.py:1280} INFO - Starting attempt 1 of 1
[2023-02-09T22:14:33.863+0000] {taskinstance.py:1281} INFO - 
--------------------------------------------------------------------------------
[2023-02-09T22:14:33.873+0000] {taskinstance.py:1300} INFO - Executing <Task(PythonOperator): data_load> on 2023-02-09 22:14:21+00:00
[2023-02-09T22:14:33.879+0000] {standard_task_runner.py:55} INFO - Started process 3996 to run task
[2023-02-09T22:14:33.882+0000] {standard_task_runner.py:82} INFO - Running: ['***', 'tasks', 'run', 'cms_asp_noc', 'data_load', 'manual__2023-02-09T22:14:21+00:00', '--job-id', '1618', '--raw', '--subdir', 'DAGS_FOLDER/cms_upd.py', '--cfg-path', '/tmp/tmp2yhthkc_']
[2023-02-09T22:14:33.885+0000] {standard_task_runner.py:83} INFO - Job 1618: Subtask data_load
[2023-02-09T22:14:33.946+0000] {task_command.py:388} INFO - Running <TaskInstance: cms_asp_noc.data_load manual__2023-02-09T22:14:21+00:00 [running]> on host 2886274f27ea
[2023-02-09T22:14:34.000+0000] {taskinstance.py:1509} INFO - Exporting the following env vars:
AIRFLOW_CTX_DAG_OWNER=***
AIRFLOW_CTX_DAG_ID=cms_asp_noc
AIRFLOW_CTX_TASK_ID=data_load
AIRFLOW_CTX_EXECUTION_DATE=2023-02-09T22:14:21+00:00
AIRFLOW_CTX_TRY_NUMBER=1
AIRFLOW_CTX_DAG_RUN_ID=manual__2023-02-09T22:14:21+00:00
[2023-02-09T22:14:34.002+0000] {logging_mixin.py:137} INFO - []
[2023-02-09T22:14:34.003+0000] {python.py:177} INFO - Done. Returned value was: None
[2023-02-09T22:14:34.156+0000] {taskinstance.py:1323} INFO - Marking task as SUCCESS. dag_id=cms_asp_noc, task_id=data_load, execution_date=20230209T221421, start_date=20230209T221433, end_date=20230209T221434
[2023-02-09T22:14:34.218+0000] {local_task_job.py:208} INFO - Task exited with return code 0
[2023-02-09T22:14:34.247+0000] {taskinstance.py:2578} INFO - 1 downstream tasks scheduled from follow-on schedule check
