[2023-02-09T23:44:51.597+0000] {taskinstance.py:1083} INFO - Dependencies all met for <TaskInstance: cms_asp_noc.data_load manual__2023-02-09T22:14:21+00:00 [queued]>
[2023-02-09T23:44:51.607+0000] {taskinstance.py:1083} INFO - Dependencies all met for <TaskInstance: cms_asp_noc.data_load manual__2023-02-09T22:14:21+00:00 [queued]>
[2023-02-09T23:44:51.608+0000] {taskinstance.py:1279} INFO - 
--------------------------------------------------------------------------------
[2023-02-09T23:44:51.609+0000] {taskinstance.py:1280} INFO - Starting attempt 3 of 3
[2023-02-09T23:44:51.609+0000] {taskinstance.py:1281} INFO - 
--------------------------------------------------------------------------------
[2023-02-09T23:44:51.620+0000] {taskinstance.py:1300} INFO - Executing <Task(PythonOperator): data_load> on 2023-02-09 22:14:21+00:00
[2023-02-09T23:44:51.628+0000] {standard_task_runner.py:55} INFO - Started process 10112 to run task
[2023-02-09T23:44:51.633+0000] {standard_task_runner.py:82} INFO - Running: ['***', 'tasks', 'run', 'cms_asp_noc', 'data_load', 'manual__2023-02-09T22:14:21+00:00', '--job-id', '1621', '--raw', '--subdir', 'DAGS_FOLDER/cms_upd.py', '--cfg-path', '/tmp/tmpch4ebs8g']
[2023-02-09T23:44:51.636+0000] {standard_task_runner.py:83} INFO - Job 1621: Subtask data_load
[2023-02-09T23:44:51.720+0000] {task_command.py:388} INFO - Running <TaskInstance: cms_asp_noc.data_load manual__2023-02-09T22:14:21+00:00 [running]> on host 2886274f27ea
[2023-02-09T23:44:51.788+0000] {taskinstance.py:1509} INFO - Exporting the following env vars:
AIRFLOW_CTX_DAG_OWNER=***
AIRFLOW_CTX_DAG_ID=cms_asp_noc
AIRFLOW_CTX_TASK_ID=data_load
AIRFLOW_CTX_EXECUTION_DATE=2023-02-09T22:14:21+00:00
AIRFLOW_CTX_TRY_NUMBER=3
AIRFLOW_CTX_DAG_RUN_ID=manual__2023-02-09T22:14:21+00:00
[2023-02-09T23:44:51.791+0000] {logging_mixin.py:137} INFO - []
[2023-02-09T23:44:51.792+0000] {python.py:177} INFO - Done. Returned value was: None
[2023-02-09T23:44:52.147+0000] {taskinstance.py:1323} INFO - Marking task as SUCCESS. dag_id=cms_asp_noc, task_id=data_load, execution_date=20230209T221421, start_date=20230209T234451, end_date=20230209T234452
[2023-02-09T23:44:52.222+0000] {local_task_job.py:208} INFO - Task exited with return code 0
[2023-02-09T23:44:52.244+0000] {taskinstance.py:2578} INFO - 0 downstream tasks scheduled from follow-on schedule check
