[2023-02-11T00:00:17.896+0000] {taskinstance.py:1083} INFO - Dependencies all met for <TaskInstance: cms_asp_noc.call_asp_pricing scheduled__2023-02-10T00:00:00+00:00 [queued]>
[2023-02-11T00:00:17.907+0000] {taskinstance.py:1083} INFO - Dependencies all met for <TaskInstance: cms_asp_noc.call_asp_pricing scheduled__2023-02-10T00:00:00+00:00 [queued]>
[2023-02-11T00:00:17.908+0000] {taskinstance.py:1279} INFO - 
--------------------------------------------------------------------------------
[2023-02-11T00:00:17.908+0000] {taskinstance.py:1280} INFO - Starting attempt 1 of 1
[2023-02-11T00:00:17.909+0000] {taskinstance.py:1281} INFO - 
--------------------------------------------------------------------------------
[2023-02-11T00:00:17.920+0000] {taskinstance.py:1300} INFO - Executing <Task(PythonOperator): call_asp_pricing> on 2023-02-10 00:00:00+00:00
[2023-02-11T00:00:17.927+0000] {standard_task_runner.py:55} INFO - Started process 75611 to run task
[2023-02-11T00:00:17.931+0000] {standard_task_runner.py:82} INFO - Running: ['***', 'tasks', 'run', 'cms_asp_noc', 'call_asp_pricing', 'scheduled__2023-02-10T00:00:00+00:00', '--job-id', '1726', '--raw', '--subdir', 'DAGS_FOLDER/cms_upd.py', '--cfg-path', '/tmp/tmput7izh9m']
[2023-02-11T00:00:17.933+0000] {standard_task_runner.py:83} INFO - Job 1726: Subtask call_asp_pricing
[2023-02-11T00:00:18.000+0000] {task_command.py:388} INFO - Running <TaskInstance: cms_asp_noc.call_asp_pricing scheduled__2023-02-10T00:00:00+00:00 [running]> on host 2886274f27ea
[2023-02-11T00:00:18.062+0000] {taskinstance.py:1509} INFO - Exporting the following env vars:
AIRFLOW_CTX_DAG_OWNER=***
AIRFLOW_CTX_DAG_ID=cms_asp_noc
AIRFLOW_CTX_TASK_ID=call_asp_pricing
AIRFLOW_CTX_EXECUTION_DATE=2023-02-10T00:00:00+00:00
AIRFLOW_CTX_TRY_NUMBER=1
AIRFLOW_CTX_DAG_RUN_ID=scheduled__2023-02-10T00:00:00+00:00
[2023-02-11T00:00:18.103+0000] {python.py:177} INFO - Done. Returned value was: None
[2023-02-11T00:00:18.447+0000] {taskinstance.py:1323} INFO - Marking task as SUCCESS. dag_id=cms_asp_noc, task_id=call_asp_pricing, execution_date=20230210T000000, start_date=20230211T000017, end_date=20230211T000018
[2023-02-11T00:00:18.519+0000] {local_task_job.py:208} INFO - Task exited with return code 0
[2023-02-11T00:00:18.548+0000] {taskinstance.py:2578} INFO - 1 downstream tasks scheduled from follow-on schedule check
