[2023-02-08T15:57:16.408+0000] {taskinstance.py:1083} INFO - Dependencies all met for <TaskInstance: cms_asp_noc.download_file scheduled__2023-02-04T00:00:00+00:00 [queued]>
[2023-02-08T15:57:16.451+0000] {taskinstance.py:1083} INFO - Dependencies all met for <TaskInstance: cms_asp_noc.download_file scheduled__2023-02-04T00:00:00+00:00 [queued]>
[2023-02-08T15:57:16.452+0000] {taskinstance.py:1279} INFO - 
--------------------------------------------------------------------------------
[2023-02-08T15:57:16.452+0000] {taskinstance.py:1280} INFO - Starting attempt 1 of 1
[2023-02-08T15:57:16.453+0000] {taskinstance.py:1281} INFO - 
--------------------------------------------------------------------------------
[2023-02-08T15:57:16.498+0000] {taskinstance.py:1300} INFO - Executing <Task(PythonOperator): download_file> on 2023-02-04 00:00:00+00:00
[2023-02-08T15:57:16.520+0000] {standard_task_runner.py:55} INFO - Started process 5226 to run task
[2023-02-08T15:57:16.574+0000] {standard_task_runner.py:82} INFO - Running: ['***', 'tasks', 'run', 'cms_asp_noc', 'download_file', 'scheduled__2023-02-04T00:00:00+00:00', '--job-id', '1543', '--raw', '--subdir', 'DAGS_FOLDER/cms_upd.py', '--cfg-path', '/tmp/tmp2q3th4ey']
[2023-02-08T15:57:16.587+0000] {standard_task_runner.py:83} INFO - Job 1543: Subtask download_file
[2023-02-08T15:57:16.857+0000] {task_command.py:388} INFO - Running <TaskInstance: cms_asp_noc.download_file scheduled__2023-02-04T00:00:00+00:00 [running]> on host 1f90076947be
[2023-02-08T15:57:19.422+0000] {taskinstance.py:1509} INFO - Exporting the following env vars:
AIRFLOW_CTX_DAG_OWNER=***
AIRFLOW_CTX_DAG_ID=cms_asp_noc
AIRFLOW_CTX_TASK_ID=download_file
AIRFLOW_CTX_EXECUTION_DATE=2023-02-04T00:00:00+00:00
AIRFLOW_CTX_TRY_NUMBER=1
AIRFLOW_CTX_DAG_RUN_ID=scheduled__2023-02-04T00:00:00+00:00
[2023-02-08T15:57:21.592+0000] {logging_mixin.py:137} INFO - july-2022-asp-pricing-file-updated-12142022.zip is downloaded.
[2023-02-08T15:57:21.692+0000] {logging_mixin.py:137} INFO - january-2023-noc-pricing-file.zip is downloaded.
[2023-02-08T15:57:21.875+0000] {logging_mixin.py:137} INFO - january-2022-asp-ndc-hcpcs-crosswalk.zip is downloaded.
[2023-02-08T15:57:22.005+0000] {logging_mixin.py:137} INFO - january-2022-asp-pricing-file-updated-06082022.zip is downloaded.
[2023-02-08T15:57:22.200+0000] {logging_mixin.py:137} INFO - october-2022-asp-ndc-hcpcs-crosswalks-updated-12212022.zip is downloaded.
[2023-02-08T15:57:22.315+0000] {logging_mixin.py:137} INFO - july-2022-noc-pricing-file.zip is downloaded.
[2023-02-08T15:57:22.411+0000] {logging_mixin.py:137} INFO - april-2022-noc-pricing-file.zip is downloaded.
[2023-02-08T15:57:22.619+0000] {logging_mixin.py:137} INFO - july-2022-asp-ndc-hcpcs-crosswalk-updated-07142022.zip is downloaded.
[2023-02-08T15:57:22.720+0000] {logging_mixin.py:137} INFO - october-2022-noc-pricing-file.zip is downloaded.
[2023-02-08T15:57:22.926+0000] {logging_mixin.py:137} INFO - april-2022-asp-ndc-hcpcs-crosswalk.zip is downloaded.
[2023-02-08T15:57:23.070+0000] {logging_mixin.py:137} INFO - 2023.zip is downloaded.
[2023-02-08T15:57:23.178+0000] {logging_mixin.py:137} INFO - january-2022-noc-pricing-file-updated-03022022.zip is downloaded.
[2023-02-08T15:57:23.304+0000] {logging_mixin.py:137} INFO - october-2022-asp-pricing-file-updated-12212022.zip is downloaded.
[2023-02-08T15:57:23.448+0000] {logging_mixin.py:137} INFO - april-2022-asp-pricing-file-updated-12142022.zip is downloaded.
[2023-02-08T15:57:23.704+0000] {logging_mixin.py:137} INFO - 2023.zip is downloaded.
[2023-02-08T15:57:23.706+0000] {python.py:177} INFO - Done. Returned value was: None
[2023-02-08T15:57:23.755+0000] {taskinstance.py:1323} INFO - Marking task as SUCCESS. dag_id=cms_asp_noc, task_id=download_file, execution_date=20230204T000000, start_date=20230208T155716, end_date=20230208T155723
[2023-02-08T15:57:24.037+0000] {local_task_job.py:208} INFO - Task exited with return code 0
[2023-02-08T15:57:25.255+0000] {taskinstance.py:2578} INFO - 0 downstream tasks scheduled from follow-on schedule check
