[2023-02-08T13:19:13.145+0000] {taskinstance.py:1083} INFO - Dependencies all met for <TaskInstance: cms_asp_noc.data_load scheduled__2022-04-13T00:00:00+00:00 [queued]>
[2023-02-08T13:19:13.354+0000] {taskinstance.py:1083} INFO - Dependencies all met for <TaskInstance: cms_asp_noc.data_load scheduled__2022-04-13T00:00:00+00:00 [queued]>
[2023-02-08T13:19:13.355+0000] {taskinstance.py:1279} INFO - 
--------------------------------------------------------------------------------
[2023-02-08T13:19:13.356+0000] {taskinstance.py:1280} INFO - Starting attempt 1 of 1
[2023-02-08T13:19:13.358+0000] {taskinstance.py:1281} INFO - 
--------------------------------------------------------------------------------
[2023-02-08T13:19:13.613+0000] {taskinstance.py:1300} INFO - Executing <Task(PythonOperator): data_load> on 2022-04-13 00:00:00+00:00
[2023-02-08T13:19:15.328+0000] {standard_task_runner.py:55} INFO - Started process 1483 to run task
[2023-02-08T13:19:21.349+0000] {standard_task_runner.py:82} INFO - Running: ['***', 'tasks', 'run', 'cms_asp_noc', 'data_load', 'scheduled__2022-04-13T00:00:00+00:00', '--job-id', '223', '--raw', '--subdir', 'DAGS_FOLDER/cms_upd.py', '--cfg-path', '/tmp/tmpqs7bypno']
[2023-02-08T13:19:28.614+0000] {standard_task_runner.py:83} INFO - Job 223: Subtask data_load
[2023-02-08T13:20:00.767+0000] {task_command.py:388} INFO - Running <TaskInstance: cms_asp_noc.data_load scheduled__2022-04-13T00:00:00+00:00 [running]> on host 4ed7ae61ecf3
[2023-02-08T13:20:08.467+0000] {taskinstance.py:1509} INFO - Exporting the following env vars:
AIRFLOW_CTX_DAG_OWNER=***
AIRFLOW_CTX_DAG_ID=cms_asp_noc
AIRFLOW_CTX_TASK_ID=data_load
AIRFLOW_CTX_EXECUTION_DATE=2022-04-13T00:00:00+00:00
AIRFLOW_CTX_TRY_NUMBER=1
AIRFLOW_CTX_DAG_RUN_ID=scheduled__2022-04-13T00:00:00+00:00
[2023-02-08T13:20:08.708+0000] {logging_mixin.py:137} INFO - []
[2023-02-08T13:20:08.725+0000] {python.py:177} INFO - Done. Returned value was: None
[2023-02-08T13:20:09.363+0000] {taskinstance.py:1323} INFO - Marking task as SUCCESS. dag_id=cms_asp_noc, task_id=data_load, execution_date=20220413T000000, start_date=20230208T131913, end_date=20230208T132009
[2023-02-08T13:20:24.426+0000] {local_task_job.py:208} INFO - Task exited with return code 0
[2023-02-08T13:20:45.611+0000] {taskinstance.py:2578} INFO - 0 downstream tasks scheduled from follow-on schedule check
