[2023-02-08T12:52:36.051+0000] {taskinstance.py:1083} INFO - Dependencies all met for <TaskInstance: cms_asp_noc.extract scheduled__2022-01-20T00:00:00+00:00 [queued]>
[2023-02-08T12:52:36.610+0000] {taskinstance.py:1083} INFO - Dependencies all met for <TaskInstance: cms_asp_noc.extract scheduled__2022-01-20T00:00:00+00:00 [queued]>
[2023-02-08T12:52:36.691+0000] {taskinstance.py:1279} INFO - 
--------------------------------------------------------------------------------
[2023-02-08T12:52:36.712+0000] {taskinstance.py:1280} INFO - Starting attempt 1 of 1
[2023-02-08T12:52:36.722+0000] {taskinstance.py:1281} INFO - 
--------------------------------------------------------------------------------
[2023-02-08T12:52:37.474+0000] {taskinstance.py:1300} INFO - Executing <Task(PythonOperator): extract> on 2022-01-20 00:00:00+00:00
[2023-02-08T12:52:37.558+0000] {standard_task_runner.py:55} INFO - Started process 387 to run task
[2023-02-08T12:52:37.601+0000] {standard_task_runner.py:82} INFO - Running: ['***', 'tasks', 'run', 'cms_asp_noc', 'extract', 'scheduled__2022-01-20T00:00:00+00:00', '--job-id', '61', '--raw', '--subdir', 'DAGS_FOLDER/cms_upd.py', '--cfg-path', '/tmp/tmp325isv4o']
[2023-02-08T12:52:37.646+0000] {standard_task_runner.py:83} INFO - Job 61: Subtask extract
[2023-02-08T12:52:39.695+0000] {task_command.py:388} INFO - Running <TaskInstance: cms_asp_noc.extract scheduled__2022-01-20T00:00:00+00:00 [running]> on host 4ed7ae61ecf3
[2023-02-08T12:53:08.441+0000] {taskinstance.py:1509} INFO - Exporting the following env vars:
AIRFLOW_CTX_DAG_OWNER=***
AIRFLOW_CTX_DAG_ID=cms_asp_noc
AIRFLOW_CTX_TASK_ID=extract
AIRFLOW_CTX_EXECUTION_DATE=2022-01-20T00:00:00+00:00
AIRFLOW_CTX_TRY_NUMBER=1
AIRFLOW_CTX_DAG_RUN_ID=scheduled__2022-01-20T00:00:00+00:00
[2023-02-08T12:53:08.600+0000] {logging_mixin.py:137} INFO - /opt/***/op_files/cms_zip_files/april-2022-asp-pricing-file-updated-06082022.zip
[2023-02-08T12:53:08.918+0000] {logging_mixin.py:137} INFO - /opt/***/op_files/cms_zip_files/april-2022-asp-pricing-file-updated-12142022.zip
[2023-02-08T12:53:09.022+0000] {logging_mixin.py:137} INFO - /opt/***/op_files/cms_zip_files/january-2022-asp-pricing-file-updated-06082022.zip
[2023-02-08T12:53:09.125+0000] {logging_mixin.py:137} INFO - /opt/***/op_files/cms_zip_files/july-2022-asp-ndc-hcpcs-crosswalk-updated-07142022.zip
[2023-02-08T12:53:09.525+0000] {logging_mixin.py:137} INFO - /opt/***/op_files/cms_zip_files/july-2022-asp-pricing-file-updated-12142022.zip
[2023-02-08T12:53:09.595+0000] {logging_mixin.py:137} INFO - /opt/***/op_files/cms_zip_files/july-2022-noc-pricing-file.zip
[2023-02-08T12:53:09.645+0000] {python.py:177} INFO - Done. Returned value was: None
[2023-02-08T12:53:10.477+0000] {taskinstance.py:1323} INFO - Marking task as SUCCESS. dag_id=cms_asp_noc, task_id=extract, execution_date=20220120T000000, start_date=20230208T125236, end_date=20230208T125310
[2023-02-08T12:53:16.851+0000] {local_task_job.py:208} INFO - Task exited with return code 0
[2023-02-08T12:53:37.125+0000] {taskinstance.py:2578} INFO - 0 downstream tasks scheduled from follow-on schedule check
