[2023-02-08T15:20:54.378+0000] {taskinstance.py:1083} INFO - Dependencies all met for <TaskInstance: cms_asp_noc.download_file scheduled__2022-11-20T00:00:00+00:00 [queued]>
[2023-02-08T15:20:54.412+0000] {taskinstance.py:1083} INFO - Dependencies all met for <TaskInstance: cms_asp_noc.download_file scheduled__2022-11-20T00:00:00+00:00 [queued]>
[2023-02-08T15:20:54.413+0000] {taskinstance.py:1279} INFO - 
--------------------------------------------------------------------------------
[2023-02-08T15:20:54.413+0000] {taskinstance.py:1280} INFO - Starting attempt 1 of 1
[2023-02-08T15:20:54.414+0000] {taskinstance.py:1281} INFO - 
--------------------------------------------------------------------------------
[2023-02-08T15:20:54.455+0000] {taskinstance.py:1300} INFO - Executing <Task(PythonOperator): download_file> on 2022-11-20 00:00:00+00:00
[2023-02-08T15:20:54.467+0000] {standard_task_runner.py:55} INFO - Started process 3716 to run task
[2023-02-08T15:20:54.486+0000] {standard_task_runner.py:82} INFO - Running: ['***', 'tasks', 'run', 'cms_asp_noc', 'download_file', 'scheduled__2022-11-20T00:00:00+00:00', '--job-id', '1193', '--raw', '--subdir', 'DAGS_FOLDER/cms_upd.py', '--cfg-path', '/tmp/tmpkfj9ml01']
[2023-02-08T15:20:54.490+0000] {standard_task_runner.py:83} INFO - Job 1193: Subtask download_file
[2023-02-08T15:20:54.677+0000] {task_command.py:388} INFO - Running <TaskInstance: cms_asp_noc.download_file scheduled__2022-11-20T00:00:00+00:00 [running]> on host 1f90076947be
[2023-02-08T15:20:55.636+0000] {taskinstance.py:1509} INFO - Exporting the following env vars:
AIRFLOW_CTX_DAG_OWNER=***
AIRFLOW_CTX_DAG_ID=cms_asp_noc
AIRFLOW_CTX_TASK_ID=download_file
AIRFLOW_CTX_EXECUTION_DATE=2022-11-20T00:00:00+00:00
AIRFLOW_CTX_TRY_NUMBER=1
AIRFLOW_CTX_DAG_RUN_ID=scheduled__2022-11-20T00:00:00+00:00
[2023-02-08T15:20:58.219+0000] {logging_mixin.py:137} INFO - july-2022-asp-pricing-file-updated-12142022.zip is downloaded.
[2023-02-08T15:20:58.359+0000] {logging_mixin.py:137} INFO - january-2023-noc-pricing-file.zip is downloaded.
[2023-02-08T15:20:58.731+0000] {logging_mixin.py:137} INFO - january-2022-asp-ndc-hcpcs-crosswalk.zip is downloaded.
[2023-02-08T15:20:58.939+0000] {logging_mixin.py:137} INFO - january-2022-asp-pricing-file-updated-06082022.zip is downloaded.
[2023-02-08T15:20:59.316+0000] {logging_mixin.py:137} INFO - october-2022-asp-ndc-hcpcs-crosswalks-updated-12212022.zip is downloaded.
[2023-02-08T15:20:59.464+0000] {logging_mixin.py:137} INFO - july-2022-noc-pricing-file.zip is downloaded.
[2023-02-08T15:20:59.632+0000] {logging_mixin.py:137} INFO - april-2022-noc-pricing-file.zip is downloaded.
[2023-02-08T15:20:59.894+0000] {logging_mixin.py:137} INFO - july-2022-asp-ndc-hcpcs-crosswalk-updated-07142022.zip is downloaded.
[2023-02-08T15:21:00.042+0000] {logging_mixin.py:137} INFO - october-2022-noc-pricing-file.zip is downloaded.
[2023-02-08T15:21:00.343+0000] {logging_mixin.py:137} INFO - april-2022-asp-ndc-hcpcs-crosswalk.zip is downloaded.
[2023-02-08T15:21:01.079+0000] {logging_mixin.py:137} INFO - 2023.zip is downloaded.
[2023-02-08T15:21:01.758+0000] {logging_mixin.py:137} INFO - january-2022-noc-pricing-file-updated-03022022.zip is downloaded.
[2023-02-08T15:21:02.466+0000] {logging_mixin.py:137} INFO - october-2022-asp-pricing-file-updated-12212022.zip is downloaded.
[2023-02-08T15:21:03.079+0000] {logging_mixin.py:137} INFO - april-2022-asp-pricing-file-updated-12142022.zip is downloaded.
[2023-02-08T15:21:03.732+0000] {logging_mixin.py:137} INFO - 2023.zip is downloaded.
[2023-02-08T15:21:03.734+0000] {python.py:177} INFO - Done. Returned value was: None
[2023-02-08T15:21:03.854+0000] {taskinstance.py:1323} INFO - Marking task as SUCCESS. dag_id=cms_asp_noc, task_id=download_file, execution_date=20221120T000000, start_date=20230208T152054, end_date=20230208T152103
[2023-02-08T15:21:04.271+0000] {local_task_job.py:208} INFO - Task exited with return code 0
[2023-02-08T15:21:06.103+0000] {taskinstance.py:2578} INFO - 1 downstream tasks scheduled from follow-on schedule check
