[2023-02-10T15:28:53.049+0000] {taskinstance.py:1083} INFO - Dependencies all met for <TaskInstance: cms_asp_noc.call_ndc_hcpcs manual__2023-02-10T15:28:32.560061+00:00 [queued]>
[2023-02-10T15:28:53.058+0000] {taskinstance.py:1083} INFO - Dependencies all met for <TaskInstance: cms_asp_noc.call_ndc_hcpcs manual__2023-02-10T15:28:32.560061+00:00 [queued]>
[2023-02-10T15:28:53.059+0000] {taskinstance.py:1279} INFO - 
--------------------------------------------------------------------------------
[2023-02-10T15:28:53.060+0000] {taskinstance.py:1280} INFO - Starting attempt 1 of 1
[2023-02-10T15:28:53.060+0000] {taskinstance.py:1281} INFO - 
--------------------------------------------------------------------------------
[2023-02-10T15:28:53.071+0000] {taskinstance.py:1300} INFO - Executing <Task(PythonOperator): call_ndc_hcpcs> on 2023-02-10 15:28:32.560061+00:00
[2023-02-10T15:28:53.079+0000] {standard_task_runner.py:55} INFO - Started process 43050 to run task
[2023-02-10T15:28:53.084+0000] {standard_task_runner.py:82} INFO - Running: ['***', 'tasks', 'run', 'cms_asp_noc', 'call_ndc_hcpcs', 'manual__2023-02-10T15:28:32.560061+00:00', '--job-id', '1705', '--raw', '--subdir', 'DAGS_FOLDER/cms_upd.py', '--cfg-path', '/tmp/tmp5pswk97h']
[2023-02-10T15:28:53.087+0000] {standard_task_runner.py:83} INFO - Job 1705: Subtask call_ndc_hcpcs
[2023-02-10T15:28:53.165+0000] {task_command.py:388} INFO - Running <TaskInstance: cms_asp_noc.call_ndc_hcpcs manual__2023-02-10T15:28:32.560061+00:00 [running]> on host 2886274f27ea
[2023-02-10T15:28:53.233+0000] {taskinstance.py:1509} INFO - Exporting the following env vars:
AIRFLOW_CTX_DAG_OWNER=***
AIRFLOW_CTX_DAG_ID=cms_asp_noc
AIRFLOW_CTX_TASK_ID=call_ndc_hcpcs
AIRFLOW_CTX_EXECUTION_DATE=2023-02-10T15:28:32.560061+00:00
AIRFLOW_CTX_TRY_NUMBER=1
AIRFLOW_CTX_DAG_RUN_ID=manual__2023-02-10T15:28:32.560061+00:00
[2023-02-10T15:28:53.258+0000] {python.py:177} INFO - Done. Returned value was: None
[2023-02-10T15:28:53.547+0000] {taskinstance.py:1323} INFO - Marking task as SUCCESS. dag_id=cms_asp_noc, task_id=call_ndc_hcpcs, execution_date=20230210T152832, start_date=20230210T152853, end_date=20230210T152853
[2023-02-10T15:28:53.628+0000] {local_task_job.py:208} INFO - Task exited with return code 0
[2023-02-10T15:28:53.661+0000] {taskinstance.py:2578} INFO - 1 downstream tasks scheduled from follow-on schedule check
