[2023-02-08T15:09:46.419+0000] {taskinstance.py:1083} INFO - Dependencies all met for <TaskInstance: cms_asp_noc.download_file scheduled__2022-07-13T00:00:00+00:00 [queued]>
[2023-02-08T15:09:46.449+0000] {taskinstance.py:1083} INFO - Dependencies all met for <TaskInstance: cms_asp_noc.download_file scheduled__2022-07-13T00:00:00+00:00 [queued]>
[2023-02-08T15:09:46.450+0000] {taskinstance.py:1279} INFO - 
--------------------------------------------------------------------------------
[2023-02-08T15:09:46.450+0000] {taskinstance.py:1280} INFO - Starting attempt 1 of 1
[2023-02-08T15:09:46.451+0000] {taskinstance.py:1281} INFO - 
--------------------------------------------------------------------------------
[2023-02-08T15:09:46.471+0000] {taskinstance.py:1300} INFO - Executing <Task(PythonOperator): download_file> on 2022-07-13 00:00:00+00:00
[2023-02-08T15:09:46.480+0000] {standard_task_runner.py:55} INFO - Started process 1085 to run task
[2023-02-08T15:09:46.503+0000] {standard_task_runner.py:82} INFO - Running: ['***', 'tasks', 'run', 'cms_asp_noc', 'download_file', 'scheduled__2022-07-13T00:00:00+00:00', '--job-id', '528', '--raw', '--subdir', 'DAGS_FOLDER/cms_upd.py', '--cfg-path', '/tmp/tmp4y7oatzv']
[2023-02-08T15:09:46.506+0000] {standard_task_runner.py:83} INFO - Job 528: Subtask download_file
[2023-02-08T15:09:46.654+0000] {task_command.py:388} INFO - Running <TaskInstance: cms_asp_noc.download_file scheduled__2022-07-13T00:00:00+00:00 [running]> on host 1f90076947be
[2023-02-08T15:09:47.128+0000] {taskinstance.py:1509} INFO - Exporting the following env vars:
AIRFLOW_CTX_DAG_OWNER=***
AIRFLOW_CTX_DAG_ID=cms_asp_noc
AIRFLOW_CTX_TASK_ID=download_file
AIRFLOW_CTX_EXECUTION_DATE=2022-07-13T00:00:00+00:00
AIRFLOW_CTX_TRY_NUMBER=1
AIRFLOW_CTX_DAG_RUN_ID=scheduled__2022-07-13T00:00:00+00:00
[2023-02-08T15:09:49.645+0000] {logging_mixin.py:137} INFO - july-2022-asp-pricing-file-updated-12142022.zip is downloaded.
[2023-02-08T15:09:49.810+0000] {logging_mixin.py:137} INFO - january-2023-noc-pricing-file.zip is downloaded.
[2023-02-08T15:09:50.121+0000] {logging_mixin.py:137} INFO - january-2022-asp-ndc-hcpcs-crosswalk.zip is downloaded.
[2023-02-08T15:09:50.297+0000] {logging_mixin.py:137} INFO - january-2022-asp-pricing-file-updated-06082022.zip is downloaded.
[2023-02-08T15:09:50.665+0000] {logging_mixin.py:137} INFO - october-2022-asp-ndc-hcpcs-crosswalks-updated-12212022.zip is downloaded.
[2023-02-08T15:09:50.814+0000] {logging_mixin.py:137} INFO - july-2022-noc-pricing-file.zip is downloaded.
[2023-02-08T15:09:50.942+0000] {logging_mixin.py:137} INFO - april-2022-noc-pricing-file.zip is downloaded.
[2023-02-08T15:09:51.331+0000] {logging_mixin.py:137} INFO - july-2022-asp-ndc-hcpcs-crosswalk-updated-07142022.zip is downloaded.
[2023-02-08T15:09:51.460+0000] {logging_mixin.py:137} INFO - october-2022-noc-pricing-file.zip is downloaded.
[2023-02-08T15:09:51.785+0000] {logging_mixin.py:137} INFO - april-2022-asp-ndc-hcpcs-crosswalk.zip is downloaded.
[2023-02-08T15:09:51.962+0000] {logging_mixin.py:137} INFO - 2023.zip is downloaded.
[2023-02-08T15:09:52.087+0000] {logging_mixin.py:137} INFO - january-2022-noc-pricing-file-updated-03022022.zip is downloaded.
[2023-02-08T15:09:52.278+0000] {logging_mixin.py:137} INFO - october-2022-asp-pricing-file-updated-12212022.zip is downloaded.
[2023-02-08T15:09:52.468+0000] {logging_mixin.py:137} INFO - april-2022-asp-pricing-file-updated-12142022.zip is downloaded.
[2023-02-08T15:09:52.779+0000] {logging_mixin.py:137} INFO - 2023.zip is downloaded.
[2023-02-08T15:09:52.781+0000] {python.py:177} INFO - Done. Returned value was: None
[2023-02-08T15:09:53.002+0000] {taskinstance.py:1323} INFO - Marking task as SUCCESS. dag_id=cms_asp_noc, task_id=download_file, execution_date=20220713T000000, start_date=20230208T150946, end_date=20230208T150953
[2023-02-08T15:09:53.262+0000] {local_task_job.py:208} INFO - Task exited with return code 0
[2023-02-08T15:09:54.112+0000] {taskinstance.py:2578} INFO - 1 downstream tasks scheduled from follow-on schedule check
