[2023-02-24T20:52:34.938+0000] {taskinstance.py:1083} INFO - Dependencies all met for <TaskInstance: cms_asp_noc.email_alert manual__2023-02-24T20:44:56.320874+00:00 [queued]>
[2023-02-24T20:52:34.949+0000] {taskinstance.py:1083} INFO - Dependencies all met for <TaskInstance: cms_asp_noc.email_alert manual__2023-02-24T20:44:56.320874+00:00 [queued]>
[2023-02-24T20:52:34.950+0000] {taskinstance.py:1279} INFO - 
--------------------------------------------------------------------------------
[2023-02-24T20:52:34.950+0000] {taskinstance.py:1280} INFO - Starting attempt 1 of 1
[2023-02-24T20:52:34.951+0000] {taskinstance.py:1281} INFO - 
--------------------------------------------------------------------------------
[2023-02-24T20:52:34.960+0000] {taskinstance.py:1300} INFO - Executing <Task(PythonOperator): email_alert> on 2023-02-24 20:44:56.320874+00:00
[2023-02-24T20:52:34.966+0000] {standard_task_runner.py:55} INFO - Started process 128 to run task
[2023-02-24T20:52:34.970+0000] {standard_task_runner.py:82} INFO - Running: ['***', 'tasks', 'run', 'cms_asp_noc', 'email_alert', 'manual__2023-02-24T20:44:56.320874+00:00', '--job-id', '1849', '--raw', '--subdir', 'DAGS_FOLDER/cms_upd.py', '--cfg-path', '/tmp/tmprex0qco0']
[2023-02-24T20:52:34.972+0000] {standard_task_runner.py:83} INFO - Job 1849: Subtask email_alert
[2023-02-24T20:52:35.226+0000] {task_command.py:388} INFO - Running <TaskInstance: cms_asp_noc.email_alert manual__2023-02-24T20:44:56.320874+00:00 [running]> on host 2886274f27ea
[2023-02-24T20:52:35.272+0000] {taskinstance.py:1509} INFO - Exporting the following env vars:
AIRFLOW_CTX_DAG_OWNER=***
AIRFLOW_CTX_DAG_ID=cms_asp_noc
AIRFLOW_CTX_TASK_ID=email_alert
AIRFLOW_CTX_EXECUTION_DATE=2023-02-24T20:44:56.320874+00:00
AIRFLOW_CTX_TRY_NUMBER=1
AIRFLOW_CTX_DAG_RUN_ID=manual__2023-02-24T20:44:56.320874+00:00
[2023-02-24T20:52:35.295+0000] {updates.py:41} INFO - updated asp_pricing
[2023-02-24T20:52:35.311+0000] {updates.py:55} INFO - updated asp_ndc_hcpcs
[2023-02-24T20:52:35.327+0000] {updates.py:69} INFO - updated noc_ndc_hcpcs
[2023-02-24T20:52:35.336+0000] {logging_mixin.py:137} INFO - []
[2023-02-24T20:52:35.336+0000] {python.py:177} INFO - Done. Returned value was: None
[2023-02-24T20:52:35.344+0000] {taskinstance.py:1323} INFO - Marking task as SUCCESS. dag_id=cms_asp_noc, task_id=email_alert, execution_date=20230224T204456, start_date=20230224T205234, end_date=20230224T205235
[2023-02-24T20:52:35.383+0000] {local_task_job.py:208} INFO - Task exited with return code 0
[2023-02-24T20:52:35.405+0000] {taskinstance.py:2578} INFO - 0 downstream tasks scheduled from follow-on schedule check
