[2023-02-08T15:10:19.386+0000] {taskinstance.py:1083} INFO - Dependencies all met for <TaskInstance: cms_asp_noc.download_file scheduled__2022-07-21T00:00:00+00:00 [queued]>
[2023-02-08T15:10:19.405+0000] {taskinstance.py:1083} INFO - Dependencies all met for <TaskInstance: cms_asp_noc.download_file scheduled__2022-07-21T00:00:00+00:00 [queued]>
[2023-02-08T15:10:19.406+0000] {taskinstance.py:1279} INFO - 
--------------------------------------------------------------------------------
[2023-02-08T15:10:19.408+0000] {taskinstance.py:1280} INFO - Starting attempt 1 of 1
[2023-02-08T15:10:19.409+0000] {taskinstance.py:1281} INFO - 
--------------------------------------------------------------------------------
[2023-02-08T15:10:19.436+0000] {taskinstance.py:1300} INFO - Executing <Task(PythonOperator): download_file> on 2022-07-21 00:00:00+00:00
[2023-02-08T15:10:19.466+0000] {standard_task_runner.py:55} INFO - Started process 1230 to run task
[2023-02-08T15:10:19.476+0000] {standard_task_runner.py:82} INFO - Running: ['***', 'tasks', 'run', 'cms_asp_noc', 'download_file', 'scheduled__2022-07-21T00:00:00+00:00', '--job-id', '565', '--raw', '--subdir', 'DAGS_FOLDER/cms_upd.py', '--cfg-path', '/tmp/tmplsegv_e2']
[2023-02-08T15:10:19.480+0000] {standard_task_runner.py:83} INFO - Job 565: Subtask download_file
[2023-02-08T15:10:19.579+0000] {task_command.py:388} INFO - Running <TaskInstance: cms_asp_noc.download_file scheduled__2022-07-21T00:00:00+00:00 [running]> on host 1f90076947be
[2023-02-08T15:10:20.196+0000] {taskinstance.py:1509} INFO - Exporting the following env vars:
AIRFLOW_CTX_DAG_OWNER=***
AIRFLOW_CTX_DAG_ID=cms_asp_noc
AIRFLOW_CTX_TASK_ID=download_file
AIRFLOW_CTX_EXECUTION_DATE=2022-07-21T00:00:00+00:00
AIRFLOW_CTX_TRY_NUMBER=1
AIRFLOW_CTX_DAG_RUN_ID=scheduled__2022-07-21T00:00:00+00:00
[2023-02-08T15:10:22.157+0000] {logging_mixin.py:137} INFO - july-2022-asp-pricing-file-updated-12142022.zip is downloaded.
[2023-02-08T15:10:22.329+0000] {logging_mixin.py:137} INFO - january-2023-noc-pricing-file.zip is downloaded.
[2023-02-08T15:10:22.627+0000] {logging_mixin.py:137} INFO - january-2022-asp-ndc-hcpcs-crosswalk.zip is downloaded.
[2023-02-08T15:10:22.810+0000] {logging_mixin.py:137} INFO - january-2022-asp-pricing-file-updated-06082022.zip is downloaded.
[2023-02-08T15:10:23.082+0000] {logging_mixin.py:137} INFO - october-2022-asp-ndc-hcpcs-crosswalks-updated-12212022.zip is downloaded.
[2023-02-08T15:10:23.213+0000] {logging_mixin.py:137} INFO - july-2022-noc-pricing-file.zip is downloaded.
[2023-02-08T15:10:23.351+0000] {logging_mixin.py:137} INFO - april-2022-noc-pricing-file.zip is downloaded.
[2023-02-08T15:10:23.613+0000] {logging_mixin.py:137} INFO - july-2022-asp-ndc-hcpcs-crosswalk-updated-07142022.zip is downloaded.
[2023-02-08T15:10:23.763+0000] {logging_mixin.py:137} INFO - october-2022-noc-pricing-file.zip is downloaded.
[2023-02-08T15:10:24.133+0000] {logging_mixin.py:137} INFO - april-2022-asp-ndc-hcpcs-crosswalk.zip is downloaded.
[2023-02-08T15:10:24.335+0000] {logging_mixin.py:137} INFO - 2023.zip is downloaded.
[2023-02-08T15:10:24.535+0000] {logging_mixin.py:137} INFO - january-2022-noc-pricing-file-updated-03022022.zip is downloaded.
[2023-02-08T15:10:24.764+0000] {logging_mixin.py:137} INFO - october-2022-asp-pricing-file-updated-12212022.zip is downloaded.
[2023-02-08T15:10:24.971+0000] {logging_mixin.py:137} INFO - april-2022-asp-pricing-file-updated-12142022.zip is downloaded.
[2023-02-08T15:10:27.402+0000] {logging_mixin.py:137} INFO - 2023.zip is downloaded.
[2023-02-08T15:10:27.407+0000] {python.py:177} INFO - Done. Returned value was: None
[2023-02-08T15:10:27.446+0000] {taskinstance.py:1323} INFO - Marking task as SUCCESS. dag_id=cms_asp_noc, task_id=download_file, execution_date=20220721T000000, start_date=20230208T151019, end_date=20230208T151027
[2023-02-08T15:10:27.583+0000] {local_task_job.py:208} INFO - Task exited with return code 0
[2023-02-08T15:10:27.919+0000] {taskinstance.py:2578} INFO - 1 downstream tasks scheduled from follow-on schedule check
