[2023-03-07T17:03:40.004+0000] {taskinstance.py:1083} INFO - Dependencies all met for <TaskInstance: cms_asp_noc.email_alert manual__2023-03-07T17:03:11.250217+00:00 [queued]>
[2023-03-07T17:03:40.012+0000] {taskinstance.py:1083} INFO - Dependencies all met for <TaskInstance: cms_asp_noc.email_alert manual__2023-03-07T17:03:11.250217+00:00 [queued]>
[2023-03-07T17:03:40.012+0000] {taskinstance.py:1279} INFO - 
--------------------------------------------------------------------------------
[2023-03-07T17:03:40.013+0000] {taskinstance.py:1280} INFO - Starting attempt 1 of 1
[2023-03-07T17:03:40.013+0000] {taskinstance.py:1281} INFO - 
--------------------------------------------------------------------------------
[2023-03-07T17:03:40.021+0000] {taskinstance.py:1300} INFO - Executing <Task(PythonOperator): email_alert> on 2023-03-07 17:03:11.250217+00:00
[2023-03-07T17:03:40.028+0000] {standard_task_runner.py:55} INFO - Started process 4348 to run task
[2023-03-07T17:03:40.032+0000] {standard_task_runner.py:82} INFO - Running: ['***', 'tasks', 'run', 'cms_asp_noc', 'email_alert', 'manual__2023-03-07T17:03:11.250217+00:00', '--job-id', '1969', '--raw', '--subdir', 'DAGS_FOLDER/cms_upd.py', '--cfg-path', '/tmp/tmp6avxwcxp']
[2023-03-07T17:03:40.034+0000] {standard_task_runner.py:83} INFO - Job 1969: Subtask email_alert
[2023-03-07T17:03:40.221+0000] {task_command.py:388} INFO - Running <TaskInstance: cms_asp_noc.email_alert manual__2023-03-07T17:03:11.250217+00:00 [running]> on host 2886274f27ea
[2023-03-07T17:03:40.269+0000] {taskinstance.py:1509} INFO - Exporting the following env vars:
AIRFLOW_CTX_DAG_OWNER=***
AIRFLOW_CTX_DAG_ID=cms_asp_noc
AIRFLOW_CTX_TASK_ID=email_alert
AIRFLOW_CTX_EXECUTION_DATE=2023-03-07T17:03:11.250217+00:00
AIRFLOW_CTX_TRY_NUMBER=1
AIRFLOW_CTX_DAG_RUN_ID=manual__2023-03-07T17:03:11.250217+00:00
[2023-03-07T17:03:40.286+0000] {updates.py:41} INFO - updated asp_pricing
[2023-03-07T17:03:40.300+0000] {updates.py:55} INFO - updated asp_ndc_hcpcs
[2023-03-07T17:03:40.326+0000] {updates.py:69} INFO - updated noc_ndc_hcpcs
[2023-03-07T17:03:40.332+0000] {logging_mixin.py:137} INFO - []
[2023-03-07T17:03:40.333+0000] {python.py:177} INFO - Done. Returned value was: None
[2023-03-07T17:03:40.347+0000] {taskinstance.py:1323} INFO - Marking task as SUCCESS. dag_id=cms_asp_noc, task_id=email_alert, execution_date=20230307T170311, start_date=20230307T170340, end_date=20230307T170340
[2023-03-07T17:03:40.408+0000] {local_task_job.py:208} INFO - Task exited with return code 0
[2023-03-07T17:03:40.425+0000] {taskinstance.py:2578} INFO - 0 downstream tasks scheduled from follow-on schedule check
