[2023-02-08T15:06:08.777+0000] {taskinstance.py:1083} INFO - Dependencies all met for <TaskInstance: cms_asp_noc.download_file scheduled__2022-06-03T00:00:00+00:00 [queued]>
[2023-02-08T15:06:08.788+0000] {taskinstance.py:1083} INFO - Dependencies all met for <TaskInstance: cms_asp_noc.download_file scheduled__2022-06-03T00:00:00+00:00 [queued]>
[2023-02-08T15:06:08.789+0000] {taskinstance.py:1279} INFO - 
--------------------------------------------------------------------------------
[2023-02-08T15:06:08.790+0000] {taskinstance.py:1280} INFO - Starting attempt 1 of 1
[2023-02-08T15:06:08.791+0000] {taskinstance.py:1281} INFO - 
--------------------------------------------------------------------------------
[2023-02-08T15:06:08.803+0000] {taskinstance.py:1300} INFO - Executing <Task(PythonOperator): download_file> on 2022-06-03 00:00:00+00:00
[2023-02-08T15:06:08.810+0000] {standard_task_runner.py:55} INFO - Started process 349 to run task
[2023-02-08T15:06:08.816+0000] {standard_task_runner.py:82} INFO - Running: ['***', 'tasks', 'run', 'cms_asp_noc', 'download_file', 'scheduled__2022-06-03T00:00:00+00:00', '--job-id', '343', '--raw', '--subdir', 'DAGS_FOLDER/cms_upd.py', '--cfg-path', '/tmp/tmp4ko6hfxn']
[2023-02-08T15:06:08.818+0000] {standard_task_runner.py:83} INFO - Job 343: Subtask download_file
[2023-02-08T15:06:08.942+0000] {task_command.py:388} INFO - Running <TaskInstance: cms_asp_noc.download_file scheduled__2022-06-03T00:00:00+00:00 [running]> on host 1f90076947be
[2023-02-08T15:06:09.348+0000] {taskinstance.py:1509} INFO - Exporting the following env vars:
AIRFLOW_CTX_DAG_OWNER=***
AIRFLOW_CTX_DAG_ID=cms_asp_noc
AIRFLOW_CTX_TASK_ID=download_file
AIRFLOW_CTX_EXECUTION_DATE=2022-06-03T00:00:00+00:00
AIRFLOW_CTX_TRY_NUMBER=1
AIRFLOW_CTX_DAG_RUN_ID=scheduled__2022-06-03T00:00:00+00:00
[2023-02-08T15:06:13.123+0000] {logging_mixin.py:137} INFO - july-2022-asp-pricing-file-updated-12142022.zip is downloaded.
[2023-02-08T15:06:13.244+0000] {logging_mixin.py:137} INFO - january-2023-noc-pricing-file.zip is downloaded.
[2023-02-08T15:06:13.513+0000] {logging_mixin.py:137} INFO - january-2022-asp-ndc-hcpcs-crosswalk.zip is downloaded.
[2023-02-08T15:06:13.706+0000] {logging_mixin.py:137} INFO - january-2022-asp-pricing-file-updated-06082022.zip is downloaded.
[2023-02-08T15:06:13.972+0000] {logging_mixin.py:137} INFO - october-2022-asp-ndc-hcpcs-crosswalks-updated-12212022.zip is downloaded.
[2023-02-08T15:06:14.105+0000] {logging_mixin.py:137} INFO - july-2022-noc-pricing-file.zip is downloaded.
[2023-02-08T15:06:14.251+0000] {logging_mixin.py:137} INFO - april-2022-noc-pricing-file.zip is downloaded.
[2023-02-08T15:06:14.565+0000] {logging_mixin.py:137} INFO - july-2022-asp-ndc-hcpcs-crosswalk-updated-07142022.zip is downloaded.
[2023-02-08T15:06:14.693+0000] {logging_mixin.py:137} INFO - october-2022-noc-pricing-file.zip is downloaded.
[2023-02-08T15:06:14.993+0000] {logging_mixin.py:137} INFO - april-2022-asp-ndc-hcpcs-crosswalk.zip is downloaded.
[2023-02-08T15:06:15.217+0000] {logging_mixin.py:137} INFO - 2023.zip is downloaded.
[2023-02-08T15:06:15.360+0000] {logging_mixin.py:137} INFO - january-2022-noc-pricing-file-updated-03022022.zip is downloaded.
[2023-02-08T15:06:15.599+0000] {logging_mixin.py:137} INFO - october-2022-asp-pricing-file-updated-12212022.zip is downloaded.
[2023-02-08T15:06:16.281+0000] {logging_mixin.py:137} INFO - april-2022-asp-pricing-file-updated-12142022.zip is downloaded.
[2023-02-08T15:06:17.657+0000] {logging_mixin.py:137} INFO - 2023.zip is downloaded.
[2023-02-08T15:06:17.658+0000] {python.py:177} INFO - Done. Returned value was: None
[2023-02-08T15:06:17.686+0000] {taskinstance.py:1323} INFO - Marking task as SUCCESS. dag_id=cms_asp_noc, task_id=download_file, execution_date=20220603T000000, start_date=20230208T150608, end_date=20230208T150617
[2023-02-08T15:06:17.904+0000] {local_task_job.py:208} INFO - Task exited with return code 0
[2023-02-08T15:06:18.327+0000] {taskinstance.py:2578} INFO - 0 downstream tasks scheduled from follow-on schedule check
