[2023-02-08T13:08:10.274+0000] {taskinstance.py:1083} INFO - Dependencies all met for <TaskInstance: cms_asp_noc.download_file scheduled__2022-03-25T00:00:00+00:00 [queued]>
[2023-02-08T13:08:11.290+0000] {taskinstance.py:1083} INFO - Dependencies all met for <TaskInstance: cms_asp_noc.download_file scheduled__2022-03-25T00:00:00+00:00 [queued]>
[2023-02-08T13:08:11.321+0000] {taskinstance.py:1279} INFO - 
--------------------------------------------------------------------------------
[2023-02-08T13:08:11.357+0000] {taskinstance.py:1280} INFO - Starting attempt 1 of 1
[2023-02-08T13:08:11.359+0000] {taskinstance.py:1281} INFO - 
--------------------------------------------------------------------------------
[2023-02-08T13:08:11.662+0000] {taskinstance.py:1300} INFO - Executing <Task(PythonOperator): download_file> on 2022-03-25 00:00:00+00:00
[2023-02-08T13:08:11.790+0000] {standard_task_runner.py:55} INFO - Started process 1094 to run task
[2023-02-08T13:08:11.951+0000] {standard_task_runner.py:82} INFO - Running: ['***', 'tasks', 'run', 'cms_asp_noc', 'download_file', 'scheduled__2022-03-25T00:00:00+00:00', '--job-id', '163', '--raw', '--subdir', 'DAGS_FOLDER/cms_upd.py', '--cfg-path', '/tmp/tmpoj6_juau']
[2023-02-08T13:08:12.072+0000] {standard_task_runner.py:83} INFO - Job 163: Subtask download_file
[2023-02-08T13:08:13.219+0000] {task_command.py:388} INFO - Running <TaskInstance: cms_asp_noc.download_file scheduled__2022-03-25T00:00:00+00:00 [running]> on host 4ed7ae61ecf3
[2023-02-08T13:09:06.565+0000] {taskinstance.py:1509} INFO - Exporting the following env vars:
AIRFLOW_CTX_DAG_OWNER=***
AIRFLOW_CTX_DAG_ID=cms_asp_noc
AIRFLOW_CTX_TASK_ID=download_file
AIRFLOW_CTX_EXECUTION_DATE=2022-03-25T00:00:00+00:00
AIRFLOW_CTX_TRY_NUMBER=1
AIRFLOW_CTX_DAG_RUN_ID=scheduled__2022-03-25T00:00:00+00:00
[2023-02-08T13:09:21.869+0000] {logging_mixin.py:137} INFO - october-2022-noc-pricing-file.zip is downloaded.
[2023-02-08T13:09:22.115+0000] {logging_mixin.py:137} INFO - april-2022-noc-pricing-file.zip is downloaded.
[2023-02-08T13:09:22.530+0000] {logging_mixin.py:137} INFO - 2023.zip is downloaded.
[2023-02-08T13:09:22.986+0000] {logging_mixin.py:137} INFO - 2023.zip is downloaded.
[2023-02-08T13:09:23.604+0000] {logging_mixin.py:137} INFO - april-2022-asp-ndc-hcpcs-crosswalk.zip is downloaded.
[2023-02-08T13:09:24.028+0000] {logging_mixin.py:137} INFO - july-2022-asp-pricing-file-updated-12142022.zip is downloaded.
[2023-02-08T13:09:24.672+0000] {logging_mixin.py:137} INFO - april-2022-asp-pricing-file-updated-12142022.zip is downloaded.
[2023-02-08T13:09:26.803+0000] {logging_mixin.py:137} INFO - january-2022-asp-ndc-hcpcs-crosswalk.zip is downloaded.
[2023-02-08T13:09:27.112+0000] {logging_mixin.py:137} INFO - january-2023-noc-pricing-file.zip is downloaded.
[2023-02-08T13:09:28.111+0000] {logging_mixin.py:137} INFO - october-2022-asp-ndc-hcpcs-crosswalks-updated-12212022.zip is downloaded.
[2023-02-08T13:09:30.105+0000] {logging_mixin.py:137} INFO - october-2022-asp-pricing-file-updated-12212022.zip is downloaded.
[2023-02-08T13:09:46.601+0000] {logging_mixin.py:137} INFO - july-2022-asp-ndc-hcpcs-crosswalk-updated-07142022.zip is downloaded.
[2023-02-08T13:09:58.229+0000] {local_task_job.py:208} INFO - Task exited with return code Negsignal.SIGKILL
[2023-02-08T13:10:34.241+0000] {taskinstance.py:2578} INFO - 0 downstream tasks scheduled from follow-on schedule check
