[2023-02-08T15:09:45.986+0000] {taskinstance.py:1083} INFO - Dependencies all met for <TaskInstance: cms_asp_noc.download_file scheduled__2022-07-09T00:00:00+00:00 [queued]>
[2023-02-08T15:09:46.028+0000] {taskinstance.py:1083} INFO - Dependencies all met for <TaskInstance: cms_asp_noc.download_file scheduled__2022-07-09T00:00:00+00:00 [queued]>
[2023-02-08T15:09:46.028+0000] {taskinstance.py:1279} INFO - 
--------------------------------------------------------------------------------
[2023-02-08T15:09:46.029+0000] {taskinstance.py:1280} INFO - Starting attempt 1 of 1
[2023-02-08T15:09:46.030+0000] {taskinstance.py:1281} INFO - 
--------------------------------------------------------------------------------
[2023-02-08T15:09:46.446+0000] {taskinstance.py:1300} INFO - Executing <Task(PythonOperator): download_file> on 2022-07-09 00:00:00+00:00
[2023-02-08T15:09:46.465+0000] {standard_task_runner.py:55} INFO - Started process 1084 to run task
[2023-02-08T15:09:46.487+0000] {standard_task_runner.py:82} INFO - Running: ['***', 'tasks', 'run', 'cms_asp_noc', 'download_file', 'scheduled__2022-07-09T00:00:00+00:00', '--job-id', '525', '--raw', '--subdir', 'DAGS_FOLDER/cms_upd.py', '--cfg-path', '/tmp/tmpvg0u0c8u']
[2023-02-08T15:09:46.491+0000] {standard_task_runner.py:83} INFO - Job 525: Subtask download_file
[2023-02-08T15:09:46.631+0000] {task_command.py:388} INFO - Running <TaskInstance: cms_asp_noc.download_file scheduled__2022-07-09T00:00:00+00:00 [running]> on host 1f90076947be
[2023-02-08T15:09:46.807+0000] {taskinstance.py:1509} INFO - Exporting the following env vars:
AIRFLOW_CTX_DAG_OWNER=***
AIRFLOW_CTX_DAG_ID=cms_asp_noc
AIRFLOW_CTX_TASK_ID=download_file
AIRFLOW_CTX_EXECUTION_DATE=2022-07-09T00:00:00+00:00
AIRFLOW_CTX_TRY_NUMBER=1
AIRFLOW_CTX_DAG_RUN_ID=scheduled__2022-07-09T00:00:00+00:00
[2023-02-08T15:09:49.660+0000] {logging_mixin.py:137} INFO - july-2022-asp-pricing-file-updated-12142022.zip is downloaded.
[2023-02-08T15:09:49.801+0000] {logging_mixin.py:137} INFO - january-2023-noc-pricing-file.zip is downloaded.
[2023-02-08T15:09:50.093+0000] {logging_mixin.py:137} INFO - january-2022-asp-ndc-hcpcs-crosswalk.zip is downloaded.
[2023-02-08T15:09:50.263+0000] {logging_mixin.py:137} INFO - january-2022-asp-pricing-file-updated-06082022.zip is downloaded.
[2023-02-08T15:09:50.658+0000] {logging_mixin.py:137} INFO - october-2022-asp-ndc-hcpcs-crosswalks-updated-12212022.zip is downloaded.
[2023-02-08T15:09:50.868+0000] {logging_mixin.py:137} INFO - july-2022-noc-pricing-file.zip is downloaded.
[2023-02-08T15:09:51.010+0000] {logging_mixin.py:137} INFO - april-2022-noc-pricing-file.zip is downloaded.
[2023-02-08T15:09:51.336+0000] {logging_mixin.py:137} INFO - july-2022-asp-ndc-hcpcs-crosswalk-updated-07142022.zip is downloaded.
[2023-02-08T15:09:51.463+0000] {logging_mixin.py:137} INFO - october-2022-noc-pricing-file.zip is downloaded.
[2023-02-08T15:09:51.772+0000] {logging_mixin.py:137} INFO - april-2022-asp-ndc-hcpcs-crosswalk.zip is downloaded.
[2023-02-08T15:09:51.956+0000] {logging_mixin.py:137} INFO - 2023.zip is downloaded.
[2023-02-08T15:09:52.077+0000] {logging_mixin.py:137} INFO - january-2022-noc-pricing-file-updated-03022022.zip is downloaded.
[2023-02-08T15:09:52.245+0000] {logging_mixin.py:137} INFO - october-2022-asp-pricing-file-updated-12212022.zip is downloaded.
[2023-02-08T15:09:52.419+0000] {logging_mixin.py:137} INFO - april-2022-asp-pricing-file-updated-12142022.zip is downloaded.
[2023-02-08T15:09:52.764+0000] {logging_mixin.py:137} INFO - 2023.zip is downloaded.
[2023-02-08T15:09:52.765+0000] {python.py:177} INFO - Done. Returned value was: None
[2023-02-08T15:09:52.928+0000] {taskinstance.py:1323} INFO - Marking task as SUCCESS. dag_id=cms_asp_noc, task_id=download_file, execution_date=20220709T000000, start_date=20230208T150945, end_date=20230208T150952
[2023-02-08T15:09:53.343+0000] {local_task_job.py:208} INFO - Task exited with return code 0
[2023-02-08T15:09:53.454+0000] {taskinstance.py:2578} INFO - 1 downstream tasks scheduled from follow-on schedule check
