[2023-02-08T15:19:31.129+0000] {taskinstance.py:1083} INFO - Dependencies all met for <TaskInstance: cms_asp_noc.data_load scheduled__2022-11-03T00:00:00+00:00 [queued]>
[2023-02-08T15:19:31.154+0000] {taskinstance.py:1083} INFO - Dependencies all met for <TaskInstance: cms_asp_noc.data_load scheduled__2022-11-03T00:00:00+00:00 [queued]>
[2023-02-08T15:19:31.155+0000] {taskinstance.py:1279} INFO - 
--------------------------------------------------------------------------------
[2023-02-08T15:19:31.166+0000] {taskinstance.py:1280} INFO - Starting attempt 1 of 1
[2023-02-08T15:19:31.166+0000] {taskinstance.py:1281} INFO - 
--------------------------------------------------------------------------------
[2023-02-08T15:19:31.192+0000] {taskinstance.py:1300} INFO - Executing <Task(PythonOperator): data_load> on 2022-11-03 00:00:00+00:00
[2023-02-08T15:19:31.202+0000] {standard_task_runner.py:55} INFO - Started process 3388 to run task
[2023-02-08T15:19:31.227+0000] {standard_task_runner.py:82} INFO - Running: ['***', 'tasks', 'run', 'cms_asp_noc', 'data_load', 'scheduled__2022-11-03T00:00:00+00:00', '--job-id', '1110', '--raw', '--subdir', 'DAGS_FOLDER/cms_upd.py', '--cfg-path', '/tmp/tmpdn_jza5n']
[2023-02-08T15:19:31.233+0000] {standard_task_runner.py:83} INFO - Job 1110: Subtask data_load
[2023-02-08T15:19:31.408+0000] {task_command.py:388} INFO - Running <TaskInstance: cms_asp_noc.data_load scheduled__2022-11-03T00:00:00+00:00 [running]> on host 1f90076947be
[2023-02-08T15:19:32.248+0000] {taskinstance.py:1509} INFO - Exporting the following env vars:
AIRFLOW_CTX_DAG_OWNER=***
AIRFLOW_CTX_DAG_ID=cms_asp_noc
AIRFLOW_CTX_TASK_ID=data_load
AIRFLOW_CTX_EXECUTION_DATE=2022-11-03T00:00:00+00:00
AIRFLOW_CTX_TRY_NUMBER=1
AIRFLOW_CTX_DAG_RUN_ID=scheduled__2022-11-03T00:00:00+00:00
[2023-02-08T15:19:32.251+0000] {logging_mixin.py:137} INFO - []
[2023-02-08T15:19:32.251+0000] {python.py:177} INFO - Done. Returned value was: None
[2023-02-08T15:19:32.275+0000] {taskinstance.py:1323} INFO - Marking task as SUCCESS. dag_id=cms_asp_noc, task_id=data_load, execution_date=20221103T000000, start_date=20230208T151931, end_date=20230208T151932
[2023-02-08T15:19:32.358+0000] {local_task_job.py:208} INFO - Task exited with return code 0
[2023-02-08T15:19:32.650+0000] {taskinstance.py:2578} INFO - 0 downstream tasks scheduled from follow-on schedule check
