[2023-02-08T15:56:42.742+0000] {taskinstance.py:1083} INFO - Dependencies all met for <TaskInstance: cms_asp_noc.download_file scheduled__2023-01-28T00:00:00+00:00 [queued]>
[2023-02-08T15:56:42.788+0000] {taskinstance.py:1083} INFO - Dependencies all met for <TaskInstance: cms_asp_noc.download_file scheduled__2023-01-28T00:00:00+00:00 [queued]>
[2023-02-08T15:56:42.789+0000] {taskinstance.py:1279} INFO - 
--------------------------------------------------------------------------------
[2023-02-08T15:56:42.790+0000] {taskinstance.py:1280} INFO - Starting attempt 1 of 1
[2023-02-08T15:56:42.791+0000] {taskinstance.py:1281} INFO - 
--------------------------------------------------------------------------------
[2023-02-08T15:56:42.836+0000] {taskinstance.py:1300} INFO - Executing <Task(PythonOperator): download_file> on 2023-01-28 00:00:00+00:00
[2023-02-08T15:56:42.875+0000] {standard_task_runner.py:55} INFO - Started process 5091 to run task
[2023-02-08T15:56:42.906+0000] {standard_task_runner.py:82} INFO - Running: ['***', 'tasks', 'run', 'cms_asp_noc', 'download_file', 'scheduled__2023-01-28T00:00:00+00:00', '--job-id', '1508', '--raw', '--subdir', 'DAGS_FOLDER/cms_upd.py', '--cfg-path', '/tmp/tmpwu9sf3da']
[2023-02-08T15:56:42.911+0000] {standard_task_runner.py:83} INFO - Job 1508: Subtask download_file
[2023-02-08T15:56:43.065+0000] {task_command.py:388} INFO - Running <TaskInstance: cms_asp_noc.download_file scheduled__2023-01-28T00:00:00+00:00 [running]> on host 1f90076947be
[2023-02-08T15:56:43.813+0000] {taskinstance.py:1509} INFO - Exporting the following env vars:
AIRFLOW_CTX_DAG_OWNER=***
AIRFLOW_CTX_DAG_ID=cms_asp_noc
AIRFLOW_CTX_TASK_ID=download_file
AIRFLOW_CTX_EXECUTION_DATE=2023-01-28T00:00:00+00:00
AIRFLOW_CTX_TRY_NUMBER=1
AIRFLOW_CTX_DAG_RUN_ID=scheduled__2023-01-28T00:00:00+00:00
[2023-02-08T15:56:46.733+0000] {logging_mixin.py:137} INFO - july-2022-asp-pricing-file-updated-12142022.zip is downloaded.
[2023-02-08T15:56:46.818+0000] {logging_mixin.py:137} INFO - january-2023-noc-pricing-file.zip is downloaded.
[2023-02-08T15:56:47.050+0000] {logging_mixin.py:137} INFO - january-2022-asp-ndc-hcpcs-crosswalk.zip is downloaded.
[2023-02-08T15:56:47.185+0000] {logging_mixin.py:137} INFO - january-2022-asp-pricing-file-updated-06082022.zip is downloaded.
[2023-02-08T15:56:47.406+0000] {logging_mixin.py:137} INFO - october-2022-asp-ndc-hcpcs-crosswalks-updated-12212022.zip is downloaded.
[2023-02-08T15:56:47.514+0000] {logging_mixin.py:137} INFO - july-2022-noc-pricing-file.zip is downloaded.
[2023-02-08T15:56:47.623+0000] {logging_mixin.py:137} INFO - april-2022-noc-pricing-file.zip is downloaded.
[2023-02-08T15:56:47.876+0000] {logging_mixin.py:137} INFO - july-2022-asp-ndc-hcpcs-crosswalk-updated-07142022.zip is downloaded.
[2023-02-08T15:56:47.985+0000] {logging_mixin.py:137} INFO - october-2022-noc-pricing-file.zip is downloaded.
[2023-02-08T15:56:48.177+0000] {logging_mixin.py:137} INFO - april-2022-asp-ndc-hcpcs-crosswalk.zip is downloaded.
[2023-02-08T15:56:48.316+0000] {logging_mixin.py:137} INFO - 2023.zip is downloaded.
[2023-02-08T15:56:48.414+0000] {logging_mixin.py:137} INFO - january-2022-noc-pricing-file-updated-03022022.zip is downloaded.
[2023-02-08T15:56:48.561+0000] {logging_mixin.py:137} INFO - october-2022-asp-pricing-file-updated-12212022.zip is downloaded.
[2023-02-08T15:56:48.691+0000] {logging_mixin.py:137} INFO - april-2022-asp-pricing-file-updated-12142022.zip is downloaded.
[2023-02-08T15:56:48.939+0000] {logging_mixin.py:137} INFO - 2023.zip is downloaded.
[2023-02-08T15:56:48.942+0000] {python.py:177} INFO - Done. Returned value was: None
[2023-02-08T15:56:48.975+0000] {taskinstance.py:1323} INFO - Marking task as SUCCESS. dag_id=cms_asp_noc, task_id=download_file, execution_date=20230128T000000, start_date=20230208T155642, end_date=20230208T155648
[2023-02-08T15:56:49.380+0000] {local_task_job.py:208} INFO - Task exited with return code 0
[2023-02-08T15:56:50.233+0000] {taskinstance.py:2578} INFO - 0 downstream tasks scheduled from follow-on schedule check
