[2023-02-18T01:31:51.109+0000] {taskinstance.py:1083} INFO - Dependencies all met for <TaskInstance: cms_asp_noc.call_asp_pricing scheduled__2023-02-17T00:00:00+00:00 [queued]>
[2023-02-18T01:31:51.117+0000] {taskinstance.py:1083} INFO - Dependencies all met for <TaskInstance: cms_asp_noc.call_asp_pricing scheduled__2023-02-17T00:00:00+00:00 [queued]>
[2023-02-18T01:31:51.118+0000] {taskinstance.py:1279} INFO - 
--------------------------------------------------------------------------------
[2023-02-18T01:31:51.119+0000] {taskinstance.py:1280} INFO - Starting attempt 1 of 1
[2023-02-18T01:31:51.119+0000] {taskinstance.py:1281} INFO - 
--------------------------------------------------------------------------------
[2023-02-18T01:31:51.129+0000] {taskinstance.py:1300} INFO - Executing <Task(PythonOperator): call_asp_pricing> on 2023-02-17 00:00:00+00:00
[2023-02-18T01:31:51.136+0000] {standard_task_runner.py:55} INFO - Started process 15617 to run task
[2023-02-18T01:31:51.140+0000] {standard_task_runner.py:82} INFO - Running: ['***', 'tasks', 'run', 'cms_asp_noc', 'call_asp_pricing', 'scheduled__2023-02-17T00:00:00+00:00', '--job-id', '1803', '--raw', '--subdir', 'DAGS_FOLDER/cms_upd.py', '--cfg-path', '/tmp/tmph5csyaf2']
[2023-02-18T01:31:51.142+0000] {standard_task_runner.py:83} INFO - Job 1803: Subtask call_asp_pricing
[2023-02-18T01:31:51.457+0000] {task_command.py:388} INFO - Running <TaskInstance: cms_asp_noc.call_asp_pricing scheduled__2023-02-17T00:00:00+00:00 [running]> on host 2886274f27ea
[2023-02-18T01:31:51.511+0000] {taskinstance.py:1509} INFO - Exporting the following env vars:
AIRFLOW_CTX_DAG_OWNER=***
AIRFLOW_CTX_DAG_ID=cms_asp_noc
AIRFLOW_CTX_TASK_ID=call_asp_pricing
AIRFLOW_CTX_EXECUTION_DATE=2023-02-17T00:00:00+00:00
AIRFLOW_CTX_TRY_NUMBER=1
AIRFLOW_CTX_DAG_RUN_ID=scheduled__2023-02-17T00:00:00+00:00
[2023-02-18T01:31:51.548+0000] {python.py:177} INFO - Done. Returned value was: None
[2023-02-18T01:31:51.565+0000] {taskinstance.py:1323} INFO - Marking task as SUCCESS. dag_id=cms_asp_noc, task_id=call_asp_pricing, execution_date=20230217T000000, start_date=20230218T013151, end_date=20230218T013151
[2023-02-18T01:31:51.645+0000] {local_task_job.py:208} INFO - Task exited with return code 0
[2023-02-18T01:31:51.807+0000] {taskinstance.py:2578} INFO - 1 downstream tasks scheduled from follow-on schedule check
