[2023-02-08T15:15:11.543+0000] {taskinstance.py:1083} INFO - Dependencies all met for <TaskInstance: cms_asp_noc.download_file scheduled__2022-09-11T00:00:00+00:00 [queued]>
[2023-02-08T15:15:11.570+0000] {taskinstance.py:1083} INFO - Dependencies all met for <TaskInstance: cms_asp_noc.download_file scheduled__2022-09-11T00:00:00+00:00 [queued]>
[2023-02-08T15:15:11.571+0000] {taskinstance.py:1279} INFO - 
--------------------------------------------------------------------------------
[2023-02-08T15:15:11.576+0000] {taskinstance.py:1280} INFO - Starting attempt 1 of 1
[2023-02-08T15:15:11.577+0000] {taskinstance.py:1281} INFO - 
--------------------------------------------------------------------------------
[2023-02-08T15:15:11.629+0000] {taskinstance.py:1300} INFO - Executing <Task(PythonOperator): download_file> on 2022-09-11 00:00:00+00:00
[2023-02-08T15:15:11.651+0000] {standard_task_runner.py:55} INFO - Started process 2329 to run task
[2023-02-08T15:15:11.680+0000] {standard_task_runner.py:82} INFO - Running: ['***', 'tasks', 'run', 'cms_asp_noc', 'download_file', 'scheduled__2022-09-11T00:00:00+00:00', '--job-id', '841', '--raw', '--subdir', 'DAGS_FOLDER/cms_upd.py', '--cfg-path', '/tmp/tmpthqrir69']
[2023-02-08T15:15:11.691+0000] {standard_task_runner.py:83} INFO - Job 841: Subtask download_file
[2023-02-08T15:15:11.932+0000] {task_command.py:388} INFO - Running <TaskInstance: cms_asp_noc.download_file scheduled__2022-09-11T00:00:00+00:00 [running]> on host 1f90076947be
[2023-02-08T15:15:13.599+0000] {taskinstance.py:1509} INFO - Exporting the following env vars:
AIRFLOW_CTX_DAG_OWNER=***
AIRFLOW_CTX_DAG_ID=cms_asp_noc
AIRFLOW_CTX_TASK_ID=download_file
AIRFLOW_CTX_EXECUTION_DATE=2022-09-11T00:00:00+00:00
AIRFLOW_CTX_TRY_NUMBER=1
AIRFLOW_CTX_DAG_RUN_ID=scheduled__2022-09-11T00:00:00+00:00
[2023-02-08T15:15:16.582+0000] {logging_mixin.py:137} INFO - july-2022-asp-pricing-file-updated-12142022.zip is downloaded.
[2023-02-08T15:15:16.760+0000] {logging_mixin.py:137} INFO - january-2023-noc-pricing-file.zip is downloaded.
[2023-02-08T15:15:17.180+0000] {logging_mixin.py:137} INFO - january-2022-asp-ndc-hcpcs-crosswalk.zip is downloaded.
[2023-02-08T15:15:17.414+0000] {logging_mixin.py:137} INFO - january-2022-asp-pricing-file-updated-06082022.zip is downloaded.
[2023-02-08T15:15:17.789+0000] {logging_mixin.py:137} INFO - october-2022-asp-ndc-hcpcs-crosswalks-updated-12212022.zip is downloaded.
[2023-02-08T15:15:17.988+0000] {logging_mixin.py:137} INFO - july-2022-noc-pricing-file.zip is downloaded.
[2023-02-08T15:15:18.155+0000] {logging_mixin.py:137} INFO - april-2022-noc-pricing-file.zip is downloaded.
[2023-02-08T15:15:18.533+0000] {logging_mixin.py:137} INFO - july-2022-asp-ndc-hcpcs-crosswalk-updated-07142022.zip is downloaded.
[2023-02-08T15:15:18.709+0000] {logging_mixin.py:137} INFO - october-2022-noc-pricing-file.zip is downloaded.
[2023-02-08T15:15:19.128+0000] {logging_mixin.py:137} INFO - april-2022-asp-ndc-hcpcs-crosswalk.zip is downloaded.
[2023-02-08T15:15:19.347+0000] {logging_mixin.py:137} INFO - 2023.zip is downloaded.
[2023-02-08T15:15:19.491+0000] {logging_mixin.py:137} INFO - january-2022-noc-pricing-file-updated-03022022.zip is downloaded.
[2023-02-08T15:15:19.676+0000] {logging_mixin.py:137} INFO - october-2022-asp-pricing-file-updated-12212022.zip is downloaded.
[2023-02-08T15:15:19.881+0000] {logging_mixin.py:137} INFO - april-2022-asp-pricing-file-updated-12142022.zip is downloaded.
[2023-02-08T15:15:20.328+0000] {logging_mixin.py:137} INFO - 2023.zip is downloaded.
[2023-02-08T15:15:20.333+0000] {python.py:177} INFO - Done. Returned value was: None
[2023-02-08T15:15:20.511+0000] {taskinstance.py:1323} INFO - Marking task as SUCCESS. dag_id=cms_asp_noc, task_id=download_file, execution_date=20220911T000000, start_date=20230208T151511, end_date=20230208T151520
[2023-02-08T15:15:20.839+0000] {local_task_job.py:208} INFO - Task exited with return code 0
[2023-02-08T15:15:21.636+0000] {taskinstance.py:2578} INFO - 0 downstream tasks scheduled from follow-on schedule check
