[2023-02-09T22:14:35.641+0000] {taskinstance.py:1083} INFO - Dependencies all met for <TaskInstance: cms_asp_noc.populate_all_tables manual__2023-02-09T22:14:21+00:00 [queued]>
[2023-02-09T22:14:35.652+0000] {taskinstance.py:1083} INFO - Dependencies all met for <TaskInstance: cms_asp_noc.populate_all_tables manual__2023-02-09T22:14:21+00:00 [queued]>
[2023-02-09T22:14:35.653+0000] {taskinstance.py:1279} INFO - 
--------------------------------------------------------------------------------
[2023-02-09T22:14:35.653+0000] {taskinstance.py:1280} INFO - Starting attempt 1 of 1
[2023-02-09T22:14:35.654+0000] {taskinstance.py:1281} INFO - 
--------------------------------------------------------------------------------
[2023-02-09T22:14:35.666+0000] {taskinstance.py:1300} INFO - Executing <Task(PostgresOperator): populate_all_tables> on 2023-02-09 22:14:21+00:00
[2023-02-09T22:14:35.675+0000] {standard_task_runner.py:55} INFO - Started process 4005 to run task
[2023-02-09T22:14:35.680+0000] {standard_task_runner.py:82} INFO - Running: ['***', 'tasks', 'run', 'cms_asp_noc', 'populate_all_tables', 'manual__2023-02-09T22:14:21+00:00', '--job-id', '1619', '--raw', '--subdir', 'DAGS_FOLDER/cms_upd.py', '--cfg-path', '/tmp/tmpdj0lbyuk']
[2023-02-09T22:14:35.684+0000] {standard_task_runner.py:83} INFO - Job 1619: Subtask populate_all_tables
[2023-02-09T22:14:35.770+0000] {task_command.py:388} INFO - Running <TaskInstance: cms_asp_noc.populate_all_tables manual__2023-02-09T22:14:21+00:00 [running]> on host 2886274f27ea
[2023-02-09T22:14:35.851+0000] {taskinstance.py:1509} INFO - Exporting the following env vars:
AIRFLOW_CTX_DAG_OWNER=***
AIRFLOW_CTX_DAG_ID=cms_asp_noc
AIRFLOW_CTX_TASK_ID=populate_all_tables
AIRFLOW_CTX_EXECUTION_DATE=2023-02-09T22:14:21+00:00
AIRFLOW_CTX_TRY_NUMBER=1
AIRFLOW_CTX_DAG_RUN_ID=manual__2023-02-09T22:14:21+00:00
[2023-02-09T22:14:35.853+0000] {sql.py:254} INFO - Executing: ['call sp_upsert_asp_pricing();\ncall sp_upsert_asp_ndc_hcpcs();\ncall sp_upsert_noc_NDC_HCPCS();']
[2023-02-09T22:14:36.379+0000] {base.py:73} INFO - Using connection ID 'postgres_conn' for task execution.
[2023-02-09T22:14:36.527+0000] {base.py:73} INFO - Using connection ID 'postgres_conn' for task execution.
[2023-02-09T22:14:36.541+0000] {sql.py:375} INFO - Running statement: call sp_upsert_asp_pricing();
call sp_upsert_asp_ndc_hcpcs();
call sp_upsert_noc_NDC_HCPCS();, parameters: None
[2023-02-09T22:14:36.544+0000] {taskinstance.py:1768} ERROR - Task failed with exception
Traceback (most recent call last):
  File "/home/airflow/.local/lib/python3.7/site-packages/airflow/providers/common/sql/operators/sql.py", line 266, in execute
    **extra_kwargs,
  File "/home/airflow/.local/lib/python3.7/site-packages/airflow/providers/common/sql/hooks/sql.py", line 349, in run
    self._run_command(cur, sql_statement, parameters)
  File "/home/airflow/.local/lib/python3.7/site-packages/airflow/providers/common/sql/hooks/sql.py", line 380, in _run_command
    cur.execute(sql_statement)
psycopg2.errors.UndefinedFunction: procedure sp_upsert_asp_pricing() does not exist
LINE 1: call sp_upsert_asp_pricing();
             ^
HINT:  No procedure matches the given name and argument types. You might need to add explicit type casts.

[2023-02-09T22:14:36.556+0000] {taskinstance.py:1323} INFO - Marking task as FAILED. dag_id=cms_asp_noc, task_id=populate_all_tables, execution_date=20230209T221421, start_date=20230209T221435, end_date=20230209T221436
[2023-02-09T22:14:36.567+0000] {standard_task_runner.py:105} ERROR - Failed to execute job 1619 for task populate_all_tables (procedure sp_upsert_asp_pricing() does not exist
LINE 1: call sp_upsert_asp_pricing();
             ^
HINT:  No procedure matches the given name and argument types. You might need to add explicit type casts.
; 4005)
[2023-02-09T22:14:36.621+0000] {local_task_job.py:208} INFO - Task exited with return code 1
[2023-02-09T22:14:36.648+0000] {taskinstance.py:2578} INFO - 0 downstream tasks scheduled from follow-on schedule check
