[2023-02-08T15:19:26.123+0000] {taskinstance.py:1083} INFO - Dependencies all met for <TaskInstance: cms_asp_noc.download_file scheduled__2022-11-05T00:00:00+00:00 [queued]>
[2023-02-08T15:19:26.180+0000] {taskinstance.py:1083} INFO - Dependencies all met for <TaskInstance: cms_asp_noc.download_file scheduled__2022-11-05T00:00:00+00:00 [queued]>
[2023-02-08T15:19:26.189+0000] {taskinstance.py:1279} INFO - 
--------------------------------------------------------------------------------
[2023-02-08T15:19:26.190+0000] {taskinstance.py:1280} INFO - Starting attempt 1 of 1
[2023-02-08T15:19:26.190+0000] {taskinstance.py:1281} INFO - 
--------------------------------------------------------------------------------
[2023-02-08T15:19:26.243+0000] {taskinstance.py:1300} INFO - Executing <Task(PythonOperator): download_file> on 2022-11-05 00:00:00+00:00
[2023-02-08T15:19:26.259+0000] {standard_task_runner.py:55} INFO - Started process 3353 to run task
[2023-02-08T15:19:26.269+0000] {standard_task_runner.py:82} INFO - Running: ['***', 'tasks', 'run', 'cms_asp_noc', 'download_file', 'scheduled__2022-11-05T00:00:00+00:00', '--job-id', '1099', '--raw', '--subdir', 'DAGS_FOLDER/cms_upd.py', '--cfg-path', '/tmp/tmppofcxfi8']
[2023-02-08T15:19:26.277+0000] {standard_task_runner.py:83} INFO - Job 1099: Subtask download_file
[2023-02-08T15:19:26.461+0000] {task_command.py:388} INFO - Running <TaskInstance: cms_asp_noc.download_file scheduled__2022-11-05T00:00:00+00:00 [running]> on host 1f90076947be
[2023-02-08T15:19:27.705+0000] {taskinstance.py:1509} INFO - Exporting the following env vars:
AIRFLOW_CTX_DAG_OWNER=***
AIRFLOW_CTX_DAG_ID=cms_asp_noc
AIRFLOW_CTX_TASK_ID=download_file
AIRFLOW_CTX_EXECUTION_DATE=2022-11-05T00:00:00+00:00
AIRFLOW_CTX_TRY_NUMBER=1
AIRFLOW_CTX_DAG_RUN_ID=scheduled__2022-11-05T00:00:00+00:00
[2023-02-08T15:19:30.669+0000] {logging_mixin.py:137} INFO - july-2022-asp-pricing-file-updated-12142022.zip is downloaded.
[2023-02-08T15:19:30.806+0000] {logging_mixin.py:137} INFO - january-2023-noc-pricing-file.zip is downloaded.
[2023-02-08T15:19:31.172+0000] {logging_mixin.py:137} INFO - january-2022-asp-ndc-hcpcs-crosswalk.zip is downloaded.
[2023-02-08T15:19:31.408+0000] {logging_mixin.py:137} INFO - january-2022-asp-pricing-file-updated-06082022.zip is downloaded.
[2023-02-08T15:19:31.734+0000] {logging_mixin.py:137} INFO - october-2022-asp-ndc-hcpcs-crosswalks-updated-12212022.zip is downloaded.
[2023-02-08T15:19:31.925+0000] {logging_mixin.py:137} INFO - july-2022-noc-pricing-file.zip is downloaded.
[2023-02-08T15:19:32.548+0000] {logging_mixin.py:137} INFO - april-2022-noc-pricing-file.zip is downloaded.
[2023-02-08T15:19:33.984+0000] {logging_mixin.py:137} INFO - july-2022-asp-ndc-hcpcs-crosswalk-updated-07142022.zip is downloaded.
[2023-02-08T15:19:34.489+0000] {logging_mixin.py:137} INFO - october-2022-noc-pricing-file.zip is downloaded.
[2023-02-08T15:19:35.168+0000] {logging_mixin.py:137} INFO - april-2022-asp-ndc-hcpcs-crosswalk.zip is downloaded.
[2023-02-08T15:19:35.366+0000] {logging_mixin.py:137} INFO - 2023.zip is downloaded.
[2023-02-08T15:19:35.515+0000] {logging_mixin.py:137} INFO - january-2022-noc-pricing-file-updated-03022022.zip is downloaded.
[2023-02-08T15:19:35.723+0000] {logging_mixin.py:137} INFO - october-2022-asp-pricing-file-updated-12212022.zip is downloaded.
[2023-02-08T15:19:35.934+0000] {logging_mixin.py:137} INFO - april-2022-asp-pricing-file-updated-12142022.zip is downloaded.
[2023-02-08T15:19:36.258+0000] {logging_mixin.py:137} INFO - 2023.zip is downloaded.
[2023-02-08T15:19:36.263+0000] {python.py:177} INFO - Done. Returned value was: None
[2023-02-08T15:19:36.376+0000] {taskinstance.py:1323} INFO - Marking task as SUCCESS. dag_id=cms_asp_noc, task_id=download_file, execution_date=20221105T000000, start_date=20230208T151926, end_date=20230208T151936
[2023-02-08T15:19:37.045+0000] {local_task_job.py:208} INFO - Task exited with return code 0
[2023-02-08T15:19:38.680+0000] {taskinstance.py:2578} INFO - 0 downstream tasks scheduled from follow-on schedule check
