[2023-02-08T15:23:15.077+0000] {taskinstance.py:1083} INFO - Dependencies all met for <TaskInstance: cms_asp_noc.download_file scheduled__2022-12-20T00:00:00+00:00 [queued]>
[2023-02-08T15:23:15.094+0000] {taskinstance.py:1083} INFO - Dependencies all met for <TaskInstance: cms_asp_noc.download_file scheduled__2022-12-20T00:00:00+00:00 [queued]>
[2023-02-08T15:23:15.099+0000] {taskinstance.py:1279} INFO - 
--------------------------------------------------------------------------------
[2023-02-08T15:23:15.106+0000] {taskinstance.py:1280} INFO - Starting attempt 1 of 1
[2023-02-08T15:23:15.107+0000] {taskinstance.py:1281} INFO - 
--------------------------------------------------------------------------------
[2023-02-08T15:23:15.142+0000] {taskinstance.py:1300} INFO - Executing <Task(PythonOperator): download_file> on 2022-12-20 00:00:00+00:00
[2023-02-08T15:23:15.155+0000] {standard_task_runner.py:55} INFO - Started process 4264 to run task
[2023-02-08T15:23:15.183+0000] {standard_task_runner.py:82} INFO - Running: ['***', 'tasks', 'run', 'cms_asp_noc', 'download_file', 'scheduled__2022-12-20T00:00:00+00:00', '--job-id', '1333', '--raw', '--subdir', 'DAGS_FOLDER/cms_upd.py', '--cfg-path', '/tmp/tmp76ugi4fa']
[2023-02-08T15:23:15.198+0000] {standard_task_runner.py:83} INFO - Job 1333: Subtask download_file
[2023-02-08T15:23:15.446+0000] {task_command.py:388} INFO - Running <TaskInstance: cms_asp_noc.download_file scheduled__2022-12-20T00:00:00+00:00 [running]> on host 1f90076947be
[2023-02-08T15:23:16.285+0000] {taskinstance.py:1509} INFO - Exporting the following env vars:
AIRFLOW_CTX_DAG_OWNER=***
AIRFLOW_CTX_DAG_ID=cms_asp_noc
AIRFLOW_CTX_TASK_ID=download_file
AIRFLOW_CTX_EXECUTION_DATE=2022-12-20T00:00:00+00:00
AIRFLOW_CTX_TRY_NUMBER=1
AIRFLOW_CTX_DAG_RUN_ID=scheduled__2022-12-20T00:00:00+00:00
[2023-02-08T15:23:18.719+0000] {logging_mixin.py:137} INFO - july-2022-asp-pricing-file-updated-12142022.zip is downloaded.
[2023-02-08T15:23:18.880+0000] {logging_mixin.py:137} INFO - january-2023-noc-pricing-file.zip is downloaded.
[2023-02-08T15:23:19.156+0000] {logging_mixin.py:137} INFO - january-2022-asp-ndc-hcpcs-crosswalk.zip is downloaded.
[2023-02-08T15:23:19.343+0000] {logging_mixin.py:137} INFO - january-2022-asp-pricing-file-updated-06082022.zip is downloaded.
[2023-02-08T15:23:19.625+0000] {logging_mixin.py:137} INFO - october-2022-asp-ndc-hcpcs-crosswalks-updated-12212022.zip is downloaded.
[2023-02-08T15:23:19.785+0000] {logging_mixin.py:137} INFO - july-2022-noc-pricing-file.zip is downloaded.
[2023-02-08T15:23:19.924+0000] {logging_mixin.py:137} INFO - april-2022-noc-pricing-file.zip is downloaded.
[2023-02-08T15:23:20.237+0000] {logging_mixin.py:137} INFO - july-2022-asp-ndc-hcpcs-crosswalk-updated-07142022.zip is downloaded.
[2023-02-08T15:23:20.391+0000] {logging_mixin.py:137} INFO - october-2022-noc-pricing-file.zip is downloaded.
[2023-02-08T15:23:20.671+0000] {logging_mixin.py:137} INFO - april-2022-asp-ndc-hcpcs-crosswalk.zip is downloaded.
[2023-02-08T15:23:20.845+0000] {logging_mixin.py:137} INFO - 2023.zip is downloaded.
[2023-02-08T15:23:21.021+0000] {logging_mixin.py:137} INFO - january-2022-noc-pricing-file-updated-03022022.zip is downloaded.
[2023-02-08T15:23:21.236+0000] {logging_mixin.py:137} INFO - october-2022-asp-pricing-file-updated-12212022.zip is downloaded.
[2023-02-08T15:23:21.408+0000] {logging_mixin.py:137} INFO - april-2022-asp-pricing-file-updated-12142022.zip is downloaded.
[2023-02-08T15:23:21.681+0000] {logging_mixin.py:137} INFO - 2023.zip is downloaded.
[2023-02-08T15:23:21.682+0000] {python.py:177} INFO - Done. Returned value was: None
[2023-02-08T15:23:21.726+0000] {taskinstance.py:1323} INFO - Marking task as SUCCESS. dag_id=cms_asp_noc, task_id=download_file, execution_date=20221220T000000, start_date=20230208T152315, end_date=20230208T152321
[2023-02-08T15:23:21.961+0000] {local_task_job.py:208} INFO - Task exited with return code 0
[2023-02-08T15:23:22.358+0000] {taskinstance.py:2578} INFO - 1 downstream tasks scheduled from follow-on schedule check
