[2023-02-08T15:18:34.342+0000] {taskinstance.py:1083} INFO - Dependencies all met for <TaskInstance: cms_asp_noc.download_file scheduled__2022-10-25T00:00:00+00:00 [queued]>
[2023-02-08T15:18:34.389+0000] {taskinstance.py:1083} INFO - Dependencies all met for <TaskInstance: cms_asp_noc.download_file scheduled__2022-10-25T00:00:00+00:00 [queued]>
[2023-02-08T15:18:34.394+0000] {taskinstance.py:1279} INFO - 
--------------------------------------------------------------------------------
[2023-02-08T15:18:34.396+0000] {taskinstance.py:1280} INFO - Starting attempt 1 of 1
[2023-02-08T15:18:34.397+0000] {taskinstance.py:1281} INFO - 
--------------------------------------------------------------------------------
[2023-02-08T15:18:34.439+0000] {taskinstance.py:1300} INFO - Executing <Task(PythonOperator): download_file> on 2022-10-25 00:00:00+00:00
[2023-02-08T15:18:34.472+0000] {standard_task_runner.py:55} INFO - Started process 3178 to run task
[2023-02-08T15:18:34.508+0000] {standard_task_runner.py:82} INFO - Running: ['***', 'tasks', 'run', 'cms_asp_noc', 'download_file', 'scheduled__2022-10-25T00:00:00+00:00', '--job-id', '1058', '--raw', '--subdir', 'DAGS_FOLDER/cms_upd.py', '--cfg-path', '/tmp/tmpukx46e2j']
[2023-02-08T15:18:34.525+0000] {standard_task_runner.py:83} INFO - Job 1058: Subtask download_file
[2023-02-08T15:18:34.708+0000] {task_command.py:388} INFO - Running <TaskInstance: cms_asp_noc.download_file scheduled__2022-10-25T00:00:00+00:00 [running]> on host 1f90076947be
[2023-02-08T15:18:36.214+0000] {taskinstance.py:1509} INFO - Exporting the following env vars:
AIRFLOW_CTX_DAG_OWNER=***
AIRFLOW_CTX_DAG_ID=cms_asp_noc
AIRFLOW_CTX_TASK_ID=download_file
AIRFLOW_CTX_EXECUTION_DATE=2022-10-25T00:00:00+00:00
AIRFLOW_CTX_TRY_NUMBER=1
AIRFLOW_CTX_DAG_RUN_ID=scheduled__2022-10-25T00:00:00+00:00
[2023-02-08T15:18:38.821+0000] {logging_mixin.py:137} INFO - july-2022-asp-pricing-file-updated-12142022.zip is downloaded.
[2023-02-08T15:18:38.955+0000] {logging_mixin.py:137} INFO - january-2023-noc-pricing-file.zip is downloaded.
[2023-02-08T15:18:39.318+0000] {logging_mixin.py:137} INFO - january-2022-asp-ndc-hcpcs-crosswalk.zip is downloaded.
[2023-02-08T15:18:39.524+0000] {logging_mixin.py:137} INFO - january-2022-asp-pricing-file-updated-06082022.zip is downloaded.
[2023-02-08T15:18:39.833+0000] {logging_mixin.py:137} INFO - october-2022-asp-ndc-hcpcs-crosswalks-updated-12212022.zip is downloaded.
[2023-02-08T15:18:40.014+0000] {logging_mixin.py:137} INFO - july-2022-noc-pricing-file.zip is downloaded.
[2023-02-08T15:18:40.153+0000] {logging_mixin.py:137} INFO - april-2022-noc-pricing-file.zip is downloaded.
[2023-02-08T15:18:40.452+0000] {logging_mixin.py:137} INFO - july-2022-asp-ndc-hcpcs-crosswalk-updated-07142022.zip is downloaded.
[2023-02-08T15:18:40.579+0000] {logging_mixin.py:137} INFO - october-2022-noc-pricing-file.zip is downloaded.
[2023-02-08T15:18:40.911+0000] {logging_mixin.py:137} INFO - april-2022-asp-ndc-hcpcs-crosswalk.zip is downloaded.
[2023-02-08T15:18:41.102+0000] {logging_mixin.py:137} INFO - 2023.zip is downloaded.
[2023-02-08T15:18:41.252+0000] {logging_mixin.py:137} INFO - january-2022-noc-pricing-file-updated-03022022.zip is downloaded.
[2023-02-08T15:18:41.423+0000] {logging_mixin.py:137} INFO - october-2022-asp-pricing-file-updated-12212022.zip is downloaded.
[2023-02-08T15:18:41.646+0000] {logging_mixin.py:137} INFO - april-2022-asp-pricing-file-updated-12142022.zip is downloaded.
[2023-02-08T15:18:42.078+0000] {logging_mixin.py:137} INFO - 2023.zip is downloaded.
[2023-02-08T15:18:42.081+0000] {python.py:177} INFO - Done. Returned value was: None
[2023-02-08T15:18:42.147+0000] {taskinstance.py:1323} INFO - Marking task as SUCCESS. dag_id=cms_asp_noc, task_id=download_file, execution_date=20221025T000000, start_date=20230208T151834, end_date=20230208T151842
[2023-02-08T15:18:42.467+0000] {local_task_job.py:208} INFO - Task exited with return code 0
[2023-02-08T15:18:43.641+0000] {taskinstance.py:2578} INFO - 1 downstream tasks scheduled from follow-on schedule check
