[2023-02-22T00:00:08.287+0000] {taskinstance.py:1083} INFO - Dependencies all met for <TaskInstance: cms_asp_noc.download_file scheduled__2023-02-21T00:00:00+00:00 [queued]>
[2023-02-22T00:00:08.295+0000] {taskinstance.py:1083} INFO - Dependencies all met for <TaskInstance: cms_asp_noc.download_file scheduled__2023-02-21T00:00:00+00:00 [queued]>
[2023-02-22T00:00:08.296+0000] {taskinstance.py:1279} INFO - 
--------------------------------------------------------------------------------
[2023-02-22T00:00:08.297+0000] {taskinstance.py:1280} INFO - Starting attempt 1 of 1
[2023-02-22T00:00:08.297+0000] {taskinstance.py:1281} INFO - 
--------------------------------------------------------------------------------
[2023-02-22T00:00:08.310+0000] {taskinstance.py:1300} INFO - Executing <Task(PythonOperator): download_file> on 2023-02-21 00:00:00+00:00
[2023-02-22T00:00:08.317+0000] {standard_task_runner.py:55} INFO - Started process 32694 to run task
[2023-02-22T00:00:08.321+0000] {standard_task_runner.py:82} INFO - Running: ['***', 'tasks', 'run', 'cms_asp_noc', 'download_file', 'scheduled__2023-02-21T00:00:00+00:00', '--job-id', '1824', '--raw', '--subdir', 'DAGS_FOLDER/cms_upd.py', '--cfg-path', '/tmp/tmp3edho_kl']
[2023-02-22T00:00:08.324+0000] {standard_task_runner.py:83} INFO - Job 1824: Subtask download_file
[2023-02-22T00:00:08.591+0000] {task_command.py:388} INFO - Running <TaskInstance: cms_asp_noc.download_file scheduled__2023-02-21T00:00:00+00:00 [running]> on host 2886274f27ea
[2023-02-22T00:00:08.661+0000] {taskinstance.py:1509} INFO - Exporting the following env vars:
AIRFLOW_CTX_DAG_OWNER=***
AIRFLOW_CTX_DAG_ID=cms_asp_noc
AIRFLOW_CTX_TASK_ID=download_file
AIRFLOW_CTX_EXECUTION_DATE=2023-02-21T00:00:00+00:00
AIRFLOW_CTX_TRY_NUMBER=1
AIRFLOW_CTX_DAG_RUN_ID=scheduled__2023-02-21T00:00:00+00:00
[2023-02-22T00:00:16.089+0000] {logging_mixin.py:137} INFO - october-2022-noc-pricing-file.zip is downloaded.
[2023-02-22T00:00:16.273+0000] {logging_mixin.py:137} INFO - 2023.zip is downloaded.
[2023-02-22T00:00:16.413+0000] {logging_mixin.py:137} INFO - january-2023-noc-pricing-file.zip is downloaded.
[2023-02-22T00:00:16.563+0000] {logging_mixin.py:137} INFO - july-2022-noc-pricing-file.zip is downloaded.
[2023-02-22T00:00:17.096+0000] {logging_mixin.py:137} INFO - october-2022-asp-ndc-hcpcs-crosswalks-updated-12212022.zip is downloaded.
[2023-02-22T00:00:17.464+0000] {logging_mixin.py:137} INFO - april-2022-asp-pricing-file-updated-12142022.zip is downloaded.
[2023-02-22T00:00:17.899+0000] {logging_mixin.py:137} INFO - april-2022-asp-ndc-hcpcs-crosswalk.zip is downloaded.
[2023-02-22T00:00:18.344+0000] {logging_mixin.py:137} INFO - january-2022-noc-pricing-file-updated-03022022.zip is downloaded.
[2023-02-22T00:00:18.629+0000] {logging_mixin.py:137} INFO - 2023.zip is downloaded.
[2023-02-22T00:00:18.995+0000] {logging_mixin.py:137} INFO - april-2022-noc-pricing-file.zip is downloaded.
[2023-02-22T00:00:19.215+0000] {logging_mixin.py:137} INFO - october-2022-asp-pricing-file-updated-12212022.zip is downloaded.
[2023-02-22T00:00:19.596+0000] {logging_mixin.py:137} INFO - january-2022-asp-pricing-file-updated-06082022.zip is downloaded.
[2023-02-22T00:00:19.898+0000] {logging_mixin.py:137} INFO - july-2022-asp-ndc-hcpcs-crosswalk-updated-07142022.zip is downloaded.
[2023-02-22T00:00:20.421+0000] {logging_mixin.py:137} INFO - january-2022-asp-ndc-hcpcs-crosswalk.zip is downloaded.
[2023-02-22T00:00:20.598+0000] {logging_mixin.py:137} INFO - july-2022-asp-pricing-file-updated-12142022.zip is downloaded.
[2023-02-22T00:00:20.599+0000] {python.py:177} INFO - Done. Returned value was: None
[2023-02-22T00:00:20.620+0000] {taskinstance.py:1323} INFO - Marking task as SUCCESS. dag_id=cms_asp_noc, task_id=download_file, execution_date=20230221T000000, start_date=20230222T000008, end_date=20230222T000020
[2023-02-22T00:00:20.749+0000] {local_task_job.py:208} INFO - Task exited with return code 0
[2023-02-22T00:00:21.287+0000] {taskinstance.py:2578} INFO - 1 downstream tasks scheduled from follow-on schedule check
