[2023-02-08T15:13:05.312+0000] {taskinstance.py:1083} INFO - Dependencies all met for <TaskInstance: cms_asp_noc.extract scheduled__2022-08-15T00:00:00+00:00 [queued]>
[2023-02-08T15:13:05.335+0000] {taskinstance.py:1083} INFO - Dependencies all met for <TaskInstance: cms_asp_noc.extract scheduled__2022-08-15T00:00:00+00:00 [queued]>
[2023-02-08T15:13:05.336+0000] {taskinstance.py:1279} INFO - 
--------------------------------------------------------------------------------
[2023-02-08T15:13:05.336+0000] {taskinstance.py:1280} INFO - Starting attempt 1 of 1
[2023-02-08T15:13:05.337+0000] {taskinstance.py:1281} INFO - 
--------------------------------------------------------------------------------
[2023-02-08T15:13:05.398+0000] {taskinstance.py:1300} INFO - Executing <Task(PythonOperator): extract> on 2022-08-15 00:00:00+00:00
[2023-02-08T15:13:05.440+0000] {standard_task_runner.py:55} INFO - Started process 1811 to run task
[2023-02-08T15:13:05.460+0000] {standard_task_runner.py:82} INFO - Running: ['***', 'tasks', 'run', 'cms_asp_noc', 'extract', 'scheduled__2022-08-15T00:00:00+00:00', '--job-id', '710', '--raw', '--subdir', 'DAGS_FOLDER/cms_upd.py', '--cfg-path', '/tmp/tmphsa_3x0r']
[2023-02-08T15:13:05.478+0000] {standard_task_runner.py:83} INFO - Job 710: Subtask extract
[2023-02-08T15:13:05.818+0000] {task_command.py:388} INFO - Running <TaskInstance: cms_asp_noc.extract scheduled__2022-08-15T00:00:00+00:00 [running]> on host 1f90076947be
[2023-02-08T15:13:07.330+0000] {taskinstance.py:1509} INFO - Exporting the following env vars:
AIRFLOW_CTX_DAG_OWNER=***
AIRFLOW_CTX_DAG_ID=cms_asp_noc
AIRFLOW_CTX_TASK_ID=extract
AIRFLOW_CTX_EXECUTION_DATE=2022-08-15T00:00:00+00:00
AIRFLOW_CTX_TRY_NUMBER=1
AIRFLOW_CTX_DAG_RUN_ID=scheduled__2022-08-15T00:00:00+00:00
[2023-02-08T15:13:07.332+0000] {logging_mixin.py:137} INFO - /opt/***/op_files/cms_zip_files/april-2022-asp-pricing-file-updated-06082022.zip
[2023-02-08T15:13:07.365+0000] {logging_mixin.py:137} INFO - /opt/***/op_files/cms_zip_files/april-2022-asp-pricing-file-updated-12142022.zip
[2023-02-08T15:13:07.396+0000] {logging_mixin.py:137} INFO - /opt/***/op_files/cms_zip_files/january-2022-asp-pricing-file-updated-06082022.zip
[2023-02-08T15:13:07.421+0000] {logging_mixin.py:137} INFO - /opt/***/op_files/cms_zip_files/july-2022-asp-ndc-hcpcs-crosswalk-updated-07142022.zip
[2023-02-08T15:13:07.569+0000] {logging_mixin.py:137} INFO - /opt/***/op_files/cms_zip_files/july-2022-asp-pricing-file-updated-12142022.zip
[2023-02-08T15:13:07.591+0000] {logging_mixin.py:137} INFO - /opt/***/op_files/cms_zip_files/july-2022-noc-pricing-file.zip
[2023-02-08T15:13:07.598+0000] {python.py:177} INFO - Done. Returned value was: None
[2023-02-08T15:13:07.619+0000] {taskinstance.py:1323} INFO - Marking task as SUCCESS. dag_id=cms_asp_noc, task_id=extract, execution_date=20220815T000000, start_date=20230208T151305, end_date=20230208T151307
[2023-02-08T15:13:07.822+0000] {local_task_job.py:208} INFO - Task exited with return code 0
[2023-02-08T15:13:08.316+0000] {taskinstance.py:2578} INFO - 0 downstream tasks scheduled from follow-on schedule check
