[2023-02-08T15:54:54.086+0000] {taskinstance.py:1083} INFO - Dependencies all met for <TaskInstance: cms_asp_noc.download_file scheduled__2023-01-10T00:00:00+00:00 [queued]>
[2023-02-08T15:54:54.109+0000] {taskinstance.py:1083} INFO - Dependencies all met for <TaskInstance: cms_asp_noc.download_file scheduled__2023-01-10T00:00:00+00:00 [queued]>
[2023-02-08T15:54:54.111+0000] {taskinstance.py:1279} INFO - 
--------------------------------------------------------------------------------
[2023-02-08T15:54:54.112+0000] {taskinstance.py:1280} INFO - Starting attempt 1 of 1
[2023-02-08T15:54:54.112+0000] {taskinstance.py:1281} INFO - 
--------------------------------------------------------------------------------
[2023-02-08T15:54:54.125+0000] {taskinstance.py:1300} INFO - Executing <Task(PythonOperator): download_file> on 2023-01-10 00:00:00+00:00
[2023-02-08T15:54:54.147+0000] {standard_task_runner.py:55} INFO - Started process 4674 to run task
[2023-02-08T15:54:54.160+0000] {standard_task_runner.py:82} INFO - Running: ['***', 'tasks', 'run', 'cms_asp_noc', 'download_file', 'scheduled__2023-01-10T00:00:00+00:00', '--job-id', '1403', '--raw', '--subdir', 'DAGS_FOLDER/cms_upd.py', '--cfg-path', '/tmp/tmp8drdcu1a']
[2023-02-08T15:54:54.173+0000] {standard_task_runner.py:83} INFO - Job 1403: Subtask download_file
[2023-02-08T15:54:54.308+0000] {task_command.py:388} INFO - Running <TaskInstance: cms_asp_noc.download_file scheduled__2023-01-10T00:00:00+00:00 [running]> on host 1f90076947be
[2023-02-08T15:54:55.081+0000] {taskinstance.py:1509} INFO - Exporting the following env vars:
AIRFLOW_CTX_DAG_OWNER=***
AIRFLOW_CTX_DAG_ID=cms_asp_noc
AIRFLOW_CTX_TASK_ID=download_file
AIRFLOW_CTX_EXECUTION_DATE=2023-01-10T00:00:00+00:00
AIRFLOW_CTX_TRY_NUMBER=1
AIRFLOW_CTX_DAG_RUN_ID=scheduled__2023-01-10T00:00:00+00:00
[2023-02-08T15:54:57.930+0000] {logging_mixin.py:137} INFO - july-2022-asp-pricing-file-updated-12142022.zip is downloaded.
[2023-02-08T15:54:58.079+0000] {logging_mixin.py:137} INFO - january-2023-noc-pricing-file.zip is downloaded.
[2023-02-08T15:54:58.330+0000] {logging_mixin.py:137} INFO - january-2022-asp-ndc-hcpcs-crosswalk.zip is downloaded.
[2023-02-08T15:54:58.474+0000] {logging_mixin.py:137} INFO - january-2022-asp-pricing-file-updated-06082022.zip is downloaded.
[2023-02-08T15:54:58.749+0000] {logging_mixin.py:137} INFO - october-2022-asp-ndc-hcpcs-crosswalks-updated-12212022.zip is downloaded.
[2023-02-08T15:54:58.911+0000] {logging_mixin.py:137} INFO - july-2022-noc-pricing-file.zip is downloaded.
[2023-02-08T15:54:59.083+0000] {logging_mixin.py:137} INFO - april-2022-noc-pricing-file.zip is downloaded.
[2023-02-08T15:54:59.381+0000] {logging_mixin.py:137} INFO - july-2022-asp-ndc-hcpcs-crosswalk-updated-07142022.zip is downloaded.
[2023-02-08T15:54:59.490+0000] {logging_mixin.py:137} INFO - october-2022-noc-pricing-file.zip is downloaded.
[2023-02-08T15:54:59.854+0000] {logging_mixin.py:137} INFO - april-2022-asp-ndc-hcpcs-crosswalk.zip is downloaded.
[2023-02-08T15:55:00.068+0000] {logging_mixin.py:137} INFO - 2023.zip is downloaded.
[2023-02-08T15:55:00.257+0000] {logging_mixin.py:137} INFO - january-2022-noc-pricing-file-updated-03022022.zip is downloaded.
[2023-02-08T15:55:00.439+0000] {logging_mixin.py:137} INFO - october-2022-asp-pricing-file-updated-12212022.zip is downloaded.
[2023-02-08T15:55:00.630+0000] {logging_mixin.py:137} INFO - april-2022-asp-pricing-file-updated-12142022.zip is downloaded.
[2023-02-08T15:55:00.920+0000] {logging_mixin.py:137} INFO - 2023.zip is downloaded.
[2023-02-08T15:55:00.922+0000] {python.py:177} INFO - Done. Returned value was: None
[2023-02-08T15:55:01.106+0000] {taskinstance.py:1323} INFO - Marking task as SUCCESS. dag_id=cms_asp_noc, task_id=download_file, execution_date=20230110T000000, start_date=20230208T155454, end_date=20230208T155501
[2023-02-08T15:55:01.739+0000] {local_task_job.py:208} INFO - Task exited with return code 0
[2023-02-08T15:55:04.154+0000] {taskinstance.py:2578} INFO - 0 downstream tasks scheduled from follow-on schedule check
