[2023-03-06T16:01:46.228+0000] {processor.py:153} INFO - Started process (PID=68) to work on /opt/airflow/dags/cms_pg/updates.py
[2023-03-06T16:01:46.287+0000] {processor.py:743} INFO - Processing file /opt/airflow/dags/cms_pg/updates.py for tasks to queue
[2023-03-06T16:01:46.316+0000] {logging_mixin.py:137} INFO - [2023-03-06T16:01:46.316+0000] {dagbag.py:538} INFO - Filling up the DagBag from /opt/airflow/dags/cms_pg/updates.py
[2023-03-06T16:01:50.332+0000] {logging_mixin.py:137} INFO - Website is not changed.
[2023-03-06T16:01:56.227+0000] {processor.py:755} WARNING - No viable dags retrieved from /opt/airflow/dags/cms_pg/updates.py
[2023-03-06T16:01:56.827+0000] {processor.py:175} INFO - Processing /opt/airflow/dags/cms_pg/updates.py took 10.646 seconds
[2023-03-06T16:02:29.394+0000] {processor.py:153} INFO - Started process (PID=99) to work on /opt/airflow/dags/cms_pg/updates.py
[2023-03-06T16:02:29.431+0000] {processor.py:743} INFO - Processing file /opt/airflow/dags/cms_pg/updates.py for tasks to queue
[2023-03-06T16:02:29.435+0000] {logging_mixin.py:137} INFO - [2023-03-06T16:02:29.434+0000] {dagbag.py:538} INFO - Filling up the DagBag from /opt/airflow/dags/cms_pg/updates.py
[2023-03-06T16:02:33.171+0000] {logging_mixin.py:137} INFO - Website is not changed.
[2023-03-06T16:02:55.216+0000] {processor.py:755} WARNING - No viable dags retrieved from /opt/airflow/dags/cms_pg/updates.py
[2023-03-06T16:02:55.337+0000] {processor.py:175} INFO - Processing /opt/airflow/dags/cms_pg/updates.py took 26.076 seconds
[2023-03-06T16:03:26.845+0000] {processor.py:153} INFO - Started process (PID=145) to work on /opt/airflow/dags/cms_pg/updates.py
[2023-03-06T16:03:26.856+0000] {processor.py:743} INFO - Processing file /opt/airflow/dags/cms_pg/updates.py for tasks to queue
[2023-03-06T16:03:26.864+0000] {logging_mixin.py:137} INFO - [2023-03-06T16:03:26.864+0000] {dagbag.py:538} INFO - Filling up the DagBag from /opt/airflow/dags/cms_pg/updates.py
[2023-03-06T16:03:27.947+0000] {logging_mixin.py:137} INFO - Website is not changed.
[2023-03-06T16:03:29.592+0000] {processor.py:755} WARNING - No viable dags retrieved from /opt/airflow/dags/cms_pg/updates.py
[2023-03-06T16:03:29.787+0000] {processor.py:175} INFO - Processing /opt/airflow/dags/cms_pg/updates.py took 2.956 seconds
[2023-03-06T16:04:00.859+0000] {processor.py:153} INFO - Started process (PID=177) to work on /opt/airflow/dags/cms_pg/updates.py
[2023-03-06T16:04:00.870+0000] {processor.py:743} INFO - Processing file /opt/airflow/dags/cms_pg/updates.py for tasks to queue
[2023-03-06T16:04:00.879+0000] {logging_mixin.py:137} INFO - [2023-03-06T16:04:00.878+0000] {dagbag.py:538} INFO - Filling up the DagBag from /opt/airflow/dags/cms_pg/updates.py
[2023-03-06T16:04:03.113+0000] {logging_mixin.py:137} INFO - Website is not changed.
[2023-03-06T16:04:05.059+0000] {processor.py:755} WARNING - No viable dags retrieved from /opt/airflow/dags/cms_pg/updates.py
[2023-03-06T16:04:05.334+0000] {processor.py:175} INFO - Processing /opt/airflow/dags/cms_pg/updates.py took 4.573 seconds
[2023-03-06T16:04:37.936+0000] {processor.py:153} INFO - Started process (PID=211) to work on /opt/airflow/dags/cms_pg/updates.py
[2023-03-06T16:04:37.967+0000] {processor.py:743} INFO - Processing file /opt/airflow/dags/cms_pg/updates.py for tasks to queue
[2023-03-06T16:04:38.000+0000] {logging_mixin.py:137} INFO - [2023-03-06T16:04:37.999+0000] {dagbag.py:538} INFO - Filling up the DagBag from /opt/airflow/dags/cms_pg/updates.py
[2023-03-06T16:04:39.135+0000] {logging_mixin.py:137} INFO - Website is not changed.
[2023-03-06T16:04:40.682+0000] {processor.py:755} WARNING - No viable dags retrieved from /opt/airflow/dags/cms_pg/updates.py
[2023-03-06T16:04:40.799+0000] {processor.py:175} INFO - Processing /opt/airflow/dags/cms_pg/updates.py took 2.904 seconds
[2023-03-06T16:05:11.624+0000] {processor.py:153} INFO - Started process (PID=236) to work on /opt/airflow/dags/cms_pg/updates.py
[2023-03-06T16:05:11.659+0000] {processor.py:743} INFO - Processing file /opt/airflow/dags/cms_pg/updates.py for tasks to queue
[2023-03-06T16:05:11.668+0000] {logging_mixin.py:137} INFO - [2023-03-06T16:05:11.668+0000] {dagbag.py:538} INFO - Filling up the DagBag from /opt/airflow/dags/cms_pg/updates.py
[2023-03-06T16:05:12.595+0000] {logging_mixin.py:137} INFO - Website is not changed.
[2023-03-06T16:05:14.995+0000] {processor.py:755} WARNING - No viable dags retrieved from /opt/airflow/dags/cms_pg/updates.py
[2023-03-06T16:05:15.028+0000] {processor.py:175} INFO - Processing /opt/airflow/dags/cms_pg/updates.py took 3.445 seconds
[2023-03-06T16:05:46.199+0000] {processor.py:153} INFO - Started process (PID=269) to work on /opt/airflow/dags/cms_pg/updates.py
[2023-03-06T16:05:46.236+0000] {processor.py:743} INFO - Processing file /opt/airflow/dags/cms_pg/updates.py for tasks to queue
[2023-03-06T16:05:46.248+0000] {logging_mixin.py:137} INFO - [2023-03-06T16:05:46.247+0000] {dagbag.py:538} INFO - Filling up the DagBag from /opt/airflow/dags/cms_pg/updates.py
[2023-03-06T16:05:49.434+0000] {logging_mixin.py:137} INFO - Website is not changed.
[2023-03-06T16:05:59.507+0000] {processor.py:755} WARNING - No viable dags retrieved from /opt/airflow/dags/cms_pg/updates.py
[2023-03-06T16:05:59.716+0000] {processor.py:175} INFO - Processing /opt/airflow/dags/cms_pg/updates.py took 13.685 seconds
[2023-03-06T16:06:31.838+0000] {processor.py:153} INFO - Started process (PID=295) to work on /opt/airflow/dags/cms_pg/updates.py
[2023-03-06T16:06:31.854+0000] {processor.py:743} INFO - Processing file /opt/airflow/dags/cms_pg/updates.py for tasks to queue
[2023-03-06T16:06:31.877+0000] {logging_mixin.py:137} INFO - [2023-03-06T16:06:31.877+0000] {dagbag.py:538} INFO - Filling up the DagBag from /opt/airflow/dags/cms_pg/updates.py
[2023-03-06T16:06:39.817+0000] {logging_mixin.py:137} INFO - Website is not changed.
[2023-03-06T16:06:53.864+0000] {processor.py:755} WARNING - No viable dags retrieved from /opt/airflow/dags/cms_pg/updates.py
[2023-03-06T16:06:54.073+0000] {processor.py:175} INFO - Processing /opt/airflow/dags/cms_pg/updates.py took 22.382 seconds
[2023-03-06T16:07:31.045+0000] {processor.py:153} INFO - Started process (PID=333) to work on /opt/airflow/dags/cms_pg/updates.py
[2023-03-06T16:07:31.108+0000] {processor.py:743} INFO - Processing file /opt/airflow/dags/cms_pg/updates.py for tasks to queue
[2023-03-06T16:07:31.231+0000] {logging_mixin.py:137} INFO - [2023-03-06T16:07:31.162+0000] {dagbag.py:538} INFO - Filling up the DagBag from /opt/airflow/dags/cms_pg/updates.py
[2023-03-06T16:07:40.495+0000] {logging_mixin.py:137} INFO - Website is not changed.
[2023-03-06T16:07:50.053+0000] {processor.py:755} WARNING - No viable dags retrieved from /opt/airflow/dags/cms_pg/updates.py
[2023-03-06T16:07:51.391+0000] {processor.py:175} INFO - Processing /opt/airflow/dags/cms_pg/updates.py took 20.853 seconds
[2023-03-06T16:08:26.636+0000] {processor.py:153} INFO - Started process (PID=366) to work on /opt/airflow/dags/cms_pg/updates.py
[2023-03-06T16:08:26.703+0000] {processor.py:743} INFO - Processing file /opt/airflow/dags/cms_pg/updates.py for tasks to queue
[2023-03-06T16:08:26.799+0000] {logging_mixin.py:137} INFO - [2023-03-06T16:08:26.798+0000] {dagbag.py:538} INFO - Filling up the DagBag from /opt/airflow/dags/cms_pg/updates.py
[2023-03-06T16:08:37.640+0000] {logging_mixin.py:137} INFO - Website is not changed.
[2023-03-06T16:08:42.973+0000] {processor.py:755} WARNING - No viable dags retrieved from /opt/airflow/dags/cms_pg/updates.py
[2023-03-06T16:08:43.127+0000] {processor.py:175} INFO - Processing /opt/airflow/dags/cms_pg/updates.py took 16.871 seconds
[2023-03-06T16:09:14.858+0000] {processor.py:153} INFO - Started process (PID=407) to work on /opt/airflow/dags/cms_pg/updates.py
[2023-03-06T16:09:14.874+0000] {processor.py:743} INFO - Processing file /opt/airflow/dags/cms_pg/updates.py for tasks to queue
[2023-03-06T16:09:14.887+0000] {logging_mixin.py:137} INFO - [2023-03-06T16:09:14.884+0000] {dagbag.py:538} INFO - Filling up the DagBag from /opt/airflow/dags/cms_pg/updates.py
[2023-03-06T16:09:17.073+0000] {logging_mixin.py:137} INFO - Website is not changed.
[2023-03-06T16:09:18.209+0000] {processor.py:755} WARNING - No viable dags retrieved from /opt/airflow/dags/cms_pg/updates.py
[2023-03-06T16:09:18.356+0000] {processor.py:175} INFO - Processing /opt/airflow/dags/cms_pg/updates.py took 3.542 seconds
[2023-03-06T16:09:49.182+0000] {processor.py:153} INFO - Started process (PID=443) to work on /opt/airflow/dags/cms_pg/updates.py
[2023-03-06T16:09:49.230+0000] {processor.py:743} INFO - Processing file /opt/airflow/dags/cms_pg/updates.py for tasks to queue
[2023-03-06T16:09:49.234+0000] {logging_mixin.py:137} INFO - [2023-03-06T16:09:49.234+0000] {dagbag.py:538} INFO - Filling up the DagBag from /opt/airflow/dags/cms_pg/updates.py
[2023-03-06T16:09:51.536+0000] {logging_mixin.py:137} INFO - Website is not changed.
[2023-03-06T16:09:58.426+0000] {processor.py:755} WARNING - No viable dags retrieved from /opt/airflow/dags/cms_pg/updates.py
[2023-03-06T16:09:58.466+0000] {processor.py:175} INFO - Processing /opt/airflow/dags/cms_pg/updates.py took 9.302 seconds
[2023-03-06T16:10:29.353+0000] {processor.py:153} INFO - Started process (PID=486) to work on /opt/airflow/dags/cms_pg/updates.py
[2023-03-06T16:10:29.367+0000] {processor.py:743} INFO - Processing file /opt/airflow/dags/cms_pg/updates.py for tasks to queue
[2023-03-06T16:10:29.371+0000] {logging_mixin.py:137} INFO - [2023-03-06T16:10:29.371+0000] {dagbag.py:538} INFO - Filling up the DagBag from /opt/airflow/dags/cms_pg/updates.py
[2023-03-06T16:10:32.227+0000] {logging_mixin.py:137} INFO - Website is not changed.
[2023-03-06T16:10:35.965+0000] {processor.py:755} WARNING - No viable dags retrieved from /opt/airflow/dags/cms_pg/updates.py
[2023-03-06T16:10:36.044+0000] {processor.py:175} INFO - Processing /opt/airflow/dags/cms_pg/updates.py took 6.772 seconds
[2023-03-06T16:11:07.252+0000] {processor.py:153} INFO - Started process (PID=517) to work on /opt/airflow/dags/cms_pg/updates.py
[2023-03-06T16:11:07.263+0000] {processor.py:743} INFO - Processing file /opt/airflow/dags/cms_pg/updates.py for tasks to queue
[2023-03-06T16:11:07.271+0000] {logging_mixin.py:137} INFO - [2023-03-06T16:11:07.271+0000] {dagbag.py:538} INFO - Filling up the DagBag from /opt/airflow/dags/cms_pg/updates.py
[2023-03-06T16:11:08.538+0000] {logging_mixin.py:137} INFO - Website is not changed.
[2023-03-06T16:11:09.949+0000] {processor.py:755} WARNING - No viable dags retrieved from /opt/airflow/dags/cms_pg/updates.py
[2023-03-06T16:11:10.074+0000] {processor.py:175} INFO - Processing /opt/airflow/dags/cms_pg/updates.py took 2.846 seconds
[2023-03-06T16:11:41.207+0000] {processor.py:153} INFO - Started process (PID=561) to work on /opt/airflow/dags/cms_pg/updates.py
[2023-03-06T16:11:41.211+0000] {processor.py:743} INFO - Processing file /opt/airflow/dags/cms_pg/updates.py for tasks to queue
[2023-03-06T16:11:41.214+0000] {logging_mixin.py:137} INFO - [2023-03-06T16:11:41.214+0000] {dagbag.py:538} INFO - Filling up the DagBag from /opt/airflow/dags/cms_pg/updates.py
[2023-03-06T16:11:42.020+0000] {logging_mixin.py:137} INFO - Website is not changed.
[2023-03-06T16:11:42.574+0000] {processor.py:755} WARNING - No viable dags retrieved from /opt/airflow/dags/cms_pg/updates.py
[2023-03-06T16:11:42.613+0000] {processor.py:175} INFO - Processing /opt/airflow/dags/cms_pg/updates.py took 1.418 seconds
[2023-03-06T16:12:13.035+0000] {processor.py:153} INFO - Started process (PID=593) to work on /opt/airflow/dags/cms_pg/updates.py
[2023-03-06T16:12:13.038+0000] {processor.py:743} INFO - Processing file /opt/airflow/dags/cms_pg/updates.py for tasks to queue
[2023-03-06T16:12:13.040+0000] {logging_mixin.py:137} INFO - [2023-03-06T16:12:13.040+0000] {dagbag.py:538} INFO - Filling up the DagBag from /opt/airflow/dags/cms_pg/updates.py
[2023-03-06T16:12:13.460+0000] {logging_mixin.py:137} INFO - Website is not changed.
[2023-03-06T16:12:14.103+0000] {processor.py:755} WARNING - No viable dags retrieved from /opt/airflow/dags/cms_pg/updates.py
[2023-03-06T16:12:14.114+0000] {processor.py:175} INFO - Processing /opt/airflow/dags/cms_pg/updates.py took 1.093 seconds
[2023-03-06T16:12:44.494+0000] {processor.py:153} INFO - Started process (PID=636) to work on /opt/airflow/dags/cms_pg/updates.py
[2023-03-06T16:12:44.501+0000] {processor.py:743} INFO - Processing file /opt/airflow/dags/cms_pg/updates.py for tasks to queue
[2023-03-06T16:12:44.510+0000] {logging_mixin.py:137} INFO - [2023-03-06T16:12:44.510+0000] {dagbag.py:538} INFO - Filling up the DagBag from /opt/airflow/dags/cms_pg/updates.py
[2023-03-06T16:12:45.727+0000] {logging_mixin.py:137} INFO - Website is not changed.
[2023-03-06T16:12:47.825+0000] {processor.py:755} WARNING - No viable dags retrieved from /opt/airflow/dags/cms_pg/updates.py
[2023-03-06T16:12:47.893+0000] {processor.py:175} INFO - Processing /opt/airflow/dags/cms_pg/updates.py took 3.418 seconds
[2023-03-06T16:13:18.436+0000] {processor.py:153} INFO - Started process (PID=668) to work on /opt/airflow/dags/cms_pg/updates.py
[2023-03-06T16:13:18.458+0000] {processor.py:743} INFO - Processing file /opt/airflow/dags/cms_pg/updates.py for tasks to queue
[2023-03-06T16:13:18.463+0000] {logging_mixin.py:137} INFO - [2023-03-06T16:13:18.463+0000] {dagbag.py:538} INFO - Filling up the DagBag from /opt/airflow/dags/cms_pg/updates.py
[2023-03-06T16:13:19.398+0000] {logging_mixin.py:137} INFO - Website is not changed.
[2023-03-06T16:13:21.498+0000] {processor.py:755} WARNING - No viable dags retrieved from /opt/airflow/dags/cms_pg/updates.py
[2023-03-06T16:13:21.653+0000] {processor.py:175} INFO - Processing /opt/airflow/dags/cms_pg/updates.py took 3.280 seconds
[2023-03-06T16:13:52.206+0000] {processor.py:153} INFO - Started process (PID=712) to work on /opt/airflow/dags/cms_pg/updates.py
[2023-03-06T16:13:52.212+0000] {processor.py:743} INFO - Processing file /opt/airflow/dags/cms_pg/updates.py for tasks to queue
[2023-03-06T16:13:52.216+0000] {logging_mixin.py:137} INFO - [2023-03-06T16:13:52.215+0000] {dagbag.py:538} INFO - Filling up the DagBag from /opt/airflow/dags/cms_pg/updates.py
[2023-03-06T16:13:52.558+0000] {logging_mixin.py:137} INFO - Website is not changed.
[2023-03-06T16:13:52.806+0000] {processor.py:755} WARNING - No viable dags retrieved from /opt/airflow/dags/cms_pg/updates.py
[2023-03-06T16:13:52.837+0000] {processor.py:175} INFO - Processing /opt/airflow/dags/cms_pg/updates.py took 0.639 seconds
[2023-03-06T16:14:23.207+0000] {processor.py:153} INFO - Started process (PID=743) to work on /opt/airflow/dags/cms_pg/updates.py
[2023-03-06T16:14:23.208+0000] {processor.py:743} INFO - Processing file /opt/airflow/dags/cms_pg/updates.py for tasks to queue
[2023-03-06T16:14:23.210+0000] {logging_mixin.py:137} INFO - [2023-03-06T16:14:23.210+0000] {dagbag.py:538} INFO - Filling up the DagBag from /opt/airflow/dags/cms_pg/updates.py
[2023-03-06T16:14:23.420+0000] {logging_mixin.py:137} INFO - Website is not changed.
[2023-03-06T16:14:23.658+0000] {processor.py:755} WARNING - No viable dags retrieved from /opt/airflow/dags/cms_pg/updates.py
[2023-03-06T16:14:23.692+0000] {processor.py:175} INFO - Processing /opt/airflow/dags/cms_pg/updates.py took 0.489 seconds
[2023-03-06T16:14:54.376+0000] {processor.py:153} INFO - Started process (PID=787) to work on /opt/airflow/dags/cms_pg/updates.py
[2023-03-06T16:14:54.378+0000] {processor.py:743} INFO - Processing file /opt/airflow/dags/cms_pg/updates.py for tasks to queue
[2023-03-06T16:14:54.381+0000] {logging_mixin.py:137} INFO - [2023-03-06T16:14:54.381+0000] {dagbag.py:538} INFO - Filling up the DagBag from /opt/airflow/dags/cms_pg/updates.py
[2023-03-06T16:14:54.666+0000] {logging_mixin.py:137} INFO - Website is not changed.
[2023-03-06T16:14:54.846+0000] {processor.py:755} WARNING - No viable dags retrieved from /opt/airflow/dags/cms_pg/updates.py
[2023-03-06T16:14:54.860+0000] {processor.py:175} INFO - Processing /opt/airflow/dags/cms_pg/updates.py took 0.488 seconds
[2023-03-06T16:15:25.310+0000] {processor.py:153} INFO - Started process (PID=831) to work on /opt/airflow/dags/cms_pg/updates.py
[2023-03-06T16:15:25.312+0000] {processor.py:743} INFO - Processing file /opt/airflow/dags/cms_pg/updates.py for tasks to queue
[2023-03-06T16:15:25.313+0000] {logging_mixin.py:137} INFO - [2023-03-06T16:15:25.313+0000] {dagbag.py:538} INFO - Filling up the DagBag from /opt/airflow/dags/cms_pg/updates.py
[2023-03-06T16:15:25.592+0000] {logging_mixin.py:137} INFO - Website is not changed.
[2023-03-06T16:15:25.771+0000] {processor.py:755} WARNING - No viable dags retrieved from /opt/airflow/dags/cms_pg/updates.py
[2023-03-06T16:15:25.788+0000] {processor.py:175} INFO - Processing /opt/airflow/dags/cms_pg/updates.py took 0.482 seconds
[2023-03-06T16:15:56.018+0000] {processor.py:153} INFO - Started process (PID=861) to work on /opt/airflow/dags/cms_pg/updates.py
[2023-03-06T16:15:56.021+0000] {processor.py:743} INFO - Processing file /opt/airflow/dags/cms_pg/updates.py for tasks to queue
[2023-03-06T16:15:56.022+0000] {logging_mixin.py:137} INFO - [2023-03-06T16:15:56.022+0000] {dagbag.py:538} INFO - Filling up the DagBag from /opt/airflow/dags/cms_pg/updates.py
[2023-03-06T16:15:56.302+0000] {logging_mixin.py:137} INFO - Website is not changed.
[2023-03-06T16:15:56.476+0000] {processor.py:755} WARNING - No viable dags retrieved from /opt/airflow/dags/cms_pg/updates.py
[2023-03-06T16:15:56.496+0000] {processor.py:175} INFO - Processing /opt/airflow/dags/cms_pg/updates.py took 0.481 seconds
[2023-03-06T16:16:26.694+0000] {processor.py:153} INFO - Started process (PID=904) to work on /opt/airflow/dags/cms_pg/updates.py
[2023-03-06T16:16:26.695+0000] {processor.py:743} INFO - Processing file /opt/airflow/dags/cms_pg/updates.py for tasks to queue
[2023-03-06T16:16:26.696+0000] {logging_mixin.py:137} INFO - [2023-03-06T16:16:26.696+0000] {dagbag.py:538} INFO - Filling up the DagBag from /opt/airflow/dags/cms_pg/updates.py
[2023-03-06T16:16:26.913+0000] {logging_mixin.py:137} INFO - Website is not changed.
[2023-03-06T16:16:27.330+0000] {processor.py:755} WARNING - No viable dags retrieved from /opt/airflow/dags/cms_pg/updates.py
[2023-03-06T16:16:27.349+0000] {processor.py:175} INFO - Processing /opt/airflow/dags/cms_pg/updates.py took 0.658 seconds
[2023-03-06T16:16:57.538+0000] {processor.py:153} INFO - Started process (PID=948) to work on /opt/airflow/dags/cms_pg/updates.py
[2023-03-06T16:16:57.540+0000] {processor.py:743} INFO - Processing file /opt/airflow/dags/cms_pg/updates.py for tasks to queue
[2023-03-06T16:16:57.541+0000] {logging_mixin.py:137} INFO - [2023-03-06T16:16:57.541+0000] {dagbag.py:538} INFO - Filling up the DagBag from /opt/airflow/dags/cms_pg/updates.py
[2023-03-06T16:16:57.748+0000] {logging_mixin.py:137} INFO - Website is not changed.
[2023-03-06T16:16:57.934+0000] {processor.py:755} WARNING - No viable dags retrieved from /opt/airflow/dags/cms_pg/updates.py
[2023-03-06T16:16:57.947+0000] {processor.py:175} INFO - Processing /opt/airflow/dags/cms_pg/updates.py took 0.412 seconds
[2023-03-06T16:17:28.169+0000] {processor.py:153} INFO - Started process (PID=979) to work on /opt/airflow/dags/cms_pg/updates.py
[2023-03-06T16:17:28.171+0000] {processor.py:743} INFO - Processing file /opt/airflow/dags/cms_pg/updates.py for tasks to queue
[2023-03-06T16:17:28.172+0000] {logging_mixin.py:137} INFO - [2023-03-06T16:17:28.172+0000] {dagbag.py:538} INFO - Filling up the DagBag from /opt/airflow/dags/cms_pg/updates.py
[2023-03-06T16:17:28.696+0000] {logging_mixin.py:137} INFO - Website is not changed.
[2023-03-06T16:17:28.850+0000] {processor.py:755} WARNING - No viable dags retrieved from /opt/airflow/dags/cms_pg/updates.py
[2023-03-06T16:17:28.863+0000] {processor.py:175} INFO - Processing /opt/airflow/dags/cms_pg/updates.py took 0.696 seconds
[2023-03-06T16:17:59.107+0000] {processor.py:153} INFO - Started process (PID=1023) to work on /opt/airflow/dags/cms_pg/updates.py
[2023-03-06T16:17:59.119+0000] {processor.py:743} INFO - Processing file /opt/airflow/dags/cms_pg/updates.py for tasks to queue
[2023-03-06T16:17:59.121+0000] {logging_mixin.py:137} INFO - [2023-03-06T16:17:59.121+0000] {dagbag.py:538} INFO - Filling up the DagBag from /opt/airflow/dags/cms_pg/updates.py
[2023-03-06T16:18:00.608+0000] {logging_mixin.py:137} INFO - Website is not changed.
[2023-03-06T16:18:06.131+0000] {processor.py:755} WARNING - No viable dags retrieved from /opt/airflow/dags/cms_pg/updates.py
[2023-03-06T16:18:06.258+0000] {processor.py:175} INFO - Processing /opt/airflow/dags/cms_pg/updates.py took 7.191 seconds
[2023-03-06T16:27:20.594+0000] {processor.py:153} INFO - Started process (PID=1039) to work on /opt/airflow/dags/cms_pg/updates.py
[2023-03-06T16:27:20.634+0000] {processor.py:743} INFO - Processing file /opt/airflow/dags/cms_pg/updates.py for tasks to queue
[2023-03-06T16:27:20.652+0000] {logging_mixin.py:137} INFO - [2023-03-06T16:27:20.652+0000] {dagbag.py:538} INFO - Filling up the DagBag from /opt/airflow/dags/cms_pg/updates.py
[2023-03-06T16:27:23.151+0000] {logging_mixin.py:137} INFO - Website is not changed.
[2023-03-06T16:27:25.671+0000] {processor.py:755} WARNING - No viable dags retrieved from /opt/airflow/dags/cms_pg/updates.py
[2023-03-06T16:27:25.931+0000] {processor.py:175} INFO - Processing /opt/airflow/dags/cms_pg/updates.py took 5.409 seconds
[2023-03-06T16:27:56.497+0000] {processor.py:153} INFO - Started process (PID=1082) to work on /opt/airflow/dags/cms_pg/updates.py
[2023-03-06T16:27:56.501+0000] {processor.py:743} INFO - Processing file /opt/airflow/dags/cms_pg/updates.py for tasks to queue
[2023-03-06T16:27:56.503+0000] {logging_mixin.py:137} INFO - [2023-03-06T16:27:56.503+0000] {dagbag.py:538} INFO - Filling up the DagBag from /opt/airflow/dags/cms_pg/updates.py
[2023-03-06T16:27:57.698+0000] {logging_mixin.py:137} INFO - Website is not changed.
[2023-03-06T16:27:58.298+0000] {processor.py:755} WARNING - No viable dags retrieved from /opt/airflow/dags/cms_pg/updates.py
[2023-03-06T16:27:58.339+0000] {processor.py:175} INFO - Processing /opt/airflow/dags/cms_pg/updates.py took 1.850 seconds
[2023-03-06T16:28:28.909+0000] {processor.py:153} INFO - Started process (PID=1126) to work on /opt/airflow/dags/cms_pg/updates.py
[2023-03-06T16:28:28.912+0000] {processor.py:743} INFO - Processing file /opt/airflow/dags/cms_pg/updates.py for tasks to queue
[2023-03-06T16:28:28.913+0000] {logging_mixin.py:137} INFO - [2023-03-06T16:28:28.913+0000] {dagbag.py:538} INFO - Filling up the DagBag from /opt/airflow/dags/cms_pg/updates.py
[2023-03-06T16:28:29.314+0000] {logging_mixin.py:137} INFO - Website is not changed.
[2023-03-06T16:28:29.928+0000] {processor.py:755} WARNING - No viable dags retrieved from /opt/airflow/dags/cms_pg/updates.py
[2023-03-06T16:28:29.942+0000] {processor.py:175} INFO - Processing /opt/airflow/dags/cms_pg/updates.py took 1.037 seconds
[2023-03-06T16:29:00.510+0000] {processor.py:153} INFO - Started process (PID=1157) to work on /opt/airflow/dags/cms_pg/updates.py
[2023-03-06T16:29:00.519+0000] {processor.py:743} INFO - Processing file /opt/airflow/dags/cms_pg/updates.py for tasks to queue
[2023-03-06T16:29:00.521+0000] {logging_mixin.py:137} INFO - [2023-03-06T16:29:00.521+0000] {dagbag.py:538} INFO - Filling up the DagBag from /opt/airflow/dags/cms_pg/updates.py
[2023-03-06T16:29:00.946+0000] {logging_mixin.py:137} INFO - Website is not changed.
[2023-03-06T16:29:01.716+0000] {processor.py:755} WARNING - No viable dags retrieved from /opt/airflow/dags/cms_pg/updates.py
[2023-03-06T16:29:01.754+0000] {processor.py:175} INFO - Processing /opt/airflow/dags/cms_pg/updates.py took 1.264 seconds
[2023-03-06T16:29:32.477+0000] {processor.py:153} INFO - Started process (PID=1201) to work on /opt/airflow/dags/cms_pg/updates.py
[2023-03-06T16:29:32.481+0000] {processor.py:743} INFO - Processing file /opt/airflow/dags/cms_pg/updates.py for tasks to queue
[2023-03-06T16:29:32.485+0000] {logging_mixin.py:137} INFO - [2023-03-06T16:29:32.484+0000] {dagbag.py:538} INFO - Filling up the DagBag from /opt/airflow/dags/cms_pg/updates.py
[2023-03-06T16:29:32.931+0000] {logging_mixin.py:137} INFO - Website is not changed.
[2023-03-06T16:29:33.363+0000] {processor.py:755} WARNING - No viable dags retrieved from /opt/airflow/dags/cms_pg/updates.py
[2023-03-06T16:29:33.391+0000] {processor.py:175} INFO - Processing /opt/airflow/dags/cms_pg/updates.py took 0.924 seconds
[2023-03-06T16:30:03.912+0000] {processor.py:153} INFO - Started process (PID=1232) to work on /opt/airflow/dags/cms_pg/updates.py
[2023-03-06T16:30:03.923+0000] {processor.py:743} INFO - Processing file /opt/airflow/dags/cms_pg/updates.py for tasks to queue
[2023-03-06T16:30:03.926+0000] {logging_mixin.py:137} INFO - [2023-03-06T16:30:03.926+0000] {dagbag.py:538} INFO - Filling up the DagBag from /opt/airflow/dags/cms_pg/updates.py
[2023-03-06T16:30:04.315+0000] {logging_mixin.py:137} INFO - Website is not changed.
[2023-03-06T16:30:04.598+0000] {processor.py:755} WARNING - No viable dags retrieved from /opt/airflow/dags/cms_pg/updates.py
[2023-03-06T16:30:04.618+0000] {processor.py:175} INFO - Processing /opt/airflow/dags/cms_pg/updates.py took 0.741 seconds
[2023-03-06T16:30:34.909+0000] {processor.py:153} INFO - Started process (PID=1276) to work on /opt/airflow/dags/cms_pg/updates.py
[2023-03-06T16:30:34.913+0000] {processor.py:743} INFO - Processing file /opt/airflow/dags/cms_pg/updates.py for tasks to queue
[2023-03-06T16:30:34.915+0000] {logging_mixin.py:137} INFO - [2023-03-06T16:30:34.915+0000] {dagbag.py:538} INFO - Filling up the DagBag from /opt/airflow/dags/cms_pg/updates.py
[2023-03-06T16:30:35.241+0000] {logging_mixin.py:137} INFO - Website is not changed.
[2023-03-06T16:30:35.450+0000] {processor.py:755} WARNING - No viable dags retrieved from /opt/airflow/dags/cms_pg/updates.py
[2023-03-06T16:30:35.467+0000] {processor.py:175} INFO - Processing /opt/airflow/dags/cms_pg/updates.py took 0.563 seconds
[2023-03-06T16:31:05.625+0000] {processor.py:153} INFO - Started process (PID=1316) to work on /opt/airflow/dags/cms_pg/updates.py
[2023-03-06T16:31:05.629+0000] {processor.py:743} INFO - Processing file /opt/airflow/dags/cms_pg/updates.py for tasks to queue
[2023-03-06T16:31:05.631+0000] {logging_mixin.py:137} INFO - [2023-03-06T16:31:05.631+0000] {dagbag.py:538} INFO - Filling up the DagBag from /opt/airflow/dags/cms_pg/updates.py
[2023-03-06T16:31:05.979+0000] {logging_mixin.py:137} INFO - Website is not changed.
[2023-03-06T16:31:06.293+0000] {processor.py:755} WARNING - No viable dags retrieved from /opt/airflow/dags/cms_pg/updates.py
[2023-03-06T16:31:06.320+0000] {processor.py:175} INFO - Processing /opt/airflow/dags/cms_pg/updates.py took 0.708 seconds
[2023-03-06T16:31:36.569+0000] {processor.py:153} INFO - Started process (PID=1351) to work on /opt/airflow/dags/cms_pg/updates.py
[2023-03-06T16:31:36.573+0000] {processor.py:743} INFO - Processing file /opt/airflow/dags/cms_pg/updates.py for tasks to queue
[2023-03-06T16:31:36.575+0000] {logging_mixin.py:137} INFO - [2023-03-06T16:31:36.574+0000] {dagbag.py:538} INFO - Filling up the DagBag from /opt/airflow/dags/cms_pg/updates.py
[2023-03-06T16:31:36.928+0000] {logging_mixin.py:137} INFO - Website is not changed.
[2023-03-06T16:31:37.550+0000] {processor.py:755} WARNING - No viable dags retrieved from /opt/airflow/dags/cms_pg/updates.py
[2023-03-06T16:31:37.563+0000] {processor.py:175} INFO - Processing /opt/airflow/dags/cms_pg/updates.py took 1.001 seconds
[2023-03-06T16:32:07.868+0000] {processor.py:153} INFO - Started process (PID=1395) to work on /opt/airflow/dags/cms_pg/updates.py
[2023-03-06T16:32:07.872+0000] {processor.py:743} INFO - Processing file /opt/airflow/dags/cms_pg/updates.py for tasks to queue
[2023-03-06T16:32:07.875+0000] {logging_mixin.py:137} INFO - [2023-03-06T16:32:07.875+0000] {dagbag.py:538} INFO - Filling up the DagBag from /opt/airflow/dags/cms_pg/updates.py
[2023-03-06T16:32:08.432+0000] {logging_mixin.py:137} INFO - Website is not changed.
[2023-03-06T16:32:09.130+0000] {processor.py:755} WARNING - No viable dags retrieved from /opt/airflow/dags/cms_pg/updates.py
[2023-03-06T16:32:09.145+0000] {processor.py:175} INFO - Processing /opt/airflow/dags/cms_pg/updates.py took 1.286 seconds
[2023-03-06T16:32:39.955+0000] {processor.py:153} INFO - Started process (PID=1425) to work on /opt/airflow/dags/cms_pg/updates.py
[2023-03-06T16:32:39.957+0000] {processor.py:743} INFO - Processing file /opt/airflow/dags/cms_pg/updates.py for tasks to queue
[2023-03-06T16:32:39.960+0000] {logging_mixin.py:137} INFO - [2023-03-06T16:32:39.959+0000] {dagbag.py:538} INFO - Filling up the DagBag from /opt/airflow/dags/cms_pg/updates.py
[2023-03-06T16:32:40.316+0000] {logging_mixin.py:137} INFO - Website is not changed.
[2023-03-06T16:32:40.587+0000] {processor.py:755} WARNING - No viable dags retrieved from /opt/airflow/dags/cms_pg/updates.py
[2023-03-06T16:32:40.610+0000] {processor.py:175} INFO - Processing /opt/airflow/dags/cms_pg/updates.py took 0.662 seconds
[2023-03-06T16:33:11.220+0000] {processor.py:153} INFO - Started process (PID=1471) to work on /opt/airflow/dags/cms_pg/updates.py
[2023-03-06T16:33:11.223+0000] {processor.py:743} INFO - Processing file /opt/airflow/dags/cms_pg/updates.py for tasks to queue
[2023-03-06T16:33:11.226+0000] {logging_mixin.py:137} INFO - [2023-03-06T16:33:11.226+0000] {dagbag.py:538} INFO - Filling up the DagBag from /opt/airflow/dags/cms_pg/updates.py
[2023-03-06T16:33:11.679+0000] {logging_mixin.py:137} INFO - Website is not changed.
[2023-03-06T16:33:12.109+0000] {processor.py:755} WARNING - No viable dags retrieved from /opt/airflow/dags/cms_pg/updates.py
[2023-03-06T16:33:12.131+0000] {processor.py:175} INFO - Processing /opt/airflow/dags/cms_pg/updates.py took 0.924 seconds
[2023-03-06T16:33:42.541+0000] {processor.py:153} INFO - Started process (PID=1513) to work on /opt/airflow/dags/cms_pg/updates.py
[2023-03-06T16:33:42.547+0000] {processor.py:743} INFO - Processing file /opt/airflow/dags/cms_pg/updates.py for tasks to queue
[2023-03-06T16:33:42.549+0000] {logging_mixin.py:137} INFO - [2023-03-06T16:33:42.549+0000] {dagbag.py:538} INFO - Filling up the DagBag from /opt/airflow/dags/cms_pg/updates.py
[2023-03-06T16:33:43.109+0000] {logging_mixin.py:137} INFO - Website is not changed.
[2023-03-06T16:33:44.580+0000] {processor.py:755} WARNING - No viable dags retrieved from /opt/airflow/dags/cms_pg/updates.py
[2023-03-06T16:33:44.608+0000] {processor.py:175} INFO - Processing /opt/airflow/dags/cms_pg/updates.py took 2.075 seconds
[2023-03-06T16:34:14.939+0000] {processor.py:153} INFO - Started process (PID=1544) to work on /opt/airflow/dags/cms_pg/updates.py
[2023-03-06T16:34:14.941+0000] {processor.py:743} INFO - Processing file /opt/airflow/dags/cms_pg/updates.py for tasks to queue
[2023-03-06T16:34:14.943+0000] {logging_mixin.py:137} INFO - [2023-03-06T16:34:14.943+0000] {dagbag.py:538} INFO - Filling up the DagBag from /opt/airflow/dags/cms_pg/updates.py
[2023-03-06T16:34:15.301+0000] {logging_mixin.py:137} INFO - Website is not changed.
[2023-03-06T16:34:16.014+0000] {processor.py:755} WARNING - No viable dags retrieved from /opt/airflow/dags/cms_pg/updates.py
[2023-03-06T16:34:16.029+0000] {processor.py:175} INFO - Processing /opt/airflow/dags/cms_pg/updates.py took 1.096 seconds
[2023-03-06T16:34:46.260+0000] {processor.py:153} INFO - Started process (PID=1575) to work on /opt/airflow/dags/cms_pg/updates.py
[2023-03-06T16:34:46.289+0000] {processor.py:743} INFO - Processing file /opt/airflow/dags/cms_pg/updates.py for tasks to queue
[2023-03-06T16:34:46.293+0000] {logging_mixin.py:137} INFO - [2023-03-06T16:34:46.293+0000] {dagbag.py:538} INFO - Filling up the DagBag from /opt/airflow/dags/cms_pg/updates.py
[2023-03-06T16:34:47.500+0000] {logging_mixin.py:137} INFO - Website is not changed.
[2023-03-06T16:35:05.319+0000] {processor.py:755} WARNING - No viable dags retrieved from /opt/airflow/dags/cms_pg/updates.py
[2023-03-06T16:35:05.749+0000] {processor.py:175} INFO - Processing /opt/airflow/dags/cms_pg/updates.py took 19.505 seconds
[2023-03-06T16:35:52.747+0000] {processor.py:153} INFO - Started process (PID=1604) to work on /opt/airflow/dags/cms_pg/updates.py
[2023-03-06T16:35:52.771+0000] {processor.py:743} INFO - Processing file /opt/airflow/dags/cms_pg/updates.py for tasks to queue
[2023-03-06T16:35:52.816+0000] {logging_mixin.py:137} INFO - [2023-03-06T16:35:52.815+0000] {dagbag.py:538} INFO - Filling up the DagBag from /opt/airflow/dags/cms_pg/updates.py
[2023-03-06T16:36:41.345+0000] {logging_mixin.py:137} INFO - [2023-03-06T16:36:30.100+0000] {timeout.py:68} ERROR - Process timed out, PID: 1604
[2023-03-06T16:36:47.176+0000] {logging_mixin.py:137} INFO - [2023-03-06T16:36:45.783+0000] {dagbag.py:343} ERROR - Failed to import: /opt/airflow/dags/cms_pg/updates.py
Traceback (most recent call last):
  File "/home/airflow/.local/lib/python3.7/site-packages/airflow/models/dagbag.py", line 339, in parse
    loader.exec_module(new_module)
  File "<frozen importlib._bootstrap_external>", line 728, in exec_module
  File "<frozen importlib._bootstrap>", line 219, in _call_with_frames_removed
  File "/opt/airflow/dags/cms_pg/updates.py", line 3, in <module>
    from airflow.operators.python import BranchPythonOperator
  File "/home/airflow/.local/lib/python3.7/site-packages/airflow/operators/python.py", line 273, in <module>
    class _BasePythonVirtualenvOperator(PythonOperator, metaclass=ABCMeta):
  File "/home/airflow/.local/lib/python3.7/site-packages/airflow/models/baseoperator.py", line 421, in __new__
    new_cls.__init__ = cls._apply_defaults(new_cls.__init__)
  File "/home/airflow/.local/lib/python3.7/site-packages/airflow/models/baseoperator.py", line 332, in _apply_defaults
    sig_cache = signature(func)
  File "/usr/local/lib/python3.7/inspect.py", line 3083, in signature
    return Signature.from_callable(obj, follow_wrapped=follow_wrapped)
  File "/usr/local/lib/python3.7/inspect.py", line 2833, in from_callable
    follow_wrapper_chains=follow_wrapped)
  File "/usr/local/lib/python3.7/inspect.py", line 2281, in _signature_from_callable
    if isfunction(obj) or _signature_is_functionlike(obj):
  File "/usr/local/lib/python3.7/inspect.py", line 169, in isfunction
    return isinstance(object, types.FunctionType)
  File "/home/airflow/.local/lib/python3.7/site-packages/airflow/utils/timeout.py", line 69, in handle_timeout
    raise AirflowTaskTimeout(self.error_message)
airflow.exceptions.AirflowTaskTimeout: DagBag import timeout for /opt/airflow/dags/cms_pg/updates.py after 30.0s.
Please take a look at these docs to improve your DAG import time:
* https://airflow.apache.org/docs/apache-airflow/2.5.1/best-practices.html#top-level-python-code
* https://airflow.apache.org/docs/apache-airflow/2.5.1/best-practices.html#reducing-dag-complexity, PID: 1604
[2023-03-06T16:36:47.245+0000] {processor.py:755} WARNING - No viable dags retrieved from /opt/airflow/dags/cms_pg/updates.py
[2023-03-06T16:37:35.939+0000] {processor.py:153} INFO - Started process (PID=1615) to work on /opt/airflow/dags/cms_pg/updates.py
[2023-03-06T16:37:36.077+0000] {processor.py:743} INFO - Processing file /opt/airflow/dags/cms_pg/updates.py for tasks to queue
[2023-03-06T16:37:37.092+0000] {logging_mixin.py:137} INFO - [2023-03-06T16:37:36.509+0000] {dagbag.py:538} INFO - Filling up the DagBag from /opt/airflow/dags/cms_pg/updates.py
[2023-03-06T16:38:20.413+0000] {logging_mixin.py:137} INFO - [2023-03-06T16:38:19.091+0000] {timeout.py:68} ERROR - Process timed out, PID: 1615
[2023-03-06T16:38:37.905+0000] {logging_mixin.py:137} INFO - [2023-03-06T16:38:21.266+0000] {dagbag.py:343} ERROR - Failed to import: /opt/airflow/dags/cms_pg/updates.py
Traceback (most recent call last):
  File "/home/airflow/.local/lib/python3.7/site-packages/airflow/models/dagbag.py", line 339, in parse
    loader.exec_module(new_module)
  File "<frozen importlib._bootstrap_external>", line 728, in exec_module
  File "<frozen importlib._bootstrap>", line 219, in _call_with_frames_removed
  File "/opt/airflow/dags/cms_pg/updates.py", line 2, in <module>
    from airflow.hooks.postgres_hook import PostgresHook
  File "/home/airflow/.local/lib/python3.7/site-packages/airflow/utils/deprecation_tools.py", line 36, in getattr_with_deprecation
    return getattr(importlib.import_module(new_module), new_class_name)
  File "/usr/local/lib/python3.7/importlib/__init__.py", line 127, in import_module
    return _bootstrap._gcd_import(name[level:], package, level)
  File "<frozen importlib._bootstrap>", line 1006, in _gcd_import
  File "<frozen importlib._bootstrap>", line 983, in _find_and_load
  File "<frozen importlib._bootstrap>", line 967, in _find_and_load_unlocked
  File "<frozen importlib._bootstrap>", line 677, in _load_unlocked
  File "<frozen importlib._bootstrap_external>", line 728, in exec_module
  File "<frozen importlib._bootstrap>", line 219, in _call_with_frames_removed
  File "/home/airflow/.local/lib/python3.7/site-packages/airflow/providers/postgres/hooks/postgres.py", line 33, in <module>
    from airflow.providers.common.sql.hooks.sql import DbApiHook
  File "<frozen importlib._bootstrap>", line 983, in _find_and_load
  File "<frozen importlib._bootstrap>", line 967, in _find_and_load_unlocked
  File "<frozen importlib._bootstrap>", line 677, in _load_unlocked
  File "<frozen importlib._bootstrap_external>", line 724, in exec_module
  File "<frozen importlib._bootstrap_external>", line 818, in get_code
  File "<frozen importlib._bootstrap_external>", line 916, in get_data
  File "/home/airflow/.local/lib/python3.7/site-packages/airflow/utils/timeout.py", line 69, in handle_timeout
    raise AirflowTaskTimeout(self.error_message)
airflow.exceptions.AirflowTaskTimeout: DagBag import timeout for /opt/airflow/dags/cms_pg/updates.py after 30.0s.
Please take a look at these docs to improve your DAG import time:
* https://airflow.apache.org/docs/apache-airflow/2.5.1/best-practices.html#top-level-python-code
* https://airflow.apache.org/docs/apache-airflow/2.5.1/best-practices.html#reducing-dag-complexity, PID: 1615
[2023-03-06T16:38:43.165+0000] {processor.py:755} WARNING - No viable dags retrieved from /opt/airflow/dags/cms_pg/updates.py
[2023-03-06T16:39:58.070+0000] {processor.py:153} INFO - Started process (PID=1626) to work on /opt/airflow/dags/cms_pg/updates.py
[2023-03-06T16:39:59.782+0000] {processor.py:743} INFO - Processing file /opt/airflow/dags/cms_pg/updates.py for tasks to queue
[2023-03-06T16:40:00.559+0000] {logging_mixin.py:137} INFO - [2023-03-06T16:40:00.556+0000] {dagbag.py:538} INFO - Filling up the DagBag from /opt/airflow/dags/cms_pg/updates.py
[2023-03-06T16:40:37.376+0000] {logging_mixin.py:137} INFO - [2023-03-06T16:40:34.506+0000] {timeout.py:68} ERROR - Process timed out, PID: 1626
[2023-03-06T16:41:45.488+0000] {processor.py:153} INFO - Started process (PID=1631) to work on /opt/airflow/dags/cms_pg/updates.py
[2023-03-06T16:41:45.675+0000] {processor.py:743} INFO - Processing file /opt/airflow/dags/cms_pg/updates.py for tasks to queue
[2023-03-06T16:41:45.862+0000] {logging_mixin.py:137} INFO - [2023-03-06T16:41:45.853+0000] {dagbag.py:538} INFO - Filling up the DagBag from /opt/airflow/dags/cms_pg/updates.py
[2023-03-06T16:43:47.042+0000] {processor.py:153} INFO - Started process (PID=1634) to work on /opt/airflow/dags/cms_pg/updates.py
[2023-03-06T16:43:47.916+0000] {processor.py:743} INFO - Processing file /opt/airflow/dags/cms_pg/updates.py for tasks to queue
[2023-03-06T16:43:47.993+0000] {logging_mixin.py:137} INFO - [2023-03-06T16:43:47.987+0000] {dagbag.py:538} INFO - Filling up the DagBag from /opt/airflow/dags/cms_pg/updates.py
[2023-03-06T16:44:25.767+0000] {logging_mixin.py:137} INFO - [2023-03-06T16:44:24.353+0000] {timeout.py:68} ERROR - Process timed out, PID: 1634
[2023-03-06T16:45:20.134+0000] {processor.py:153} INFO - Started process (PID=1637) to work on /opt/airflow/dags/cms_pg/updates.py
[2023-03-06T16:45:21.484+0000] {processor.py:743} INFO - Processing file /opt/airflow/dags/cms_pg/updates.py for tasks to queue
[2023-03-06T16:45:21.626+0000] {logging_mixin.py:137} INFO - [2023-03-06T16:45:21.611+0000] {dagbag.py:538} INFO - Filling up the DagBag from /opt/airflow/dags/cms_pg/updates.py
