[2023-03-09T00:00:30.943+0000] {taskinstance.py:1083} INFO - Dependencies all met for <TaskInstance: cms_asp_noc.call_noc_ndc_procedure scheduled__2023-03-08T00:00:00+00:00 [queued]>
[2023-03-09T00:00:30.950+0000] {taskinstance.py:1083} INFO - Dependencies all met for <TaskInstance: cms_asp_noc.call_noc_ndc_procedure scheduled__2023-03-08T00:00:00+00:00 [queued]>
[2023-03-09T00:00:30.950+0000] {taskinstance.py:1279} INFO - 
--------------------------------------------------------------------------------
[2023-03-09T00:00:30.951+0000] {taskinstance.py:1280} INFO - Starting attempt 1 of 1
[2023-03-09T00:00:30.951+0000] {taskinstance.py:1281} INFO - 
--------------------------------------------------------------------------------
[2023-03-09T00:00:30.959+0000] {taskinstance.py:1300} INFO - Executing <Task(PythonOperator): call_noc_ndc_procedure> on 2023-03-08 00:00:00+00:00
[2023-03-09T00:00:30.964+0000] {standard_task_runner.py:55} INFO - Started process 69354 to run task
[2023-03-09T00:00:30.969+0000] {standard_task_runner.py:82} INFO - Running: ['***', 'tasks', 'run', 'cms_asp_noc', 'call_noc_ndc_procedure', 'scheduled__2023-03-08T00:00:00+00:00', '--job-id', '1988', '--raw', '--subdir', 'DAGS_FOLDER/cms_upd.py', '--cfg-path', '/tmp/tmploewru6e']
[2023-03-09T00:00:30.971+0000] {standard_task_runner.py:83} INFO - Job 1988: Subtask call_noc_ndc_procedure
[2023-03-09T00:00:31.057+0000] {task_command.py:388} INFO - Running <TaskInstance: cms_asp_noc.call_noc_ndc_procedure scheduled__2023-03-08T00:00:00+00:00 [running]> on host 2886274f27ea
[2023-03-09T00:00:31.258+0000] {taskinstance.py:1509} INFO - Exporting the following env vars:
AIRFLOW_CTX_DAG_OWNER=***
AIRFLOW_CTX_DAG_ID=cms_asp_noc
AIRFLOW_CTX_TASK_ID=call_noc_ndc_procedure
AIRFLOW_CTX_EXECUTION_DATE=2023-03-08T00:00:00+00:00
AIRFLOW_CTX_TRY_NUMBER=1
AIRFLOW_CTX_DAG_RUN_ID=scheduled__2023-03-08T00:00:00+00:00
[2023-03-09T00:00:31.266+0000] {python.py:177} INFO - Done. Returned value was: None
[2023-03-09T00:00:31.275+0000] {taskinstance.py:1323} INFO - Marking task as SUCCESS. dag_id=cms_asp_noc, task_id=call_noc_ndc_procedure, execution_date=20230308T000000, start_date=20230309T000030, end_date=20230309T000031
[2023-03-09T00:00:31.341+0000] {local_task_job.py:208} INFO - Task exited with return code 0
[2023-03-09T00:00:31.363+0000] {taskinstance.py:2578} INFO - 1 downstream tasks scheduled from follow-on schedule check
