[2023-02-08T15:11:08.427+0000] {taskinstance.py:1083} INFO - Dependencies all met for <TaskInstance: cms_asp_noc.data_load scheduled__2022-07-24T00:00:00+00:00 [queued]>
[2023-02-08T15:11:08.437+0000] {taskinstance.py:1083} INFO - Dependencies all met for <TaskInstance: cms_asp_noc.data_load scheduled__2022-07-24T00:00:00+00:00 [queued]>
[2023-02-08T15:11:08.438+0000] {taskinstance.py:1279} INFO - 
--------------------------------------------------------------------------------
[2023-02-08T15:11:08.439+0000] {taskinstance.py:1280} INFO - Starting attempt 1 of 1
[2023-02-08T15:11:08.439+0000] {taskinstance.py:1281} INFO - 
--------------------------------------------------------------------------------
[2023-02-08T15:11:08.469+0000] {taskinstance.py:1300} INFO - Executing <Task(PythonOperator): data_load> on 2022-07-24 00:00:00+00:00
[2023-02-08T15:11:08.476+0000] {standard_task_runner.py:55} INFO - Started process 1408 to run task
[2023-02-08T15:11:08.492+0000] {standard_task_runner.py:82} INFO - Running: ['***', 'tasks', 'run', 'cms_asp_noc', 'data_load', 'scheduled__2022-07-24T00:00:00+00:00', '--job-id', '609', '--raw', '--subdir', 'DAGS_FOLDER/cms_upd.py', '--cfg-path', '/tmp/tmp0aciy58c']
[2023-02-08T15:11:08.499+0000] {standard_task_runner.py:83} INFO - Job 609: Subtask data_load
[2023-02-08T15:11:08.605+0000] {task_command.py:388} INFO - Running <TaskInstance: cms_asp_noc.data_load scheduled__2022-07-24T00:00:00+00:00 [running]> on host 1f90076947be
[2023-02-08T15:11:09.215+0000] {taskinstance.py:1509} INFO - Exporting the following env vars:
AIRFLOW_CTX_DAG_OWNER=***
AIRFLOW_CTX_DAG_ID=cms_asp_noc
AIRFLOW_CTX_TASK_ID=data_load
AIRFLOW_CTX_EXECUTION_DATE=2022-07-24T00:00:00+00:00
AIRFLOW_CTX_TRY_NUMBER=1
AIRFLOW_CTX_DAG_RUN_ID=scheduled__2022-07-24T00:00:00+00:00
[2023-02-08T15:11:09.218+0000] {logging_mixin.py:137} INFO - []
[2023-02-08T15:11:09.219+0000] {python.py:177} INFO - Done. Returned value was: None
[2023-02-08T15:11:09.246+0000] {taskinstance.py:1323} INFO - Marking task as SUCCESS. dag_id=cms_asp_noc, task_id=data_load, execution_date=20220724T000000, start_date=20230208T151108, end_date=20230208T151109
[2023-02-08T15:11:09.356+0000] {local_task_job.py:208} INFO - Task exited with return code 0
[2023-02-08T15:11:09.542+0000] {taskinstance.py:2578} INFO - 0 downstream tasks scheduled from follow-on schedule check
