[2023-02-08T15:08:31.005+0000] {taskinstance.py:1083} INFO - Dependencies all met for <TaskInstance: cms_asp_noc.download_file scheduled__2022-06-24T00:00:00+00:00 [queued]>
[2023-02-08T15:08:31.034+0000] {taskinstance.py:1083} INFO - Dependencies all met for <TaskInstance: cms_asp_noc.download_file scheduled__2022-06-24T00:00:00+00:00 [queued]>
[2023-02-08T15:08:31.036+0000] {taskinstance.py:1279} INFO - 
--------------------------------------------------------------------------------
[2023-02-08T15:08:31.036+0000] {taskinstance.py:1280} INFO - Starting attempt 1 of 1
[2023-02-08T15:08:31.037+0000] {taskinstance.py:1281} INFO - 
--------------------------------------------------------------------------------
[2023-02-08T15:08:31.060+0000] {taskinstance.py:1300} INFO - Executing <Task(PythonOperator): download_file> on 2022-06-24 00:00:00+00:00
[2023-02-08T15:08:31.088+0000] {standard_task_runner.py:55} INFO - Started process 799 to run task
[2023-02-08T15:08:31.147+0000] {standard_task_runner.py:82} INFO - Running: ['***', 'tasks', 'run', 'cms_asp_noc', 'download_file', 'scheduled__2022-06-24T00:00:00+00:00', '--job-id', '454', '--raw', '--subdir', 'DAGS_FOLDER/cms_upd.py', '--cfg-path', '/tmp/tmpud71lviy']
[2023-02-08T15:08:31.160+0000] {standard_task_runner.py:83} INFO - Job 454: Subtask download_file
[2023-02-08T15:08:31.611+0000] {task_command.py:388} INFO - Running <TaskInstance: cms_asp_noc.download_file scheduled__2022-06-24T00:00:00+00:00 [running]> on host 1f90076947be
[2023-02-08T15:08:34.263+0000] {taskinstance.py:1509} INFO - Exporting the following env vars:
AIRFLOW_CTX_DAG_OWNER=***
AIRFLOW_CTX_DAG_ID=cms_asp_noc
AIRFLOW_CTX_TASK_ID=download_file
AIRFLOW_CTX_EXECUTION_DATE=2022-06-24T00:00:00+00:00
AIRFLOW_CTX_TRY_NUMBER=1
AIRFLOW_CTX_DAG_RUN_ID=scheduled__2022-06-24T00:00:00+00:00
[2023-02-08T15:08:37.862+0000] {logging_mixin.py:137} INFO - july-2022-asp-pricing-file-updated-12142022.zip is downloaded.
[2023-02-08T15:08:38.047+0000] {logging_mixin.py:137} INFO - january-2023-noc-pricing-file.zip is downloaded.
[2023-02-08T15:08:38.609+0000] {logging_mixin.py:137} INFO - january-2022-asp-ndc-hcpcs-crosswalk.zip is downloaded.
[2023-02-08T15:08:39.248+0000] {logging_mixin.py:137} INFO - january-2022-asp-pricing-file-updated-06082022.zip is downloaded.
[2023-02-08T15:08:39.657+0000] {logging_mixin.py:137} INFO - october-2022-asp-ndc-hcpcs-crosswalks-updated-12212022.zip is downloaded.
[2023-02-08T15:08:39.841+0000] {logging_mixin.py:137} INFO - july-2022-noc-pricing-file.zip is downloaded.
[2023-02-08T15:08:40.015+0000] {logging_mixin.py:137} INFO - april-2022-noc-pricing-file.zip is downloaded.
[2023-02-08T15:08:40.408+0000] {logging_mixin.py:137} INFO - july-2022-asp-ndc-hcpcs-crosswalk-updated-07142022.zip is downloaded.
[2023-02-08T15:08:40.620+0000] {logging_mixin.py:137} INFO - october-2022-noc-pricing-file.zip is downloaded.
[2023-02-08T15:08:41.081+0000] {logging_mixin.py:137} INFO - april-2022-asp-ndc-hcpcs-crosswalk.zip is downloaded.
[2023-02-08T15:08:41.289+0000] {logging_mixin.py:137} INFO - 2023.zip is downloaded.
[2023-02-08T15:08:41.454+0000] {logging_mixin.py:137} INFO - january-2022-noc-pricing-file-updated-03022022.zip is downloaded.
[2023-02-08T15:08:41.645+0000] {logging_mixin.py:137} INFO - october-2022-asp-pricing-file-updated-12212022.zip is downloaded.
[2023-02-08T15:08:41.857+0000] {logging_mixin.py:137} INFO - april-2022-asp-pricing-file-updated-12142022.zip is downloaded.
[2023-02-08T15:08:42.198+0000] {logging_mixin.py:137} INFO - 2023.zip is downloaded.
[2023-02-08T15:08:42.201+0000] {python.py:177} INFO - Done. Returned value was: None
[2023-02-08T15:08:42.345+0000] {taskinstance.py:1323} INFO - Marking task as SUCCESS. dag_id=cms_asp_noc, task_id=download_file, execution_date=20220624T000000, start_date=20230208T150831, end_date=20230208T150842
[2023-02-08T15:08:42.898+0000] {local_task_job.py:208} INFO - Task exited with return code 0
[2023-02-08T15:08:43.751+0000] {taskinstance.py:2578} INFO - 1 downstream tasks scheduled from follow-on schedule check
