[2023-02-08T15:05:06.109+0000] {taskinstance.py:1083} INFO - Dependencies all met for <TaskInstance: cms_asp_noc.download_file scheduled__2022-05-20T00:00:00+00:00 [queued]>
[2023-02-08T15:05:06.123+0000] {taskinstance.py:1083} INFO - Dependencies all met for <TaskInstance: cms_asp_noc.download_file scheduled__2022-05-20T00:00:00+00:00 [queued]>
[2023-02-08T15:05:06.128+0000] {taskinstance.py:1279} INFO - 
--------------------------------------------------------------------------------
[2023-02-08T15:05:06.129+0000] {taskinstance.py:1280} INFO - Starting attempt 1 of 1
[2023-02-08T15:05:06.130+0000] {taskinstance.py:1281} INFO - 
--------------------------------------------------------------------------------
[2023-02-08T15:05:06.150+0000] {taskinstance.py:1300} INFO - Executing <Task(PythonOperator): download_file> on 2022-05-20 00:00:00+00:00
[2023-02-08T15:05:06.156+0000] {standard_task_runner.py:55} INFO - Started process 114 to run task
[2023-02-08T15:05:06.163+0000] {standard_task_runner.py:82} INFO - Running: ['***', 'tasks', 'run', 'cms_asp_noc', 'download_file', 'scheduled__2022-05-20T00:00:00+00:00', '--job-id', '280', '--raw', '--subdir', 'DAGS_FOLDER/cms_upd.py', '--cfg-path', '/tmp/tmpvntknahn']
[2023-02-08T15:05:06.166+0000] {standard_task_runner.py:83} INFO - Job 280: Subtask download_file
[2023-02-08T15:05:06.305+0000] {task_command.py:388} INFO - Running <TaskInstance: cms_asp_noc.download_file scheduled__2022-05-20T00:00:00+00:00 [running]> on host 1f90076947be
[2023-02-08T15:05:06.497+0000] {taskinstance.py:1509} INFO - Exporting the following env vars:
AIRFLOW_CTX_DAG_OWNER=***
AIRFLOW_CTX_DAG_ID=cms_asp_noc
AIRFLOW_CTX_TASK_ID=download_file
AIRFLOW_CTX_EXECUTION_DATE=2022-05-20T00:00:00+00:00
AIRFLOW_CTX_TRY_NUMBER=1
AIRFLOW_CTX_DAG_RUN_ID=scheduled__2022-05-20T00:00:00+00:00
[2023-02-08T15:05:10.072+0000] {logging_mixin.py:137} INFO - july-2022-asp-pricing-file-updated-12142022.zip is downloaded.
[2023-02-08T15:05:10.220+0000] {logging_mixin.py:137} INFO - january-2023-noc-pricing-file.zip is downloaded.
[2023-02-08T15:05:11.064+0000] {logging_mixin.py:137} INFO - january-2022-asp-ndc-hcpcs-crosswalk.zip is downloaded.
[2023-02-08T15:05:11.363+0000] {logging_mixin.py:137} INFO - january-2022-asp-pricing-file-updated-06082022.zip is downloaded.
[2023-02-08T15:05:11.965+0000] {logging_mixin.py:137} INFO - october-2022-asp-ndc-hcpcs-crosswalks-updated-12212022.zip is downloaded.
[2023-02-08T15:05:12.138+0000] {logging_mixin.py:137} INFO - july-2022-noc-pricing-file.zip is downloaded.
[2023-02-08T15:05:12.382+0000] {logging_mixin.py:137} INFO - april-2022-noc-pricing-file.zip is downloaded.
[2023-02-08T15:05:13.446+0000] {logging_mixin.py:137} INFO - july-2022-asp-ndc-hcpcs-crosswalk-updated-07142022.zip is downloaded.
[2023-02-08T15:05:13.691+0000] {logging_mixin.py:137} INFO - october-2022-noc-pricing-file.zip is downloaded.
[2023-02-08T15:05:14.242+0000] {logging_mixin.py:137} INFO - april-2022-asp-ndc-hcpcs-crosswalk.zip is downloaded.
[2023-02-08T15:05:14.475+0000] {logging_mixin.py:137} INFO - 2023.zip is downloaded.
[2023-02-08T15:05:14.723+0000] {logging_mixin.py:137} INFO - january-2022-noc-pricing-file-updated-03022022.zip is downloaded.
[2023-02-08T15:05:14.928+0000] {logging_mixin.py:137} INFO - october-2022-asp-pricing-file-updated-12212022.zip is downloaded.
[2023-02-08T15:05:15.222+0000] {logging_mixin.py:137} INFO - april-2022-asp-pricing-file-updated-12142022.zip is downloaded.
[2023-02-08T15:05:15.918+0000] {logging_mixin.py:137} INFO - 2023.zip is downloaded.
[2023-02-08T15:05:15.922+0000] {python.py:177} INFO - Done. Returned value was: None
[2023-02-08T15:05:16.059+0000] {taskinstance.py:1323} INFO - Marking task as SUCCESS. dag_id=cms_asp_noc, task_id=download_file, execution_date=20220520T000000, start_date=20230208T150506, end_date=20230208T150516
[2023-02-08T15:05:16.475+0000] {local_task_job.py:208} INFO - Task exited with return code 0
[2023-02-08T15:05:16.802+0000] {taskinstance.py:2578} INFO - 0 downstream tasks scheduled from follow-on schedule check
