[2023-02-08T12:48:33.732+0000] {taskinstance.py:1083} INFO - Dependencies all met for <TaskInstance: cms_asp_noc.download_file scheduled__2022-01-07T00:00:00+00:00 [queued]>
[2023-02-08T12:48:33.754+0000] {taskinstance.py:1083} INFO - Dependencies all met for <TaskInstance: cms_asp_noc.download_file scheduled__2022-01-07T00:00:00+00:00 [queued]>
[2023-02-08T12:48:33.755+0000] {taskinstance.py:1279} INFO - 
--------------------------------------------------------------------------------
[2023-02-08T12:48:33.755+0000] {taskinstance.py:1280} INFO - Starting attempt 1 of 1
[2023-02-08T12:48:33.756+0000] {taskinstance.py:1281} INFO - 
--------------------------------------------------------------------------------
[2023-02-08T12:48:33.835+0000] {taskinstance.py:1300} INFO - Executing <Task(PythonOperator): download_file> on 2022-01-07 00:00:00+00:00
[2023-02-08T12:48:33.868+0000] {standard_task_runner.py:55} INFO - Started process 151 to run task
[2023-02-08T12:48:33.893+0000] {standard_task_runner.py:82} INFO - Running: ['***', 'tasks', 'run', 'cms_asp_noc', 'download_file', 'scheduled__2022-01-07T00:00:00+00:00', '--job-id', '22', '--raw', '--subdir', 'DAGS_FOLDER/cms_upd.py', '--cfg-path', '/tmp/tmp_njpgvex']
[2023-02-08T12:48:33.897+0000] {standard_task_runner.py:83} INFO - Job 22: Subtask download_file
[2023-02-08T12:48:34.077+0000] {task_command.py:388} INFO - Running <TaskInstance: cms_asp_noc.download_file scheduled__2022-01-07T00:00:00+00:00 [running]> on host 4ed7ae61ecf3
[2023-02-08T12:48:35.092+0000] {taskinstance.py:1509} INFO - Exporting the following env vars:
AIRFLOW_CTX_DAG_OWNER=***
AIRFLOW_CTX_DAG_ID=cms_asp_noc
AIRFLOW_CTX_TASK_ID=download_file
AIRFLOW_CTX_EXECUTION_DATE=2022-01-07T00:00:00+00:00
AIRFLOW_CTX_TRY_NUMBER=1
AIRFLOW_CTX_DAG_RUN_ID=scheduled__2022-01-07T00:00:00+00:00
[2023-02-08T12:48:44.747+0000] {logging_mixin.py:137} INFO - october-2022-noc-pricing-file.zip is downloaded.
[2023-02-08T12:48:45.160+0000] {logging_mixin.py:137} INFO - april-2022-noc-pricing-file.zip is downloaded.
[2023-02-08T12:48:46.058+0000] {logging_mixin.py:137} INFO - 2023.zip is downloaded.
[2023-02-08T12:48:46.240+0000] {logging_mixin.py:137} INFO - 2023.zip is downloaded.
[2023-02-08T12:48:47.055+0000] {logging_mixin.py:137} INFO - april-2022-asp-ndc-hcpcs-crosswalk.zip is downloaded.
[2023-02-08T12:48:47.238+0000] {logging_mixin.py:137} INFO - july-2022-asp-pricing-file-updated-12142022.zip is downloaded.
[2023-02-08T12:48:47.461+0000] {logging_mixin.py:137} INFO - april-2022-asp-pricing-file-updated-12142022.zip is downloaded.
[2023-02-08T12:48:48.387+0000] {logging_mixin.py:137} INFO - january-2022-asp-ndc-hcpcs-crosswalk.zip is downloaded.
[2023-02-08T12:48:48.691+0000] {logging_mixin.py:137} INFO - january-2023-noc-pricing-file.zip is downloaded.
[2023-02-08T12:48:49.500+0000] {logging_mixin.py:137} INFO - october-2022-asp-ndc-hcpcs-crosswalks-updated-12212022.zip is downloaded.
[2023-02-08T12:48:49.687+0000] {logging_mixin.py:137} INFO - october-2022-asp-pricing-file-updated-12212022.zip is downloaded.
[2023-02-08T12:48:50.667+0000] {logging_mixin.py:137} INFO - july-2022-asp-ndc-hcpcs-crosswalk-updated-07142022.zip is downloaded.
[2023-02-08T12:48:51.094+0000] {logging_mixin.py:137} INFO - july-2022-noc-pricing-file.zip is downloaded.
[2023-02-08T12:48:51.348+0000] {logging_mixin.py:137} INFO - january-2022-asp-pricing-file-updated-06082022.zip is downloaded.
[2023-02-08T12:48:51.647+0000] {logging_mixin.py:137} INFO - january-2022-noc-pricing-file-updated-03022022.zip is downloaded.
[2023-02-08T12:48:51.650+0000] {python.py:177} INFO - Done. Returned value was: None
[2023-02-08T12:48:51.756+0000] {taskinstance.py:1323} INFO - Marking task as SUCCESS. dag_id=cms_asp_noc, task_id=download_file, execution_date=20220107T000000, start_date=20230208T124833, end_date=20230208T124851
[2023-02-08T12:48:53.148+0000] {local_task_job.py:208} INFO - Task exited with return code 0
[2023-02-08T12:48:59.303+0000] {taskinstance.py:2578} INFO - 0 downstream tasks scheduled from follow-on schedule check
