[2023-02-08T15:19:26.399+0000] {taskinstance.py:1083} INFO - Dependencies all met for <TaskInstance: cms_asp_noc.extract scheduled__2022-11-02T00:00:00+00:00 [queued]>
[2023-02-08T15:19:26.443+0000] {taskinstance.py:1083} INFO - Dependencies all met for <TaskInstance: cms_asp_noc.extract scheduled__2022-11-02T00:00:00+00:00 [queued]>
[2023-02-08T15:19:26.444+0000] {taskinstance.py:1279} INFO - 
--------------------------------------------------------------------------------
[2023-02-08T15:19:26.446+0000] {taskinstance.py:1280} INFO - Starting attempt 1 of 1
[2023-02-08T15:19:26.447+0000] {taskinstance.py:1281} INFO - 
--------------------------------------------------------------------------------
[2023-02-08T15:19:26.481+0000] {taskinstance.py:1300} INFO - Executing <Task(PythonOperator): extract> on 2022-11-02 00:00:00+00:00
[2023-02-08T15:19:26.506+0000] {standard_task_runner.py:55} INFO - Started process 3362 to run task
[2023-02-08T15:19:26.531+0000] {standard_task_runner.py:82} INFO - Running: ['***', 'tasks', 'run', 'cms_asp_noc', 'extract', 'scheduled__2022-11-02T00:00:00+00:00', '--job-id', '1101', '--raw', '--subdir', 'DAGS_FOLDER/cms_upd.py', '--cfg-path', '/tmp/tmphdsyhypg']
[2023-02-08T15:19:26.536+0000] {standard_task_runner.py:83} INFO - Job 1101: Subtask extract
[2023-02-08T15:19:26.713+0000] {task_command.py:388} INFO - Running <TaskInstance: cms_asp_noc.extract scheduled__2022-11-02T00:00:00+00:00 [running]> on host 1f90076947be
[2023-02-08T15:19:27.890+0000] {taskinstance.py:1509} INFO - Exporting the following env vars:
AIRFLOW_CTX_DAG_OWNER=***
AIRFLOW_CTX_DAG_ID=cms_asp_noc
AIRFLOW_CTX_TASK_ID=extract
AIRFLOW_CTX_EXECUTION_DATE=2022-11-02T00:00:00+00:00
AIRFLOW_CTX_TRY_NUMBER=1
AIRFLOW_CTX_DAG_RUN_ID=scheduled__2022-11-02T00:00:00+00:00
[2023-02-08T15:19:27.895+0000] {logging_mixin.py:137} INFO - /opt/***/op_files/cms_zip_files/april-2022-asp-pricing-file-updated-06082022.zip
[2023-02-08T15:19:27.958+0000] {logging_mixin.py:137} INFO - /opt/***/op_files/cms_zip_files/april-2022-asp-pricing-file-updated-12142022.zip
[2023-02-08T15:19:27.973+0000] {logging_mixin.py:137} INFO - /opt/***/op_files/cms_zip_files/january-2022-asp-pricing-file-updated-06082022.zip
[2023-02-08T15:19:27.988+0000] {logging_mixin.py:137} INFO - /opt/***/op_files/cms_zip_files/july-2022-asp-ndc-hcpcs-crosswalk-updated-07142022.zip
[2023-02-08T15:19:28.196+0000] {logging_mixin.py:137} INFO - /opt/***/op_files/cms_zip_files/july-2022-asp-pricing-file-updated-12142022.zip
[2023-02-08T15:19:28.224+0000] {logging_mixin.py:137} INFO - /opt/***/op_files/cms_zip_files/july-2022-noc-pricing-file.zip
[2023-02-08T15:19:28.260+0000] {python.py:177} INFO - Done. Returned value was: None
[2023-02-08T15:19:28.288+0000] {taskinstance.py:1323} INFO - Marking task as SUCCESS. dag_id=cms_asp_noc, task_id=extract, execution_date=20221102T000000, start_date=20230208T151926, end_date=20230208T151928
[2023-02-08T15:19:28.516+0000] {local_task_job.py:208} INFO - Task exited with return code 0
[2023-02-08T15:19:28.755+0000] {taskinstance.py:2578} INFO - 0 downstream tasks scheduled from follow-on schedule check
