[2023-02-08T13:15:56.952+0000] {taskinstance.py:1083} INFO - Dependencies all met for <TaskInstance: cms_asp_noc.download_file scheduled__2022-04-15T00:00:00+00:00 [queued]>
[2023-02-08T13:15:57.713+0000] {taskinstance.py:1083} INFO - Dependencies all met for <TaskInstance: cms_asp_noc.download_file scheduled__2022-04-15T00:00:00+00:00 [queued]>
[2023-02-08T13:15:57.736+0000] {taskinstance.py:1279} INFO - 
--------------------------------------------------------------------------------
[2023-02-08T13:15:57.740+0000] {taskinstance.py:1280} INFO - Starting attempt 1 of 1
[2023-02-08T13:15:57.749+0000] {taskinstance.py:1281} INFO - 
--------------------------------------------------------------------------------
[2023-02-08T13:15:58.405+0000] {taskinstance.py:1300} INFO - Executing <Task(PythonOperator): download_file> on 2022-04-15 00:00:00+00:00
[2023-02-08T13:15:58.633+0000] {standard_task_runner.py:55} INFO - Started process 1336 to run task
[2023-02-08T13:15:58.813+0000] {standard_task_runner.py:82} INFO - Running: ['***', 'tasks', 'run', 'cms_asp_noc', 'download_file', 'scheduled__2022-04-15T00:00:00+00:00', '--job-id', '203', '--raw', '--subdir', 'DAGS_FOLDER/cms_upd.py', '--cfg-path', '/tmp/tmp2olcoyti']
[2023-02-08T13:15:59.254+0000] {standard_task_runner.py:83} INFO - Job 203: Subtask download_file
[2023-02-08T13:15:59.905+0000] {task_command.py:388} INFO - Running <TaskInstance: cms_asp_noc.download_file scheduled__2022-04-15T00:00:00+00:00 [running]> on host 4ed7ae61ecf3
[2023-02-08T13:16:24.591+0000] {taskinstance.py:1509} INFO - Exporting the following env vars:
AIRFLOW_CTX_DAG_OWNER=***
AIRFLOW_CTX_DAG_ID=cms_asp_noc
AIRFLOW_CTX_TASK_ID=download_file
AIRFLOW_CTX_EXECUTION_DATE=2022-04-15T00:00:00+00:00
AIRFLOW_CTX_TRY_NUMBER=1
AIRFLOW_CTX_DAG_RUN_ID=scheduled__2022-04-15T00:00:00+00:00
[2023-02-08T13:16:29.590+0000] {logging_mixin.py:137} INFO - october-2022-noc-pricing-file.zip is downloaded.
[2023-02-08T13:16:30.351+0000] {logging_mixin.py:137} INFO - april-2022-noc-pricing-file.zip is downloaded.
[2023-02-08T13:16:32.306+0000] {logging_mixin.py:137} INFO - 2023.zip is downloaded.
[2023-02-08T13:16:42.726+0000] {logging_mixin.py:137} INFO - 2023.zip is downloaded.
[2023-02-08T13:16:43.750+0000] {logging_mixin.py:137} INFO - april-2022-asp-ndc-hcpcs-crosswalk.zip is downloaded.
[2023-02-08T13:16:44.213+0000] {logging_mixin.py:137} INFO - july-2022-asp-pricing-file-updated-12142022.zip is downloaded.
[2023-02-08T13:16:44.538+0000] {logging_mixin.py:137} INFO - april-2022-asp-pricing-file-updated-12142022.zip is downloaded.
[2023-02-08T13:16:46.128+0000] {logging_mixin.py:137} INFO - january-2022-asp-ndc-hcpcs-crosswalk.zip is downloaded.
[2023-02-08T13:16:46.780+0000] {logging_mixin.py:137} INFO - january-2023-noc-pricing-file.zip is downloaded.
[2023-02-08T13:16:49.119+0000] {logging_mixin.py:137} INFO - october-2022-asp-ndc-hcpcs-crosswalks-updated-12212022.zip is downloaded.
