[2023-02-08T15:21:21.970+0000] {taskinstance.py:1083} INFO - Dependencies all met for <TaskInstance: cms_asp_noc.extract scheduled__2022-11-25T00:00:00+00:00 [queued]>
[2023-02-08T15:21:21.988+0000] {taskinstance.py:1083} INFO - Dependencies all met for <TaskInstance: cms_asp_noc.extract scheduled__2022-11-25T00:00:00+00:00 [queued]>
[2023-02-08T15:21:21.989+0000] {taskinstance.py:1279} INFO - 
--------------------------------------------------------------------------------
[2023-02-08T15:21:21.989+0000] {taskinstance.py:1280} INFO - Starting attempt 1 of 1
[2023-02-08T15:21:21.990+0000] {taskinstance.py:1281} INFO - 
--------------------------------------------------------------------------------
[2023-02-08T15:21:22.018+0000] {taskinstance.py:1300} INFO - Executing <Task(PythonOperator): extract> on 2022-11-25 00:00:00+00:00
[2023-02-08T15:21:22.025+0000] {standard_task_runner.py:55} INFO - Started process 3813 to run task
[2023-02-08T15:21:22.049+0000] {standard_task_runner.py:82} INFO - Running: ['***', 'tasks', 'run', 'cms_asp_noc', 'extract', 'scheduled__2022-11-25T00:00:00+00:00', '--job-id', '1216', '--raw', '--subdir', 'DAGS_FOLDER/cms_upd.py', '--cfg-path', '/tmp/tmprkh_zyvu']
[2023-02-08T15:21:22.060+0000] {standard_task_runner.py:83} INFO - Job 1216: Subtask extract
[2023-02-08T15:21:22.218+0000] {task_command.py:388} INFO - Running <TaskInstance: cms_asp_noc.extract scheduled__2022-11-25T00:00:00+00:00 [running]> on host 1f90076947be
[2023-02-08T15:21:22.636+0000] {taskinstance.py:1509} INFO - Exporting the following env vars:
AIRFLOW_CTX_DAG_OWNER=***
AIRFLOW_CTX_DAG_ID=cms_asp_noc
AIRFLOW_CTX_TASK_ID=extract
AIRFLOW_CTX_EXECUTION_DATE=2022-11-25T00:00:00+00:00
AIRFLOW_CTX_TRY_NUMBER=1
AIRFLOW_CTX_DAG_RUN_ID=scheduled__2022-11-25T00:00:00+00:00
[2023-02-08T15:21:22.639+0000] {logging_mixin.py:137} INFO - /opt/***/op_files/cms_zip_files/april-2022-asp-pricing-file-updated-06082022.zip
[2023-02-08T15:21:22.668+0000] {logging_mixin.py:137} INFO - /opt/***/op_files/cms_zip_files/april-2022-asp-pricing-file-updated-12142022.zip
[2023-02-08T15:21:22.681+0000] {logging_mixin.py:137} INFO - /opt/***/op_files/cms_zip_files/january-2022-asp-pricing-file-updated-06082022.zip
[2023-02-08T15:21:22.693+0000] {logging_mixin.py:137} INFO - /opt/***/op_files/cms_zip_files/july-2022-asp-ndc-hcpcs-crosswalk-updated-07142022.zip
[2023-02-08T15:21:22.800+0000] {logging_mixin.py:137} INFO - /opt/***/op_files/cms_zip_files/july-2022-asp-pricing-file-updated-12142022.zip
[2023-02-08T15:21:22.815+0000] {logging_mixin.py:137} INFO - /opt/***/op_files/cms_zip_files/july-2022-noc-pricing-file.zip
[2023-02-08T15:21:22.825+0000] {python.py:177} INFO - Done. Returned value was: None
[2023-02-08T15:21:22.849+0000] {taskinstance.py:1323} INFO - Marking task as SUCCESS. dag_id=cms_asp_noc, task_id=extract, execution_date=20221125T000000, start_date=20230208T152121, end_date=20230208T152122
[2023-02-08T15:21:22.940+0000] {local_task_job.py:208} INFO - Task exited with return code 0
[2023-02-08T15:21:23.013+0000] {taskinstance.py:2578} INFO - 1 downstream tasks scheduled from follow-on schedule check
