[2023-02-09T20:52:21.099+0000] {taskinstance.py:1083} INFO - Dependencies all met for <TaskInstance: cms_asp_noc.populate_all_tables manual__2023-02-09T20:52:08.203846+00:00 [queued]>
[2023-02-09T20:52:21.107+0000] {taskinstance.py:1083} INFO - Dependencies all met for <TaskInstance: cms_asp_noc.populate_all_tables manual__2023-02-09T20:52:08.203846+00:00 [queued]>
[2023-02-09T20:52:21.108+0000] {taskinstance.py:1279} INFO - 
--------------------------------------------------------------------------------
[2023-02-09T20:52:21.108+0000] {taskinstance.py:1280} INFO - Starting attempt 1 of 1
[2023-02-09T20:52:21.109+0000] {taskinstance.py:1281} INFO - 
--------------------------------------------------------------------------------
[2023-02-09T20:52:21.119+0000] {taskinstance.py:1300} INFO - Executing <Task(PostgresOperator): populate_all_tables> on 2023-02-09 20:52:08.203846+00:00
[2023-02-09T20:52:21.126+0000] {standard_task_runner.py:55} INFO - Started process 169 to run task
[2023-02-09T20:52:21.130+0000] {standard_task_runner.py:82} INFO - Running: ['***', 'tasks', 'run', 'cms_asp_noc', 'populate_all_tables', 'manual__2023-02-09T20:52:08.203846+00:00', '--job-id', '1606', '--raw', '--subdir', 'DAGS_FOLDER/cms_upd.py', '--cfg-path', '/tmp/tmpzw4_oat8']
[2023-02-09T20:52:21.133+0000] {standard_task_runner.py:83} INFO - Job 1606: Subtask populate_all_tables
[2023-02-09T20:52:21.197+0000] {task_command.py:388} INFO - Running <TaskInstance: cms_asp_noc.populate_all_tables manual__2023-02-09T20:52:08.203846+00:00 [running]> on host 8ef717bf51f5
[2023-02-09T20:52:21.260+0000] {taskinstance.py:1509} INFO - Exporting the following env vars:
AIRFLOW_CTX_DAG_OWNER=***
AIRFLOW_CTX_DAG_ID=cms_asp_noc
AIRFLOW_CTX_TASK_ID=populate_all_tables
AIRFLOW_CTX_EXECUTION_DATE=2023-02-09T20:52:08.203846+00:00
AIRFLOW_CTX_TRY_NUMBER=1
AIRFLOW_CTX_DAG_RUN_ID=manual__2023-02-09T20:52:08.203846+00:00
[2023-02-09T20:52:21.262+0000] {sql.py:254} INFO - Executing: ['call sp_upsert_asp_pricing();\ncall sp_upsert_asp_ndc_hcpcs();\ncall sp_upsert_noc_NDC_HCPCS();']
[2023-02-09T20:52:21.421+0000] {base.py:73} INFO - Using connection ID 'postgres_conn' for task execution.
[2023-02-09T20:52:21.584+0000] {base.py:73} INFO - Using connection ID 'postgres_conn' for task execution.
