[2023-02-15T00:00:24.113+0000] {taskinstance.py:1083} INFO - Dependencies all met for <TaskInstance: cms_asp_noc.extract scheduled__2023-02-14T00:00:00+00:00 [queued]>
[2023-02-15T00:00:24.123+0000] {taskinstance.py:1083} INFO - Dependencies all met for <TaskInstance: cms_asp_noc.extract scheduled__2023-02-14T00:00:00+00:00 [queued]>
[2023-02-15T00:00:24.123+0000] {taskinstance.py:1279} INFO - 
--------------------------------------------------------------------------------
[2023-02-15T00:00:24.124+0000] {taskinstance.py:1280} INFO - Starting attempt 1 of 1
[2023-02-15T00:00:24.125+0000] {taskinstance.py:1281} INFO - 
--------------------------------------------------------------------------------
[2023-02-15T00:00:24.137+0000] {taskinstance.py:1300} INFO - Executing <Task(PythonOperator): extract> on 2023-02-14 00:00:00+00:00
[2023-02-15T00:00:24.146+0000] {standard_task_runner.py:55} INFO - Started process 14703 to run task
[2023-02-15T00:00:24.153+0000] {standard_task_runner.py:82} INFO - Running: ['***', 'tasks', 'run', 'cms_asp_noc', 'extract', 'scheduled__2023-02-14T00:00:00+00:00', '--job-id', '1767', '--raw', '--subdir', 'DAGS_FOLDER/cms_upd.py', '--cfg-path', '/tmp/tmp2k3osynq']
[2023-02-15T00:00:24.157+0000] {standard_task_runner.py:83} INFO - Job 1767: Subtask extract
[2023-02-15T00:00:24.477+0000] {task_command.py:388} INFO - Running <TaskInstance: cms_asp_noc.extract scheduled__2023-02-14T00:00:00+00:00 [running]> on host 2886274f27ea
[2023-02-15T00:00:24.551+0000] {taskinstance.py:1509} INFO - Exporting the following env vars:
AIRFLOW_CTX_DAG_OWNER=***
AIRFLOW_CTX_DAG_ID=cms_asp_noc
AIRFLOW_CTX_TASK_ID=extract
AIRFLOW_CTX_EXECUTION_DATE=2023-02-14T00:00:00+00:00
AIRFLOW_CTX_TRY_NUMBER=1
AIRFLOW_CTX_DAG_RUN_ID=scheduled__2023-02-14T00:00:00+00:00
[2023-02-15T00:00:24.557+0000] {logging_mixin.py:137} INFO - /opt/***/op_files/cms_zip_files/april-2022-asp-pricing-file-updated-06082022.zip
[2023-02-15T00:00:24.580+0000] {logging_mixin.py:137} INFO - /opt/***/op_files/cms_zip_files/april-2022-asp-pricing-file-updated-12142022.zip
[2023-02-15T00:00:24.597+0000] {logging_mixin.py:137} INFO - /opt/***/op_files/cms_zip_files/january-2022-asp-pricing-file-updated-06082022.zip
[2023-02-15T00:00:24.622+0000] {logging_mixin.py:137} INFO - /opt/***/op_files/cms_zip_files/july-2022-asp-ndc-hcpcs-crosswalk-updated-07142022.zip
[2023-02-15T00:00:24.767+0000] {logging_mixin.py:137} INFO - /opt/***/op_files/cms_zip_files/july-2022-asp-pricing-file-updated-12142022.zip
[2023-02-15T00:00:24.784+0000] {logging_mixin.py:137} INFO - /opt/***/op_files/cms_zip_files/july-2022-noc-pricing-file.zip
[2023-02-15T00:00:24.798+0000] {python.py:177} INFO - Done. Returned value was: None
[2023-02-15T00:00:24.814+0000] {taskinstance.py:1323} INFO - Marking task as SUCCESS. dag_id=cms_asp_noc, task_id=extract, execution_date=20230214T000000, start_date=20230215T000024, end_date=20230215T000024
[2023-02-15T00:00:24.887+0000] {local_task_job.py:208} INFO - Task exited with return code 0
[2023-02-15T00:00:25.131+0000] {taskinstance.py:2578} INFO - 1 downstream tasks scheduled from follow-on schedule check
