[2023-02-08T12:52:02.249+0000] {taskinstance.py:1083} INFO - Dependencies all met for <TaskInstance: cms_asp_noc.download_file scheduled__2022-01-26T00:00:00+00:00 [queued]>
[2023-02-08T12:52:02.292+0000] {taskinstance.py:1083} INFO - Dependencies all met for <TaskInstance: cms_asp_noc.download_file scheduled__2022-01-26T00:00:00+00:00 [queued]>
[2023-02-08T12:52:02.294+0000] {taskinstance.py:1279} INFO - 
--------------------------------------------------------------------------------
[2023-02-08T12:52:02.295+0000] {taskinstance.py:1280} INFO - Starting attempt 1 of 1
[2023-02-08T12:52:02.296+0000] {taskinstance.py:1281} INFO - 
--------------------------------------------------------------------------------
[2023-02-08T12:52:02.365+0000] {taskinstance.py:1300} INFO - Executing <Task(PythonOperator): download_file> on 2022-01-26 00:00:00+00:00
[2023-02-08T12:52:02.613+0000] {standard_task_runner.py:55} INFO - Started process 350 to run task
[2023-02-08T12:52:02.750+0000] {standard_task_runner.py:82} INFO - Running: ['***', 'tasks', 'run', 'cms_asp_noc', 'download_file', 'scheduled__2022-01-26T00:00:00+00:00', '--job-id', '57', '--raw', '--subdir', 'DAGS_FOLDER/cms_upd.py', '--cfg-path', '/tmp/tmpms8qe_jd']
[2023-02-08T12:52:02.873+0000] {standard_task_runner.py:83} INFO - Job 57: Subtask download_file
[2023-02-08T12:52:03.785+0000] {task_command.py:388} INFO - Running <TaskInstance: cms_asp_noc.download_file scheduled__2022-01-26T00:00:00+00:00 [running]> on host 4ed7ae61ecf3
[2023-02-08T12:52:35.726+0000] {taskinstance.py:1509} INFO - Exporting the following env vars:
AIRFLOW_CTX_DAG_OWNER=***
AIRFLOW_CTX_DAG_ID=cms_asp_noc
AIRFLOW_CTX_TASK_ID=download_file
AIRFLOW_CTX_EXECUTION_DATE=2022-01-26T00:00:00+00:00
AIRFLOW_CTX_TRY_NUMBER=1
AIRFLOW_CTX_DAG_RUN_ID=scheduled__2022-01-26T00:00:00+00:00
[2023-02-08T12:52:43.789+0000] {local_task_job.py:208} INFO - Task exited with return code Negsignal.SIGKILL
[2023-02-08T12:53:04.861+0000] {taskinstance.py:2578} INFO - 0 downstream tasks scheduled from follow-on schedule check
