[2023-02-08T13:07:00.526+0000] {taskinstance.py:1083} INFO - Dependencies all met for <TaskInstance: cms_asp_noc.extract scheduled__2022-03-14T00:00:00+00:00 [queued]>
[2023-02-08T13:07:00.929+0000] {taskinstance.py:1083} INFO - Dependencies all met for <TaskInstance: cms_asp_noc.extract scheduled__2022-03-14T00:00:00+00:00 [queued]>
[2023-02-08T13:07:00.938+0000] {taskinstance.py:1279} INFO - 
--------------------------------------------------------------------------------
[2023-02-08T13:07:00.949+0000] {taskinstance.py:1280} INFO - Starting attempt 1 of 1
[2023-02-08T13:07:00.953+0000] {taskinstance.py:1281} INFO - 
--------------------------------------------------------------------------------
[2023-02-08T13:07:01.148+0000] {taskinstance.py:1300} INFO - Executing <Task(PythonOperator): extract> on 2022-03-14 00:00:00+00:00
[2023-02-08T13:07:01.473+0000] {standard_task_runner.py:55} INFO - Started process 1037 to run task
[2023-02-08T13:07:01.493+0000] {standard_task_runner.py:82} INFO - Running: ['***', 'tasks', 'run', 'cms_asp_noc', 'extract', 'scheduled__2022-03-14T00:00:00+00:00', '--job-id', '157', '--raw', '--subdir', 'DAGS_FOLDER/cms_upd.py', '--cfg-path', '/tmp/tmpn2itva5v']
[2023-02-08T13:07:01.552+0000] {standard_task_runner.py:83} INFO - Job 157: Subtask extract
[2023-02-08T13:07:02.757+0000] {task_command.py:388} INFO - Running <TaskInstance: cms_asp_noc.extract scheduled__2022-03-14T00:00:00+00:00 [running]> on host 4ed7ae61ecf3
[2023-02-08T13:07:36.751+0000] {taskinstance.py:1509} INFO - Exporting the following env vars:
AIRFLOW_CTX_DAG_OWNER=***
AIRFLOW_CTX_DAG_ID=cms_asp_noc
AIRFLOW_CTX_TASK_ID=extract
AIRFLOW_CTX_EXECUTION_DATE=2022-03-14T00:00:00+00:00
AIRFLOW_CTX_TRY_NUMBER=1
AIRFLOW_CTX_DAG_RUN_ID=scheduled__2022-03-14T00:00:00+00:00
[2023-02-08T13:07:36.989+0000] {logging_mixin.py:137} INFO - /opt/***/op_files/cms_zip_files/april-2022-asp-pricing-file-updated-06082022.zip
[2023-02-08T13:07:37.606+0000] {logging_mixin.py:137} INFO - /opt/***/op_files/cms_zip_files/april-2022-asp-pricing-file-updated-12142022.zip
[2023-02-08T13:07:37.823+0000] {logging_mixin.py:137} INFO - /opt/***/op_files/cms_zip_files/january-2022-asp-pricing-file-updated-06082022.zip
[2023-02-08T13:07:38.005+0000] {logging_mixin.py:137} INFO - /opt/***/op_files/cms_zip_files/july-2022-asp-ndc-hcpcs-crosswalk-updated-07142022.zip
[2023-02-08T13:07:40.195+0000] {logging_mixin.py:137} INFO - /opt/***/op_files/cms_zip_files/july-2022-asp-pricing-file-updated-12142022.zip
[2023-02-08T13:07:40.271+0000] {logging_mixin.py:137} INFO - /opt/***/op_files/cms_zip_files/july-2022-noc-pricing-file.zip
[2023-02-08T13:07:40.289+0000] {python.py:177} INFO - Done. Returned value was: None
[2023-02-08T13:07:41.519+0000] {taskinstance.py:1323} INFO - Marking task as SUCCESS. dag_id=cms_asp_noc, task_id=extract, execution_date=20220314T000000, start_date=20230208T130700, end_date=20230208T130741
[2023-02-08T13:07:48.673+0000] {local_task_job.py:208} INFO - Task exited with return code 0
[2023-02-08T13:08:11.285+0000] {taskinstance.py:2578} INFO - 0 downstream tasks scheduled from follow-on schedule check
