[2023-02-08T15:17:19.467+0000] {taskinstance.py:1083} INFO - Dependencies all met for <TaskInstance: cms_asp_noc.download_file scheduled__2022-10-11T00:00:00+00:00 [queued]>
[2023-02-08T15:17:19.482+0000] {taskinstance.py:1083} INFO - Dependencies all met for <TaskInstance: cms_asp_noc.download_file scheduled__2022-10-11T00:00:00+00:00 [queued]>
[2023-02-08T15:17:19.492+0000] {taskinstance.py:1279} INFO - 
--------------------------------------------------------------------------------
[2023-02-08T15:17:19.493+0000] {taskinstance.py:1280} INFO - Starting attempt 1 of 1
[2023-02-08T15:17:19.494+0000] {taskinstance.py:1281} INFO - 
--------------------------------------------------------------------------------
[2023-02-08T15:17:19.534+0000] {taskinstance.py:1300} INFO - Executing <Task(PythonOperator): download_file> on 2022-10-11 00:00:00+00:00
[2023-02-08T15:17:19.550+0000] {standard_task_runner.py:55} INFO - Started process 2887 to run task
[2023-02-08T15:17:19.569+0000] {standard_task_runner.py:82} INFO - Running: ['***', 'tasks', 'run', 'cms_asp_noc', 'download_file', 'scheduled__2022-10-11T00:00:00+00:00', '--job-id', '986', '--raw', '--subdir', 'DAGS_FOLDER/cms_upd.py', '--cfg-path', '/tmp/tmpdtvh2pu8']
[2023-02-08T15:17:19.577+0000] {standard_task_runner.py:83} INFO - Job 986: Subtask download_file
[2023-02-08T15:17:19.737+0000] {task_command.py:388} INFO - Running <TaskInstance: cms_asp_noc.download_file scheduled__2022-10-11T00:00:00+00:00 [running]> on host 1f90076947be
[2023-02-08T15:17:20.597+0000] {taskinstance.py:1509} INFO - Exporting the following env vars:
AIRFLOW_CTX_DAG_OWNER=***
AIRFLOW_CTX_DAG_ID=cms_asp_noc
AIRFLOW_CTX_TASK_ID=download_file
AIRFLOW_CTX_EXECUTION_DATE=2022-10-11T00:00:00+00:00
AIRFLOW_CTX_TRY_NUMBER=1
AIRFLOW_CTX_DAG_RUN_ID=scheduled__2022-10-11T00:00:00+00:00
[2023-02-08T15:17:24.817+0000] {logging_mixin.py:137} INFO - july-2022-asp-pricing-file-updated-12142022.zip is downloaded.
[2023-02-08T15:17:25.001+0000] {logging_mixin.py:137} INFO - january-2023-noc-pricing-file.zip is downloaded.
[2023-02-08T15:17:25.381+0000] {logging_mixin.py:137} INFO - january-2022-asp-ndc-hcpcs-crosswalk.zip is downloaded.
[2023-02-08T15:17:25.603+0000] {logging_mixin.py:137} INFO - january-2022-asp-pricing-file-updated-06082022.zip is downloaded.
[2023-02-08T15:17:25.940+0000] {logging_mixin.py:137} INFO - october-2022-asp-ndc-hcpcs-crosswalks-updated-12212022.zip is downloaded.
[2023-02-08T15:17:26.216+0000] {logging_mixin.py:137} INFO - july-2022-noc-pricing-file.zip is downloaded.
[2023-02-08T15:17:26.390+0000] {logging_mixin.py:137} INFO - april-2022-noc-pricing-file.zip is downloaded.
[2023-02-08T15:17:26.731+0000] {logging_mixin.py:137} INFO - july-2022-asp-ndc-hcpcs-crosswalk-updated-07142022.zip is downloaded.
[2023-02-08T15:17:26.910+0000] {logging_mixin.py:137} INFO - october-2022-noc-pricing-file.zip is downloaded.
[2023-02-08T15:17:27.246+0000] {logging_mixin.py:137} INFO - april-2022-asp-ndc-hcpcs-crosswalk.zip is downloaded.
[2023-02-08T15:17:27.464+0000] {logging_mixin.py:137} INFO - 2023.zip is downloaded.
[2023-02-08T15:17:27.624+0000] {logging_mixin.py:137} INFO - january-2022-noc-pricing-file-updated-03022022.zip is downloaded.
[2023-02-08T15:17:27.834+0000] {logging_mixin.py:137} INFO - october-2022-asp-pricing-file-updated-12212022.zip is downloaded.
[2023-02-08T15:17:28.024+0000] {logging_mixin.py:137} INFO - april-2022-asp-pricing-file-updated-12142022.zip is downloaded.
[2023-02-08T15:17:28.330+0000] {logging_mixin.py:137} INFO - 2023.zip is downloaded.
[2023-02-08T15:17:28.334+0000] {python.py:177} INFO - Done. Returned value was: None
[2023-02-08T15:17:28.395+0000] {taskinstance.py:1323} INFO - Marking task as SUCCESS. dag_id=cms_asp_noc, task_id=download_file, execution_date=20221011T000000, start_date=20230208T151719, end_date=20230208T151728
[2023-02-08T15:17:28.590+0000] {local_task_job.py:208} INFO - Task exited with return code 0
[2023-02-08T15:17:29.551+0000] {taskinstance.py:2578} INFO - 0 downstream tasks scheduled from follow-on schedule check
