[2023-02-08T12:48:39.045+0000] {taskinstance.py:1083} INFO - Dependencies all met for <TaskInstance: cms_asp_noc.download_file scheduled__2022-01-13T00:00:00+00:00 [queued]>
[2023-02-08T12:48:39.053+0000] {taskinstance.py:1083} INFO - Dependencies all met for <TaskInstance: cms_asp_noc.download_file scheduled__2022-01-13T00:00:00+00:00 [queued]>
[2023-02-08T12:48:39.054+0000] {taskinstance.py:1279} INFO - 
--------------------------------------------------------------------------------
[2023-02-08T12:48:39.055+0000] {taskinstance.py:1280} INFO - Starting attempt 1 of 1
[2023-02-08T12:48:39.056+0000] {taskinstance.py:1281} INFO - 
--------------------------------------------------------------------------------
[2023-02-08T12:48:39.073+0000] {taskinstance.py:1300} INFO - Executing <Task(PythonOperator): download_file> on 2022-01-13 00:00:00+00:00
[2023-02-08T12:48:39.093+0000] {standard_task_runner.py:55} INFO - Started process 163 to run task
[2023-02-08T12:48:39.109+0000] {standard_task_runner.py:82} INFO - Running: ['***', 'tasks', 'run', 'cms_asp_noc', 'download_file', 'scheduled__2022-01-13T00:00:00+00:00', '--job-id', '26', '--raw', '--subdir', 'DAGS_FOLDER/cms_upd.py', '--cfg-path', '/tmp/tmpazmun79x']
[2023-02-08T12:48:39.113+0000] {standard_task_runner.py:83} INFO - Job 26: Subtask download_file
[2023-02-08T12:48:39.247+0000] {task_command.py:388} INFO - Running <TaskInstance: cms_asp_noc.download_file scheduled__2022-01-13T00:00:00+00:00 [running]> on host 4ed7ae61ecf3
[2023-02-08T12:48:39.835+0000] {taskinstance.py:1509} INFO - Exporting the following env vars:
AIRFLOW_CTX_DAG_OWNER=***
AIRFLOW_CTX_DAG_ID=cms_asp_noc
AIRFLOW_CTX_TASK_ID=download_file
AIRFLOW_CTX_EXECUTION_DATE=2022-01-13T00:00:00+00:00
AIRFLOW_CTX_TRY_NUMBER=1
AIRFLOW_CTX_DAG_RUN_ID=scheduled__2022-01-13T00:00:00+00:00
[2023-02-08T12:48:44.756+0000] {logging_mixin.py:137} INFO - october-2022-noc-pricing-file.zip is downloaded.
[2023-02-08T12:48:45.097+0000] {logging_mixin.py:137} INFO - april-2022-noc-pricing-file.zip is downloaded.
[2023-02-08T12:48:45.992+0000] {logging_mixin.py:137} INFO - 2023.zip is downloaded.
[2023-02-08T12:48:46.208+0000] {logging_mixin.py:137} INFO - 2023.zip is downloaded.
[2023-02-08T12:48:47.063+0000] {logging_mixin.py:137} INFO - april-2022-asp-ndc-hcpcs-crosswalk.zip is downloaded.
[2023-02-08T12:48:47.260+0000] {logging_mixin.py:137} INFO - july-2022-asp-pricing-file-updated-12142022.zip is downloaded.
[2023-02-08T12:48:47.486+0000] {logging_mixin.py:137} INFO - april-2022-asp-pricing-file-updated-12142022.zip is downloaded.
[2023-02-08T12:48:48.415+0000] {logging_mixin.py:137} INFO - january-2022-asp-ndc-hcpcs-crosswalk.zip is downloaded.
[2023-02-08T12:48:48.666+0000] {logging_mixin.py:137} INFO - january-2023-noc-pricing-file.zip is downloaded.
[2023-02-08T12:48:49.343+0000] {logging_mixin.py:137} INFO - october-2022-asp-ndc-hcpcs-crosswalks-updated-12212022.zip is downloaded.
[2023-02-08T12:48:49.539+0000] {logging_mixin.py:137} INFO - october-2022-asp-pricing-file-updated-12212022.zip is downloaded.
[2023-02-08T12:48:50.509+0000] {logging_mixin.py:137} INFO - july-2022-asp-ndc-hcpcs-crosswalk-updated-07142022.zip is downloaded.
[2023-02-08T12:48:50.941+0000] {logging_mixin.py:137} INFO - july-2022-noc-pricing-file.zip is downloaded.
[2023-02-08T12:48:51.285+0000] {logging_mixin.py:137} INFO - january-2022-asp-pricing-file-updated-06082022.zip is downloaded.
[2023-02-08T12:48:51.767+0000] {logging_mixin.py:137} INFO - january-2022-noc-pricing-file-updated-03022022.zip is downloaded.
[2023-02-08T12:48:51.768+0000] {python.py:177} INFO - Done. Returned value was: None
[2023-02-08T12:48:51.940+0000] {taskinstance.py:1323} INFO - Marking task as SUCCESS. dag_id=cms_asp_noc, task_id=download_file, execution_date=20220113T000000, start_date=20230208T124839, end_date=20230208T124851
[2023-02-08T12:48:53.518+0000] {local_task_job.py:208} INFO - Task exited with return code 0
[2023-02-08T12:48:57.648+0000] {taskinstance.py:2578} INFO - 0 downstream tasks scheduled from follow-on schedule check
