[2023-03-07T17:03:17.085+0000] {taskinstance.py:1083} INFO - Dependencies all met for <TaskInstance: cms_asp_noc.download_file manual__2023-03-07T17:03:11.250217+00:00 [queued]>
[2023-03-07T17:03:17.093+0000] {taskinstance.py:1083} INFO - Dependencies all met for <TaskInstance: cms_asp_noc.download_file manual__2023-03-07T17:03:11.250217+00:00 [queued]>
[2023-03-07T17:03:17.094+0000] {taskinstance.py:1279} INFO - 
--------------------------------------------------------------------------------
[2023-03-07T17:03:17.094+0000] {taskinstance.py:1280} INFO - Starting attempt 1 of 1
[2023-03-07T17:03:17.095+0000] {taskinstance.py:1281} INFO - 
--------------------------------------------------------------------------------
[2023-03-07T17:03:17.105+0000] {taskinstance.py:1300} INFO - Executing <Task(PythonOperator): download_file> on 2023-03-07 17:03:11.250217+00:00
[2023-03-07T17:03:17.112+0000] {standard_task_runner.py:55} INFO - Started process 4295 to run task
[2023-03-07T17:03:17.116+0000] {standard_task_runner.py:82} INFO - Running: ['***', 'tasks', 'run', 'cms_asp_noc', 'download_file', 'manual__2023-03-07T17:03:11.250217+00:00', '--job-id', '1960', '--raw', '--subdir', 'DAGS_FOLDER/cms_upd.py', '--cfg-path', '/tmp/tmp8cgxg1mp']
[2023-03-07T17:03:17.118+0000] {standard_task_runner.py:83} INFO - Job 1960: Subtask download_file
[2023-03-07T17:03:17.178+0000] {task_command.py:388} INFO - Running <TaskInstance: cms_asp_noc.download_file manual__2023-03-07T17:03:11.250217+00:00 [running]> on host 2886274f27ea
[2023-03-07T17:03:17.440+0000] {taskinstance.py:1509} INFO - Exporting the following env vars:
AIRFLOW_CTX_DAG_OWNER=***
AIRFLOW_CTX_DAG_ID=cms_asp_noc
AIRFLOW_CTX_TASK_ID=download_file
AIRFLOW_CTX_EXECUTION_DATE=2023-03-07T17:03:11.250217+00:00
AIRFLOW_CTX_TRY_NUMBER=1
AIRFLOW_CTX_DAG_RUN_ID=manual__2023-03-07T17:03:11.250217+00:00
[2023-03-07T17:03:20.164+0000] {logging_mixin.py:137} INFO - january-2022-noc-pricing-file-updated-03022022.zip is downloaded.
[2023-03-07T17:03:20.450+0000] {logging_mixin.py:137} INFO - 2023.zip is downloaded.
[2023-03-07T17:03:20.653+0000] {logging_mixin.py:137} INFO - january-2023-noc-pricing-file.zip is downloaded.
[2023-03-07T17:03:21.075+0000] {logging_mixin.py:137} INFO - april-2022-noc-pricing-file.zip is downloaded.
[2023-03-07T17:03:21.199+0000] {logging_mixin.py:137} INFO - october-2022-noc-pricing-file.zip is downloaded.
[2023-03-07T17:03:21.550+0000] {logging_mixin.py:137} INFO - july-2022-noc-pricing-file.zip is downloaded.
[2023-03-07T17:03:21.764+0000] {logging_mixin.py:137} INFO - october-2022-asp-pricing-file-updated-12212022.zip is downloaded.
[2023-03-07T17:03:21.924+0000] {logging_mixin.py:137} INFO - july-2022-asp-pricing-file-updated-12142022.zip is downloaded.
[2023-03-07T17:03:22.531+0000] {logging_mixin.py:137} INFO - april-2022-asp-ndc-hcpcs-crosswalk.zip is downloaded.
[2023-03-07T17:03:22.768+0000] {logging_mixin.py:137} INFO - january-2022-asp-pricing-file-updated-06082022.zip is downloaded.
[2023-03-07T17:03:22.879+0000] {logging_mixin.py:137} INFO - 2023.zip is downloaded.
[2023-03-07T17:03:23.012+0000] {logging_mixin.py:137} INFO - april-2022-asp-pricing-file-updated-12142022.zip is downloaded.
[2023-03-07T17:03:23.878+0000] {logging_mixin.py:137} INFO - october-2022-asp-ndc-hcpcs-crosswalks-updated-12212022.zip is downloaded.
[2023-03-07T17:03:24.525+0000] {logging_mixin.py:137} INFO - january-2022-asp-ndc-hcpcs-crosswalk.zip is downloaded.
[2023-03-07T17:03:24.889+0000] {logging_mixin.py:137} INFO - july-2022-asp-ndc-hcpcs-crosswalk-updated-07142022.zip is downloaded.
[2023-03-07T17:03:24.899+0000] {python.py:177} INFO - Done. Returned value was: None
[2023-03-07T17:03:24.935+0000] {taskinstance.py:1323} INFO - Marking task as SUCCESS. dag_id=cms_asp_noc, task_id=download_file, execution_date=20230307T170311, start_date=20230307T170317, end_date=20230307T170324
[2023-03-07T17:03:25.135+0000] {local_task_job.py:208} INFO - Task exited with return code 0
[2023-03-07T17:03:25.572+0000] {taskinstance.py:2578} INFO - 1 downstream tasks scheduled from follow-on schedule check
