[2023-02-15T00:00:07.370+0000] {taskinstance.py:1083} INFO - Dependencies all met for <TaskInstance: cms_asp_noc.download_file scheduled__2023-02-14T00:00:00+00:00 [queued]>
[2023-02-15T00:00:07.377+0000] {taskinstance.py:1083} INFO - Dependencies all met for <TaskInstance: cms_asp_noc.download_file scheduled__2023-02-14T00:00:00+00:00 [queued]>
[2023-02-15T00:00:07.378+0000] {taskinstance.py:1279} INFO - 
--------------------------------------------------------------------------------
[2023-02-15T00:00:07.378+0000] {taskinstance.py:1280} INFO - Starting attempt 1 of 1
[2023-02-15T00:00:07.379+0000] {taskinstance.py:1281} INFO - 
--------------------------------------------------------------------------------
[2023-02-15T00:00:07.390+0000] {taskinstance.py:1300} INFO - Executing <Task(PythonOperator): download_file> on 2023-02-14 00:00:00+00:00
[2023-02-15T00:00:07.397+0000] {standard_task_runner.py:55} INFO - Started process 14674 to run task
[2023-02-15T00:00:07.403+0000] {standard_task_runner.py:82} INFO - Running: ['***', 'tasks', 'run', 'cms_asp_noc', 'download_file', 'scheduled__2023-02-14T00:00:00+00:00', '--job-id', '1766', '--raw', '--subdir', 'DAGS_FOLDER/cms_upd.py', '--cfg-path', '/tmp/tmpm2ju8hde']
[2023-02-15T00:00:07.405+0000] {standard_task_runner.py:83} INFO - Job 1766: Subtask download_file
[2023-02-15T00:00:07.642+0000] {task_command.py:388} INFO - Running <TaskInstance: cms_asp_noc.download_file scheduled__2023-02-14T00:00:00+00:00 [running]> on host 2886274f27ea
[2023-02-15T00:00:07.700+0000] {taskinstance.py:1509} INFO - Exporting the following env vars:
AIRFLOW_CTX_DAG_OWNER=***
AIRFLOW_CTX_DAG_ID=cms_asp_noc
AIRFLOW_CTX_TASK_ID=download_file
AIRFLOW_CTX_EXECUTION_DATE=2023-02-14T00:00:00+00:00
AIRFLOW_CTX_TRY_NUMBER=1
AIRFLOW_CTX_DAG_RUN_ID=scheduled__2023-02-14T00:00:00+00:00
[2023-02-15T00:00:16.164+0000] {logging_mixin.py:137} INFO - october-2022-noc-pricing-file.zip is downloaded.
[2023-02-15T00:00:16.393+0000] {logging_mixin.py:137} INFO - 2023.zip is downloaded.
[2023-02-15T00:00:16.563+0000] {logging_mixin.py:137} INFO - january-2023-noc-pricing-file.zip is downloaded.
[2023-02-15T00:00:16.842+0000] {logging_mixin.py:137} INFO - july-2022-noc-pricing-file.zip is downloaded.
[2023-02-15T00:00:17.278+0000] {logging_mixin.py:137} INFO - october-2022-asp-ndc-hcpcs-crosswalks-updated-12212022.zip is downloaded.
[2023-02-15T00:00:17.582+0000] {logging_mixin.py:137} INFO - april-2022-asp-pricing-file-updated-12142022.zip is downloaded.
[2023-02-15T00:00:18.112+0000] {logging_mixin.py:137} INFO - april-2022-asp-ndc-hcpcs-crosswalk.zip is downloaded.
[2023-02-15T00:00:18.459+0000] {logging_mixin.py:137} INFO - january-2022-noc-pricing-file-updated-03022022.zip is downloaded.
[2023-02-15T00:00:18.802+0000] {logging_mixin.py:137} INFO - 2023.zip is downloaded.
[2023-02-15T00:00:19.165+0000] {logging_mixin.py:137} INFO - april-2022-noc-pricing-file.zip is downloaded.
[2023-02-15T00:00:19.366+0000] {logging_mixin.py:137} INFO - october-2022-asp-pricing-file-updated-12212022.zip is downloaded.
[2023-02-15T00:00:19.738+0000] {logging_mixin.py:137} INFO - january-2022-asp-pricing-file-updated-06082022.zip is downloaded.
[2023-02-15T00:00:20.363+0000] {logging_mixin.py:137} INFO - july-2022-asp-ndc-hcpcs-crosswalk-updated-07142022.zip is downloaded.
[2023-02-15T00:00:20.935+0000] {logging_mixin.py:137} INFO - january-2022-asp-ndc-hcpcs-crosswalk.zip is downloaded.
[2023-02-15T00:00:21.340+0000] {logging_mixin.py:137} INFO - july-2022-asp-pricing-file-updated-12142022.zip is downloaded.
[2023-02-15T00:00:21.342+0000] {python.py:177} INFO - Done. Returned value was: None
[2023-02-15T00:00:21.393+0000] {taskinstance.py:1323} INFO - Marking task as SUCCESS. dag_id=cms_asp_noc, task_id=download_file, execution_date=20230214T000000, start_date=20230215T000007, end_date=20230215T000021
[2023-02-15T00:00:21.600+0000] {local_task_job.py:208} INFO - Task exited with return code 0
[2023-02-15T00:00:22.199+0000] {taskinstance.py:2578} INFO - 1 downstream tasks scheduled from follow-on schedule check
