[2023-02-08T12:49:00.357+0000] {taskinstance.py:1083} INFO - Dependencies all met for <TaskInstance: cms_asp_noc.extract scheduled__2022-01-07T00:00:00+00:00 [queued]>
[2023-02-08T12:49:00.431+0000] {taskinstance.py:1083} INFO - Dependencies all met for <TaskInstance: cms_asp_noc.extract scheduled__2022-01-07T00:00:00+00:00 [queued]>
[2023-02-08T12:49:00.447+0000] {taskinstance.py:1279} INFO - 
--------------------------------------------------------------------------------
[2023-02-08T12:49:00.449+0000] {taskinstance.py:1280} INFO - Starting attempt 1 of 1
[2023-02-08T12:49:00.462+0000] {taskinstance.py:1281} INFO - 
--------------------------------------------------------------------------------
[2023-02-08T12:49:00.623+0000] {taskinstance.py:1300} INFO - Executing <Task(PythonOperator): extract> on 2022-01-07 00:00:00+00:00
[2023-02-08T12:49:00.713+0000] {standard_task_runner.py:55} INFO - Started process 209 to run task
[2023-02-08T12:49:00.762+0000] {standard_task_runner.py:82} INFO - Running: ['***', 'tasks', 'run', 'cms_asp_noc', 'extract', 'scheduled__2022-01-07T00:00:00+00:00', '--job-id', '32', '--raw', '--subdir', 'DAGS_FOLDER/cms_upd.py', '--cfg-path', '/tmp/tmpbt1ln939']
[2023-02-08T12:49:00.862+0000] {standard_task_runner.py:83} INFO - Job 32: Subtask extract
[2023-02-08T12:49:01.728+0000] {task_command.py:388} INFO - Running <TaskInstance: cms_asp_noc.extract scheduled__2022-01-07T00:00:00+00:00 [running]> on host 4ed7ae61ecf3
[2023-02-08T12:49:28.135+0000] {taskinstance.py:1509} INFO - Exporting the following env vars:
AIRFLOW_CTX_DAG_OWNER=***
AIRFLOW_CTX_DAG_ID=cms_asp_noc
AIRFLOW_CTX_TASK_ID=extract
AIRFLOW_CTX_EXECUTION_DATE=2022-01-07T00:00:00+00:00
AIRFLOW_CTX_TRY_NUMBER=1
AIRFLOW_CTX_DAG_RUN_ID=scheduled__2022-01-07T00:00:00+00:00
[2023-02-08T12:49:29.640+0000] {logging_mixin.py:137} INFO - /opt/***/op_files/cms_zip_files/april-2022-asp-pricing-file-updated-06082022.zip
[2023-02-08T12:49:40.913+0000] {local_task_job.py:208} INFO - Task exited with return code Negsignal.SIGKILL
[2023-02-08T12:50:16.426+0000] {taskinstance.py:2578} INFO - 0 downstream tasks scheduled from follow-on schedule check
