[2023-03-06T16:03:03.062+0000] {taskinstance.py:1083} INFO - Dependencies all met for <TaskInstance: cms_asp_noc.download_file scheduled__2023-03-04T00:00:00+00:00 [queued]>
[2023-03-06T16:03:03.154+0000] {taskinstance.py:1083} INFO - Dependencies all met for <TaskInstance: cms_asp_noc.download_file scheduled__2023-03-04T00:00:00+00:00 [queued]>
[2023-03-06T16:03:03.162+0000] {taskinstance.py:1279} INFO - 
--------------------------------------------------------------------------------
[2023-03-06T16:03:03.173+0000] {taskinstance.py:1280} INFO - Starting attempt 1 of 1
[2023-03-06T16:03:03.176+0000] {taskinstance.py:1281} INFO - 
--------------------------------------------------------------------------------
[2023-03-06T16:03:03.244+0000] {taskinstance.py:1300} INFO - Executing <Task(PythonOperator): download_file> on 2023-03-04 00:00:00+00:00
[2023-03-06T16:03:03.279+0000] {standard_task_runner.py:55} INFO - Started process 132 to run task
[2023-03-06T16:03:03.355+0000] {standard_task_runner.py:82} INFO - Running: ['***', 'tasks', 'run', 'cms_asp_noc', 'download_file', 'scheduled__2023-03-04T00:00:00+00:00', '--job-id', '1928', '--raw', '--subdir', 'DAGS_FOLDER/cms_upd.py', '--cfg-path', '/tmp/tmph53_exqg']
[2023-03-06T16:03:03.378+0000] {standard_task_runner.py:83} INFO - Job 1928: Subtask download_file
[2023-03-06T16:03:05.847+0000] {task_command.py:388} INFO - Running <TaskInstance: cms_asp_noc.download_file scheduled__2023-03-04T00:00:00+00:00 [running]> on host 2886274f27ea
[2023-03-06T16:03:06.068+0000] {taskinstance.py:1509} INFO - Exporting the following env vars:
AIRFLOW_CTX_DAG_OWNER=***
AIRFLOW_CTX_DAG_ID=cms_asp_noc
AIRFLOW_CTX_TASK_ID=download_file
AIRFLOW_CTX_EXECUTION_DATE=2023-03-04T00:00:00+00:00
AIRFLOW_CTX_TRY_NUMBER=1
AIRFLOW_CTX_DAG_RUN_ID=scheduled__2023-03-04T00:00:00+00:00
[2023-03-06T16:03:15.032+0000] {logging_mixin.py:137} INFO - january-2023-noc-pricing-file.zip is downloaded.
[2023-03-06T16:03:15.550+0000] {logging_mixin.py:137} INFO - january-2022-asp-ndc-hcpcs-crosswalk.zip is downloaded.
[2023-03-06T16:03:15.762+0000] {logging_mixin.py:137} INFO - january-2022-asp-pricing-file-updated-06082022.zip is downloaded.
[2023-03-06T16:03:15.976+0000] {logging_mixin.py:137} INFO - october-2022-asp-pricing-file-updated-12212022.zip is downloaded.
[2023-03-06T16:03:16.243+0000] {logging_mixin.py:137} INFO - 2023.zip is downloaded.
[2023-03-06T16:03:17.435+0000] {logging_mixin.py:137} INFO - 2023.zip is downloaded.
[2023-03-06T16:03:17.635+0000] {logging_mixin.py:137} INFO - january-2022-noc-pricing-file-updated-03022022.zip is downloaded.
[2023-03-06T16:03:17.910+0000] {logging_mixin.py:137} INFO - october-2022-noc-pricing-file.zip is downloaded.
[2023-03-06T16:03:18.675+0000] {logging_mixin.py:137} INFO - october-2022-asp-ndc-hcpcs-crosswalks-updated-12212022.zip is downloaded.
[2023-03-06T16:03:19.324+0000] {logging_mixin.py:137} INFO - april-2022-asp-ndc-hcpcs-crosswalk.zip is downloaded.
[2023-03-06T16:03:19.494+0000] {logging_mixin.py:137} INFO - july-2022-noc-pricing-file.zip is downloaded.
[2023-03-06T16:03:19.744+0000] {logging_mixin.py:137} INFO - april-2022-asp-pricing-file-updated-12142022.zip is downloaded.
[2023-03-06T16:03:20.213+0000] {logging_mixin.py:137} INFO - april-2022-noc-pricing-file.zip is downloaded.
[2023-03-06T16:03:20.425+0000] {logging_mixin.py:137} INFO - july-2022-asp-pricing-file-updated-12142022.zip is downloaded.
[2023-03-06T16:03:21.809+0000] {logging_mixin.py:137} INFO - july-2022-asp-ndc-hcpcs-crosswalk-updated-07142022.zip is downloaded.
[2023-03-06T16:03:21.837+0000] {python.py:177} INFO - Done. Returned value was: None
[2023-03-06T16:03:22.191+0000] {taskinstance.py:1323} INFO - Marking task as SUCCESS. dag_id=cms_asp_noc, task_id=download_file, execution_date=20230304T000000, start_date=20230306T160303, end_date=20230306T160322
[2023-03-06T16:03:24.071+0000] {local_task_job.py:208} INFO - Task exited with return code 0
[2023-03-06T16:03:33.562+0000] {taskinstance.py:2578} INFO - 0 downstream tasks scheduled from follow-on schedule check
