[2023-03-06T16:03:33.310+0000] {taskinstance.py:1083} INFO - Dependencies all met for <TaskInstance: cms_asp_noc.extract scheduled__2023-03-03T00:00:00+00:00 [queued]>
[2023-03-06T16:03:33.382+0000] {taskinstance.py:1083} INFO - Dependencies all met for <TaskInstance: cms_asp_noc.extract scheduled__2023-03-03T00:00:00+00:00 [queued]>
[2023-03-06T16:03:33.384+0000] {taskinstance.py:1279} INFO - 
--------------------------------------------------------------------------------
[2023-03-06T16:03:33.386+0000] {taskinstance.py:1280} INFO - Starting attempt 1 of 1
[2023-03-06T16:03:33.387+0000] {taskinstance.py:1281} INFO - 
--------------------------------------------------------------------------------
[2023-03-06T16:03:33.444+0000] {taskinstance.py:1300} INFO - Executing <Task(PythonOperator): extract> on 2023-03-03 00:00:00+00:00
[2023-03-06T16:03:33.600+0000] {standard_task_runner.py:55} INFO - Started process 161 to run task
[2023-03-06T16:03:33.640+0000] {standard_task_runner.py:82} INFO - Running: ['***', 'tasks', 'run', 'cms_asp_noc', 'extract', 'scheduled__2023-03-03T00:00:00+00:00', '--job-id', '1931', '--raw', '--subdir', 'DAGS_FOLDER/cms_upd.py', '--cfg-path', '/tmp/tmphr24qhnw']
[2023-03-06T16:03:33.647+0000] {standard_task_runner.py:83} INFO - Job 1931: Subtask extract
[2023-03-06T16:03:50.648+0000] {task_command.py:388} INFO - Running <TaskInstance: cms_asp_noc.extract scheduled__2023-03-03T00:00:00+00:00 [running]> on host 2886274f27ea
[2023-03-06T16:03:51.543+0000] {taskinstance.py:1509} INFO - Exporting the following env vars:
AIRFLOW_CTX_DAG_OWNER=***
AIRFLOW_CTX_DAG_ID=cms_asp_noc
AIRFLOW_CTX_TASK_ID=extract
AIRFLOW_CTX_EXECUTION_DATE=2023-03-03T00:00:00+00:00
AIRFLOW_CTX_TRY_NUMBER=1
AIRFLOW_CTX_DAG_RUN_ID=scheduled__2023-03-03T00:00:00+00:00
[2023-03-06T16:03:51.601+0000] {logging_mixin.py:137} INFO - /opt/***/op_files/cms_zip_files/april-2022-asp-pricing-file-updated-06082022.zip
[2023-03-06T16:03:51.719+0000] {logging_mixin.py:137} INFO - /opt/***/op_files/cms_zip_files/april-2022-asp-pricing-file-updated-12142022.zip
[2023-03-06T16:03:51.800+0000] {logging_mixin.py:137} INFO - /opt/***/op_files/cms_zip_files/january-2022-asp-pricing-file-updated-06082022.zip
[2023-03-06T16:03:51.897+0000] {logging_mixin.py:137} INFO - /opt/***/op_files/cms_zip_files/july-2022-asp-ndc-hcpcs-crosswalk-updated-07142022.zip
[2023-03-06T16:03:52.704+0000] {logging_mixin.py:137} INFO - /opt/***/op_files/cms_zip_files/july-2022-asp-pricing-file-updated-12142022.zip
[2023-03-06T16:03:52.791+0000] {logging_mixin.py:137} INFO - /opt/***/op_files/cms_zip_files/july-2022-noc-pricing-file.zip
[2023-03-06T16:03:52.881+0000] {python.py:177} INFO - Done. Returned value was: None
[2023-03-06T16:03:53.040+0000] {taskinstance.py:1323} INFO - Marking task as SUCCESS. dag_id=cms_asp_noc, task_id=extract, execution_date=20230303T000000, start_date=20230306T160333, end_date=20230306T160353
[2023-03-06T16:03:53.792+0000] {local_task_job.py:208} INFO - Task exited with return code 0
[2023-03-06T16:04:03.523+0000] {taskinstance.py:2578} INFO - 1 downstream tasks scheduled from follow-on schedule check
