[2023-02-08T17:32:01.387+0000] {taskinstance.py:1083} INFO - Dependencies all met for <TaskInstance: cms_asp_noc.download_file manual__2023-02-08T17:31:54+00:00 [queued]>
[2023-02-08T17:32:01.395+0000] {taskinstance.py:1083} INFO - Dependencies all met for <TaskInstance: cms_asp_noc.download_file manual__2023-02-08T17:31:54+00:00 [queued]>
[2023-02-08T17:32:01.398+0000] {taskinstance.py:1279} INFO - 
--------------------------------------------------------------------------------
[2023-02-08T17:32:01.399+0000] {taskinstance.py:1280} INFO - Starting attempt 1 of 1
[2023-02-08T17:32:01.399+0000] {taskinstance.py:1281} INFO - 
--------------------------------------------------------------------------------
[2023-02-08T17:32:01.412+0000] {taskinstance.py:1300} INFO - Executing <Task(PythonOperator): download_file> on 2023-02-08 17:31:54+00:00
[2023-02-08T17:32:01.421+0000] {standard_task_runner.py:55} INFO - Started process 11703 to run task
[2023-02-08T17:32:01.425+0000] {standard_task_runner.py:82} INFO - Running: ['***', 'tasks', 'run', 'cms_asp_noc', 'download_file', 'manual__2023-02-08T17:31:54+00:00', '--job-id', '1566', '--raw', '--subdir', 'DAGS_FOLDER/cms_upd.py', '--cfg-path', '/tmp/tmp12vfc81f']
[2023-02-08T17:32:01.429+0000] {standard_task_runner.py:83} INFO - Job 1566: Subtask download_file
[2023-02-08T17:32:01.519+0000] {task_command.py:388} INFO - Running <TaskInstance: cms_asp_noc.download_file manual__2023-02-08T17:31:54+00:00 [running]> on host 1f90076947be
[2023-02-08T17:32:01.927+0000] {taskinstance.py:1509} INFO - Exporting the following env vars:
AIRFLOW_CTX_DAG_OWNER=***
AIRFLOW_CTX_DAG_ID=cms_asp_noc
AIRFLOW_CTX_TASK_ID=download_file
AIRFLOW_CTX_EXECUTION_DATE=2023-02-08T17:31:54+00:00
AIRFLOW_CTX_TRY_NUMBER=1
AIRFLOW_CTX_DAG_RUN_ID=manual__2023-02-08T17:31:54+00:00
[2023-02-08T17:32:10.052+0000] {logging_mixin.py:137} INFO - july-2022-asp-pricing-file-updated-12142022.zip is downloaded.
[2023-02-08T17:32:10.596+0000] {logging_mixin.py:137} INFO - january-2023-noc-pricing-file.zip is downloaded.
[2023-02-08T17:32:11.159+0000] {logging_mixin.py:137} INFO - january-2022-asp-ndc-hcpcs-crosswalk.zip is downloaded.
[2023-02-08T17:32:11.486+0000] {logging_mixin.py:137} INFO - january-2022-asp-pricing-file-updated-06082022.zip is downloaded.
[2023-02-08T17:32:12.125+0000] {logging_mixin.py:137} INFO - october-2022-asp-ndc-hcpcs-crosswalks-updated-12212022.zip is downloaded.
[2023-02-08T17:32:12.494+0000] {logging_mixin.py:137} INFO - july-2022-noc-pricing-file.zip is downloaded.
[2023-02-08T17:32:12.795+0000] {logging_mixin.py:137} INFO - april-2022-noc-pricing-file.zip is downloaded.
[2023-02-08T17:32:13.333+0000] {logging_mixin.py:137} INFO - july-2022-asp-ndc-hcpcs-crosswalk-updated-07142022.zip is downloaded.
[2023-02-08T17:32:13.463+0000] {logging_mixin.py:137} INFO - october-2022-noc-pricing-file.zip is downloaded.
[2023-02-08T17:32:14.022+0000] {logging_mixin.py:137} INFO - april-2022-asp-ndc-hcpcs-crosswalk.zip is downloaded.
[2023-02-08T17:32:14.162+0000] {logging_mixin.py:137} INFO - 2023.zip is downloaded.
[2023-02-08T17:32:14.404+0000] {logging_mixin.py:137} INFO - january-2022-noc-pricing-file-updated-03022022.zip is downloaded.
[2023-02-08T17:32:14.699+0000] {logging_mixin.py:137} INFO - october-2022-asp-pricing-file-updated-12212022.zip is downloaded.
[2023-02-08T17:32:14.855+0000] {logging_mixin.py:137} INFO - april-2022-asp-pricing-file-updated-12142022.zip is downloaded.
[2023-02-08T17:32:15.105+0000] {logging_mixin.py:137} INFO - 2023.zip is downloaded.
[2023-02-08T17:32:15.106+0000] {python.py:177} INFO - Done. Returned value was: None
[2023-02-08T17:32:15.127+0000] {taskinstance.py:1323} INFO - Marking task as SUCCESS. dag_id=cms_asp_noc, task_id=download_file, execution_date=20230208T173154, start_date=20230208T173201, end_date=20230208T173215
[2023-02-08T17:32:15.304+0000] {local_task_job.py:208} INFO - Task exited with return code 0
[2023-02-08T17:32:15.765+0000] {taskinstance.py:2578} INFO - 1 downstream tasks scheduled from follow-on schedule check
