[2023-02-08T13:04:33.781+0000] {taskinstance.py:1083} INFO - Dependencies all met for <TaskInstance: cms_asp_noc.website_changed scheduled__2022-03-19T00:00:00+00:00 [queued]>
[2023-02-08T13:04:33.839+0000] {taskinstance.py:1083} INFO - Dependencies all met for <TaskInstance: cms_asp_noc.website_changed scheduled__2022-03-19T00:00:00+00:00 [queued]>
[2023-02-08T13:04:33.841+0000] {taskinstance.py:1279} INFO - 
--------------------------------------------------------------------------------
[2023-02-08T13:04:33.842+0000] {taskinstance.py:1280} INFO - Starting attempt 1 of 1
[2023-02-08T13:04:33.843+0000] {taskinstance.py:1281} INFO - 
--------------------------------------------------------------------------------
[2023-02-08T13:04:33.912+0000] {taskinstance.py:1300} INFO - Executing <Task(PythonOperator): website_changed> on 2022-03-19 00:00:00+00:00
[2023-02-08T13:04:34.078+0000] {standard_task_runner.py:55} INFO - Started process 922 to run task
[2023-02-08T13:04:34.232+0000] {standard_task_runner.py:82} INFO - Running: ['***', 'tasks', 'run', 'cms_asp_noc', 'website_changed', 'scheduled__2022-03-19T00:00:00+00:00', '--job-id', '137', '--raw', '--subdir', 'DAGS_FOLDER/cms_upd.py', '--cfg-path', '/tmp/tmpaf0e2kmh']
[2023-02-08T13:04:34.274+0000] {standard_task_runner.py:83} INFO - Job 137: Subtask website_changed
[2023-02-08T13:04:35.128+0000] {task_command.py:388} INFO - Running <TaskInstance: cms_asp_noc.website_changed scheduled__2022-03-19T00:00:00+00:00 [running]> on host 4ed7ae61ecf3
[2023-02-08T13:04:35.680+0000] {taskinstance.py:1509} INFO - Exporting the following env vars:
AIRFLOW_CTX_DAG_OWNER=***
AIRFLOW_CTX_DAG_ID=cms_asp_noc
AIRFLOW_CTX_TASK_ID=website_changed
AIRFLOW_CTX_EXECUTION_DATE=2022-03-19T00:00:00+00:00
AIRFLOW_CTX_TRY_NUMBER=1
AIRFLOW_CTX_DAG_RUN_ID=scheduled__2022-03-19T00:00:00+00:00
[2023-02-08T13:04:52.054+0000] {local_task_job.py:208} INFO - Task exited with return code Negsignal.SIGKILL
[2023-02-08T13:04:53.237+0000] {taskinstance.py:2578} INFO - 0 downstream tasks scheduled from follow-on schedule check
