[2023-02-07T17:54:25.610+0000] {processor.py:153} INFO - Started process (PID=60) to work on /home/airflow/.local/lib/python3.7/site-packages/airflow/example_dags/example_subdag_operator.py
[2023-02-07T17:54:25.611+0000] {processor.py:743} INFO - Processing file /home/airflow/.local/lib/python3.7/site-packages/airflow/example_dags/example_subdag_operator.py for tasks to queue
[2023-02-07T17:54:25.612+0000] {logging_mixin.py:137} INFO - [2023-02-07T17:54:25.612+0000] {dagbag.py:538} INFO - Filling up the DagBag from /home/airflow/.local/lib/python3.7/site-packages/airflow/example_dags/example_subdag_operator.py
[2023-02-07T17:54:25.727+0000] {processor.py:753} INFO - DAG(s) dict_keys(['example_subdag_operator.section-1', 'example_subdag_operator.section-2', 'example_subdag_operator']) retrieved from /home/airflow/.local/lib/python3.7/site-packages/airflow/example_dags/example_subdag_operator.py
[2023-02-07T17:54:25.841+0000] {logging_mixin.py:137} INFO - [2023-02-07T17:54:25.840+0000] {dag.py:2690} INFO - Sync 3 DAGs
[2023-02-07T17:54:25.962+0000] {logging_mixin.py:137} INFO - [2023-02-07T17:54:25.962+0000] {dag.py:3441} INFO - Setting next_dagrun for example_subdag_operator to 2022-01-01T00:00:00+00:00, run_after=2022-01-01T00:00:00+00:00
[2023-02-07T17:54:25.981+0000] {logging_mixin.py:137} INFO - [2023-02-07T17:54:25.980+0000] {dag.py:3441} INFO - Setting next_dagrun for example_subdag_operator.section-1 to None, run_after=None
[2023-02-07T17:54:25.983+0000] {logging_mixin.py:137} INFO - [2023-02-07T17:54:25.983+0000] {dag.py:3441} INFO - Setting next_dagrun for example_subdag_operator.section-2 to None, run_after=None
[2023-02-07T17:54:26.022+0000] {logging_mixin.py:137} INFO - [2023-02-07T17:54:26.021+0000] {dag.py:2690} INFO - Sync 2 DAGs
[2023-02-07T17:54:26.062+0000] {logging_mixin.py:137} INFO - [2023-02-07T17:54:26.061+0000] {dag.py:3441} INFO - Setting next_dagrun for example_subdag_operator.section-1 to None, run_after=None
[2023-02-07T17:54:26.069+0000] {logging_mixin.py:137} INFO - [2023-02-07T17:54:26.069+0000] {dag.py:3441} INFO - Setting next_dagrun for example_subdag_operator.section-2 to None, run_after=None
[2023-02-07T17:54:26.115+0000] {processor.py:175} INFO - Processing /home/airflow/.local/lib/python3.7/site-packages/airflow/example_dags/example_subdag_operator.py took 0.510 seconds
[2023-02-07T17:54:59.965+0000] {processor.py:153} INFO - Started process (PID=120) to work on /home/airflow/.local/lib/python3.7/site-packages/airflow/example_dags/example_subdag_operator.py
[2023-02-07T17:54:59.969+0000] {processor.py:743} INFO - Processing file /home/airflow/.local/lib/python3.7/site-packages/airflow/example_dags/example_subdag_operator.py for tasks to queue
[2023-02-07T17:54:59.972+0000] {logging_mixin.py:137} INFO - [2023-02-07T17:54:59.971+0000] {dagbag.py:538} INFO - Filling up the DagBag from /home/airflow/.local/lib/python3.7/site-packages/airflow/example_dags/example_subdag_operator.py
[2023-02-07T17:55:00.191+0000] {processor.py:753} INFO - DAG(s) dict_keys(['example_subdag_operator.section-1', 'example_subdag_operator.section-2', 'example_subdag_operator']) retrieved from /home/airflow/.local/lib/python3.7/site-packages/airflow/example_dags/example_subdag_operator.py
[2023-02-07T17:55:00.212+0000] {logging_mixin.py:137} INFO - [2023-02-07T17:55:00.212+0000] {dag.py:2690} INFO - Sync 3 DAGs
[2023-02-07T17:55:00.244+0000] {logging_mixin.py:137} INFO - [2023-02-07T17:55:00.244+0000] {dag.py:3441} INFO - Setting next_dagrun for example_subdag_operator to 2022-01-01T00:00:00+00:00, run_after=2022-01-01T00:00:00+00:00
[2023-02-07T17:55:00.248+0000] {logging_mixin.py:137} INFO - [2023-02-07T17:55:00.248+0000] {dag.py:3441} INFO - Setting next_dagrun for example_subdag_operator.section-1 to None, run_after=None
[2023-02-07T17:55:00.250+0000] {logging_mixin.py:137} INFO - [2023-02-07T17:55:00.249+0000] {dag.py:3441} INFO - Setting next_dagrun for example_subdag_operator.section-2 to None, run_after=None
[2023-02-07T17:55:00.261+0000] {logging_mixin.py:137} INFO - [2023-02-07T17:55:00.261+0000] {dag.py:2690} INFO - Sync 2 DAGs
[2023-02-07T17:55:00.268+0000] {logging_mixin.py:137} INFO - [2023-02-07T17:55:00.268+0000] {dag.py:3441} INFO - Setting next_dagrun for example_subdag_operator.section-1 to None, run_after=None
[2023-02-07T17:55:00.269+0000] {logging_mixin.py:137} INFO - [2023-02-07T17:55:00.269+0000] {dag.py:3441} INFO - Setting next_dagrun for example_subdag_operator.section-2 to None, run_after=None
[2023-02-07T17:55:00.280+0000] {processor.py:175} INFO - Processing /home/airflow/.local/lib/python3.7/site-packages/airflow/example_dags/example_subdag_operator.py took 0.338 seconds
[2023-02-07T18:00:43.273+0000] {processor.py:153} INFO - Started process (PID=238) to work on /home/airflow/.local/lib/python3.7/site-packages/airflow/example_dags/example_subdag_operator.py
[2023-02-07T18:00:48.931+0000] {processor.py:743} INFO - Processing file /home/airflow/.local/lib/python3.7/site-packages/airflow/example_dags/example_subdag_operator.py for tasks to queue
[2023-02-07T18:00:50.198+0000] {logging_mixin.py:137} INFO - [2023-02-07T18:00:49.822+0000] {dagbag.py:538} INFO - Filling up the DagBag from /home/airflow/.local/lib/python3.7/site-packages/airflow/example_dags/example_subdag_operator.py
[2023-02-07T18:01:22.760+0000] {logging_mixin.py:137} INFO - [2023-02-07T18:01:22.541+0000] {timeout.py:68} ERROR - Process timed out, PID: 238
[2023-02-07T18:16:52.460+0000] {processor.py:153} INFO - Started process (PID=487) to work on /home/airflow/.local/lib/python3.7/site-packages/airflow/example_dags/example_subdag_operator.py
[2023-02-07T18:16:53.319+0000] {processor.py:743} INFO - Processing file /home/airflow/.local/lib/python3.7/site-packages/airflow/example_dags/example_subdag_operator.py for tasks to queue
[2023-02-07T18:16:53.367+0000] {logging_mixin.py:137} INFO - [2023-02-07T18:16:53.366+0000] {dagbag.py:538} INFO - Filling up the DagBag from /home/airflow/.local/lib/python3.7/site-packages/airflow/example_dags/example_subdag_operator.py
[2023-02-07T18:17:11.236+0000] {processor.py:753} INFO - DAG(s) dict_keys(['example_subdag_operator.section-1', 'example_subdag_operator.section-2', 'example_subdag_operator']) retrieved from /home/airflow/.local/lib/python3.7/site-packages/airflow/example_dags/example_subdag_operator.py
[2023-02-07T18:17:42.490+0000] {logging_mixin.py:137} INFO - [2023-02-07T18:17:42.413+0000] {dag.py:2690} INFO - Sync 3 DAGs
[2023-02-07T18:17:47.202+0000] {logging_mixin.py:137} INFO - [2023-02-07T18:17:47.030+0000] {dag.py:3441} INFO - Setting next_dagrun for example_subdag_operator to 2022-01-01T00:00:00+00:00, run_after=2022-01-01T00:00:00+00:00
[2023-02-07T18:34:03.116+0000] {processor.py:153} INFO - Started process (PID=623) to work on /home/airflow/.local/lib/python3.7/site-packages/airflow/example_dags/example_subdag_operator.py
[2023-02-07T18:34:03.420+0000] {processor.py:743} INFO - Processing file /home/airflow/.local/lib/python3.7/site-packages/airflow/example_dags/example_subdag_operator.py for tasks to queue
[2023-02-07T18:34:03.570+0000] {logging_mixin.py:137} INFO - [2023-02-07T18:34:03.528+0000] {dagbag.py:538} INFO - Filling up the DagBag from /home/airflow/.local/lib/python3.7/site-packages/airflow/example_dags/example_subdag_operator.py
[2023-02-07T18:34:08.232+0000] {processor.py:753} INFO - DAG(s) dict_keys(['example_subdag_operator.section-1', 'example_subdag_operator.section-2', 'example_subdag_operator']) retrieved from /home/airflow/.local/lib/python3.7/site-packages/airflow/example_dags/example_subdag_operator.py
[2023-02-07T18:34:37.526+0000] {logging_mixin.py:137} INFO - [2023-02-07T18:34:37.357+0000] {dag.py:2690} INFO - Sync 3 DAGs
[2023-02-07T18:48:36.164+0000] {processor.py:153} INFO - Started process (PID=805) to work on /home/airflow/.local/lib/python3.7/site-packages/airflow/example_dags/example_subdag_operator.py
[2023-02-07T18:48:36.329+0000] {processor.py:743} INFO - Processing file /home/airflow/.local/lib/python3.7/site-packages/airflow/example_dags/example_subdag_operator.py for tasks to queue
[2023-02-07T18:48:36.490+0000] {logging_mixin.py:137} INFO - [2023-02-07T18:48:36.489+0000] {dagbag.py:538} INFO - Filling up the DagBag from /home/airflow/.local/lib/python3.7/site-packages/airflow/example_dags/example_subdag_operator.py
[2023-02-07T18:48:43.063+0000] {processor.py:753} INFO - DAG(s) dict_keys(['example_subdag_operator.section-1', 'example_subdag_operator.section-2', 'example_subdag_operator']) retrieved from /home/airflow/.local/lib/python3.7/site-packages/airflow/example_dags/example_subdag_operator.py
[2023-02-07T18:49:03.534+0000] {logging_mixin.py:137} INFO - [2023-02-07T18:49:01.398+0000] {dag.py:2690} INFO - Sync 3 DAGs
[2023-02-07T18:49:10.629+0000] {logging_mixin.py:137} INFO - [2023-02-07T18:49:10.626+0000] {dag.py:3441} INFO - Setting next_dagrun for example_subdag_operator to 2022-01-01T00:00:00+00:00, run_after=2022-01-01T00:00:00+00:00
[2023-02-07T18:49:13.174+0000] {logging_mixin.py:137} INFO - [2023-02-07T18:49:13.124+0000] {dag.py:3441} INFO - Setting next_dagrun for example_subdag_operator.section-1 to None, run_after=None
[2023-02-07T18:49:13.229+0000] {logging_mixin.py:137} INFO - [2023-02-07T18:49:13.229+0000] {dag.py:3441} INFO - Setting next_dagrun for example_subdag_operator.section-2 to None, run_after=None
[2023-02-07T18:49:18.371+0000] {logging_mixin.py:137} INFO - [2023-02-07T18:49:18.175+0000] {dag.py:2690} INFO - Sync 2 DAGs
[2023-02-07T18:49:19.549+0000] {logging_mixin.py:137} INFO - [2023-02-07T18:49:19.466+0000] {dag.py:3441} INFO - Setting next_dagrun for example_subdag_operator.section-1 to None, run_after=None
[2023-02-07T18:49:19.581+0000] {logging_mixin.py:137} INFO - [2023-02-07T18:49:19.581+0000] {dag.py:3441} INFO - Setting next_dagrun for example_subdag_operator.section-2 to None, run_after=None
[2023-02-07T18:49:22.444+0000] {processor.py:175} INFO - Processing /home/airflow/.local/lib/python3.7/site-packages/airflow/example_dags/example_subdag_operator.py took 46.838 seconds
[2023-02-07T19:05:58.760+0000] {processor.py:153} INFO - Started process (PID=999) to work on /home/airflow/.local/lib/python3.7/site-packages/airflow/example_dags/example_subdag_operator.py
[2023-02-07T19:05:58.859+0000] {processor.py:743} INFO - Processing file /home/airflow/.local/lib/python3.7/site-packages/airflow/example_dags/example_subdag_operator.py for tasks to queue
[2023-02-07T19:05:58.900+0000] {logging_mixin.py:137} INFO - [2023-02-07T19:05:58.899+0000] {dagbag.py:538} INFO - Filling up the DagBag from /home/airflow/.local/lib/python3.7/site-packages/airflow/example_dags/example_subdag_operator.py
[2023-02-07T19:06:24.256+0000] {processor.py:753} INFO - DAG(s) dict_keys(['example_subdag_operator.section-1', 'example_subdag_operator.section-2', 'example_subdag_operator']) retrieved from /home/airflow/.local/lib/python3.7/site-packages/airflow/example_dags/example_subdag_operator.py
[2023-02-07T19:06:42.054+0000] {logging_mixin.py:137} INFO - [2023-02-07T19:06:41.996+0000] {dag.py:2690} INFO - Sync 3 DAGs
[2023-02-07T19:06:42.910+0000] {logging_mixin.py:137} INFO - [2023-02-07T19:06:42.908+0000] {dag.py:3441} INFO - Setting next_dagrun for example_subdag_operator to 2022-01-01T00:00:00+00:00, run_after=2022-01-01T00:00:00+00:00
[2023-02-07T19:06:43.098+0000] {logging_mixin.py:137} INFO - [2023-02-07T19:06:43.097+0000] {dag.py:3441} INFO - Setting next_dagrun for example_subdag_operator.section-1 to None, run_after=None
[2023-02-07T19:06:43.151+0000] {logging_mixin.py:137} INFO - [2023-02-07T19:06:43.151+0000] {dag.py:3441} INFO - Setting next_dagrun for example_subdag_operator.section-2 to None, run_after=None
[2023-02-07T19:06:43.577+0000] {logging_mixin.py:137} INFO - [2023-02-07T19:06:43.552+0000] {dag.py:2690} INFO - Sync 2 DAGs
[2023-02-07T19:06:44.065+0000] {logging_mixin.py:137} INFO - [2023-02-07T19:06:44.061+0000] {dag.py:3441} INFO - Setting next_dagrun for example_subdag_operator.section-1 to None, run_after=None
[2023-02-07T19:06:44.105+0000] {logging_mixin.py:137} INFO - [2023-02-07T19:06:44.099+0000] {dag.py:3441} INFO - Setting next_dagrun for example_subdag_operator.section-2 to None, run_after=None
[2023-02-07T19:23:08.201+0000] {processor.py:153} INFO - Started process (PID=1213) to work on /home/airflow/.local/lib/python3.7/site-packages/airflow/example_dags/example_subdag_operator.py
[2023-02-07T19:23:10.153+0000] {processor.py:743} INFO - Processing file /home/airflow/.local/lib/python3.7/site-packages/airflow/example_dags/example_subdag_operator.py for tasks to queue
[2023-02-07T19:23:11.220+0000] {logging_mixin.py:137} INFO - [2023-02-07T19:23:11.218+0000] {dagbag.py:538} INFO - Filling up the DagBag from /home/airflow/.local/lib/python3.7/site-packages/airflow/example_dags/example_subdag_operator.py
[2023-02-07T19:23:28.323+0000] {processor.py:753} INFO - DAG(s) dict_keys(['example_subdag_operator.section-1', 'example_subdag_operator.section-2', 'example_subdag_operator']) retrieved from /home/airflow/.local/lib/python3.7/site-packages/airflow/example_dags/example_subdag_operator.py
[2023-02-07T19:23:32.709+0000] {logging_mixin.py:137} INFO - [2023-02-07T19:23:32.494+0000] {dag.py:2690} INFO - Sync 3 DAGs
[2023-02-07T19:23:38.257+0000] {logging_mixin.py:137} INFO - [2023-02-07T19:23:38.163+0000] {dag.py:3441} INFO - Setting next_dagrun for example_subdag_operator to 2022-01-01T00:00:00+00:00, run_after=2022-01-01T00:00:00+00:00
[2023-02-07T19:23:41.609+0000] {logging_mixin.py:137} INFO - [2023-02-07T19:23:41.347+0000] {dag.py:3441} INFO - Setting next_dagrun for example_subdag_operator.section-1 to None, run_after=None
[2023-02-07T19:23:42.882+0000] {logging_mixin.py:137} INFO - [2023-02-07T19:23:42.648+0000] {dag.py:3441} INFO - Setting next_dagrun for example_subdag_operator.section-2 to None, run_after=None
[2023-02-07T19:23:45.682+0000] {logging_mixin.py:137} INFO - [2023-02-07T19:23:45.532+0000] {dag.py:2690} INFO - Sync 2 DAGs
[2023-02-07T19:23:48.505+0000] {logging_mixin.py:137} INFO - [2023-02-07T19:23:48.387+0000] {dag.py:3441} INFO - Setting next_dagrun for example_subdag_operator.section-1 to None, run_after=None
[2023-02-07T19:23:48.586+0000] {logging_mixin.py:137} INFO - [2023-02-07T19:23:48.585+0000] {dag.py:3441} INFO - Setting next_dagrun for example_subdag_operator.section-2 to None, run_after=None
[2023-02-07T19:23:52.716+0000] {processor.py:175} INFO - Processing /home/airflow/.local/lib/python3.7/site-packages/airflow/example_dags/example_subdag_operator.py took 46.534 seconds
[2023-02-07T19:39:21.132+0000] {processor.py:153} INFO - Started process (PID=1473) to work on /home/airflow/.local/lib/python3.7/site-packages/airflow/example_dags/example_subdag_operator.py
[2023-02-07T19:39:21.186+0000] {processor.py:743} INFO - Processing file /home/airflow/.local/lib/python3.7/site-packages/airflow/example_dags/example_subdag_operator.py for tasks to queue
[2023-02-07T19:39:21.208+0000] {logging_mixin.py:137} INFO - [2023-02-07T19:39:21.208+0000] {dagbag.py:538} INFO - Filling up the DagBag from /home/airflow/.local/lib/python3.7/site-packages/airflow/example_dags/example_subdag_operator.py
[2023-02-07T19:39:28.046+0000] {processor.py:753} INFO - DAG(s) dict_keys(['example_subdag_operator.section-1', 'example_subdag_operator.section-2', 'example_subdag_operator']) retrieved from /home/airflow/.local/lib/python3.7/site-packages/airflow/example_dags/example_subdag_operator.py
[2023-02-07T19:39:33.448+0000] {logging_mixin.py:137} INFO - [2023-02-07T19:39:33.423+0000] {dag.py:2690} INFO - Sync 3 DAGs
[2023-02-07T19:39:39.264+0000] {logging_mixin.py:137} INFO - [2023-02-07T19:39:38.824+0000] {dag.py:3441} INFO - Setting next_dagrun for example_subdag_operator to 2022-01-01T00:00:00+00:00, run_after=2022-01-01T00:00:00+00:00
[2023-02-07T19:39:39.698+0000] {logging_mixin.py:137} INFO - [2023-02-07T19:39:39.670+0000] {dag.py:3441} INFO - Setting next_dagrun for example_subdag_operator.section-1 to None, run_after=None
[2023-02-07T19:39:39.730+0000] {logging_mixin.py:137} INFO - [2023-02-07T19:39:39.730+0000] {dag.py:3441} INFO - Setting next_dagrun for example_subdag_operator.section-2 to None, run_after=None
[2023-02-07T19:39:41.619+0000] {logging_mixin.py:137} INFO - [2023-02-07T19:39:41.438+0000] {dag.py:2690} INFO - Sync 2 DAGs
[2023-02-07T19:39:43.886+0000] {logging_mixin.py:137} INFO - [2023-02-07T19:39:43.814+0000] {dag.py:3441} INFO - Setting next_dagrun for example_subdag_operator.section-1 to None, run_after=None
[2023-02-07T19:39:43.924+0000] {logging_mixin.py:137} INFO - [2023-02-07T19:39:43.924+0000] {dag.py:3441} INFO - Setting next_dagrun for example_subdag_operator.section-2 to None, run_after=None
[2023-02-07T19:39:46.832+0000] {processor.py:175} INFO - Processing /home/airflow/.local/lib/python3.7/site-packages/airflow/example_dags/example_subdag_operator.py took 25.976 seconds
[2023-02-07T20:06:45.849+0000] {processor.py:153} INFO - Started process (PID=1601) to work on /home/airflow/.local/lib/python3.7/site-packages/airflow/example_dags/example_subdag_operator.py
[2023-02-07T20:06:46.162+0000] {processor.py:743} INFO - Processing file /home/airflow/.local/lib/python3.7/site-packages/airflow/example_dags/example_subdag_operator.py for tasks to queue
[2023-02-07T20:06:46.503+0000] {logging_mixin.py:137} INFO - [2023-02-07T20:06:46.493+0000] {dagbag.py:538} INFO - Filling up the DagBag from /home/airflow/.local/lib/python3.7/site-packages/airflow/example_dags/example_subdag_operator.py
[2023-02-07T20:07:17.782+0000] {logging_mixin.py:137} INFO - [2023-02-07T20:07:16.903+0000] {timeout.py:68} ERROR - Process timed out, PID: 1601
[2023-02-07T20:07:18.693+0000] {logging_mixin.py:137} INFO - [2023-02-07T20:07:18.656+0000] {dagbag.py:343} ERROR - Failed to import: /home/airflow/.local/lib/python3.7/site-packages/airflow/example_dags/example_subdag_operator.py
Traceback (most recent call last):
  File "/home/airflow/.local/lib/python3.7/site-packages/airflow/models/dagbag.py", line 339, in parse
    loader.exec_module(new_module)
  File "<frozen importlib._bootstrap_external>", line 728, in exec_module
  File "<frozen importlib._bootstrap>", line 219, in _call_with_frames_removed
  File "/home/airflow/.local/lib/python3.7/site-packages/airflow/example_dags/example_subdag_operator.py", line 27, in <module>
    from airflow.operators.subdag import SubDagOperator
  File "/home/airflow/.local/lib/python3.7/site-packages/airflow/operators/subdag.py", line 30, in <module>
    from airflow.api.common.experimental.get_task_instance import get_task_instance
  File "/home/airflow/.local/lib/python3.7/site-packages/airflow/api/common/experimental/get_task_instance.py", line 23, in <module>
    from deprecated import deprecated
  File "/home/airflow/.local/lib/python3.7/site-packages/deprecated/__init__.py", line 15, in <module>
    from deprecated.classic import deprecated
  File "/home/airflow/.local/lib/python3.7/site-packages/deprecated/classic.py", line 15, in <module>
    import wrapt
  File "/home/airflow/.local/lib/python3.7/site-packages/wrapt/__init__.py", line 10, in <module>
    from .decorators import (adapter_factory, AdapterFactory, decorator,
  File "<frozen importlib._bootstrap>", line 983, in _find_and_load
  File "<frozen importlib._bootstrap>", line 967, in _find_and_load_unlocked
  File "<frozen importlib._bootstrap>", line 677, in _load_unlocked
  File "<frozen importlib._bootstrap_external>", line 724, in exec_module
  File "<frozen importlib._bootstrap_external>", line 857, in get_code
  File "<frozen importlib._bootstrap_external>", line 525, in _compile_bytecode
  File "/home/airflow/.local/lib/python3.7/site-packages/airflow/utils/timeout.py", line 69, in handle_timeout
    raise AirflowTaskTimeout(self.error_message)
airflow.exceptions.AirflowTaskTimeout: DagBag import timeout for /home/airflow/.local/lib/python3.7/site-packages/airflow/example_dags/example_subdag_operator.py after 30.0s.
Please take a look at these docs to improve your DAG import time:
* https://airflow.apache.org/docs/apache-airflow/2.5.1/best-practices.html#top-level-python-code
* https://airflow.apache.org/docs/apache-airflow/2.5.1/best-practices.html#reducing-dag-complexity, PID: 1601
[2023-02-07T20:07:18.810+0000] {processor.py:755} WARNING - No viable dags retrieved from /home/airflow/.local/lib/python3.7/site-packages/airflow/example_dags/example_subdag_operator.py
[2023-02-07T20:07:27.407+0000] {processor.py:175} INFO - Processing /home/airflow/.local/lib/python3.7/site-packages/airflow/example_dags/example_subdag_operator.py took 42.160 seconds
[2023-02-07T20:51:40.036+0000] {processor.py:153} INFO - Started process (PID=1923) to work on /home/airflow/.local/lib/python3.7/site-packages/airflow/example_dags/example_subdag_operator.py
[2023-02-07T20:51:40.057+0000] {processor.py:743} INFO - Processing file /home/airflow/.local/lib/python3.7/site-packages/airflow/example_dags/example_subdag_operator.py for tasks to queue
[2023-02-07T20:51:40.083+0000] {logging_mixin.py:137} INFO - [2023-02-07T20:51:40.083+0000] {dagbag.py:538} INFO - Filling up the DagBag from /home/airflow/.local/lib/python3.7/site-packages/airflow/example_dags/example_subdag_operator.py
[2023-02-07T20:51:54.433+0000] {processor.py:753} INFO - DAG(s) dict_keys(['example_subdag_operator.section-1', 'example_subdag_operator.section-2', 'example_subdag_operator']) retrieved from /home/airflow/.local/lib/python3.7/site-packages/airflow/example_dags/example_subdag_operator.py
[2023-02-07T20:52:27.116+0000] {logging_mixin.py:137} INFO - [2023-02-07T20:52:27.102+0000] {dag.py:2690} INFO - Sync 3 DAGs
[2023-02-07T21:10:21.142+0000] {processor.py:153} INFO - Started process (PID=2201) to work on /home/airflow/.local/lib/python3.7/site-packages/airflow/example_dags/example_subdag_operator.py
[2023-02-07T21:10:21.216+0000] {processor.py:743} INFO - Processing file /home/airflow/.local/lib/python3.7/site-packages/airflow/example_dags/example_subdag_operator.py for tasks to queue
[2023-02-07T21:10:21.248+0000] {logging_mixin.py:137} INFO - [2023-02-07T21:10:21.247+0000] {dagbag.py:538} INFO - Filling up the DagBag from /home/airflow/.local/lib/python3.7/site-packages/airflow/example_dags/example_subdag_operator.py
[2023-02-07T21:10:52.905+0000] {logging_mixin.py:137} INFO - [2023-02-07T21:10:51.700+0000] {timeout.py:68} ERROR - Process timed out, PID: 2201
[2023-02-07T21:37:11.251+0000] {processor.py:153} INFO - Started process (PID=2556) to work on /home/airflow/.local/lib/python3.7/site-packages/airflow/example_dags/example_subdag_operator.py
[2023-02-07T21:37:12.225+0000] {processor.py:743} INFO - Processing file /home/airflow/.local/lib/python3.7/site-packages/airflow/example_dags/example_subdag_operator.py for tasks to queue
[2023-02-07T21:37:12.252+0000] {logging_mixin.py:137} INFO - [2023-02-07T21:37:12.249+0000] {dagbag.py:538} INFO - Filling up the DagBag from /home/airflow/.local/lib/python3.7/site-packages/airflow/example_dags/example_subdag_operator.py
[2023-02-07T21:37:42.649+0000] {logging_mixin.py:137} INFO - [2023-02-07T21:37:42.642+0000] {timeout.py:68} ERROR - Process timed out, PID: 2556
[2023-02-07T21:37:49.015+0000] {logging_mixin.py:137} INFO - [2023-02-07T21:37:43.108+0000] {dagbag.py:343} ERROR - Failed to import: /home/airflow/.local/lib/python3.7/site-packages/airflow/example_dags/example_subdag_operator.py
Traceback (most recent call last):
  File "/home/airflow/.local/lib/python3.7/site-packages/airflow/models/dagbag.py", line 339, in parse
    loader.exec_module(new_module)
  File "<frozen importlib._bootstrap_external>", line 728, in exec_module
  File "<frozen importlib._bootstrap>", line 219, in _call_with_frames_removed
  File "/home/airflow/.local/lib/python3.7/site-packages/airflow/example_dags/example_subdag_operator.py", line 45, in <module>
    subdag=subdag(DAG_NAME, "section-1", dag.default_args),
  File "/home/airflow/.local/lib/python3.7/site-packages/airflow/models/baseoperator.py", line 394, in apply_defaults
    result = func(self, **kwargs, default_args=default_args)
  File "/home/airflow/.local/lib/python3.7/site-packages/airflow/utils/session.py", line 75, in wrapper
    return func(*args, session=session, **kwargs)
  File "/home/airflow/.local/lib/python3.7/site-packages/airflow/operators/subdag.py", line 90, in __init__
    self._validate_pool(session)
  File "/home/airflow/.local/lib/python3.7/site-packages/airflow/operators/subdag.py", line 115, in _validate_pool
    pool = session.query(Pool).filter(Pool.slots == 1).filter(Pool.pool == self.pool).first()
  File "/home/airflow/.local/lib/python3.7/site-packages/sqlalchemy/orm/query.py", line 2824, in first
    return self.limit(1)._iter().first()
  File "/home/airflow/.local/lib/python3.7/site-packages/sqlalchemy/orm/query.py", line 2919, in _iter
    execution_options={"_sa_orm_load_options": self.load_options},
  File "/home/airflow/.local/lib/python3.7/site-packages/sqlalchemy/orm/session.py", line 1713, in execute
    conn = self._connection_for_bind(bind)
  File "/home/airflow/.local/lib/python3.7/site-packages/sqlalchemy/orm/session.py", line 1553, in _connection_for_bind
    engine, execution_options
  File "/home/airflow/.local/lib/python3.7/site-packages/sqlalchemy/orm/session.py", line 747, in _connection_for_bind
    conn = bind.connect()
  File "/home/airflow/.local/lib/python3.7/site-packages/sqlalchemy/engine/base.py", line 3315, in connect
    return self._connection_cls(self, close_with_result=close_with_result)
  File "/home/airflow/.local/lib/python3.7/site-packages/sqlalchemy/engine/base.py", line 96, in __init__
    else engine.raw_connection()
  File "/home/airflow/.local/lib/python3.7/site-packages/sqlalchemy/engine/base.py", line 3394, in raw_connection
    return self._wrap_pool_connect(self.pool.connect, _connection)
  File "/home/airflow/.local/lib/python3.7/site-packages/sqlalchemy/engine/base.py", line 3361, in _wrap_pool_connect
    return fn()
  File "/home/airflow/.local/lib/python3.7/site-packages/sqlalchemy/pool/base.py", line 327, in connect
    return _ConnectionFairy._checkout(self)
  File "/home/airflow/.local/lib/python3.7/site-packages/sqlalchemy/pool/base.py", line 894, in _checkout
    fairy = _ConnectionRecord.checkout(pool)
  File "/home/airflow/.local/lib/python3.7/site-packages/sqlalchemy/pool/base.py", line 493, in checkout
    rec = pool._do_get()
  File "/home/airflow/.local/lib/python3.7/site-packages/sqlalchemy/pool/impl.py", line 146, in _do_get
    self._dec_overflow()
  File "/home/airflow/.local/lib/python3.7/site-packages/sqlalchemy/util/langhelpers.py", line 72, in __exit__
    with_traceback=exc_tb,
  File "/home/airflow/.local/lib/python3.7/site-packages/sqlalchemy/util/compat.py", line 211, in raise_
    raise exception
  File "/home/airflow/.local/lib/python3.7/site-packages/sqlalchemy/pool/impl.py", line 143, in _do_get
    return self._create_connection()
  File "/home/airflow/.local/lib/python3.7/site-packages/sqlalchemy/pool/base.py", line 273, in _create_connection
    return _ConnectionRecord(self)
  File "/home/airflow/.local/lib/python3.7/site-packages/sqlalchemy/pool/base.py", line 388, in __init__
    self.__connect()
  File "/home/airflow/.local/lib/python3.7/site-packages/sqlalchemy/pool/base.py", line 704, in __connect
    )._exec_w_sync_on_first_run(self.dbapi_connection, self)
  File "/home/airflow/.local/lib/python3.7/site-packages/sqlalchemy/event/attr.py", line 320, in _exec_w_sync_on_first_run
    self(*args, **kw)
  File "/home/airflow/.local/lib/python3.7/site-packages/sqlalchemy/event/attr.py", line 334, in __call__
    fn(*args, **kw)
  File "/home/airflow/.local/lib/python3.7/site-packages/sqlalchemy/util/langhelpers.py", line 1695, in go
    return once_fn(*arg, **kw)
  File "/home/airflow/.local/lib/python3.7/site-packages/sqlalchemy/engine/create.py", line 671, in first_connect
    c._execution_options = util.EMPTY_DICT
  File "/home/airflow/.local/lib/python3.7/site-packages/airflow/utils/timeout.py", line 69, in handle_timeout
    raise AirflowTaskTimeout(self.error_message)
airflow.exceptions.AirflowTaskTimeout: DagBag import timeout for /home/airflow/.local/lib/python3.7/site-packages/airflow/example_dags/example_subdag_operator.py after 30.0s.
Please take a look at these docs to improve your DAG import time:
* https://airflow.apache.org/docs/apache-airflow/2.5.1/best-practices.html#top-level-python-code
* https://airflow.apache.org/docs/apache-airflow/2.5.1/best-practices.html#reducing-dag-complexity, PID: 2556
[2023-02-07T21:37:49.174+0000] {processor.py:755} WARNING - No viable dags retrieved from /home/airflow/.local/lib/python3.7/site-packages/airflow/example_dags/example_subdag_operator.py
[2023-02-07T21:54:15.236+0000] {processor.py:153} INFO - Started process (PID=2754) to work on /home/airflow/.local/lib/python3.7/site-packages/airflow/example_dags/example_subdag_operator.py
[2023-02-07T21:54:15.293+0000] {processor.py:743} INFO - Processing file /home/airflow/.local/lib/python3.7/site-packages/airflow/example_dags/example_subdag_operator.py for tasks to queue
[2023-02-07T21:54:15.298+0000] {logging_mixin.py:137} INFO - [2023-02-07T21:54:15.298+0000] {dagbag.py:538} INFO - Filling up the DagBag from /home/airflow/.local/lib/python3.7/site-packages/airflow/example_dags/example_subdag_operator.py
[2023-02-07T21:54:24.179+0000] {processor.py:753} INFO - DAG(s) dict_keys(['example_subdag_operator.section-1', 'example_subdag_operator.section-2', 'example_subdag_operator']) retrieved from /home/airflow/.local/lib/python3.7/site-packages/airflow/example_dags/example_subdag_operator.py
[2023-02-07T21:54:51.369+0000] {logging_mixin.py:137} INFO - [2023-02-07T21:54:51.153+0000] {dag.py:2690} INFO - Sync 3 DAGs
[2023-02-07T21:54:59.999+0000] {logging_mixin.py:137} INFO - [2023-02-07T21:54:59.961+0000] {dag.py:3441} INFO - Setting next_dagrun for example_subdag_operator to 2022-01-01T00:00:00+00:00, run_after=2022-01-01T00:00:00+00:00
[2023-02-07T22:16:20.886+0000] {processor.py:153} INFO - Started process (PID=3032) to work on /home/airflow/.local/lib/python3.7/site-packages/airflow/example_dags/example_subdag_operator.py
[2023-02-07T22:16:21.390+0000] {processor.py:743} INFO - Processing file /home/airflow/.local/lib/python3.7/site-packages/airflow/example_dags/example_subdag_operator.py for tasks to queue
[2023-02-07T22:16:21.465+0000] {logging_mixin.py:137} INFO - [2023-02-07T22:16:21.464+0000] {dagbag.py:538} INFO - Filling up the DagBag from /home/airflow/.local/lib/python3.7/site-packages/airflow/example_dags/example_subdag_operator.py
[2023-02-07T22:16:56.676+0000] {logging_mixin.py:137} INFO - [2023-02-07T22:16:54.800+0000] {timeout.py:68} ERROR - Process timed out, PID: 3032
[2023-02-07T22:35:15.289+0000] {processor.py:153} INFO - Started process (PID=3284) to work on /home/airflow/.local/lib/python3.7/site-packages/airflow/example_dags/example_subdag_operator.py
[2023-02-07T22:35:20.364+0000] {processor.py:743} INFO - Processing file /home/airflow/.local/lib/python3.7/site-packages/airflow/example_dags/example_subdag_operator.py for tasks to queue
[2023-02-07T22:35:25.064+0000] {logging_mixin.py:137} INFO - [2023-02-07T22:35:24.886+0000] {dagbag.py:538} INFO - Filling up the DagBag from /home/airflow/.local/lib/python3.7/site-packages/airflow/example_dags/example_subdag_operator.py
[2023-02-07T22:36:03.969+0000] {logging_mixin.py:137} INFO - [2023-02-07T22:36:02.660+0000] {timeout.py:68} ERROR - Process timed out, PID: 3284
[2023-02-07T22:36:08.601+0000] {logging_mixin.py:137} INFO - [2023-02-07T22:36:04.055+0000] {dagbag.py:343} ERROR - Failed to import: /home/airflow/.local/lib/python3.7/site-packages/airflow/example_dags/example_subdag_operator.py
Traceback (most recent call last):
  File "/home/airflow/.local/lib/python3.7/site-packages/airflow/models/dagbag.py", line 339, in parse
    loader.exec_module(new_module)
  File "<frozen importlib._bootstrap_external>", line 728, in exec_module
  File "<frozen importlib._bootstrap>", line 219, in _call_with_frames_removed
  File "/home/airflow/.local/lib/python3.7/site-packages/airflow/example_dags/example_subdag_operator.py", line 36, in <module>
    tags=["example"],
  File "/home/airflow/.local/lib/python3.7/site-packages/airflow/models/dag.py", line 524, in __init__
    elif isinstance(schedule, Timetable):
  File "/home/airflow/.local/lib/python3.7/site-packages/typing_extensions.py", line 483, in __instancecheck__
    return super().__instancecheck__(instance)
  File "/usr/local/lib/python3.7/abc.py", line 139, in __instancecheck__
    return _abc_instancecheck(cls, instance)
  File "/usr/local/lib/python3.7/abc.py", line 143, in __subclasscheck__
    return _abc_subclasscheck(cls, subclass)
  File "/usr/local/lib/python3.7/abc.py", line 143, in __subclasscheck__
    return _abc_subclasscheck(cls, subclass)
  File "/usr/local/lib/python3.7/abc.py", line 143, in __subclasscheck__
    return _abc_subclasscheck(cls, subclass)
  File "/home/airflow/.local/lib/python3.7/site-packages/typing_extensions.py", line 566, in _proto_hook
    def _proto_hook(other):
  File "/home/airflow/.local/lib/python3.7/site-packages/airflow/utils/timeout.py", line 69, in handle_timeout
    raise AirflowTaskTimeout(self.error_message)
airflow.exceptions.AirflowTaskTimeout: DagBag import timeout for /home/airflow/.local/lib/python3.7/site-packages/airflow/example_dags/example_subdag_operator.py after 30.0s.
Please take a look at these docs to improve your DAG import time:
* https://airflow.apache.org/docs/apache-airflow/2.5.1/best-practices.html#top-level-python-code
* https://airflow.apache.org/docs/apache-airflow/2.5.1/best-practices.html#reducing-dag-complexity, PID: 3284
[2023-02-07T22:36:08.974+0000] {processor.py:755} WARNING - No viable dags retrieved from /home/airflow/.local/lib/python3.7/site-packages/airflow/example_dags/example_subdag_operator.py
[2023-02-07T23:58:54.100+0000] {processor.py:153} INFO - Started process (PID=4022) to work on /home/airflow/.local/lib/python3.7/site-packages/airflow/example_dags/example_subdag_operator.py
[2023-02-07T23:58:56.063+0000] {processor.py:743} INFO - Processing file /home/airflow/.local/lib/python3.7/site-packages/airflow/example_dags/example_subdag_operator.py for tasks to queue
[2023-02-07T23:58:56.356+0000] {logging_mixin.py:137} INFO - [2023-02-07T23:58:56.355+0000] {dagbag.py:538} INFO - Filling up the DagBag from /home/airflow/.local/lib/python3.7/site-packages/airflow/example_dags/example_subdag_operator.py
[2023-02-07T23:59:28.594+0000] {logging_mixin.py:137} INFO - [2023-02-07T23:59:28.520+0000] {timeout.py:68} ERROR - Process timed out, PID: 4022
[2023-02-07T23:59:31.646+0000] {logging_mixin.py:137} INFO - [2023-02-07T23:59:28.631+0000] {dagbag.py:343} ERROR - Failed to import: /home/airflow/.local/lib/python3.7/site-packages/airflow/example_dags/example_subdag_operator.py
Traceback (most recent call last):
  File "<frozen importlib._bootstrap_external>", line 87, in _path_is_mode_type
  File "<frozen importlib._bootstrap_external>", line 81, in _path_stat
FileNotFoundError: [Errno 2] No such file or directory: '/home/airflow/.local/lib/python3.7/site-packages/airflow/sensors/__init__.cpython-37m-aarch64-linux-gnu.so'

During handling of the above exception, another exception occurred:

Traceback (most recent call last):
  File "/home/airflow/.local/lib/python3.7/site-packages/airflow/models/dagbag.py", line 339, in parse
    loader.exec_module(new_module)
  File "<frozen importlib._bootstrap_external>", line 728, in exec_module
  File "<frozen importlib._bootstrap>", line 219, in _call_with_frames_removed
  File "/home/airflow/.local/lib/python3.7/site-packages/airflow/example_dags/example_subdag_operator.py", line 27, in <module>
    from airflow.operators.subdag import SubDagOperator
  File "/home/airflow/.local/lib/python3.7/site-packages/airflow/operators/subdag.py", line 36, in <module>
    from airflow.sensors.base import BaseSensorOperator
  File "<frozen importlib._bootstrap>", line 983, in _find_and_load
  File "<frozen importlib._bootstrap>", line 963, in _find_and_load_unlocked
  File "<frozen importlib._bootstrap>", line 906, in _find_spec
  File "<frozen importlib._bootstrap_external>", line 1280, in find_spec
  File "<frozen importlib._bootstrap_external>", line 1252, in _get_spec
  File "<frozen importlib._bootstrap_external>", line 1383, in find_spec
  File "<frozen importlib._bootstrap_external>", line 95, in _path_isfile
  File "<frozen importlib._bootstrap_external>", line 87, in _path_is_mode_type
  File "/home/airflow/.local/lib/python3.7/site-packages/airflow/utils/timeout.py", line 69, in handle_timeout
    raise AirflowTaskTimeout(self.error_message)
airflow.exceptions.AirflowTaskTimeout: DagBag import timeout for /home/airflow/.local/lib/python3.7/site-packages/airflow/example_dags/example_subdag_operator.py after 30.0s.
Please take a look at these docs to improve your DAG import time:
* https://airflow.apache.org/docs/apache-airflow/2.5.1/best-practices.html#top-level-python-code
* https://airflow.apache.org/docs/apache-airflow/2.5.1/best-practices.html#reducing-dag-complexity, PID: 4022
[2023-02-07T23:59:33.514+0000] {processor.py:755} WARNING - No viable dags retrieved from /home/airflow/.local/lib/python3.7/site-packages/airflow/example_dags/example_subdag_operator.py
