[2023-02-07T17:54:32.013+0000] {processor.py:153} INFO - Started process (PID=73) to work on /home/airflow/.local/lib/python3.7/site-packages/airflow/example_dags/example_task_group_decorator.py
[2023-02-07T17:54:32.029+0000] {processor.py:743} INFO - Processing file /home/airflow/.local/lib/python3.7/site-packages/airflow/example_dags/example_task_group_decorator.py for tasks to queue
[2023-02-07T17:54:32.037+0000] {logging_mixin.py:137} INFO - [2023-02-07T17:54:32.036+0000] {dagbag.py:538} INFO - Filling up the DagBag from /home/airflow/.local/lib/python3.7/site-packages/airflow/example_dags/example_task_group_decorator.py
[2023-02-07T17:54:39.686+0000] {processor.py:753} INFO - DAG(s) dict_keys(['example_task_group_decorator']) retrieved from /home/airflow/.local/lib/python3.7/site-packages/airflow/example_dags/example_task_group_decorator.py
[2023-02-07T17:54:41.465+0000] {logging_mixin.py:137} INFO - [2023-02-07T17:54:41.462+0000] {dag.py:2690} INFO - Sync 1 DAGs
[2023-02-07T17:54:41.632+0000] {logging_mixin.py:137} INFO - [2023-02-07T17:54:41.632+0000] {dag.py:3441} INFO - Setting next_dagrun for example_task_group_decorator to 2023-02-06T17:54:41.628594+00:00, run_after=2023-02-07T17:54:41.628594+00:00
[2023-02-07T17:54:41.782+0000] {processor.py:175} INFO - Processing /home/airflow/.local/lib/python3.7/site-packages/airflow/example_dags/example_task_group_decorator.py took 9.798 seconds
[2023-02-07T17:55:13.319+0000] {processor.py:153} INFO - Started process (PID=133) to work on /home/airflow/.local/lib/python3.7/site-packages/airflow/example_dags/example_task_group_decorator.py
[2023-02-07T17:55:13.340+0000] {processor.py:743} INFO - Processing file /home/airflow/.local/lib/python3.7/site-packages/airflow/example_dags/example_task_group_decorator.py for tasks to queue
[2023-02-07T17:55:13.347+0000] {logging_mixin.py:137} INFO - [2023-02-07T17:55:13.347+0000] {dagbag.py:538} INFO - Filling up the DagBag from /home/airflow/.local/lib/python3.7/site-packages/airflow/example_dags/example_task_group_decorator.py
[2023-02-07T17:55:16.554+0000] {processor.py:753} INFO - DAG(s) dict_keys(['example_task_group_decorator']) retrieved from /home/airflow/.local/lib/python3.7/site-packages/airflow/example_dags/example_task_group_decorator.py
[2023-02-07T17:55:23.372+0000] {logging_mixin.py:137} INFO - [2023-02-07T17:55:23.364+0000] {dag.py:2690} INFO - Sync 1 DAGs
[2023-02-07T17:55:24.333+0000] {logging_mixin.py:137} INFO - [2023-02-07T17:55:24.332+0000] {dag.py:3441} INFO - Setting next_dagrun for example_task_group_decorator to 2023-02-06T17:55:24.330637+00:00, run_after=2023-02-07T17:55:24.330637+00:00
[2023-02-07T17:55:30.771+0000] {processor.py:175} INFO - Processing /home/airflow/.local/lib/python3.7/site-packages/airflow/example_dags/example_task_group_decorator.py took 17.484 seconds
[2023-02-07T18:23:13.816+0000] {processor.py:153} INFO - Started process (PID=529) to work on /home/airflow/.local/lib/python3.7/site-packages/airflow/example_dags/example_task_group_decorator.py
[2023-02-07T18:23:13.836+0000] {processor.py:743} INFO - Processing file /home/airflow/.local/lib/python3.7/site-packages/airflow/example_dags/example_task_group_decorator.py for tasks to queue
[2023-02-07T18:23:13.848+0000] {logging_mixin.py:137} INFO - [2023-02-07T18:23:13.846+0000] {dagbag.py:538} INFO - Filling up the DagBag from /home/airflow/.local/lib/python3.7/site-packages/airflow/example_dags/example_task_group_decorator.py
[2023-02-07T18:23:28.815+0000] {processor.py:753} INFO - DAG(s) dict_keys(['example_task_group_decorator']) retrieved from /home/airflow/.local/lib/python3.7/site-packages/airflow/example_dags/example_task_group_decorator.py
[2023-02-07T18:23:43.564+0000] {logging_mixin.py:137} INFO - [2023-02-07T18:23:43.539+0000] {dag.py:2690} INFO - Sync 1 DAGs
[2023-02-07T18:23:53.120+0000] {logging_mixin.py:137} INFO - [2023-02-07T18:23:53.081+0000] {dag.py:3441} INFO - Setting next_dagrun for example_task_group_decorator to 2023-02-06T18:23:53.047789+00:00, run_after=2023-02-07T18:23:53.047789+00:00
[2023-02-07T18:40:04.652+0000] {processor.py:153} INFO - Started process (PID=706) to work on /home/airflow/.local/lib/python3.7/site-packages/airflow/example_dags/example_task_group_decorator.py
[2023-02-07T18:40:05.401+0000] {processor.py:743} INFO - Processing file /home/airflow/.local/lib/python3.7/site-packages/airflow/example_dags/example_task_group_decorator.py for tasks to queue
[2023-02-07T18:40:05.918+0000] {logging_mixin.py:137} INFO - [2023-02-07T18:40:05.798+0000] {dagbag.py:538} INFO - Filling up the DagBag from /home/airflow/.local/lib/python3.7/site-packages/airflow/example_dags/example_task_group_decorator.py
[2023-02-07T18:40:45.922+0000] {processor.py:753} INFO - DAG(s) dict_keys(['example_task_group_decorator']) retrieved from /home/airflow/.local/lib/python3.7/site-packages/airflow/example_dags/example_task_group_decorator.py
[2023-02-07T18:55:26.661+0000] {processor.py:153} INFO - Started process (PID=866) to work on /home/airflow/.local/lib/python3.7/site-packages/airflow/example_dags/example_task_group_decorator.py
[2023-02-07T18:55:26.716+0000] {processor.py:743} INFO - Processing file /home/airflow/.local/lib/python3.7/site-packages/airflow/example_dags/example_task_group_decorator.py for tasks to queue
[2023-02-07T18:55:26.754+0000] {logging_mixin.py:137} INFO - [2023-02-07T18:55:26.753+0000] {dagbag.py:538} INFO - Filling up the DagBag from /home/airflow/.local/lib/python3.7/site-packages/airflow/example_dags/example_task_group_decorator.py
[2023-02-07T18:55:48.386+0000] {processor.py:753} INFO - DAG(s) dict_keys(['example_task_group_decorator']) retrieved from /home/airflow/.local/lib/python3.7/site-packages/airflow/example_dags/example_task_group_decorator.py
[2023-02-07T19:11:53.238+0000] {processor.py:153} INFO - Started process (PID=1110) to work on /home/airflow/.local/lib/python3.7/site-packages/airflow/example_dags/example_task_group_decorator.py
[2023-02-07T19:11:53.298+0000] {processor.py:743} INFO - Processing file /home/airflow/.local/lib/python3.7/site-packages/airflow/example_dags/example_task_group_decorator.py for tasks to queue
[2023-02-07T19:11:53.336+0000] {logging_mixin.py:137} INFO - [2023-02-07T19:11:53.336+0000] {dagbag.py:538} INFO - Filling up the DagBag from /home/airflow/.local/lib/python3.7/site-packages/airflow/example_dags/example_task_group_decorator.py
[2023-02-07T19:12:22.782+0000] {processor.py:753} INFO - DAG(s) dict_keys(['example_task_group_decorator']) retrieved from /home/airflow/.local/lib/python3.7/site-packages/airflow/example_dags/example_task_group_decorator.py
[2023-02-07T19:28:43.116+0000] {processor.py:153} INFO - Started process (PID=1292) to work on /home/airflow/.local/lib/python3.7/site-packages/airflow/example_dags/example_task_group_decorator.py
[2023-02-07T19:28:43.157+0000] {processor.py:743} INFO - Processing file /home/airflow/.local/lib/python3.7/site-packages/airflow/example_dags/example_task_group_decorator.py for tasks to queue
[2023-02-07T19:28:43.170+0000] {logging_mixin.py:137} INFO - [2023-02-07T19:28:43.166+0000] {dagbag.py:538} INFO - Filling up the DagBag from /home/airflow/.local/lib/python3.7/site-packages/airflow/example_dags/example_task_group_decorator.py
[2023-02-07T19:28:54.041+0000] {processor.py:753} INFO - DAG(s) dict_keys(['example_task_group_decorator']) retrieved from /home/airflow/.local/lib/python3.7/site-packages/airflow/example_dags/example_task_group_decorator.py
[2023-02-07T19:29:07.241+0000] {logging_mixin.py:137} INFO - [2023-02-07T19:29:07.192+0000] {dag.py:2690} INFO - Sync 1 DAGs
[2023-02-07T19:29:12.293+0000] {logging_mixin.py:137} INFO - [2023-02-07T19:29:12.290+0000] {dag.py:3441} INFO - Setting next_dagrun for example_task_group_decorator to 2023-02-06T19:29:12.285097+00:00, run_after=2023-02-07T19:29:12.285097+00:00
[2023-02-07T19:29:12.978+0000] {processor.py:175} INFO - Processing /home/airflow/.local/lib/python3.7/site-packages/airflow/example_dags/example_task_group_decorator.py took 30.140 seconds
[2023-02-07T19:44:26.043+0000] {processor.py:153} INFO - Started process (PID=1570) to work on /home/airflow/.local/lib/python3.7/site-packages/airflow/example_dags/example_task_group_decorator.py
[2023-02-07T19:44:26.048+0000] {processor.py:743} INFO - Processing file /home/airflow/.local/lib/python3.7/site-packages/airflow/example_dags/example_task_group_decorator.py for tasks to queue
[2023-02-07T19:44:26.063+0000] {logging_mixin.py:137} INFO - [2023-02-07T19:44:26.058+0000] {dagbag.py:538} INFO - Filling up the DagBag from /home/airflow/.local/lib/python3.7/site-packages/airflow/example_dags/example_task_group_decorator.py
[2023-02-07T19:44:49.786+0000] {processor.py:753} INFO - DAG(s) dict_keys(['example_task_group_decorator']) retrieved from /home/airflow/.local/lib/python3.7/site-packages/airflow/example_dags/example_task_group_decorator.py
[2023-02-07T19:45:10.649+0000] {logging_mixin.py:137} INFO - [2023-02-07T19:45:10.618+0000] {dag.py:2690} INFO - Sync 1 DAGs
[2023-02-07T19:45:11.287+0000] {logging_mixin.py:137} INFO - [2023-02-07T19:45:11.286+0000] {dag.py:3441} INFO - Setting next_dagrun for example_task_group_decorator to 2023-02-06T19:45:11.280816+00:00, run_after=2023-02-07T19:45:11.280816+00:00
[2023-02-07T20:57:56.994+0000] {processor.py:153} INFO - Started process (PID=2020) to work on /home/airflow/.local/lib/python3.7/site-packages/airflow/example_dags/example_task_group_decorator.py
[2023-02-07T20:57:57.460+0000] {processor.py:743} INFO - Processing file /home/airflow/.local/lib/python3.7/site-packages/airflow/example_dags/example_task_group_decorator.py for tasks to queue
[2023-02-07T20:58:00.797+0000] {logging_mixin.py:137} INFO - [2023-02-07T20:57:58.349+0000] {dagbag.py:538} INFO - Filling up the DagBag from /home/airflow/.local/lib/python3.7/site-packages/airflow/example_dags/example_task_group_decorator.py
[2023-02-07T20:58:13.467+0000] {processor.py:753} INFO - DAG(s) dict_keys(['example_task_group_decorator']) retrieved from /home/airflow/.local/lib/python3.7/site-packages/airflow/example_dags/example_task_group_decorator.py
[2023-02-07T21:16:43.845+0000] {processor.py:153} INFO - Started process (PID=2270) to work on /home/airflow/.local/lib/python3.7/site-packages/airflow/example_dags/example_task_group_decorator.py
[2023-02-07T21:16:44.186+0000] {processor.py:743} INFO - Processing file /home/airflow/.local/lib/python3.7/site-packages/airflow/example_dags/example_task_group_decorator.py for tasks to queue
[2023-02-07T21:16:44.250+0000] {logging_mixin.py:137} INFO - [2023-02-07T21:16:44.225+0000] {dagbag.py:538} INFO - Filling up the DagBag from /home/airflow/.local/lib/python3.7/site-packages/airflow/example_dags/example_task_group_decorator.py
[2023-02-07T21:17:27.467+0000] {logging_mixin.py:137} INFO - [2023-02-07T21:17:19.831+0000] {timeout.py:68} ERROR - Process timed out, PID: 2270
[2023-02-07T21:17:28.963+0000] {logging_mixin.py:137} INFO - [2023-02-07T21:17:27.482+0000] {dagbag.py:343} ERROR - Failed to import: /home/airflow/.local/lib/python3.7/site-packages/airflow/example_dags/example_task_group_decorator.py
Traceback (most recent call last):
  File "/home/airflow/.local/lib/python3.7/site-packages/airflow/models/dagbag.py", line 339, in parse
    loader.exec_module(new_module)
  File "<frozen importlib._bootstrap_external>", line 728, in exec_module
  File "<frozen importlib._bootstrap>", line 219, in _call_with_frames_removed
  File "/home/airflow/.local/lib/python3.7/site-packages/airflow/example_dags/example_task_group_decorator.py", line 73, in <module>
    start_task = task_start()
  File "/home/airflow/.local/lib/python3.7/site-packages/airflow/decorators/base.py", line 316, in __call__
    **self.kwargs,
  File "/home/airflow/.local/lib/python3.7/site-packages/airflow/models/baseoperator.py", line 394, in apply_defaults
    result = func(self, **kwargs, default_args=default_args)
  File "/home/airflow/.local/lib/python3.7/site-packages/airflow/decorators/python.py", line 58, in __init__
    **kwargs,
  File "/home/airflow/.local/lib/python3.7/site-packages/airflow/models/baseoperator.py", line 394, in apply_defaults
    result = func(self, **kwargs, default_args=default_args)
  File "/home/airflow/.local/lib/python3.7/site-packages/airflow/decorators/base.py", line 209, in __init__
    super().__init__(task_id=task_id, **kwargs_to_upstream, **kwargs)
  File "/home/airflow/.local/lib/python3.7/site-packages/airflow/models/baseoperator.py", line 394, in apply_defaults
    result = func(self, **kwargs, default_args=default_args)
  File "/home/airflow/.local/lib/python3.7/site-packages/airflow/operators/python.py", line 160, in __init__
    super().__init__(**kwargs)
  File "/home/airflow/.local/lib/python3.7/site-packages/airflow/models/baseoperator.py", line 394, in apply_defaults
    result = func(self, **kwargs, default_args=default_args)
  File "/home/airflow/.local/lib/python3.7/site-packages/airflow/models/baseoperator.py", line 683, in __init__
    def __init__(
  File "/home/airflow/.local/lib/python3.7/site-packages/airflow/utils/timeout.py", line 69, in handle_timeout
    raise AirflowTaskTimeout(self.error_message)
airflow.exceptions.AirflowTaskTimeout: DagBag import timeout for /home/airflow/.local/lib/python3.7/site-packages/airflow/example_dags/example_task_group_decorator.py after 30.0s.
Please take a look at these docs to improve your DAG import time:
* https://airflow.apache.org/docs/apache-airflow/2.5.1/best-practices.html#top-level-python-code
* https://airflow.apache.org/docs/apache-airflow/2.5.1/best-practices.html#reducing-dag-complexity, PID: 2270
[2023-02-07T21:43:38.295+0000] {processor.py:153} INFO - Started process (PID=2650) to work on /home/airflow/.local/lib/python3.7/site-packages/airflow/example_dags/example_task_group_decorator.py
[2023-02-07T21:43:39.390+0000] {processor.py:743} INFO - Processing file /home/airflow/.local/lib/python3.7/site-packages/airflow/example_dags/example_task_group_decorator.py for tasks to queue
[2023-02-07T21:43:39.624+0000] {logging_mixin.py:137} INFO - [2023-02-07T21:43:39.563+0000] {dagbag.py:538} INFO - Filling up the DagBag from /home/airflow/.local/lib/python3.7/site-packages/airflow/example_dags/example_task_group_decorator.py
[2023-02-07T22:00:50.301+0000] {processor.py:153} INFO - Started process (PID=2875) to work on /home/airflow/.local/lib/python3.7/site-packages/airflow/example_dags/example_task_group_decorator.py
[2023-02-07T22:00:52.105+0000] {processor.py:743} INFO - Processing file /home/airflow/.local/lib/python3.7/site-packages/airflow/example_dags/example_task_group_decorator.py for tasks to queue
[2023-02-07T22:00:52.323+0000] {logging_mixin.py:137} INFO - [2023-02-07T22:00:52.259+0000] {dagbag.py:538} INFO - Filling up the DagBag from /home/airflow/.local/lib/python3.7/site-packages/airflow/example_dags/example_task_group_decorator.py
[2023-02-07T22:01:12.807+0000] {processor.py:753} INFO - DAG(s) dict_keys(['example_task_group_decorator']) retrieved from /home/airflow/.local/lib/python3.7/site-packages/airflow/example_dags/example_task_group_decorator.py
[2023-02-07T22:01:35.845+0000] {logging_mixin.py:137} INFO - [2023-02-07T22:01:35.840+0000] {dag.py:2690} INFO - Sync 1 DAGs
[2023-02-07T22:01:36.006+0000] {logging_mixin.py:137} INFO - [2023-02-07T22:01:36.006+0000] {dag.py:3441} INFO - Setting next_dagrun for example_task_group_decorator to 2023-02-06T22:01:35.969648+00:00, run_after=2023-02-07T22:01:35.969648+00:00
[2023-02-07T22:23:09.797+0000] {processor.py:153} INFO - Started process (PID=3123) to work on /home/airflow/.local/lib/python3.7/site-packages/airflow/example_dags/example_task_group_decorator.py
[2023-02-07T22:23:09.928+0000] {processor.py:743} INFO - Processing file /home/airflow/.local/lib/python3.7/site-packages/airflow/example_dags/example_task_group_decorator.py for tasks to queue
[2023-02-07T22:23:10.066+0000] {logging_mixin.py:137} INFO - [2023-02-07T22:23:10.018+0000] {dagbag.py:538} INFO - Filling up the DagBag from /home/airflow/.local/lib/python3.7/site-packages/airflow/example_dags/example_task_group_decorator.py
[2023-02-07T22:23:41.008+0000] {logging_mixin.py:137} INFO - [2023-02-07T22:23:40.975+0000] {timeout.py:68} ERROR - Process timed out, PID: 3123
[2023-02-07T22:23:48.751+0000] {logging_mixin.py:137} INFO - [2023-02-07T22:23:41.183+0000] {dagbag.py:343} ERROR - Failed to import: /home/airflow/.local/lib/python3.7/site-packages/airflow/example_dags/example_task_group_decorator.py
Traceback (most recent call last):
  File "/home/airflow/.local/lib/python3.7/site-packages/airflow/models/dagbag.py", line 339, in parse
    loader.exec_module(new_module)
  File "<frozen importlib._bootstrap_external>", line 728, in exec_module
  File "<frozen importlib._bootstrap>", line 219, in _call_with_frames_removed
  File "/home/airflow/.local/lib/python3.7/site-packages/airflow/example_dags/example_task_group_decorator.py", line 23, in <module>
    from airflow.decorators import task, task_group
  File "/home/airflow/.local/lib/python3.7/site-packages/airflow/decorators/__init__.py", line 26, in <module>
    from airflow.decorators.sensor import sensor_task
  File "/home/airflow/.local/lib/python3.7/site-packages/airflow/decorators/sensor.py", line 24, in <module>
    from airflow.sensors.base import PokeReturnValue
  File "/home/airflow/.local/lib/python3.7/site-packages/airflow/sensors/base.py", line 77, in <module>
    class BaseSensorOperator(BaseOperator, SkipMixin):
  File "/home/airflow/.local/lib/python3.7/site-packages/airflow/models/baseoperator.py", line 421, in __new__
    new_cls.__init__ = cls._apply_defaults(new_cls.__init__)
  File "/home/airflow/.local/lib/python3.7/site-packages/airflow/models/baseoperator.py", line 332, in _apply_defaults
    sig_cache = signature(func)
  File "/usr/local/lib/python3.7/inspect.py", line 3083, in signature
    return Signature.from_callable(obj, follow_wrapped=follow_wrapped)
  File "/usr/local/lib/python3.7/inspect.py", line 2833, in from_callable
    follow_wrapper_chains=follow_wrapped)
  File "/usr/local/lib/python3.7/inspect.py", line 2284, in _signature_from_callable
    return _signature_from_function(sigcls, obj)
  File "/usr/local/lib/python3.7/inspect.py", line 2154, in _signature_from_function
    kind=_POSITIONAL_OR_KEYWORD))
  File "/usr/local/lib/python3.7/inspect.py", line 2467, in __init__
    def __init__(self, name, kind, *, default=_empty, annotation=_empty):
  File "/home/airflow/.local/lib/python3.7/site-packages/airflow/utils/timeout.py", line 69, in handle_timeout
    raise AirflowTaskTimeout(self.error_message)
airflow.exceptions.AirflowTaskTimeout: DagBag import timeout for /home/airflow/.local/lib/python3.7/site-packages/airflow/example_dags/example_task_group_decorator.py after 30.0s.
Please take a look at these docs to improve your DAG import time:
* https://airflow.apache.org/docs/apache-airflow/2.5.1/best-practices.html#top-level-python-code
* https://airflow.apache.org/docs/apache-airflow/2.5.1/best-practices.html#reducing-dag-complexity, PID: 3123
