[2023-02-07T17:54:22.818+0000] {processor.py:153} INFO - Started process (PID=52) to work on /home/airflow/.local/lib/python3.7/site-packages/airflow/example_dags/example_latest_only_with_trigger.py
[2023-02-07T17:54:22.821+0000] {processor.py:743} INFO - Processing file /home/airflow/.local/lib/python3.7/site-packages/airflow/example_dags/example_latest_only_with_trigger.py for tasks to queue
[2023-02-07T17:54:22.827+0000] {logging_mixin.py:137} INFO - [2023-02-07T17:54:22.826+0000] {dagbag.py:538} INFO - Filling up the DagBag from /home/airflow/.local/lib/python3.7/site-packages/airflow/example_dags/example_latest_only_with_trigger.py
[2023-02-07T17:54:23.051+0000] {processor.py:753} INFO - DAG(s) dict_keys(['latest_only_with_trigger']) retrieved from /home/airflow/.local/lib/python3.7/site-packages/airflow/example_dags/example_latest_only_with_trigger.py
[2023-02-07T17:54:23.380+0000] {logging_mixin.py:137} INFO - [2023-02-07T17:54:23.380+0000] {dag.py:2690} INFO - Sync 1 DAGs
[2023-02-07T17:54:23.522+0000] {logging_mixin.py:137} INFO - [2023-02-07T17:54:23.522+0000] {dag.py:3441} INFO - Setting next_dagrun for latest_only_with_trigger to 2023-02-07T13:54:23.521601+00:00, run_after=2023-02-07T17:54:23.521601+00:00
[2023-02-07T17:54:23.639+0000] {processor.py:175} INFO - Processing /home/airflow/.local/lib/python3.7/site-packages/airflow/example_dags/example_latest_only_with_trigger.py took 0.887 seconds
[2023-02-07T17:54:56.621+0000] {processor.py:153} INFO - Started process (PID=108) to work on /home/airflow/.local/lib/python3.7/site-packages/airflow/example_dags/example_latest_only_with_trigger.py
[2023-02-07T17:54:56.630+0000] {processor.py:743} INFO - Processing file /home/airflow/.local/lib/python3.7/site-packages/airflow/example_dags/example_latest_only_with_trigger.py for tasks to queue
[2023-02-07T17:54:56.638+0000] {logging_mixin.py:137} INFO - [2023-02-07T17:54:56.638+0000] {dagbag.py:538} INFO - Filling up the DagBag from /home/airflow/.local/lib/python3.7/site-packages/airflow/example_dags/example_latest_only_with_trigger.py
[2023-02-07T17:54:56.721+0000] {processor.py:753} INFO - DAG(s) dict_keys(['latest_only_with_trigger']) retrieved from /home/airflow/.local/lib/python3.7/site-packages/airflow/example_dags/example_latest_only_with_trigger.py
[2023-02-07T17:54:56.838+0000] {logging_mixin.py:137} INFO - [2023-02-07T17:54:56.838+0000] {dag.py:2690} INFO - Sync 1 DAGs
[2023-02-07T17:54:56.921+0000] {logging_mixin.py:137} INFO - [2023-02-07T17:54:56.921+0000] {dag.py:3441} INFO - Setting next_dagrun for latest_only_with_trigger to 2023-02-07T13:54:56.919897+00:00, run_after=2023-02-07T17:54:56.919897+00:00
[2023-02-07T17:54:57.172+0000] {processor.py:175} INFO - Processing /home/airflow/.local/lib/python3.7/site-packages/airflow/example_dags/example_latest_only_with_trigger.py took 0.580 seconds
[2023-02-07T17:57:17.285+0000] {processor.py:153} INFO - Started process (PID=177) to work on /home/airflow/.local/lib/python3.7/site-packages/airflow/example_dags/example_latest_only_with_trigger.py
[2023-02-07T17:57:17.595+0000] {processor.py:743} INFO - Processing file /home/airflow/.local/lib/python3.7/site-packages/airflow/example_dags/example_latest_only_with_trigger.py for tasks to queue
[2023-02-07T17:57:17.626+0000] {logging_mixin.py:137} INFO - [2023-02-07T17:57:17.626+0000] {dagbag.py:538} INFO - Filling up the DagBag from /home/airflow/.local/lib/python3.7/site-packages/airflow/example_dags/example_latest_only_with_trigger.py
[2023-02-07T17:57:20.453+0000] {processor.py:753} INFO - DAG(s) dict_keys(['latest_only_with_trigger']) retrieved from /home/airflow/.local/lib/python3.7/site-packages/airflow/example_dags/example_latest_only_with_trigger.py
[2023-02-07T17:57:34.432+0000] {logging_mixin.py:137} INFO - [2023-02-07T17:57:34.237+0000] {dag.py:2690} INFO - Sync 1 DAGs
[2023-02-07T17:57:38.995+0000] {logging_mixin.py:137} INFO - [2023-02-07T17:57:38.789+0000] {dag.py:3441} INFO - Setting next_dagrun for latest_only_with_trigger to 2023-02-07T13:57:38.685165+00:00, run_after=2023-02-07T17:57:38.685165+00:00
[2023-02-07T17:57:41.009+0000] {processor.py:175} INFO - Processing /home/airflow/.local/lib/python3.7/site-packages/airflow/example_dags/example_latest_only_with_trigger.py took 23.865 seconds
[2023-02-07T18:13:04.572+0000] {processor.py:153} INFO - Started process (PID=429) to work on /home/airflow/.local/lib/python3.7/site-packages/airflow/example_dags/example_latest_only_with_trigger.py
[2023-02-07T18:13:04.650+0000] {processor.py:743} INFO - Processing file /home/airflow/.local/lib/python3.7/site-packages/airflow/example_dags/example_latest_only_with_trigger.py for tasks to queue
[2023-02-07T18:13:04.712+0000] {logging_mixin.py:137} INFO - [2023-02-07T18:13:04.693+0000] {dagbag.py:538} INFO - Filling up the DagBag from /home/airflow/.local/lib/python3.7/site-packages/airflow/example_dags/example_latest_only_with_trigger.py
[2023-02-07T18:13:10.390+0000] {processor.py:753} INFO - DAG(s) dict_keys(['latest_only_with_trigger']) retrieved from /home/airflow/.local/lib/python3.7/site-packages/airflow/example_dags/example_latest_only_with_trigger.py
[2023-02-07T18:13:38.081+0000] {logging_mixin.py:137} INFO - [2023-02-07T18:13:37.822+0000] {dag.py:2690} INFO - Sync 1 DAGs
[2023-02-07T18:13:50.037+0000] {logging_mixin.py:137} INFO - [2023-02-07T18:13:49.884+0000] {dag.py:3441} INFO - Setting next_dagrun for latest_only_with_trigger to 2023-02-07T14:13:49.093027+00:00, run_after=2023-02-07T18:13:49.093027+00:00
[2023-02-07T18:30:05.590+0000] {processor.py:153} INFO - Started process (PID=548) to work on /home/airflow/.local/lib/python3.7/site-packages/airflow/example_dags/example_latest_only_with_trigger.py
[2023-02-07T18:30:05.606+0000] {processor.py:743} INFO - Processing file /home/airflow/.local/lib/python3.7/site-packages/airflow/example_dags/example_latest_only_with_trigger.py for tasks to queue
[2023-02-07T18:30:06.428+0000] {logging_mixin.py:137} INFO - [2023-02-07T18:30:05.660+0000] {dagbag.py:538} INFO - Filling up the DagBag from /home/airflow/.local/lib/python3.7/site-packages/airflow/example_dags/example_latest_only_with_trigger.py
[2023-02-07T18:30:27.842+0000] {processor.py:753} INFO - DAG(s) dict_keys(['latest_only_with_trigger']) retrieved from /home/airflow/.local/lib/python3.7/site-packages/airflow/example_dags/example_latest_only_with_trigger.py
[2023-02-07T18:31:02.926+0000] {logging_mixin.py:137} INFO - [2023-02-07T18:31:02.890+0000] {dag.py:2690} INFO - Sync 1 DAGs
[2023-02-07T18:46:23.901+0000] {processor.py:153} INFO - Started process (PID=774) to work on /home/airflow/.local/lib/python3.7/site-packages/airflow/example_dags/example_latest_only_with_trigger.py
[2023-02-07T18:46:23.971+0000] {processor.py:743} INFO - Processing file /home/airflow/.local/lib/python3.7/site-packages/airflow/example_dags/example_latest_only_with_trigger.py for tasks to queue
[2023-02-07T18:46:23.981+0000] {logging_mixin.py:137} INFO - [2023-02-07T18:46:23.980+0000] {dagbag.py:538} INFO - Filling up the DagBag from /home/airflow/.local/lib/python3.7/site-packages/airflow/example_dags/example_latest_only_with_trigger.py
[2023-02-07T18:46:27.197+0000] {processor.py:753} INFO - DAG(s) dict_keys(['latest_only_with_trigger']) retrieved from /home/airflow/.local/lib/python3.7/site-packages/airflow/example_dags/example_latest_only_with_trigger.py
[2023-02-07T18:46:30.614+0000] {logging_mixin.py:137} INFO - [2023-02-07T18:46:30.595+0000] {dag.py:2690} INFO - Sync 1 DAGs
[2023-02-07T18:46:33.274+0000] {logging_mixin.py:137} INFO - [2023-02-07T18:46:33.098+0000] {dag.py:3441} INFO - Setting next_dagrun for latest_only_with_trigger to 2023-02-07T14:46:32.995289+00:00, run_after=2023-02-07T18:46:32.995289+00:00
[2023-02-07T18:46:34.706+0000] {processor.py:175} INFO - Processing /home/airflow/.local/lib/python3.7/site-packages/airflow/example_dags/example_latest_only_with_trigger.py took 11.627 seconds
[2023-02-07T19:02:37.374+0000] {processor.py:153} INFO - Started process (PID=962) to work on /home/airflow/.local/lib/python3.7/site-packages/airflow/example_dags/example_latest_only_with_trigger.py
[2023-02-07T19:02:39.305+0000] {processor.py:743} INFO - Processing file /home/airflow/.local/lib/python3.7/site-packages/airflow/example_dags/example_latest_only_with_trigger.py for tasks to queue
[2023-02-07T19:02:41.967+0000] {logging_mixin.py:137} INFO - [2023-02-07T19:02:41.926+0000] {dagbag.py:538} INFO - Filling up the DagBag from /home/airflow/.local/lib/python3.7/site-packages/airflow/example_dags/example_latest_only_with_trigger.py
[2023-02-07T19:02:46.895+0000] {processor.py:753} INFO - DAG(s) dict_keys(['latest_only_with_trigger']) retrieved from /home/airflow/.local/lib/python3.7/site-packages/airflow/example_dags/example_latest_only_with_trigger.py
[2023-02-07T19:03:14.188+0000] {logging_mixin.py:137} INFO - [2023-02-07T19:03:14.036+0000] {dag.py:2690} INFO - Sync 1 DAGs
[2023-02-07T19:03:24.876+0000] {logging_mixin.py:137} INFO - [2023-02-07T19:03:24.863+0000] {dag.py:3441} INFO - Setting next_dagrun for latest_only_with_trigger to 2023-02-07T15:03:24.851614+00:00, run_after=2023-02-07T19:03:24.851614+00:00
[2023-02-07T19:19:34.284+0000] {processor.py:153} INFO - Started process (PID=1189) to work on /home/airflow/.local/lib/python3.7/site-packages/airflow/example_dags/example_latest_only_with_trigger.py
[2023-02-07T19:19:35.586+0000] {processor.py:743} INFO - Processing file /home/airflow/.local/lib/python3.7/site-packages/airflow/example_dags/example_latest_only_with_trigger.py for tasks to queue
[2023-02-07T19:19:36.990+0000] {logging_mixin.py:137} INFO - [2023-02-07T19:19:36.988+0000] {dagbag.py:538} INFO - Filling up the DagBag from /home/airflow/.local/lib/python3.7/site-packages/airflow/example_dags/example_latest_only_with_trigger.py
[2023-02-07T19:19:47.089+0000] {processor.py:753} INFO - DAG(s) dict_keys(['latest_only_with_trigger']) retrieved from /home/airflow/.local/lib/python3.7/site-packages/airflow/example_dags/example_latest_only_with_trigger.py
[2023-02-07T19:20:15.167+0000] {logging_mixin.py:137} INFO - [2023-02-07T19:20:14.804+0000] {dag.py:2690} INFO - Sync 1 DAGs
[2023-02-07T19:36:21.797+0000] {processor.py:153} INFO - Started process (PID=1427) to work on /home/airflow/.local/lib/python3.7/site-packages/airflow/example_dags/example_latest_only_with_trigger.py
[2023-02-07T19:36:23.390+0000] {processor.py:743} INFO - Processing file /home/airflow/.local/lib/python3.7/site-packages/airflow/example_dags/example_latest_only_with_trigger.py for tasks to queue
[2023-02-07T19:36:23.413+0000] {logging_mixin.py:137} INFO - [2023-02-07T19:36:23.412+0000] {dagbag.py:538} INFO - Filling up the DagBag from /home/airflow/.local/lib/python3.7/site-packages/airflow/example_dags/example_latest_only_with_trigger.py
[2023-02-07T19:36:38.845+0000] {processor.py:753} INFO - DAG(s) dict_keys(['latest_only_with_trigger']) retrieved from /home/airflow/.local/lib/python3.7/site-packages/airflow/example_dags/example_latest_only_with_trigger.py
[2023-02-07T19:48:33.710+0000] {processor.py:153} INFO - Started process (PID=1593) to work on /home/airflow/.local/lib/python3.7/site-packages/airflow/example_dags/example_latest_only_with_trigger.py
[2023-02-07T19:48:33.729+0000] {processor.py:743} INFO - Processing file /home/airflow/.local/lib/python3.7/site-packages/airflow/example_dags/example_latest_only_with_trigger.py for tasks to queue
[2023-02-07T19:48:33.750+0000] {logging_mixin.py:137} INFO - [2023-02-07T19:48:33.750+0000] {dagbag.py:538} INFO - Filling up the DagBag from /home/airflow/.local/lib/python3.7/site-packages/airflow/example_dags/example_latest_only_with_trigger.py
[2023-02-07T19:48:33.980+0000] {processor.py:753} INFO - DAG(s) dict_keys(['latest_only_with_trigger']) retrieved from /home/airflow/.local/lib/python3.7/site-packages/airflow/example_dags/example_latest_only_with_trigger.py
[2023-02-07T19:48:47.040+0000] {logging_mixin.py:137} INFO - [2023-02-07T19:48:46.849+0000] {dag.py:2690} INFO - Sync 1 DAGs
[2023-02-07T19:48:50.958+0000] {logging_mixin.py:137} INFO - [2023-02-07T19:48:50.711+0000] {dag.py:3441} INFO - Setting next_dagrun for latest_only_with_trigger to 2023-02-07T15:48:50.509075+00:00, run_after=2023-02-07T19:48:50.509075+00:00
[2023-02-07T19:48:54.299+0000] {processor.py:175} INFO - Processing /home/airflow/.local/lib/python3.7/site-packages/airflow/example_dags/example_latest_only_with_trigger.py took 20.701 seconds
[2023-02-07T20:37:44.388+0000] {processor.py:153} INFO - Started process (PID=1722) to work on /home/airflow/.local/lib/python3.7/site-packages/airflow/example_dags/example_latest_only_with_trigger.py
[2023-02-07T20:37:45.276+0000] {processor.py:743} INFO - Processing file /home/airflow/.local/lib/python3.7/site-packages/airflow/example_dags/example_latest_only_with_trigger.py for tasks to queue
[2023-02-07T20:37:46.084+0000] {logging_mixin.py:137} INFO - [2023-02-07T20:37:45.918+0000] {dagbag.py:538} INFO - Filling up the DagBag from /home/airflow/.local/lib/python3.7/site-packages/airflow/example_dags/example_latest_only_with_trigger.py
[2023-02-07T20:38:10.596+0000] {processor.py:753} INFO - DAG(s) dict_keys(['latest_only_with_trigger']) retrieved from /home/airflow/.local/lib/python3.7/site-packages/airflow/example_dags/example_latest_only_with_trigger.py
[2023-02-07T20:47:59.973+0000] {processor.py:153} INFO - Started process (PID=1868) to work on /home/airflow/.local/lib/python3.7/site-packages/airflow/example_dags/example_latest_only_with_trigger.py
[2023-02-07T20:47:59.995+0000] {processor.py:743} INFO - Processing file /home/airflow/.local/lib/python3.7/site-packages/airflow/example_dags/example_latest_only_with_trigger.py for tasks to queue
[2023-02-07T20:48:00.002+0000] {logging_mixin.py:137} INFO - [2023-02-07T20:48:00.001+0000] {dagbag.py:538} INFO - Filling up the DagBag from /home/airflow/.local/lib/python3.7/site-packages/airflow/example_dags/example_latest_only_with_trigger.py
[2023-02-07T20:48:10.262+0000] {processor.py:753} INFO - DAG(s) dict_keys(['latest_only_with_trigger']) retrieved from /home/airflow/.local/lib/python3.7/site-packages/airflow/example_dags/example_latest_only_with_trigger.py
[2023-02-07T20:48:18.930+0000] {logging_mixin.py:137} INFO - [2023-02-07T20:48:18.824+0000] {dag.py:2690} INFO - Sync 1 DAGs
[2023-02-07T20:48:28.328+0000] {logging_mixin.py:137} INFO - [2023-02-07T20:48:28.039+0000] {dag.py:3441} INFO - Setting next_dagrun for latest_only_with_trigger to 2023-02-07T16:48:27.897757+00:00, run_after=2023-02-07T20:48:27.897757+00:00
[2023-02-07T20:48:40.119+0000] {processor.py:175} INFO - Processing /home/airflow/.local/lib/python3.7/site-packages/airflow/example_dags/example_latest_only_with_trigger.py took 40.219 seconds
[2023-02-07T21:05:44.625+0000] {processor.py:153} INFO - Started process (PID=2145) to work on /home/airflow/.local/lib/python3.7/site-packages/airflow/example_dags/example_latest_only_with_trigger.py
[2023-02-07T21:05:45.351+0000] {processor.py:743} INFO - Processing file /home/airflow/.local/lib/python3.7/site-packages/airflow/example_dags/example_latest_only_with_trigger.py for tasks to queue
[2023-02-07T21:05:45.519+0000] {logging_mixin.py:137} INFO - [2023-02-07T21:05:45.518+0000] {dagbag.py:538} INFO - Filling up the DagBag from /home/airflow/.local/lib/python3.7/site-packages/airflow/example_dags/example_latest_only_with_trigger.py
[2023-02-07T21:06:02.518+0000] {processor.py:753} INFO - DAG(s) dict_keys(['latest_only_with_trigger']) retrieved from /home/airflow/.local/lib/python3.7/site-packages/airflow/example_dags/example_latest_only_with_trigger.py
[2023-02-07T21:33:14.299+0000] {processor.py:153} INFO - Started process (PID=2474) to work on /home/airflow/.local/lib/python3.7/site-packages/airflow/example_dags/example_latest_only_with_trigger.py
[2023-02-07T21:33:14.661+0000] {processor.py:743} INFO - Processing file /home/airflow/.local/lib/python3.7/site-packages/airflow/example_dags/example_latest_only_with_trigger.py for tasks to queue
[2023-02-07T21:33:14.908+0000] {logging_mixin.py:137} INFO - [2023-02-07T21:33:14.728+0000] {dagbag.py:538} INFO - Filling up the DagBag from /home/airflow/.local/lib/python3.7/site-packages/airflow/example_dags/example_latest_only_with_trigger.py
[2023-02-07T21:33:28.556+0000] {processor.py:753} INFO - DAG(s) dict_keys(['latest_only_with_trigger']) retrieved from /home/airflow/.local/lib/python3.7/site-packages/airflow/example_dags/example_latest_only_with_trigger.py
[2023-02-07T21:33:54.641+0000] {logging_mixin.py:137} INFO - [2023-02-07T21:33:54.230+0000] {dag.py:2690} INFO - Sync 1 DAGs
[2023-02-07T21:50:57.757+0000] {processor.py:153} INFO - Started process (PID=2714) to work on /home/airflow/.local/lib/python3.7/site-packages/airflow/example_dags/example_latest_only_with_trigger.py
[2023-02-07T21:50:57.819+0000] {processor.py:743} INFO - Processing file /home/airflow/.local/lib/python3.7/site-packages/airflow/example_dags/example_latest_only_with_trigger.py for tasks to queue
[2023-02-07T21:50:57.939+0000] {logging_mixin.py:137} INFO - [2023-02-07T21:50:57.878+0000] {dagbag.py:538} INFO - Filling up the DagBag from /home/airflow/.local/lib/python3.7/site-packages/airflow/example_dags/example_latest_only_with_trigger.py
[2023-02-07T21:50:59.160+0000] {processor.py:753} INFO - DAG(s) dict_keys(['latest_only_with_trigger']) retrieved from /home/airflow/.local/lib/python3.7/site-packages/airflow/example_dags/example_latest_only_with_trigger.py
[2023-02-07T21:51:03.515+0000] {logging_mixin.py:137} INFO - [2023-02-07T21:51:03.447+0000] {dag.py:2690} INFO - Sync 1 DAGs
[2023-02-07T21:51:04.087+0000] {logging_mixin.py:137} INFO - [2023-02-07T21:51:04.086+0000] {dag.py:3441} INFO - Setting next_dagrun for latest_only_with_trigger to 2023-02-07T17:51:04.053659+00:00, run_after=2023-02-07T21:51:04.053659+00:00
[2023-02-07T21:51:05.860+0000] {processor.py:175} INFO - Processing /home/airflow/.local/lib/python3.7/site-packages/airflow/example_dags/example_latest_only_with_trigger.py took 13.137 seconds
[2023-02-07T22:12:15.875+0000] {processor.py:153} INFO - Started process (PID=2988) to work on /home/airflow/.local/lib/python3.7/site-packages/airflow/example_dags/example_latest_only_with_trigger.py
[2023-02-07T22:12:15.911+0000] {processor.py:743} INFO - Processing file /home/airflow/.local/lib/python3.7/site-packages/airflow/example_dags/example_latest_only_with_trigger.py for tasks to queue
[2023-02-07T22:12:16.454+0000] {logging_mixin.py:137} INFO - [2023-02-07T22:12:16.275+0000] {dagbag.py:538} INFO - Filling up the DagBag from /home/airflow/.local/lib/python3.7/site-packages/airflow/example_dags/example_latest_only_with_trigger.py
[2023-02-07T22:12:57.453+0000] {processor.py:753} INFO - DAG(s) dict_keys(['latest_only_with_trigger']) retrieved from /home/airflow/.local/lib/python3.7/site-packages/airflow/example_dags/example_latest_only_with_trigger.py
[2023-02-07T22:31:10.523+0000] {processor.py:153} INFO - Started process (PID=3233) to work on /home/airflow/.local/lib/python3.7/site-packages/airflow/example_dags/example_latest_only_with_trigger.py
[2023-02-07T22:31:11.375+0000] {processor.py:743} INFO - Processing file /home/airflow/.local/lib/python3.7/site-packages/airflow/example_dags/example_latest_only_with_trigger.py for tasks to queue
[2023-02-07T22:31:12.616+0000] {logging_mixin.py:137} INFO - [2023-02-07T22:31:12.214+0000] {dagbag.py:538} INFO - Filling up the DagBag from /home/airflow/.local/lib/python3.7/site-packages/airflow/example_dags/example_latest_only_with_trigger.py
[2023-02-07T22:31:49.827+0000] {processor.py:753} INFO - DAG(s) dict_keys(['latest_only_with_trigger']) retrieved from /home/airflow/.local/lib/python3.7/site-packages/airflow/example_dags/example_latest_only_with_trigger.py
[2023-02-07T23:27:11.946+0000] {processor.py:153} INFO - Started process (PID=3622) to work on /home/airflow/.local/lib/python3.7/site-packages/airflow/example_dags/example_latest_only_with_trigger.py
[2023-02-07T23:27:13.154+0000] {processor.py:743} INFO - Processing file /home/airflow/.local/lib/python3.7/site-packages/airflow/example_dags/example_latest_only_with_trigger.py for tasks to queue
[2023-02-07T23:27:14.498+0000] {logging_mixin.py:137} INFO - [2023-02-07T23:27:14.446+0000] {dagbag.py:538} INFO - Filling up the DagBag from /home/airflow/.local/lib/python3.7/site-packages/airflow/example_dags/example_latest_only_with_trigger.py
[2023-02-07T23:27:49.290+0000] {processor.py:753} INFO - DAG(s) dict_keys(['latest_only_with_trigger']) retrieved from /home/airflow/.local/lib/python3.7/site-packages/airflow/example_dags/example_latest_only_with_trigger.py
[2023-02-07T23:54:26.978+0000] {processor.py:153} INFO - Started process (PID=3969) to work on /home/airflow/.local/lib/python3.7/site-packages/airflow/example_dags/example_latest_only_with_trigger.py
[2023-02-07T23:54:28.682+0000] {processor.py:743} INFO - Processing file /home/airflow/.local/lib/python3.7/site-packages/airflow/example_dags/example_latest_only_with_trigger.py for tasks to queue
[2023-02-07T23:54:29.724+0000] {logging_mixin.py:137} INFO - [2023-02-07T23:54:29.704+0000] {dagbag.py:538} INFO - Filling up the DagBag from /home/airflow/.local/lib/python3.7/site-packages/airflow/example_dags/example_latest_only_with_trigger.py
[2023-02-07T23:54:34.631+0000] {processor.py:753} INFO - DAG(s) dict_keys(['latest_only_with_trigger']) retrieved from /home/airflow/.local/lib/python3.7/site-packages/airflow/example_dags/example_latest_only_with_trigger.py
[2023-02-07T23:54:45.295+0000] {logging_mixin.py:137} INFO - [2023-02-07T23:54:45.250+0000] {dag.py:2690} INFO - Sync 1 DAGs
