[2023-02-07T17:54:26.216+0000] {processor.py:153} INFO - Started process (PID=62) to work on /home/airflow/.local/lib/python3.7/site-packages/airflow/example_dags/example_branch_datetime_operator.py
[2023-02-07T17:54:26.219+0000] {processor.py:743} INFO - Processing file /home/airflow/.local/lib/python3.7/site-packages/airflow/example_dags/example_branch_datetime_operator.py for tasks to queue
[2023-02-07T17:54:26.222+0000] {logging_mixin.py:137} INFO - [2023-02-07T17:54:26.221+0000] {dagbag.py:538} INFO - Filling up the DagBag from /home/airflow/.local/lib/python3.7/site-packages/airflow/example_dags/example_branch_datetime_operator.py
[2023-02-07T17:54:26.257+0000] {processor.py:753} INFO - DAG(s) dict_keys(['example_branch_datetime_operator', 'example_branch_datetime_operator_2', 'example_branch_datetime_operator_3']) retrieved from /home/airflow/.local/lib/python3.7/site-packages/airflow/example_dags/example_branch_datetime_operator.py
[2023-02-07T17:54:26.316+0000] {logging_mixin.py:137} INFO - [2023-02-07T17:54:26.316+0000] {dag.py:2690} INFO - Sync 3 DAGs
[2023-02-07T17:54:26.399+0000] {logging_mixin.py:137} INFO - [2023-02-07T17:54:26.399+0000] {dag.py:3441} INFO - Setting next_dagrun for example_branch_datetime_operator to 2023-02-06T00:00:00+00:00, run_after=2023-02-07T00:00:00+00:00
[2023-02-07T17:54:26.407+0000] {logging_mixin.py:137} INFO - [2023-02-07T17:54:26.407+0000] {dag.py:3441} INFO - Setting next_dagrun for example_branch_datetime_operator_2 to 2023-02-06T00:00:00+00:00, run_after=2023-02-07T00:00:00+00:00
[2023-02-07T17:54:26.411+0000] {logging_mixin.py:137} INFO - [2023-02-07T17:54:26.411+0000] {dag.py:3441} INFO - Setting next_dagrun for example_branch_datetime_operator_3 to 2023-02-06T00:00:00+00:00, run_after=2023-02-07T00:00:00+00:00
[2023-02-07T17:54:26.447+0000] {processor.py:175} INFO - Processing /home/airflow/.local/lib/python3.7/site-packages/airflow/example_dags/example_branch_datetime_operator.py took 0.241 seconds
[2023-02-07T17:55:00.320+0000] {processor.py:153} INFO - Started process (PID=122) to work on /home/airflow/.local/lib/python3.7/site-packages/airflow/example_dags/example_branch_datetime_operator.py
[2023-02-07T17:55:00.322+0000] {processor.py:743} INFO - Processing file /home/airflow/.local/lib/python3.7/site-packages/airflow/example_dags/example_branch_datetime_operator.py for tasks to queue
[2023-02-07T17:55:00.323+0000] {logging_mixin.py:137} INFO - [2023-02-07T17:55:00.323+0000] {dagbag.py:538} INFO - Filling up the DagBag from /home/airflow/.local/lib/python3.7/site-packages/airflow/example_dags/example_branch_datetime_operator.py
[2023-02-07T17:55:00.346+0000] {processor.py:753} INFO - DAG(s) dict_keys(['example_branch_datetime_operator', 'example_branch_datetime_operator_3', 'example_branch_datetime_operator_2']) retrieved from /home/airflow/.local/lib/python3.7/site-packages/airflow/example_dags/example_branch_datetime_operator.py
[2023-02-07T17:55:00.405+0000] {logging_mixin.py:137} INFO - [2023-02-07T17:55:00.404+0000] {dag.py:2690} INFO - Sync 3 DAGs
[2023-02-07T17:55:00.483+0000] {logging_mixin.py:137} INFO - [2023-02-07T17:55:00.483+0000] {dag.py:3441} INFO - Setting next_dagrun for example_branch_datetime_operator to 2023-02-06T00:00:00+00:00, run_after=2023-02-07T00:00:00+00:00
[2023-02-07T17:55:00.490+0000] {logging_mixin.py:137} INFO - [2023-02-07T17:55:00.490+0000] {dag.py:3441} INFO - Setting next_dagrun for example_branch_datetime_operator_2 to 2023-02-06T00:00:00+00:00, run_after=2023-02-07T00:00:00+00:00
[2023-02-07T17:55:00.495+0000] {logging_mixin.py:137} INFO - [2023-02-07T17:55:00.495+0000] {dag.py:3441} INFO - Setting next_dagrun for example_branch_datetime_operator_3 to 2023-02-06T00:00:00+00:00, run_after=2023-02-07T00:00:00+00:00
[2023-02-07T17:55:00.515+0000] {processor.py:175} INFO - Processing /home/airflow/.local/lib/python3.7/site-packages/airflow/example_dags/example_branch_datetime_operator.py took 0.198 seconds
[2023-02-07T18:01:36.067+0000] {processor.py:153} INFO - Started process (PID=263) to work on /home/airflow/.local/lib/python3.7/site-packages/airflow/example_dags/example_branch_datetime_operator.py
[2023-02-07T18:01:36.489+0000] {processor.py:743} INFO - Processing file /home/airflow/.local/lib/python3.7/site-packages/airflow/example_dags/example_branch_datetime_operator.py for tasks to queue
[2023-02-07T18:01:36.638+0000] {logging_mixin.py:137} INFO - [2023-02-07T18:01:36.567+0000] {dagbag.py:538} INFO - Filling up the DagBag from /home/airflow/.local/lib/python3.7/site-packages/airflow/example_dags/example_branch_datetime_operator.py
[2023-02-07T18:01:56.125+0000] {processor.py:753} INFO - DAG(s) dict_keys(['example_branch_datetime_operator_3', 'example_branch_datetime_operator_2', 'example_branch_datetime_operator']) retrieved from /home/airflow/.local/lib/python3.7/site-packages/airflow/example_dags/example_branch_datetime_operator.py
[2023-02-07T18:18:02.687+0000] {processor.py:153} INFO - Started process (PID=507) to work on /home/airflow/.local/lib/python3.7/site-packages/airflow/example_dags/example_branch_datetime_operator.py
[2023-02-07T18:18:03.040+0000] {processor.py:743} INFO - Processing file /home/airflow/.local/lib/python3.7/site-packages/airflow/example_dags/example_branch_datetime_operator.py for tasks to queue
[2023-02-07T18:18:03.043+0000] {logging_mixin.py:137} INFO - [2023-02-07T18:18:03.043+0000] {dagbag.py:538} INFO - Filling up the DagBag from /home/airflow/.local/lib/python3.7/site-packages/airflow/example_dags/example_branch_datetime_operator.py
[2023-02-07T18:18:14.464+0000] {processor.py:753} INFO - DAG(s) dict_keys(['example_branch_datetime_operator', 'example_branch_datetime_operator_2', 'example_branch_datetime_operator_3']) retrieved from /home/airflow/.local/lib/python3.7/site-packages/airflow/example_dags/example_branch_datetime_operator.py
[2023-02-07T18:34:52.450+0000] {processor.py:153} INFO - Started process (PID=641) to work on /home/airflow/.local/lib/python3.7/site-packages/airflow/example_dags/example_branch_datetime_operator.py
[2023-02-07T18:34:52.545+0000] {processor.py:743} INFO - Processing file /home/airflow/.local/lib/python3.7/site-packages/airflow/example_dags/example_branch_datetime_operator.py for tasks to queue
[2023-02-07T18:34:52.580+0000] {logging_mixin.py:137} INFO - [2023-02-07T18:34:52.579+0000] {dagbag.py:538} INFO - Filling up the DagBag from /home/airflow/.local/lib/python3.7/site-packages/airflow/example_dags/example_branch_datetime_operator.py
[2023-02-07T18:35:04.344+0000] {processor.py:753} INFO - DAG(s) dict_keys(['example_branch_datetime_operator_2', 'example_branch_datetime_operator_3', 'example_branch_datetime_operator']) retrieved from /home/airflow/.local/lib/python3.7/site-packages/airflow/example_dags/example_branch_datetime_operator.py
[2023-02-07T18:49:30.358+0000] {processor.py:153} INFO - Started process (PID=818) to work on /home/airflow/.local/lib/python3.7/site-packages/airflow/example_dags/example_branch_datetime_operator.py
[2023-02-07T18:49:32.028+0000] {processor.py:743} INFO - Processing file /home/airflow/.local/lib/python3.7/site-packages/airflow/example_dags/example_branch_datetime_operator.py for tasks to queue
[2023-02-07T18:49:33.085+0000] {logging_mixin.py:137} INFO - [2023-02-07T18:49:32.905+0000] {dagbag.py:538} INFO - Filling up the DagBag from /home/airflow/.local/lib/python3.7/site-packages/airflow/example_dags/example_branch_datetime_operator.py
[2023-02-07T18:49:52.816+0000] {processor.py:753} INFO - DAG(s) dict_keys(['example_branch_datetime_operator_2', 'example_branch_datetime_operator', 'example_branch_datetime_operator_3']) retrieved from /home/airflow/.local/lib/python3.7/site-packages/airflow/example_dags/example_branch_datetime_operator.py
[2023-02-07T19:06:50.770+0000] {processor.py:153} INFO - Started process (PID=1002) to work on /home/airflow/.local/lib/python3.7/site-packages/airflow/example_dags/example_branch_datetime_operator.py
[2023-02-07T19:06:52.258+0000] {processor.py:743} INFO - Processing file /home/airflow/.local/lib/python3.7/site-packages/airflow/example_dags/example_branch_datetime_operator.py for tasks to queue
[2023-02-07T19:06:52.419+0000] {logging_mixin.py:137} INFO - [2023-02-07T19:06:52.389+0000] {dagbag.py:538} INFO - Filling up the DagBag from /home/airflow/.local/lib/python3.7/site-packages/airflow/example_dags/example_branch_datetime_operator.py
[2023-02-07T19:07:03.285+0000] {processor.py:753} INFO - DAG(s) dict_keys(['example_branch_datetime_operator_3', 'example_branch_datetime_operator', 'example_branch_datetime_operator_2']) retrieved from /home/airflow/.local/lib/python3.7/site-packages/airflow/example_dags/example_branch_datetime_operator.py
[2023-02-07T19:07:08.066+0000] {logging_mixin.py:137} INFO - [2023-02-07T19:07:07.922+0000] {dag.py:2690} INFO - Sync 3 DAGs
[2023-02-07T19:07:16.463+0000] {logging_mixin.py:137} INFO - [2023-02-07T19:07:16.427+0000] {dag.py:3441} INFO - Setting next_dagrun for example_branch_datetime_operator to 2023-02-06T00:00:00+00:00, run_after=2023-02-07T00:00:00+00:00
[2023-02-07T19:07:16.749+0000] {logging_mixin.py:137} INFO - [2023-02-07T19:07:16.749+0000] {dag.py:3441} INFO - Setting next_dagrun for example_branch_datetime_operator_2 to 2023-02-06T00:00:00+00:00, run_after=2023-02-07T00:00:00+00:00
[2023-02-07T19:07:16.807+0000] {logging_mixin.py:137} INFO - [2023-02-07T19:07:16.807+0000] {dag.py:3441} INFO - Setting next_dagrun for example_branch_datetime_operator_3 to 2023-02-06T00:00:00+00:00, run_after=2023-02-07T00:00:00+00:00
[2023-02-07T19:07:22.489+0000] {processor.py:175} INFO - Processing /home/airflow/.local/lib/python3.7/site-packages/airflow/example_dags/example_branch_datetime_operator.py took 31.812 seconds
[2023-02-07T19:23:51.010+0000] {processor.py:153} INFO - Started process (PID=1232) to work on /home/airflow/.local/lib/python3.7/site-packages/airflow/example_dags/example_branch_datetime_operator.py
[2023-02-07T19:23:51.043+0000] {processor.py:743} INFO - Processing file /home/airflow/.local/lib/python3.7/site-packages/airflow/example_dags/example_branch_datetime_operator.py for tasks to queue
[2023-02-07T19:23:51.046+0000] {logging_mixin.py:137} INFO - [2023-02-07T19:23:51.046+0000] {dagbag.py:538} INFO - Filling up the DagBag from /home/airflow/.local/lib/python3.7/site-packages/airflow/example_dags/example_branch_datetime_operator.py
[2023-02-07T19:24:04.501+0000] {processor.py:753} INFO - DAG(s) dict_keys(['example_branch_datetime_operator', 'example_branch_datetime_operator_2', 'example_branch_datetime_operator_3']) retrieved from /home/airflow/.local/lib/python3.7/site-packages/airflow/example_dags/example_branch_datetime_operator.py
[2023-02-07T19:24:23.475+0000] {logging_mixin.py:137} INFO - [2023-02-07T19:24:23.467+0000] {dag.py:2690} INFO - Sync 3 DAGs
[2023-02-07T19:24:26.451+0000] {logging_mixin.py:137} INFO - [2023-02-07T19:24:26.448+0000] {dag.py:3441} INFO - Setting next_dagrun for example_branch_datetime_operator to 2023-02-06T00:00:00+00:00, run_after=2023-02-07T00:00:00+00:00
[2023-02-07T19:24:29.181+0000] {logging_mixin.py:137} INFO - [2023-02-07T19:24:29.180+0000] {dag.py:3441} INFO - Setting next_dagrun for example_branch_datetime_operator_2 to 2023-02-06T00:00:00+00:00, run_after=2023-02-07T00:00:00+00:00
[2023-02-07T19:24:29.416+0000] {logging_mixin.py:137} INFO - [2023-02-07T19:24:29.416+0000] {dag.py:3441} INFO - Setting next_dagrun for example_branch_datetime_operator_3 to 2023-02-06T00:00:00+00:00, run_after=2023-02-07T00:00:00+00:00
[2023-02-07T19:24:37.877+0000] {processor.py:175} INFO - Processing /home/airflow/.local/lib/python3.7/site-packages/airflow/example_dags/example_branch_datetime_operator.py took 46.803 seconds
[2023-02-07T19:40:06.391+0000] {processor.py:153} INFO - Started process (PID=1486) to work on /home/airflow/.local/lib/python3.7/site-packages/airflow/example_dags/example_branch_datetime_operator.py
[2023-02-07T19:40:06.434+0000] {processor.py:743} INFO - Processing file /home/airflow/.local/lib/python3.7/site-packages/airflow/example_dags/example_branch_datetime_operator.py for tasks to queue
[2023-02-07T19:40:06.437+0000] {logging_mixin.py:137} INFO - [2023-02-07T19:40:06.437+0000] {dagbag.py:538} INFO - Filling up the DagBag from /home/airflow/.local/lib/python3.7/site-packages/airflow/example_dags/example_branch_datetime_operator.py
[2023-02-07T19:40:16.879+0000] {processor.py:753} INFO - DAG(s) dict_keys(['example_branch_datetime_operator_3', 'example_branch_datetime_operator_2', 'example_branch_datetime_operator']) retrieved from /home/airflow/.local/lib/python3.7/site-packages/airflow/example_dags/example_branch_datetime_operator.py
[2023-02-07T19:40:34.928+0000] {logging_mixin.py:137} INFO - [2023-02-07T19:40:34.837+0000] {dag.py:2690} INFO - Sync 3 DAGs
[2023-02-07T19:40:52.634+0000] {logging_mixin.py:137} INFO - [2023-02-07T19:40:52.337+0000] {dag.py:3441} INFO - Setting next_dagrun for example_branch_datetime_operator to 2023-02-06T00:00:00+00:00, run_after=2023-02-07T00:00:00+00:00
[2023-02-07T20:07:28.437+0000] {processor.py:153} INFO - Started process (PID=1603) to work on /home/airflow/.local/lib/python3.7/site-packages/airflow/example_dags/example_branch_datetime_operator.py
[2023-02-07T20:07:28.467+0000] {processor.py:743} INFO - Processing file /home/airflow/.local/lib/python3.7/site-packages/airflow/example_dags/example_branch_datetime_operator.py for tasks to queue
[2023-02-07T20:07:28.470+0000] {logging_mixin.py:137} INFO - [2023-02-07T20:07:28.470+0000] {dagbag.py:538} INFO - Filling up the DagBag from /home/airflow/.local/lib/python3.7/site-packages/airflow/example_dags/example_branch_datetime_operator.py
[2023-02-07T20:07:29.639+0000] {processor.py:753} INFO - DAG(s) dict_keys(['example_branch_datetime_operator', 'example_branch_datetime_operator_3', 'example_branch_datetime_operator_2']) retrieved from /home/airflow/.local/lib/python3.7/site-packages/airflow/example_dags/example_branch_datetime_operator.py
[2023-02-07T20:07:54.488+0000] {logging_mixin.py:137} INFO - [2023-02-07T20:07:54.457+0000] {dag.py:2690} INFO - Sync 3 DAGs
[2023-02-07T20:07:55.060+0000] {logging_mixin.py:137} INFO - [2023-02-07T20:07:55.059+0000] {dag.py:3441} INFO - Setting next_dagrun for example_branch_datetime_operator to 2023-02-06T00:00:00+00:00, run_after=2023-02-07T00:00:00+00:00
[2023-02-07T20:07:55.152+0000] {logging_mixin.py:137} INFO - [2023-02-07T20:07:55.151+0000] {dag.py:3441} INFO - Setting next_dagrun for example_branch_datetime_operator_2 to 2023-02-06T00:00:00+00:00, run_after=2023-02-07T00:00:00+00:00
[2023-02-07T20:07:55.256+0000] {logging_mixin.py:137} INFO - [2023-02-07T20:07:55.229+0000] {dag.py:3441} INFO - Setting next_dagrun for example_branch_datetime_operator_3 to 2023-02-06T00:00:00+00:00, run_after=2023-02-07T00:00:00+00:00
[2023-02-07T20:07:56.188+0000] {processor.py:175} INFO - Processing /home/airflow/.local/lib/python3.7/site-packages/airflow/example_dags/example_branch_datetime_operator.py took 26.509 seconds
[2023-02-07T20:52:35.926+0000] {processor.py:153} INFO - Started process (PID=1931) to work on /home/airflow/.local/lib/python3.7/site-packages/airflow/example_dags/example_branch_datetime_operator.py
[2023-02-07T20:52:35.956+0000] {processor.py:743} INFO - Processing file /home/airflow/.local/lib/python3.7/site-packages/airflow/example_dags/example_branch_datetime_operator.py for tasks to queue
[2023-02-07T20:52:36.437+0000] {logging_mixin.py:137} INFO - [2023-02-07T20:52:36.436+0000] {dagbag.py:538} INFO - Filling up the DagBag from /home/airflow/.local/lib/python3.7/site-packages/airflow/example_dags/example_branch_datetime_operator.py
[2023-02-07T20:52:45.609+0000] {processor.py:753} INFO - DAG(s) dict_keys(['example_branch_datetime_operator_3', 'example_branch_datetime_operator_2', 'example_branch_datetime_operator']) retrieved from /home/airflow/.local/lib/python3.7/site-packages/airflow/example_dags/example_branch_datetime_operator.py
[2023-02-07T20:53:03.667+0000] {logging_mixin.py:137} INFO - [2023-02-07T20:53:03.648+0000] {dag.py:2690} INFO - Sync 3 DAGs
[2023-02-07T20:53:17.107+0000] {logging_mixin.py:137} INFO - [2023-02-07T20:53:17.085+0000] {dag.py:3441} INFO - Setting next_dagrun for example_branch_datetime_operator to 2023-02-06T00:00:00+00:00, run_after=2023-02-07T00:00:00+00:00
[2023-02-07T20:53:17.491+0000] {logging_mixin.py:137} INFO - [2023-02-07T20:53:17.490+0000] {dag.py:3441} INFO - Setting next_dagrun for example_branch_datetime_operator_2 to 2023-02-06T00:00:00+00:00, run_after=2023-02-07T00:00:00+00:00
[2023-02-07T20:53:17.531+0000] {logging_mixin.py:137} INFO - [2023-02-07T20:53:17.531+0000] {dag.py:3441} INFO - Setting next_dagrun for example_branch_datetime_operator_3 to 2023-02-06T00:00:00+00:00, run_after=2023-02-07T00:00:00+00:00
[2023-02-07T20:53:22.662+0000] {processor.py:175} INFO - Processing /home/airflow/.local/lib/python3.7/site-packages/airflow/example_dags/example_branch_datetime_operator.py took 48.035 seconds
[2023-02-07T21:11:18.759+0000] {processor.py:153} INFO - Started process (PID=2213) to work on /home/airflow/.local/lib/python3.7/site-packages/airflow/example_dags/example_branch_datetime_operator.py
[2023-02-07T21:11:20.416+0000] {processor.py:743} INFO - Processing file /home/airflow/.local/lib/python3.7/site-packages/airflow/example_dags/example_branch_datetime_operator.py for tasks to queue
[2023-02-07T21:11:20.955+0000] {logging_mixin.py:137} INFO - [2023-02-07T21:11:20.954+0000] {dagbag.py:538} INFO - Filling up the DagBag from /home/airflow/.local/lib/python3.7/site-packages/airflow/example_dags/example_branch_datetime_operator.py
[2023-02-07T21:11:52.970+0000] {processor.py:753} INFO - DAG(s) dict_keys(['example_branch_datetime_operator_3', 'example_branch_datetime_operator', 'example_branch_datetime_operator_2']) retrieved from /home/airflow/.local/lib/python3.7/site-packages/airflow/example_dags/example_branch_datetime_operator.py
[2023-02-07T21:38:09.622+0000] {processor.py:153} INFO - Started process (PID=2561) to work on /home/airflow/.local/lib/python3.7/site-packages/airflow/example_dags/example_branch_datetime_operator.py
[2023-02-07T21:38:10.635+0000] {processor.py:743} INFO - Processing file /home/airflow/.local/lib/python3.7/site-packages/airflow/example_dags/example_branch_datetime_operator.py for tasks to queue
[2023-02-07T21:38:10.688+0000] {logging_mixin.py:137} INFO - [2023-02-07T21:38:10.687+0000] {dagbag.py:538} INFO - Filling up the DagBag from /home/airflow/.local/lib/python3.7/site-packages/airflow/example_dags/example_branch_datetime_operator.py
[2023-02-07T21:38:33.428+0000] {processor.py:753} INFO - DAG(s) dict_keys(['example_branch_datetime_operator_3', 'example_branch_datetime_operator_2', 'example_branch_datetime_operator']) retrieved from /home/airflow/.local/lib/python3.7/site-packages/airflow/example_dags/example_branch_datetime_operator.py
[2023-02-07T21:55:04.197+0000] {processor.py:153} INFO - Started process (PID=2774) to work on /home/airflow/.local/lib/python3.7/site-packages/airflow/example_dags/example_branch_datetime_operator.py
[2023-02-07T21:55:04.260+0000] {processor.py:743} INFO - Processing file /home/airflow/.local/lib/python3.7/site-packages/airflow/example_dags/example_branch_datetime_operator.py for tasks to queue
[2023-02-07T21:55:04.306+0000] {logging_mixin.py:137} INFO - [2023-02-07T21:55:04.305+0000] {dagbag.py:538} INFO - Filling up the DagBag from /home/airflow/.local/lib/python3.7/site-packages/airflow/example_dags/example_branch_datetime_operator.py
[2023-02-07T21:55:09.505+0000] {processor.py:753} INFO - DAG(s) dict_keys(['example_branch_datetime_operator_2', 'example_branch_datetime_operator_3', 'example_branch_datetime_operator']) retrieved from /home/airflow/.local/lib/python3.7/site-packages/airflow/example_dags/example_branch_datetime_operator.py
[2023-02-07T21:55:56.949+0000] {logging_mixin.py:137} INFO - [2023-02-07T21:55:55.535+0000] {dag.py:2690} INFO - Sync 3 DAGs
[2023-02-07T22:17:24.197+0000] {processor.py:153} INFO - Started process (PID=3043) to work on /home/airflow/.local/lib/python3.7/site-packages/airflow/example_dags/example_branch_datetime_operator.py
[2023-02-07T22:17:24.359+0000] {processor.py:743} INFO - Processing file /home/airflow/.local/lib/python3.7/site-packages/airflow/example_dags/example_branch_datetime_operator.py for tasks to queue
[2023-02-07T22:17:24.453+0000] {logging_mixin.py:137} INFO - [2023-02-07T22:17:24.447+0000] {dagbag.py:538} INFO - Filling up the DagBag from /home/airflow/.local/lib/python3.7/site-packages/airflow/example_dags/example_branch_datetime_operator.py
[2023-02-07T22:17:46.771+0000] {processor.py:753} INFO - DAG(s) dict_keys(['example_branch_datetime_operator_3', 'example_branch_datetime_operator_2', 'example_branch_datetime_operator']) retrieved from /home/airflow/.local/lib/python3.7/site-packages/airflow/example_dags/example_branch_datetime_operator.py
[2023-02-07T22:36:27.323+0000] {processor.py:153} INFO - Started process (PID=3297) to work on /home/airflow/.local/lib/python3.7/site-packages/airflow/example_dags/example_branch_datetime_operator.py
[2023-02-07T22:36:28.115+0000] {processor.py:743} INFO - Processing file /home/airflow/.local/lib/python3.7/site-packages/airflow/example_dags/example_branch_datetime_operator.py for tasks to queue
[2023-02-07T22:36:28.514+0000] {logging_mixin.py:137} INFO - [2023-02-07T22:36:28.470+0000] {dagbag.py:538} INFO - Filling up the DagBag from /home/airflow/.local/lib/python3.7/site-packages/airflow/example_dags/example_branch_datetime_operator.py
[2023-02-07T22:36:51.245+0000] {processor.py:753} INFO - DAG(s) dict_keys(['example_branch_datetime_operator_3', 'example_branch_datetime_operator_2', 'example_branch_datetime_operator']) retrieved from /home/airflow/.local/lib/python3.7/site-packages/airflow/example_dags/example_branch_datetime_operator.py
[2023-02-07T23:59:53.338+0000] {processor.py:153} INFO - Started process (PID=4036) to work on /home/airflow/.local/lib/python3.7/site-packages/airflow/example_dags/example_branch_datetime_operator.py
[2023-02-07T23:59:54.814+0000] {processor.py:743} INFO - Processing file /home/airflow/.local/lib/python3.7/site-packages/airflow/example_dags/example_branch_datetime_operator.py for tasks to queue
[2023-02-07T23:59:55.188+0000] {logging_mixin.py:137} INFO - [2023-02-07T23:59:55.187+0000] {dagbag.py:538} INFO - Filling up the DagBag from /home/airflow/.local/lib/python3.7/site-packages/airflow/example_dags/example_branch_datetime_operator.py
