[2023-02-07T17:54:21.981+0000] {processor.py:153} INFO - Started process (PID=48) to work on /home/airflow/.local/lib/python3.7/site-packages/airflow/example_dags/example_complex.py
[2023-02-07T17:54:21.983+0000] {processor.py:743} INFO - Processing file /home/airflow/.local/lib/python3.7/site-packages/airflow/example_dags/example_complex.py for tasks to queue
[2023-02-07T17:54:21.984+0000] {logging_mixin.py:137} INFO - [2023-02-07T17:54:21.984+0000] {dagbag.py:538} INFO - Filling up the DagBag from /home/airflow/.local/lib/python3.7/site-packages/airflow/example_dags/example_complex.py
[2023-02-07T17:54:22.002+0000] {logging_mixin.py:137} INFO - [2023-02-07T17:54:22.002+0000] {taskmixin.py:205} WARNING - Dependency <Task(BashOperator): create_entry_group>, delete_entry_group already registered for DAG: example_complex
[2023-02-07T17:54:22.003+0000] {logging_mixin.py:137} INFO - [2023-02-07T17:54:22.003+0000] {taskmixin.py:205} WARNING - Dependency <Task(BashOperator): delete_entry_group>, create_entry_group already registered for DAG: example_complex
[2023-02-07T17:54:22.012+0000] {logging_mixin.py:137} INFO - [2023-02-07T17:54:22.012+0000] {taskmixin.py:205} WARNING - Dependency <Task(BashOperator): create_entry_gcs>, delete_entry already registered for DAG: example_complex
[2023-02-07T17:54:22.013+0000] {logging_mixin.py:137} INFO - [2023-02-07T17:54:22.013+0000] {taskmixin.py:205} WARNING - Dependency <Task(BashOperator): delete_entry>, create_entry_gcs already registered for DAG: example_complex
[2023-02-07T17:54:22.014+0000] {logging_mixin.py:137} INFO - [2023-02-07T17:54:22.014+0000] {taskmixin.py:205} WARNING - Dependency <Task(BashOperator): create_tag>, delete_tag already registered for DAG: example_complex
[2023-02-07T17:54:22.014+0000] {logging_mixin.py:137} INFO - [2023-02-07T17:54:22.014+0000] {taskmixin.py:205} WARNING - Dependency <Task(BashOperator): delete_tag>, create_tag already registered for DAG: example_complex
[2023-02-07T17:54:22.045+0000] {processor.py:753} INFO - DAG(s) dict_keys(['example_complex']) retrieved from /home/airflow/.local/lib/python3.7/site-packages/airflow/example_dags/example_complex.py
[2023-02-07T17:54:22.091+0000] {logging_mixin.py:137} INFO - [2023-02-07T17:54:22.091+0000] {dag.py:2690} INFO - Sync 1 DAGs
[2023-02-07T17:54:22.122+0000] {logging_mixin.py:137} INFO - [2023-02-07T17:54:22.122+0000] {dag.py:3441} INFO - Setting next_dagrun for example_complex to None, run_after=None
[2023-02-07T17:54:22.156+0000] {processor.py:175} INFO - Processing /home/airflow/.local/lib/python3.7/site-packages/airflow/example_dags/example_complex.py took 0.177 seconds
[2023-02-07T17:54:53.236+0000] {processor.py:153} INFO - Started process (PID=104) to work on /home/airflow/.local/lib/python3.7/site-packages/airflow/example_dags/example_complex.py
[2023-02-07T17:54:53.239+0000] {processor.py:743} INFO - Processing file /home/airflow/.local/lib/python3.7/site-packages/airflow/example_dags/example_complex.py for tasks to queue
[2023-02-07T17:54:53.241+0000] {logging_mixin.py:137} INFO - [2023-02-07T17:54:53.241+0000] {dagbag.py:538} INFO - Filling up the DagBag from /home/airflow/.local/lib/python3.7/site-packages/airflow/example_dags/example_complex.py
[2023-02-07T17:54:53.268+0000] {logging_mixin.py:137} INFO - [2023-02-07T17:54:53.267+0000] {taskmixin.py:205} WARNING - Dependency <Task(BashOperator): create_entry_group>, delete_entry_group already registered for DAG: example_complex
[2023-02-07T17:54:53.269+0000] {logging_mixin.py:137} INFO - [2023-02-07T17:54:53.269+0000] {taskmixin.py:205} WARNING - Dependency <Task(BashOperator): delete_entry_group>, create_entry_group already registered for DAG: example_complex
[2023-02-07T17:54:53.271+0000] {logging_mixin.py:137} INFO - [2023-02-07T17:54:53.271+0000] {taskmixin.py:205} WARNING - Dependency <Task(BashOperator): create_entry_gcs>, delete_entry already registered for DAG: example_complex
[2023-02-07T17:54:53.272+0000] {logging_mixin.py:137} INFO - [2023-02-07T17:54:53.272+0000] {taskmixin.py:205} WARNING - Dependency <Task(BashOperator): delete_entry>, create_entry_gcs already registered for DAG: example_complex
[2023-02-07T17:54:53.274+0000] {logging_mixin.py:137} INFO - [2023-02-07T17:54:53.273+0000] {taskmixin.py:205} WARNING - Dependency <Task(BashOperator): create_tag>, delete_tag already registered for DAG: example_complex
[2023-02-07T17:54:53.274+0000] {logging_mixin.py:137} INFO - [2023-02-07T17:54:53.274+0000] {taskmixin.py:205} WARNING - Dependency <Task(BashOperator): delete_tag>, create_tag already registered for DAG: example_complex
[2023-02-07T17:54:53.484+0000] {processor.py:753} INFO - DAG(s) dict_keys(['example_complex']) retrieved from /home/airflow/.local/lib/python3.7/site-packages/airflow/example_dags/example_complex.py
[2023-02-07T17:54:53.813+0000] {logging_mixin.py:137} INFO - [2023-02-07T17:54:53.812+0000] {dag.py:2690} INFO - Sync 1 DAGs
[2023-02-07T17:54:53.960+0000] {logging_mixin.py:137} INFO - [2023-02-07T17:54:53.960+0000] {dag.py:3441} INFO - Setting next_dagrun for example_complex to None, run_after=None
[2023-02-07T17:54:54.137+0000] {processor.py:175} INFO - Processing /home/airflow/.local/lib/python3.7/site-packages/airflow/example_dags/example_complex.py took 0.926 seconds
[2023-02-07T17:56:11.442+0000] {processor.py:153} INFO - Started process (PID=153) to work on /home/airflow/.local/lib/python3.7/site-packages/airflow/example_dags/example_complex.py
[2023-02-07T17:56:12.819+0000] {processor.py:743} INFO - Processing file /home/airflow/.local/lib/python3.7/site-packages/airflow/example_dags/example_complex.py for tasks to queue
[2023-02-07T17:56:12.827+0000] {logging_mixin.py:137} INFO - [2023-02-07T17:56:12.826+0000] {dagbag.py:538} INFO - Filling up the DagBag from /home/airflow/.local/lib/python3.7/site-packages/airflow/example_dags/example_complex.py
[2023-02-07T17:56:15.232+0000] {logging_mixin.py:137} INFO - [2023-02-07T17:56:14.948+0000] {taskmixin.py:205} WARNING - Dependency <Task(BashOperator): create_entry_group>, delete_entry_group already registered for DAG: example_complex
[2023-02-07T17:56:15.611+0000] {logging_mixin.py:137} INFO - [2023-02-07T17:56:15.288+0000] {taskmixin.py:205} WARNING - Dependency <Task(BashOperator): delete_entry_group>, create_entry_group already registered for DAG: example_complex
[2023-02-07T17:56:27.641+0000] {logging_mixin.py:137} INFO - [2023-02-07T17:56:20.725+0000] {taskmixin.py:205} WARNING - Dependency <Task(BashOperator): create_entry_gcs>, delete_entry already registered for DAG: example_complex
[2023-02-07T17:56:28.538+0000] {logging_mixin.py:137} INFO - [2023-02-07T17:56:28.530+0000] {taskmixin.py:205} WARNING - Dependency <Task(BashOperator): delete_entry>, create_entry_gcs already registered for DAG: example_complex
[2023-02-07T17:56:28.576+0000] {logging_mixin.py:137} INFO - [2023-02-07T17:56:28.570+0000] {taskmixin.py:205} WARNING - Dependency <Task(BashOperator): create_tag>, delete_tag already registered for DAG: example_complex
[2023-02-07T17:56:28.585+0000] {logging_mixin.py:137} INFO - [2023-02-07T17:56:28.581+0000] {taskmixin.py:205} WARNING - Dependency <Task(BashOperator): delete_tag>, create_tag already registered for DAG: example_complex
[2023-02-07T17:56:30.473+0000] {processor.py:753} INFO - DAG(s) dict_keys(['example_complex']) retrieved from /home/airflow/.local/lib/python3.7/site-packages/airflow/example_dags/example_complex.py
[2023-02-07T17:56:35.108+0000] {logging_mixin.py:137} INFO - [2023-02-07T17:56:35.010+0000] {dag.py:2690} INFO - Sync 1 DAGs
[2023-02-07T17:56:36.581+0000] {logging_mixin.py:137} INFO - [2023-02-07T17:56:36.562+0000] {dag.py:3441} INFO - Setting next_dagrun for example_complex to None, run_after=None
[2023-02-07T17:56:39.514+0000] {processor.py:175} INFO - Processing /home/airflow/.local/lib/python3.7/site-packages/airflow/example_dags/example_complex.py took 28.295 seconds
[2023-02-07T18:11:07.032+0000] {processor.py:153} INFO - Started process (PID=406) to work on /home/airflow/.local/lib/python3.7/site-packages/airflow/example_dags/example_complex.py
[2023-02-07T18:11:08.420+0000] {processor.py:743} INFO - Processing file /home/airflow/.local/lib/python3.7/site-packages/airflow/example_dags/example_complex.py for tasks to queue
[2023-02-07T18:11:09.619+0000] {logging_mixin.py:137} INFO - [2023-02-07T18:11:09.612+0000] {dagbag.py:538} INFO - Filling up the DagBag from /home/airflow/.local/lib/python3.7/site-packages/airflow/example_dags/example_complex.py
[2023-02-07T18:11:11.691+0000] {logging_mixin.py:137} INFO - [2023-02-07T18:11:11.686+0000] {taskmixin.py:205} WARNING - Dependency <Task(BashOperator): create_entry_group>, delete_entry_group already registered for DAG: example_complex
[2023-02-07T18:11:11.696+0000] {logging_mixin.py:137} INFO - [2023-02-07T18:11:11.695+0000] {taskmixin.py:205} WARNING - Dependency <Task(BashOperator): delete_entry_group>, create_entry_group already registered for DAG: example_complex
[2023-02-07T18:11:11.697+0000] {logging_mixin.py:137} INFO - [2023-02-07T18:11:11.697+0000] {taskmixin.py:205} WARNING - Dependency <Task(BashOperator): create_entry_gcs>, delete_entry already registered for DAG: example_complex
[2023-02-07T18:11:11.698+0000] {logging_mixin.py:137} INFO - [2023-02-07T18:11:11.698+0000] {taskmixin.py:205} WARNING - Dependency <Task(BashOperator): delete_entry>, create_entry_gcs already registered for DAG: example_complex
[2023-02-07T18:11:11.700+0000] {logging_mixin.py:137} INFO - [2023-02-07T18:11:11.700+0000] {taskmixin.py:205} WARNING - Dependency <Task(BashOperator): create_tag>, delete_tag already registered for DAG: example_complex
[2023-02-07T18:11:11.702+0000] {logging_mixin.py:137} INFO - [2023-02-07T18:11:11.702+0000] {taskmixin.py:205} WARNING - Dependency <Task(BashOperator): delete_tag>, create_tag already registered for DAG: example_complex
[2023-02-07T18:11:15.706+0000] {processor.py:753} INFO - DAG(s) dict_keys(['example_complex']) retrieved from /home/airflow/.local/lib/python3.7/site-packages/airflow/example_dags/example_complex.py
[2023-02-07T18:28:08.572+0000] {processor.py:153} INFO - Started process (PID=544) to work on /home/airflow/.local/lib/python3.7/site-packages/airflow/example_dags/example_complex.py
[2023-02-07T18:28:08.593+0000] {processor.py:743} INFO - Processing file /home/airflow/.local/lib/python3.7/site-packages/airflow/example_dags/example_complex.py for tasks to queue
[2023-02-07T18:28:08.599+0000] {logging_mixin.py:137} INFO - [2023-02-07T18:28:08.598+0000] {dagbag.py:538} INFO - Filling up the DagBag from /home/airflow/.local/lib/python3.7/site-packages/airflow/example_dags/example_complex.py
[2023-02-07T18:28:09.667+0000] {logging_mixin.py:137} INFO - [2023-02-07T18:28:09.645+0000] {taskmixin.py:205} WARNING - Dependency <Task(BashOperator): create_entry_group>, delete_entry_group already registered for DAG: example_complex
[2023-02-07T18:28:09.694+0000] {logging_mixin.py:137} INFO - [2023-02-07T18:28:09.691+0000] {taskmixin.py:205} WARNING - Dependency <Task(BashOperator): delete_entry_group>, create_entry_group already registered for DAG: example_complex
[2023-02-07T18:28:09.699+0000] {logging_mixin.py:137} INFO - [2023-02-07T18:28:09.699+0000] {taskmixin.py:205} WARNING - Dependency <Task(BashOperator): create_entry_gcs>, delete_entry already registered for DAG: example_complex
[2023-02-07T18:28:09.707+0000] {logging_mixin.py:137} INFO - [2023-02-07T18:28:09.706+0000] {taskmixin.py:205} WARNING - Dependency <Task(BashOperator): delete_entry>, create_entry_gcs already registered for DAG: example_complex
[2023-02-07T18:28:09.716+0000] {logging_mixin.py:137} INFO - [2023-02-07T18:28:09.716+0000] {taskmixin.py:205} WARNING - Dependency <Task(BashOperator): create_tag>, delete_tag already registered for DAG: example_complex
[2023-02-07T18:28:09.717+0000] {logging_mixin.py:137} INFO - [2023-02-07T18:28:09.717+0000] {taskmixin.py:205} WARNING - Dependency <Task(BashOperator): delete_tag>, create_tag already registered for DAG: example_complex
[2023-02-07T18:28:15.993+0000] {processor.py:753} INFO - DAG(s) dict_keys(['example_complex']) retrieved from /home/airflow/.local/lib/python3.7/site-packages/airflow/example_dags/example_complex.py
[2023-02-07T18:44:30.457+0000] {processor.py:153} INFO - Started process (PID=758) to work on /home/airflow/.local/lib/python3.7/site-packages/airflow/example_dags/example_complex.py
[2023-02-07T18:44:30.769+0000] {processor.py:743} INFO - Processing file /home/airflow/.local/lib/python3.7/site-packages/airflow/example_dags/example_complex.py for tasks to queue
[2023-02-07T18:44:30.781+0000] {logging_mixin.py:137} INFO - [2023-02-07T18:44:30.775+0000] {dagbag.py:538} INFO - Filling up the DagBag from /home/airflow/.local/lib/python3.7/site-packages/airflow/example_dags/example_complex.py
[2023-02-07T18:44:43.253+0000] {logging_mixin.py:137} INFO - [2023-02-07T18:44:39.504+0000] {taskmixin.py:205} WARNING - Dependency <Task(BashOperator): create_entry_group>, delete_entry_group already registered for DAG: example_complex
[2023-02-07T18:44:43.294+0000] {logging_mixin.py:137} INFO - [2023-02-07T18:44:43.291+0000] {taskmixin.py:205} WARNING - Dependency <Task(BashOperator): delete_entry_group>, create_entry_group already registered for DAG: example_complex
[2023-02-07T18:44:43.328+0000] {logging_mixin.py:137} INFO - [2023-02-07T18:44:43.328+0000] {taskmixin.py:205} WARNING - Dependency <Task(BashOperator): create_entry_gcs>, delete_entry already registered for DAG: example_complex
[2023-02-07T18:44:43.332+0000] {logging_mixin.py:137} INFO - [2023-02-07T18:44:43.331+0000] {taskmixin.py:205} WARNING - Dependency <Task(BashOperator): delete_entry>, create_entry_gcs already registered for DAG: example_complex
[2023-02-07T18:44:43.335+0000] {logging_mixin.py:137} INFO - [2023-02-07T18:44:43.334+0000] {taskmixin.py:205} WARNING - Dependency <Task(BashOperator): create_tag>, delete_tag already registered for DAG: example_complex
[2023-02-07T18:44:43.337+0000] {logging_mixin.py:137} INFO - [2023-02-07T18:44:43.336+0000] {taskmixin.py:205} WARNING - Dependency <Task(BashOperator): delete_tag>, create_tag already registered for DAG: example_complex
[2023-02-07T18:44:49.989+0000] {processor.py:753} INFO - DAG(s) dict_keys(['example_complex']) retrieved from /home/airflow/.local/lib/python3.7/site-packages/airflow/example_dags/example_complex.py
[2023-02-07T19:00:44.334+0000] {processor.py:153} INFO - Started process (PID=923) to work on /home/airflow/.local/lib/python3.7/site-packages/airflow/example_dags/example_complex.py
[2023-02-07T19:00:44.418+0000] {processor.py:743} INFO - Processing file /home/airflow/.local/lib/python3.7/site-packages/airflow/example_dags/example_complex.py for tasks to queue
[2023-02-07T19:00:44.533+0000] {logging_mixin.py:137} INFO - [2023-02-07T19:00:44.532+0000] {dagbag.py:538} INFO - Filling up the DagBag from /home/airflow/.local/lib/python3.7/site-packages/airflow/example_dags/example_complex.py
[2023-02-07T19:00:50.944+0000] {logging_mixin.py:137} INFO - [2023-02-07T19:00:50.899+0000] {taskmixin.py:205} WARNING - Dependency <Task(BashOperator): create_entry_group>, delete_entry_group already registered for DAG: example_complex
[2023-02-07T19:00:50.959+0000] {logging_mixin.py:137} INFO - [2023-02-07T19:00:50.959+0000] {taskmixin.py:205} WARNING - Dependency <Task(BashOperator): delete_entry_group>, create_entry_group already registered for DAG: example_complex
[2023-02-07T19:00:50.962+0000] {logging_mixin.py:137} INFO - [2023-02-07T19:00:50.962+0000] {taskmixin.py:205} WARNING - Dependency <Task(BashOperator): create_entry_gcs>, delete_entry already registered for DAG: example_complex
[2023-02-07T19:00:50.964+0000] {logging_mixin.py:137} INFO - [2023-02-07T19:00:50.964+0000] {taskmixin.py:205} WARNING - Dependency <Task(BashOperator): delete_entry>, create_entry_gcs already registered for DAG: example_complex
[2023-02-07T19:00:50.967+0000] {logging_mixin.py:137} INFO - [2023-02-07T19:00:50.966+0000] {taskmixin.py:205} WARNING - Dependency <Task(BashOperator): create_tag>, delete_tag already registered for DAG: example_complex
[2023-02-07T19:00:50.968+0000] {logging_mixin.py:137} INFO - [2023-02-07T19:00:50.968+0000] {taskmixin.py:205} WARNING - Dependency <Task(BashOperator): delete_tag>, create_tag already registered for DAG: example_complex
[2023-02-07T19:00:55.050+0000] {processor.py:753} INFO - DAG(s) dict_keys(['example_complex']) retrieved from /home/airflow/.local/lib/python3.7/site-packages/airflow/example_dags/example_complex.py
[2023-02-07T19:01:16.667+0000] {logging_mixin.py:137} INFO - [2023-02-07T19:01:16.437+0000] {dag.py:2690} INFO - Sync 1 DAGs
[2023-02-07T19:01:26.270+0000] {logging_mixin.py:137} INFO - [2023-02-07T19:01:26.044+0000] {dag.py:3441} INFO - Setting next_dagrun for example_complex to None, run_after=None
[2023-02-07T19:17:39.424+0000] {processor.py:153} INFO - Started process (PID=1177) to work on /home/airflow/.local/lib/python3.7/site-packages/airflow/example_dags/example_complex.py
[2023-02-07T19:17:39.440+0000] {processor.py:743} INFO - Processing file /home/airflow/.local/lib/python3.7/site-packages/airflow/example_dags/example_complex.py for tasks to queue
[2023-02-07T19:17:39.447+0000] {logging_mixin.py:137} INFO - [2023-02-07T19:17:39.446+0000] {dagbag.py:538} INFO - Filling up the DagBag from /home/airflow/.local/lib/python3.7/site-packages/airflow/example_dags/example_complex.py
[2023-02-07T19:17:54.563+0000] {logging_mixin.py:137} INFO - [2023-02-07T19:17:54.550+0000] {taskmixin.py:205} WARNING - Dependency <Task(BashOperator): create_entry_group>, delete_entry_group already registered for DAG: example_complex
[2023-02-07T19:17:56.412+0000] {logging_mixin.py:137} INFO - [2023-02-07T19:17:56.379+0000] {taskmixin.py:205} WARNING - Dependency <Task(BashOperator): delete_entry_group>, create_entry_group already registered for DAG: example_complex
[2023-02-07T19:17:56.435+0000] {logging_mixin.py:137} INFO - [2023-02-07T19:17:56.435+0000] {taskmixin.py:205} WARNING - Dependency <Task(BashOperator): create_entry_gcs>, delete_entry already registered for DAG: example_complex
[2023-02-07T19:17:56.439+0000] {logging_mixin.py:137} INFO - [2023-02-07T19:17:56.439+0000] {taskmixin.py:205} WARNING - Dependency <Task(BashOperator): delete_entry>, create_entry_gcs already registered for DAG: example_complex
[2023-02-07T19:17:56.442+0000] {logging_mixin.py:137} INFO - [2023-02-07T19:17:56.441+0000] {taskmixin.py:205} WARNING - Dependency <Task(BashOperator): create_tag>, delete_tag already registered for DAG: example_complex
[2023-02-07T19:17:56.444+0000] {logging_mixin.py:137} INFO - [2023-02-07T19:17:56.444+0000] {taskmixin.py:205} WARNING - Dependency <Task(BashOperator): delete_tag>, create_tag already registered for DAG: example_complex
[2023-02-07T19:18:01.531+0000] {processor.py:753} INFO - DAG(s) dict_keys(['example_complex']) retrieved from /home/airflow/.local/lib/python3.7/site-packages/airflow/example_dags/example_complex.py
[2023-02-07T19:18:08.673+0000] {logging_mixin.py:137} INFO - [2023-02-07T19:18:08.645+0000] {dag.py:2690} INFO - Sync 1 DAGs
[2023-02-07T19:34:30.349+0000] {processor.py:153} INFO - Started process (PID=1413) to work on /home/airflow/.local/lib/python3.7/site-packages/airflow/example_dags/example_complex.py
[2023-02-07T19:34:37.594+0000] {processor.py:743} INFO - Processing file /home/airflow/.local/lib/python3.7/site-packages/airflow/example_dags/example_complex.py for tasks to queue
[2023-02-07T19:34:38.773+0000] {logging_mixin.py:137} INFO - [2023-02-07T19:34:37.802+0000] {dagbag.py:538} INFO - Filling up the DagBag from /home/airflow/.local/lib/python3.7/site-packages/airflow/example_dags/example_complex.py
[2023-02-07T19:34:58.651+0000] {logging_mixin.py:137} INFO - [2023-02-07T19:34:58.415+0000] {taskmixin.py:205} WARNING - Dependency <Task(BashOperator): create_entry_group>, delete_entry_group already registered for DAG: example_complex
[2023-02-07T19:34:58.905+0000] {logging_mixin.py:137} INFO - [2023-02-07T19:34:58.903+0000] {taskmixin.py:205} WARNING - Dependency <Task(BashOperator): delete_entry_group>, create_entry_group already registered for DAG: example_complex
[2023-02-07T19:34:58.916+0000] {logging_mixin.py:137} INFO - [2023-02-07T19:34:58.914+0000] {taskmixin.py:205} WARNING - Dependency <Task(BashOperator): create_entry_gcs>, delete_entry already registered for DAG: example_complex
[2023-02-07T19:34:58.933+0000] {logging_mixin.py:137} INFO - [2023-02-07T19:34:58.933+0000] {taskmixin.py:205} WARNING - Dependency <Task(BashOperator): delete_entry>, create_entry_gcs already registered for DAG: example_complex
[2023-02-07T19:34:58.936+0000] {logging_mixin.py:137} INFO - [2023-02-07T19:34:58.936+0000] {taskmixin.py:205} WARNING - Dependency <Task(BashOperator): create_tag>, delete_tag already registered for DAG: example_complex
[2023-02-07T19:34:58.939+0000] {logging_mixin.py:137} INFO - [2023-02-07T19:34:58.939+0000] {taskmixin.py:205} WARNING - Dependency <Task(BashOperator): delete_tag>, create_tag already registered for DAG: example_complex
[2023-02-07T19:35:04.174+0000] {processor.py:753} INFO - DAG(s) dict_keys(['example_complex']) retrieved from /home/airflow/.local/lib/python3.7/site-packages/airflow/example_dags/example_complex.py
[2023-02-07T19:47:30.724+0000] {processor.py:153} INFO - Started process (PID=1589) to work on /home/airflow/.local/lib/python3.7/site-packages/airflow/example_dags/example_complex.py
[2023-02-07T19:47:30.729+0000] {processor.py:743} INFO - Processing file /home/airflow/.local/lib/python3.7/site-packages/airflow/example_dags/example_complex.py for tasks to queue
[2023-02-07T19:47:31.272+0000] {logging_mixin.py:137} INFO - [2023-02-07T19:47:30.922+0000] {dagbag.py:538} INFO - Filling up the DagBag from /home/airflow/.local/lib/python3.7/site-packages/airflow/example_dags/example_complex.py
[2023-02-07T19:47:39.780+0000] {logging_mixin.py:137} INFO - [2023-02-07T19:47:39.774+0000] {taskmixin.py:205} WARNING - Dependency <Task(BashOperator): create_entry_group>, delete_entry_group already registered for DAG: example_complex
[2023-02-07T19:47:40.776+0000] {logging_mixin.py:137} INFO - [2023-02-07T19:47:40.770+0000] {taskmixin.py:205} WARNING - Dependency <Task(BashOperator): delete_entry_group>, create_entry_group already registered for DAG: example_complex
[2023-02-07T19:47:40.835+0000] {logging_mixin.py:137} INFO - [2023-02-07T19:47:40.834+0000] {taskmixin.py:205} WARNING - Dependency <Task(BashOperator): create_entry_gcs>, delete_entry already registered for DAG: example_complex
[2023-02-07T19:47:40.859+0000] {logging_mixin.py:137} INFO - [2023-02-07T19:47:40.857+0000] {taskmixin.py:205} WARNING - Dependency <Task(BashOperator): delete_entry>, create_entry_gcs already registered for DAG: example_complex
[2023-02-07T19:47:40.869+0000] {logging_mixin.py:137} INFO - [2023-02-07T19:47:40.867+0000] {taskmixin.py:205} WARNING - Dependency <Task(BashOperator): create_tag>, delete_tag already registered for DAG: example_complex
[2023-02-07T19:47:40.876+0000] {logging_mixin.py:137} INFO - [2023-02-07T19:47:40.875+0000] {taskmixin.py:205} WARNING - Dependency <Task(BashOperator): delete_tag>, create_tag already registered for DAG: example_complex
[2023-02-07T19:47:41.122+0000] {processor.py:753} INFO - DAG(s) dict_keys(['example_complex']) retrieved from /home/airflow/.local/lib/python3.7/site-packages/airflow/example_dags/example_complex.py
[2023-02-07T19:47:54.284+0000] {logging_mixin.py:137} INFO - [2023-02-07T19:47:54.196+0000] {dag.py:2690} INFO - Sync 1 DAGs
[2023-02-07T19:47:57.375+0000] {logging_mixin.py:137} INFO - [2023-02-07T19:47:57.274+0000] {dag.py:3441} INFO - Setting next_dagrun for example_complex to None, run_after=None
[2023-02-07T19:47:59.243+0000] {processor.py:175} INFO - Processing /home/airflow/.local/lib/python3.7/site-packages/airflow/example_dags/example_complex.py took 28.526 seconds
[2023-02-07T20:30:23.124+0000] {processor.py:153} INFO - Started process (PID=1651) to work on /home/airflow/.local/lib/python3.7/site-packages/airflow/example_dags/example_complex.py
[2023-02-07T20:30:23.197+0000] {processor.py:743} INFO - Processing file /home/airflow/.local/lib/python3.7/site-packages/airflow/example_dags/example_complex.py for tasks to queue
[2023-02-07T20:30:23.253+0000] {logging_mixin.py:137} INFO - [2023-02-07T20:30:23.252+0000] {dagbag.py:538} INFO - Filling up the DagBag from /home/airflow/.local/lib/python3.7/site-packages/airflow/example_dags/example_complex.py
[2023-02-07T20:31:49.415+0000] {logging_mixin.py:137} INFO - [2023-02-07T20:31:49.398+0000] {timeout.py:68} ERROR - Process timed out, PID: 1651
[2023-02-07T20:35:38.794+0000] {processor.py:153} INFO - Started process (PID=1704) to work on /home/airflow/.local/lib/python3.7/site-packages/airflow/example_dags/example_complex.py
[2023-02-07T20:35:38.911+0000] {processor.py:743} INFO - Processing file /home/airflow/.local/lib/python3.7/site-packages/airflow/example_dags/example_complex.py for tasks to queue
[2023-02-07T20:35:38.959+0000] {logging_mixin.py:137} INFO - [2023-02-07T20:35:38.958+0000] {dagbag.py:538} INFO - Filling up the DagBag from /home/airflow/.local/lib/python3.7/site-packages/airflow/example_dags/example_complex.py
[2023-02-07T20:35:45.990+0000] {logging_mixin.py:137} INFO - [2023-02-07T20:35:44.217+0000] {taskmixin.py:205} WARNING - Dependency <Task(BashOperator): create_entry_group>, delete_entry_group already registered for DAG: example_complex
[2023-02-07T20:35:46.018+0000] {logging_mixin.py:137} INFO - [2023-02-07T20:35:46.017+0000] {taskmixin.py:205} WARNING - Dependency <Task(BashOperator): delete_entry_group>, create_entry_group already registered for DAG: example_complex
[2023-02-07T20:35:46.034+0000] {logging_mixin.py:137} INFO - [2023-02-07T20:35:46.026+0000] {taskmixin.py:205} WARNING - Dependency <Task(BashOperator): create_entry_gcs>, delete_entry already registered for DAG: example_complex
[2023-02-07T20:35:46.037+0000] {logging_mixin.py:137} INFO - [2023-02-07T20:35:46.036+0000] {taskmixin.py:205} WARNING - Dependency <Task(BashOperator): delete_entry>, create_entry_gcs already registered for DAG: example_complex
[2023-02-07T20:35:46.040+0000] {logging_mixin.py:137} INFO - [2023-02-07T20:35:46.040+0000] {taskmixin.py:205} WARNING - Dependency <Task(BashOperator): create_tag>, delete_tag already registered for DAG: example_complex
[2023-02-07T20:35:46.043+0000] {logging_mixin.py:137} INFO - [2023-02-07T20:35:46.042+0000] {taskmixin.py:205} WARNING - Dependency <Task(BashOperator): delete_tag>, create_tag already registered for DAG: example_complex
[2023-02-07T20:35:48.819+0000] {processor.py:753} INFO - DAG(s) dict_keys(['example_complex']) retrieved from /home/airflow/.local/lib/python3.7/site-packages/airflow/example_dags/example_complex.py
[2023-02-07T20:46:02.254+0000] {processor.py:153} INFO - Started process (PID=1821) to work on /home/airflow/.local/lib/python3.7/site-packages/airflow/example_dags/example_complex.py
[2023-02-07T20:46:02.626+0000] {processor.py:743} INFO - Processing file /home/airflow/.local/lib/python3.7/site-packages/airflow/example_dags/example_complex.py for tasks to queue
[2023-02-07T20:46:02.704+0000] {logging_mixin.py:137} INFO - [2023-02-07T20:46:02.675+0000] {dagbag.py:538} INFO - Filling up the DagBag from /home/airflow/.local/lib/python3.7/site-packages/airflow/example_dags/example_complex.py
[2023-02-07T20:46:06.629+0000] {logging_mixin.py:137} INFO - [2023-02-07T20:46:06.541+0000] {taskmixin.py:205} WARNING - Dependency <Task(BashOperator): create_entry_group>, delete_entry_group already registered for DAG: example_complex
[2023-02-07T20:46:06.781+0000] {logging_mixin.py:137} INFO - [2023-02-07T20:46:06.738+0000] {taskmixin.py:205} WARNING - Dependency <Task(BashOperator): delete_entry_group>, create_entry_group already registered for DAG: example_complex
[2023-02-07T20:46:06.945+0000] {logging_mixin.py:137} INFO - [2023-02-07T20:46:06.927+0000] {taskmixin.py:205} WARNING - Dependency <Task(BashOperator): create_entry_gcs>, delete_entry already registered for DAG: example_complex
[2023-02-07T20:46:06.961+0000] {logging_mixin.py:137} INFO - [2023-02-07T20:46:06.955+0000] {taskmixin.py:205} WARNING - Dependency <Task(BashOperator): delete_entry>, create_entry_gcs already registered for DAG: example_complex
[2023-02-07T20:46:06.974+0000] {logging_mixin.py:137} INFO - [2023-02-07T20:46:06.974+0000] {taskmixin.py:205} WARNING - Dependency <Task(BashOperator): create_tag>, delete_tag already registered for DAG: example_complex
[2023-02-07T20:46:07.032+0000] {logging_mixin.py:137} INFO - [2023-02-07T20:46:07.029+0000] {taskmixin.py:205} WARNING - Dependency <Task(BashOperator): delete_tag>, create_tag already registered for DAG: example_complex
[2023-02-07T20:46:14.430+0000] {processor.py:753} INFO - DAG(s) dict_keys(['example_complex']) retrieved from /home/airflow/.local/lib/python3.7/site-packages/airflow/example_dags/example_complex.py
[2023-02-07T20:46:36.349+0000] {logging_mixin.py:137} INFO - [2023-02-07T20:46:35.804+0000] {dag.py:2690} INFO - Sync 1 DAGs
[2023-02-07T20:46:37.965+0000] {logging_mixin.py:137} INFO - [2023-02-07T20:46:37.963+0000] {dag.py:3441} INFO - Setting next_dagrun for example_complex to None, run_after=None
[2023-02-07T20:46:40.819+0000] {processor.py:175} INFO - Processing /home/airflow/.local/lib/python3.7/site-packages/airflow/example_dags/example_complex.py took 40.678 seconds
[2023-02-07T21:03:47.626+0000] {processor.py:153} INFO - Started process (PID=2122) to work on /home/airflow/.local/lib/python3.7/site-packages/airflow/example_dags/example_complex.py
[2023-02-07T21:03:48.391+0000] {processor.py:743} INFO - Processing file /home/airflow/.local/lib/python3.7/site-packages/airflow/example_dags/example_complex.py for tasks to queue
[2023-02-07T21:03:49.606+0000] {logging_mixin.py:137} INFO - [2023-02-07T21:03:49.068+0000] {dagbag.py:538} INFO - Filling up the DagBag from /home/airflow/.local/lib/python3.7/site-packages/airflow/example_dags/example_complex.py
[2023-02-07T21:03:51.539+0000] {logging_mixin.py:137} INFO - [2023-02-07T21:03:51.497+0000] {taskmixin.py:205} WARNING - Dependency <Task(BashOperator): create_entry_group>, delete_entry_group already registered for DAG: example_complex
[2023-02-07T21:03:51.542+0000] {logging_mixin.py:137} INFO - [2023-02-07T21:03:51.541+0000] {taskmixin.py:205} WARNING - Dependency <Task(BashOperator): delete_entry_group>, create_entry_group already registered for DAG: example_complex
[2023-02-07T21:03:51.545+0000] {logging_mixin.py:137} INFO - [2023-02-07T21:03:51.543+0000] {taskmixin.py:205} WARNING - Dependency <Task(BashOperator): create_entry_gcs>, delete_entry already registered for DAG: example_complex
[2023-02-07T21:03:51.549+0000] {logging_mixin.py:137} INFO - [2023-02-07T21:03:51.549+0000] {taskmixin.py:205} WARNING - Dependency <Task(BashOperator): delete_entry>, create_entry_gcs already registered for DAG: example_complex
[2023-02-07T21:03:51.557+0000] {logging_mixin.py:137} INFO - [2023-02-07T21:03:51.552+0000] {taskmixin.py:205} WARNING - Dependency <Task(BashOperator): create_tag>, delete_tag already registered for DAG: example_complex
[2023-02-07T21:03:51.574+0000] {logging_mixin.py:137} INFO - [2023-02-07T21:03:51.570+0000] {taskmixin.py:205} WARNING - Dependency <Task(BashOperator): delete_tag>, create_tag already registered for DAG: example_complex
[2023-02-07T21:03:54.549+0000] {processor.py:753} INFO - DAG(s) dict_keys(['example_complex']) retrieved from /home/airflow/.local/lib/python3.7/site-packages/airflow/example_dags/example_complex.py
[2023-02-07T21:04:14.324+0000] {logging_mixin.py:137} INFO - [2023-02-07T21:04:14.308+0000] {dag.py:2690} INFO - Sync 1 DAGs
[2023-02-07T21:04:15.276+0000] {logging_mixin.py:137} INFO - [2023-02-07T21:04:15.273+0000] {dag.py:3441} INFO - Setting next_dagrun for example_complex to None, run_after=None
[2023-02-07T21:04:28.476+0000] {processor.py:175} INFO - Processing /home/airflow/.local/lib/python3.7/site-packages/airflow/example_dags/example_complex.py took 46.465 seconds
[2023-02-07T21:31:20.206+0000] {processor.py:153} INFO - Started process (PID=2451) to work on /home/airflow/.local/lib/python3.7/site-packages/airflow/example_dags/example_complex.py
[2023-02-07T21:31:22.025+0000] {processor.py:743} INFO - Processing file /home/airflow/.local/lib/python3.7/site-packages/airflow/example_dags/example_complex.py for tasks to queue
[2023-02-07T21:31:22.223+0000] {logging_mixin.py:137} INFO - [2023-02-07T21:31:22.154+0000] {dagbag.py:538} INFO - Filling up the DagBag from /home/airflow/.local/lib/python3.7/site-packages/airflow/example_dags/example_complex.py
[2023-02-07T21:31:29.313+0000] {logging_mixin.py:137} INFO - [2023-02-07T21:31:29.030+0000] {taskmixin.py:205} WARNING - Dependency <Task(BashOperator): create_entry_group>, delete_entry_group already registered for DAG: example_complex
[2023-02-07T21:31:29.344+0000] {logging_mixin.py:137} INFO - [2023-02-07T21:31:29.339+0000] {taskmixin.py:205} WARNING - Dependency <Task(BashOperator): delete_entry_group>, create_entry_group already registered for DAG: example_complex
[2023-02-07T21:31:29.386+0000] {logging_mixin.py:137} INFO - [2023-02-07T21:31:29.386+0000] {taskmixin.py:205} WARNING - Dependency <Task(BashOperator): create_entry_gcs>, delete_entry already registered for DAG: example_complex
[2023-02-07T21:31:29.388+0000] {logging_mixin.py:137} INFO - [2023-02-07T21:31:29.388+0000] {taskmixin.py:205} WARNING - Dependency <Task(BashOperator): delete_entry>, create_entry_gcs already registered for DAG: example_complex
[2023-02-07T21:31:29.389+0000] {logging_mixin.py:137} INFO - [2023-02-07T21:31:29.389+0000] {taskmixin.py:205} WARNING - Dependency <Task(BashOperator): create_tag>, delete_tag already registered for DAG: example_complex
[2023-02-07T21:31:29.390+0000] {logging_mixin.py:137} INFO - [2023-02-07T21:31:29.390+0000] {taskmixin.py:205} WARNING - Dependency <Task(BashOperator): delete_tag>, create_tag already registered for DAG: example_complex
[2023-02-07T21:31:46.959+0000] {processor.py:753} INFO - DAG(s) dict_keys(['example_complex']) retrieved from /home/airflow/.local/lib/python3.7/site-packages/airflow/example_dags/example_complex.py
[2023-02-07T21:31:54.990+0000] {logging_mixin.py:137} INFO - [2023-02-07T21:31:54.949+0000] {dag.py:2690} INFO - Sync 1 DAGs
[2023-02-07T21:32:03.071+0000] {logging_mixin.py:137} INFO - [2023-02-07T21:32:03.054+0000] {dag.py:3441} INFO - Setting next_dagrun for example_complex to None, run_after=None
[2023-02-07T21:49:31.221+0000] {processor.py:153} INFO - Started process (PID=2709) to work on /home/airflow/.local/lib/python3.7/site-packages/airflow/example_dags/example_complex.py
[2023-02-07T21:49:33.843+0000] {processor.py:743} INFO - Processing file /home/airflow/.local/lib/python3.7/site-packages/airflow/example_dags/example_complex.py for tasks to queue
[2023-02-07T21:49:35.566+0000] {logging_mixin.py:137} INFO - [2023-02-07T21:49:34.951+0000] {dagbag.py:538} INFO - Filling up the DagBag from /home/airflow/.local/lib/python3.7/site-packages/airflow/example_dags/example_complex.py
[2023-02-07T21:49:51.772+0000] {logging_mixin.py:137} INFO - [2023-02-07T21:49:50.588+0000] {taskmixin.py:205} WARNING - Dependency <Task(BashOperator): create_entry_group>, delete_entry_group already registered for DAG: example_complex
[2023-02-07T21:49:51.784+0000] {logging_mixin.py:137} INFO - [2023-02-07T21:49:51.783+0000] {taskmixin.py:205} WARNING - Dependency <Task(BashOperator): delete_entry_group>, create_entry_group already registered for DAG: example_complex
[2023-02-07T21:49:51.790+0000] {logging_mixin.py:137} INFO - [2023-02-07T21:49:51.790+0000] {taskmixin.py:205} WARNING - Dependency <Task(BashOperator): create_entry_gcs>, delete_entry already registered for DAG: example_complex
[2023-02-07T21:49:51.792+0000] {logging_mixin.py:137} INFO - [2023-02-07T21:49:51.791+0000] {taskmixin.py:205} WARNING - Dependency <Task(BashOperator): delete_entry>, create_entry_gcs already registered for DAG: example_complex
[2023-02-07T21:49:51.795+0000] {logging_mixin.py:137} INFO - [2023-02-07T21:49:51.795+0000] {taskmixin.py:205} WARNING - Dependency <Task(BashOperator): create_tag>, delete_tag already registered for DAG: example_complex
[2023-02-07T21:49:51.798+0000] {logging_mixin.py:137} INFO - [2023-02-07T21:49:51.798+0000] {taskmixin.py:205} WARNING - Dependency <Task(BashOperator): delete_tag>, create_tag already registered for DAG: example_complex
[2023-02-07T21:49:58.171+0000] {processor.py:753} INFO - DAG(s) dict_keys(['example_complex']) retrieved from /home/airflow/.local/lib/python3.7/site-packages/airflow/example_dags/example_complex.py
[2023-02-07T22:10:27.503+0000] {processor.py:153} INFO - Started process (PID=2966) to work on /home/airflow/.local/lib/python3.7/site-packages/airflow/example_dags/example_complex.py
[2023-02-07T22:10:27.734+0000] {processor.py:743} INFO - Processing file /home/airflow/.local/lib/python3.7/site-packages/airflow/example_dags/example_complex.py for tasks to queue
[2023-02-07T22:10:28.336+0000] {logging_mixin.py:137} INFO - [2023-02-07T22:10:28.332+0000] {dagbag.py:538} INFO - Filling up the DagBag from /home/airflow/.local/lib/python3.7/site-packages/airflow/example_dags/example_complex.py
[2023-02-07T22:10:42.699+0000] {logging_mixin.py:137} INFO - [2023-02-07T22:10:40.236+0000] {taskmixin.py:205} WARNING - Dependency <Task(BashOperator): create_entry_group>, delete_entry_group already registered for DAG: example_complex
[2023-02-07T22:10:48.639+0000] {logging_mixin.py:137} INFO - [2023-02-07T22:10:43.085+0000] {taskmixin.py:205} WARNING - Dependency <Task(BashOperator): delete_entry_group>, create_entry_group already registered for DAG: example_complex
[2023-02-07T22:11:00.558+0000] {logging_mixin.py:137} INFO - [2023-02-07T22:11:00.186+0000] {timeout.py:68} ERROR - Process timed out, PID: 2966
[2023-02-07T22:11:01.228+0000] {logging_mixin.py:137} WARNING - --- Logging error ---
[2023-02-07T22:11:02.630+0000] {logging_mixin.py:137} WARNING - Traceback (most recent call last):
[2023-02-07T22:11:02.906+0000] {logging_mixin.py:137} WARNING -   File "/usr/local/lib/python3.7/logging/__init__.py", line 1028, in emit
    stream.write(msg + self.terminator)
[2023-02-07T22:11:02.907+0000] {logging_mixin.py:137} WARNING -   File "/home/airflow/.local/lib/python3.7/site-packages/airflow/utils/log/logging_mixin.py", line 149, in write
    self.flush()
[2023-02-07T22:11:02.908+0000] {logging_mixin.py:137} WARNING -   File "/home/airflow/.local/lib/python3.7/site-packages/airflow/utils/log/logging_mixin.py", line 156, in flush
    self._propagate_log(buf)
[2023-02-07T22:11:02.910+0000] {logging_mixin.py:137} WARNING -   File "/home/airflow/.local/lib/python3.7/site-packages/airflow/utils/log/logging_mixin.py", line 137, in _propagate_log
    self.logger.log(self.level, remove_escape_codes(message))
[2023-02-07T22:11:02.912+0000] {logging_mixin.py:137} WARNING -   File "/usr/local/lib/python3.7/logging/__init__.py", line 1444, in log
    self._log(level, msg, args, **kwargs)
[2023-02-07T22:11:02.913+0000] {logging_mixin.py:137} WARNING -   File "/usr/local/lib/python3.7/logging/__init__.py", line 1514, in _log
    self.handle(record)
[2023-02-07T22:11:02.914+0000] {logging_mixin.py:137} WARNING -   File "/usr/local/lib/python3.7/logging/__init__.py", line 1524, in handle
    self.callHandlers(record)
[2023-02-07T22:11:02.915+0000] {logging_mixin.py:137} WARNING -   File "/usr/local/lib/python3.7/logging/__init__.py", line 1586, in callHandlers
    hdlr.handle(record)
[2023-02-07T22:11:02.916+0000] {logging_mixin.py:137} WARNING -   File "/usr/local/lib/python3.7/logging/__init__.py", line 896, in handle
    self.release()
[2023-02-07T22:11:02.917+0000] {logging_mixin.py:137} WARNING -   File "/home/airflow/.local/lib/python3.7/site-packages/airflow/utils/timeout.py", line 69, in handle_timeout
    raise AirflowTaskTimeout(self.error_message)
[2023-02-07T22:11:02.918+0000] {logging_mixin.py:137} WARNING - airflow.exceptions.AirflowTaskTimeout: DagBag import timeout for /home/airflow/.local/lib/python3.7/site-packages/airflow/example_dags/example_complex.py after 30.0s.
Please take a look at these docs to improve your DAG import time:
* https://airflow.apache.org/docs/apache-airflow/2.5.1/best-practices.html#top-level-python-code
* https://airflow.apache.org/docs/apache-airflow/2.5.1/best-practices.html#reducing-dag-complexity, PID: 2966
[2023-02-07T22:11:02.921+0000] {logging_mixin.py:137} WARNING - Call stack:
[2023-02-07T22:29:00.889+0000] {processor.py:153} INFO - Started process (PID=3205) to work on /home/airflow/.local/lib/python3.7/site-packages/airflow/example_dags/example_complex.py
[2023-02-07T22:29:01.272+0000] {processor.py:743} INFO - Processing file /home/airflow/.local/lib/python3.7/site-packages/airflow/example_dags/example_complex.py for tasks to queue
[2023-02-07T22:29:01.522+0000] {logging_mixin.py:137} INFO - [2023-02-07T22:29:01.521+0000] {dagbag.py:538} INFO - Filling up the DagBag from /home/airflow/.local/lib/python3.7/site-packages/airflow/example_dags/example_complex.py
[2023-02-07T22:29:16.435+0000] {logging_mixin.py:137} INFO - [2023-02-07T22:29:16.332+0000] {taskmixin.py:205} WARNING - Dependency <Task(BashOperator): create_entry_group>, delete_entry_group already registered for DAG: example_complex
[2023-02-07T22:29:16.450+0000] {logging_mixin.py:137} INFO - [2023-02-07T22:29:16.450+0000] {taskmixin.py:205} WARNING - Dependency <Task(BashOperator): delete_entry_group>, create_entry_group already registered for DAG: example_complex
[2023-02-07T22:29:16.454+0000] {logging_mixin.py:137} INFO - [2023-02-07T22:29:16.454+0000] {taskmixin.py:205} WARNING - Dependency <Task(BashOperator): create_entry_gcs>, delete_entry already registered for DAG: example_complex
[2023-02-07T22:29:16.457+0000] {logging_mixin.py:137} INFO - [2023-02-07T22:29:16.457+0000] {taskmixin.py:205} WARNING - Dependency <Task(BashOperator): delete_entry>, create_entry_gcs already registered for DAG: example_complex
[2023-02-07T22:29:16.465+0000] {logging_mixin.py:137} INFO - [2023-02-07T22:29:16.460+0000] {taskmixin.py:205} WARNING - Dependency <Task(BashOperator): create_tag>, delete_tag already registered for DAG: example_complex
[2023-02-07T22:29:16.469+0000] {logging_mixin.py:137} INFO - [2023-02-07T22:29:16.469+0000] {taskmixin.py:205} WARNING - Dependency <Task(BashOperator): delete_tag>, create_tag already registered for DAG: example_complex
[2023-02-07T22:29:42.794+0000] {processor.py:753} INFO - DAG(s) dict_keys(['example_complex']) retrieved from /home/airflow/.local/lib/python3.7/site-packages/airflow/example_dags/example_complex.py
[2023-02-07T23:24:53.352+0000] {processor.py:153} INFO - Started process (PID=3595) to work on /home/airflow/.local/lib/python3.7/site-packages/airflow/example_dags/example_complex.py
[2023-02-07T23:24:53.368+0000] {processor.py:743} INFO - Processing file /home/airflow/.local/lib/python3.7/site-packages/airflow/example_dags/example_complex.py for tasks to queue
[2023-02-07T23:24:53.379+0000] {logging_mixin.py:137} INFO - [2023-02-07T23:24:53.379+0000] {dagbag.py:538} INFO - Filling up the DagBag from /home/airflow/.local/lib/python3.7/site-packages/airflow/example_dags/example_complex.py
[2023-02-07T23:24:57.704+0000] {logging_mixin.py:137} INFO - [2023-02-07T23:24:57.582+0000] {taskmixin.py:205} WARNING - Dependency <Task(BashOperator): create_entry_group>, delete_entry_group already registered for DAG: example_complex
[2023-02-07T23:24:57.750+0000] {logging_mixin.py:137} INFO - [2023-02-07T23:24:57.750+0000] {taskmixin.py:205} WARNING - Dependency <Task(BashOperator): delete_entry_group>, create_entry_group already registered for DAG: example_complex
[2023-02-07T23:24:57.766+0000] {logging_mixin.py:137} INFO - [2023-02-07T23:24:57.766+0000] {taskmixin.py:205} WARNING - Dependency <Task(BashOperator): create_entry_gcs>, delete_entry already registered for DAG: example_complex
[2023-02-07T23:24:57.774+0000] {logging_mixin.py:137} INFO - [2023-02-07T23:24:57.774+0000] {taskmixin.py:205} WARNING - Dependency <Task(BashOperator): delete_entry>, create_entry_gcs already registered for DAG: example_complex
[2023-02-07T23:24:57.776+0000] {logging_mixin.py:137} INFO - [2023-02-07T23:24:57.776+0000] {taskmixin.py:205} WARNING - Dependency <Task(BashOperator): create_tag>, delete_tag already registered for DAG: example_complex
[2023-02-07T23:24:57.779+0000] {logging_mixin.py:137} INFO - [2023-02-07T23:24:57.779+0000] {taskmixin.py:205} WARNING - Dependency <Task(BashOperator): delete_tag>, create_tag already registered for DAG: example_complex
[2023-02-07T23:25:34.552+0000] {processor.py:753} INFO - DAG(s) dict_keys(['example_complex']) retrieved from /home/airflow/.local/lib/python3.7/site-packages/airflow/example_dags/example_complex.py
[2023-02-07T23:37:22.070+0000] {processor.py:153} INFO - Started process (PID=3749) to work on /home/airflow/.local/lib/python3.7/site-packages/airflow/example_dags/example_complex.py
[2023-02-07T23:37:24.243+0000] {processor.py:743} INFO - Processing file /home/airflow/.local/lib/python3.7/site-packages/airflow/example_dags/example_complex.py for tasks to queue
[2023-02-07T23:39:21.957+0000] {processor.py:153} INFO - Started process (PID=3775) to work on /home/airflow/.local/lib/python3.7/site-packages/airflow/example_dags/example_complex.py
[2023-02-07T23:39:22.500+0000] {processor.py:743} INFO - Processing file /home/airflow/.local/lib/python3.7/site-packages/airflow/example_dags/example_complex.py for tasks to queue
[2023-02-07T23:39:22.526+0000] {logging_mixin.py:137} INFO - [2023-02-07T23:39:22.525+0000] {dagbag.py:538} INFO - Filling up the DagBag from /home/airflow/.local/lib/python3.7/site-packages/airflow/example_dags/example_complex.py
[2023-02-07T23:39:53.952+0000] {logging_mixin.py:137} INFO - [2023-02-07T23:39:53.941+0000] {timeout.py:68} ERROR - Process timed out, PID: 3775
[2023-02-07T23:39:55.716+0000] {logging_mixin.py:137} INFO - [2023-02-07T23:39:54.147+0000] {dagbag.py:343} ERROR - Failed to import: /home/airflow/.local/lib/python3.7/site-packages/airflow/example_dags/example_complex.py
Traceback (most recent call last):
  File "/home/airflow/.local/lib/python3.7/site-packages/airflow/models/dagbag.py", line 339, in parse
    loader.exec_module(new_module)
  File "<frozen importlib._bootstrap_external>", line 728, in exec_module
  File "<frozen importlib._bootstrap>", line 219, in _call_with_frames_removed
  File "/home/airflow/.local/lib/python3.7/site-packages/airflow/example_dags/example_complex.py", line 27, in <module>
    from airflow.operators.bash import BashOperator
  File "/home/airflow/.local/lib/python3.7/site-packages/airflow/operators/bash.py", line 26, in <module>
    from airflow.hooks.subprocess import SubprocessHook
  File "<frozen importlib._bootstrap>", line 983, in _find_and_load
  File "<frozen importlib._bootstrap>", line 967, in _find_and_load_unlocked
  File "<frozen importlib._bootstrap>", line 677, in _load_unlocked
  File "<frozen importlib._bootstrap_external>", line 724, in exec_module
  File "<frozen importlib._bootstrap_external>", line 807, in get_code
  File "<frozen importlib._bootstrap_external>", line 298, in cache_from_source
  File "/home/airflow/.local/lib/python3.7/site-packages/airflow/dag_processing/manager.py", line 466, in _exit_gracefully
    self.log.debug("Current Stacktrace is: %s", "\n".join(map(str, inspect.stack())))
  File "/usr/local/lib/python3.7/inspect.py", line 1513, in stack
    return getouterframes(sys._getframe(1), context)
  File "/usr/local/lib/python3.7/inspect.py", line 1490, in getouterframes
    frameinfo = (frame,) + getframeinfo(frame, context)
  File "/usr/local/lib/python3.7/inspect.py", line 1464, in getframeinfo
    lines, lnum = findsource(frame)
  File "/usr/local/lib/python3.7/inspect.py", line 780, in findsource
    module = getmodule(object, file)
  File "/usr/local/lib/python3.7/inspect.py", line 742, in getmodule
    os.path.realpath(f)] = module.__name__
  File "/usr/local/lib/python3.7/posixpath.py", line 395, in realpath
    path, ok = _joinrealpath(filename[:0], filename, {})
  File "/usr/local/lib/python3.7/posixpath.py", line 429, in _joinrealpath
    if not islink(newpath):
  File "/usr/local/lib/python3.7/posixpath.py", line 171, in islink
    st = os.lstat(path)
  File "/home/airflow/.local/lib/python3.7/site-packages/airflow/utils/timeout.py", line 69, in handle_timeout
    raise AirflowTaskTimeout(self.error_message)
airflow.exceptions.AirflowTaskTimeout: DagBag import timeout for /home/airflow/.local/lib/python3.7/site-packages/airflow/example_dags/example_complex.py after 30.0s.
Please take a look at these docs to improve your DAG import time:
* https://airflow.apache.org/docs/apache-airflow/2.5.1/best-practices.html#top-level-python-code
* https://airflow.apache.org/docs/apache-airflow/2.5.1/best-practices.html#reducing-dag-complexity, PID: 3775
[2023-02-07T23:39:55.773+0000] {processor.py:755} WARNING - No viable dags retrieved from /home/airflow/.local/lib/python3.7/site-packages/airflow/example_dags/example_complex.py
[2023-02-07T23:40:15.616+0000] {processor.py:175} INFO - Processing /home/airflow/.local/lib/python3.7/site-packages/airflow/example_dags/example_complex.py took 57.027 seconds
[2023-02-07T23:41:18.593+0000] {processor.py:153} INFO - Started process (PID=3805) to work on /home/airflow/.local/lib/python3.7/site-packages/airflow/example_dags/example_complex.py
[2023-02-07T23:41:22.165+0000] {processor.py:743} INFO - Processing file /home/airflow/.local/lib/python3.7/site-packages/airflow/example_dags/example_complex.py for tasks to queue
[2023-02-07T23:41:22.316+0000] {logging_mixin.py:137} INFO - [2023-02-07T23:41:22.315+0000] {dagbag.py:538} INFO - Filling up the DagBag from /home/airflow/.local/lib/python3.7/site-packages/airflow/example_dags/example_complex.py
[2023-02-07T23:41:56.013+0000] {logging_mixin.py:137} INFO - [2023-02-07T23:41:53.974+0000] {timeout.py:68} ERROR - Process timed out, PID: 3805
[2023-02-07T23:42:11.968+0000] {logging_mixin.py:137} INFO - [2023-02-07T23:41:57.116+0000] {dagbag.py:343} ERROR - Failed to import: /home/airflow/.local/lib/python3.7/site-packages/airflow/example_dags/example_complex.py
Traceback (most recent call last):
  File "/home/airflow/.local/lib/python3.7/site-packages/airflow/models/dagbag.py", line 339, in parse
    loader.exec_module(new_module)
  File "<frozen importlib._bootstrap_external>", line 728, in exec_module
  File "<frozen importlib._bootstrap>", line 219, in _call_with_frames_removed
  File "/home/airflow/.local/lib/python3.7/site-packages/airflow/example_dags/example_complex.py", line 89, in <module>
    delete_entry_group = BashOperator(task_id="delete_entry_group", bash_command="echo delete_entry_group")
  File "/home/airflow/.local/lib/python3.7/site-packages/airflow/models/baseoperator.py", line 394, in apply_defaults
    result = func(self, **kwargs, default_args=default_args)
  File "/home/airflow/.local/lib/python3.7/site-packages/airflow/operators/bash.py", line 147, in __init__
    super().__init__(**kwargs)
  File "/home/airflow/.local/lib/python3.7/site-packages/airflow/models/baseoperator.py", line 394, in apply_defaults
    result = func(self, **kwargs, default_args=default_args)
  File "/home/airflow/.local/lib/python3.7/site-packages/airflow/models/baseoperator.py", line 845, in __init__
    if not WeightRule.is_valid(weight_rule):
  File "/home/airflow/.local/lib/python3.7/site-packages/airflow/utils/weight_rule.py", line 35, in is_valid
    return weight_rule in cls.all_weight_rules()
  File "/home/airflow/.local/lib/python3.7/site-packages/airflow/dag_processing/manager.py", line 466, in _exit_gracefully
    self.log.debug("Current Stacktrace is: %s", "\n".join(map(str, inspect.stack())))
  File "/usr/local/lib/python3.7/inspect.py", line 1513, in stack
    return getouterframes(sys._getframe(1), context)
  File "/usr/local/lib/python3.7/inspect.py", line 1490, in getouterframes
    frameinfo = (frame,) + getframeinfo(frame, context)
  File "/usr/local/lib/python3.7/inspect.py", line 1464, in getframeinfo
    lines, lnum = findsource(frame)
  File "/usr/local/lib/python3.7/inspect.py", line 780, in findsource
    module = getmodule(object, file)
  File "/usr/local/lib/python3.7/inspect.py", line 739, in getmodule
    f = getabsfile(module)
  File "/usr/local/lib/python3.7/inspect.py", line 708, in getabsfile
    _filename = getsourcefile(object) or getfile(object)
  File "/usr/local/lib/python3.7/inspect.py", line 693, in getsourcefile
    if os.path.exists(filename):
  File "/usr/local/lib/python3.7/genericpath.py", line 19, in exists
    os.stat(path)
  File "/home/airflow/.local/lib/python3.7/site-packages/airflow/utils/timeout.py", line 69, in handle_timeout
    raise AirflowTaskTimeout(self.error_message)
airflow.exceptions.AirflowTaskTimeout: DagBag import timeout for /home/airflow/.local/lib/python3.7/site-packages/airflow/example_dags/example_complex.py after 30.0s.
Please take a look at these docs to improve your DAG import time:
* https://airflow.apache.org/docs/apache-airflow/2.5.1/best-practices.html#top-level-python-code
* https://airflow.apache.org/docs/apache-airflow/2.5.1/best-practices.html#reducing-dag-complexity, PID: 3805
[2023-02-07T23:42:14.377+0000] {processor.py:755} WARNING - No viable dags retrieved from /home/airflow/.local/lib/python3.7/site-packages/airflow/example_dags/example_complex.py
[2023-02-07T23:49:42.764+0000] {processor.py:153} INFO - Started process (PID=3890) to work on /home/airflow/.local/lib/python3.7/site-packages/airflow/example_dags/example_complex.py
[2023-02-07T23:49:47.791+0000] {processor.py:743} INFO - Processing file /home/airflow/.local/lib/python3.7/site-packages/airflow/example_dags/example_complex.py for tasks to queue
[2023-02-07T23:49:48.149+0000] {logging_mixin.py:137} INFO - [2023-02-07T23:49:48.147+0000] {dagbag.py:538} INFO - Filling up the DagBag from /home/airflow/.local/lib/python3.7/site-packages/airflow/example_dags/example_complex.py
[2023-02-07T23:50:20.615+0000] {logging_mixin.py:137} INFO - [2023-02-07T23:50:20.330+0000] {timeout.py:68} ERROR - Process timed out, PID: 3890
[2023-02-07T23:50:23.229+0000] {logging_mixin.py:137} INFO - [2023-02-07T23:50:22.015+0000] {dagbag.py:343} ERROR - Failed to import: /home/airflow/.local/lib/python3.7/site-packages/airflow/example_dags/example_complex.py
Traceback (most recent call last):
  File "/home/airflow/.local/lib/python3.7/site-packages/airflow/models/dagbag.py", line 339, in parse
    loader.exec_module(new_module)
  File "<frozen importlib._bootstrap_external>", line 728, in exec_module
  File "<frozen importlib._bootstrap>", line 219, in _call_with_frames_removed
  File "/home/airflow/.local/lib/python3.7/site-packages/airflow/example_dags/example_complex.py", line 34, in <module>
    tags=["example", "example2", "example3"],
  File "/home/airflow/.local/lib/python3.7/site-packages/airflow/models/dag.py", line 524, in __init__
    elif isinstance(schedule, Timetable):
  File "/home/airflow/.local/lib/python3.7/site-packages/typing_extensions.py", line 474, in __instancecheck__
    _is_callable_members_only(cls)) and
  File "/home/airflow/.local/lib/python3.7/site-packages/typing_extensions.py", line 414, in _is_callable_members_only
    return all(callable(getattr(cls, attr, None)) for attr in _get_protocol_attrs(cls))
  File "/home/airflow/.local/lib/python3.7/site-packages/typing_extensions.py", line 397, in _get_protocol_attrs
    if base.__name__ in ('Protocol', 'Generic'):
  File "/home/airflow/.local/lib/python3.7/site-packages/airflow/dag_processing/manager.py", line 466, in _exit_gracefully
    self.log.debug("Current Stacktrace is: %s", "\n".join(map(str, inspect.stack())))
  File "/usr/local/lib/python3.7/inspect.py", line 1513, in stack
    return getouterframes(sys._getframe(1), context)
  File "/usr/local/lib/python3.7/inspect.py", line 1490, in getouterframes
    frameinfo = (frame,) + getframeinfo(frame, context)
  File "/usr/local/lib/python3.7/inspect.py", line 1464, in getframeinfo
    lines, lnum = findsource(frame)
  File "/usr/local/lib/python3.7/inspect.py", line 780, in findsource
    module = getmodule(object, file)
  File "/usr/local/lib/python3.7/inspect.py", line 739, in getmodule
    f = getabsfile(module)
  File "/usr/local/lib/python3.7/inspect.py", line 708, in getabsfile
    _filename = getsourcefile(object) or getfile(object)
  File "/usr/local/lib/python3.7/inspect.py", line 693, in getsourcefile
    if os.path.exists(filename):
  File "/usr/local/lib/python3.7/genericpath.py", line 19, in exists
    os.stat(path)
  File "/home/airflow/.local/lib/python3.7/site-packages/airflow/utils/timeout.py", line 69, in handle_timeout
    raise AirflowTaskTimeout(self.error_message)
airflow.exceptions.AirflowTaskTimeout: DagBag import timeout for /home/airflow/.local/lib/python3.7/site-packages/airflow/example_dags/example_complex.py after 30.0s.
Please take a look at these docs to improve your DAG import time:
* https://airflow.apache.org/docs/apache-airflow/2.5.1/best-practices.html#top-level-python-code
* https://airflow.apache.org/docs/apache-airflow/2.5.1/best-practices.html#reducing-dag-complexity, PID: 3890
[2023-02-07T23:50:23.267+0000] {processor.py:755} WARNING - No viable dags retrieved from /home/airflow/.local/lib/python3.7/site-packages/airflow/example_dags/example_complex.py
[2023-02-07T23:50:35.063+0000] {processor.py:175} INFO - Processing /home/airflow/.local/lib/python3.7/site-packages/airflow/example_dags/example_complex.py took 55.558 seconds
[2023-02-07T23:51:55.825+0000] {processor.py:153} INFO - Started process (PID=3931) to work on /home/airflow/.local/lib/python3.7/site-packages/airflow/example_dags/example_complex.py
[2023-02-07T23:51:55.859+0000] {processor.py:743} INFO - Processing file /home/airflow/.local/lib/python3.7/site-packages/airflow/example_dags/example_complex.py for tasks to queue
[2023-02-07T23:51:55.920+0000] {logging_mixin.py:137} INFO - [2023-02-07T23:51:55.920+0000] {dagbag.py:538} INFO - Filling up the DagBag from /home/airflow/.local/lib/python3.7/site-packages/airflow/example_dags/example_complex.py
[2023-02-07T23:51:59.144+0000] {logging_mixin.py:137} INFO - [2023-02-07T23:51:59.050+0000] {taskmixin.py:205} WARNING - Dependency <Task(BashOperator): create_entry_group>, delete_entry_group already registered for DAG: example_complex
[2023-02-07T23:51:59.221+0000] {logging_mixin.py:137} INFO - [2023-02-07T23:51:59.218+0000] {taskmixin.py:205} WARNING - Dependency <Task(BashOperator): delete_entry_group>, create_entry_group already registered for DAG: example_complex
[2023-02-07T23:51:59.236+0000] {logging_mixin.py:137} INFO - [2023-02-07T23:51:59.225+0000] {taskmixin.py:205} WARNING - Dependency <Task(BashOperator): create_entry_gcs>, delete_entry already registered for DAG: example_complex
[2023-02-07T23:51:59.241+0000] {logging_mixin.py:137} INFO - [2023-02-07T23:51:59.237+0000] {taskmixin.py:205} WARNING - Dependency <Task(BashOperator): delete_entry>, create_entry_gcs already registered for DAG: example_complex
[2023-02-07T23:51:59.262+0000] {logging_mixin.py:137} INFO - [2023-02-07T23:51:59.262+0000] {taskmixin.py:205} WARNING - Dependency <Task(BashOperator): create_tag>, delete_tag already registered for DAG: example_complex
[2023-02-07T23:51:59.268+0000] {logging_mixin.py:137} INFO - [2023-02-07T23:51:59.267+0000] {taskmixin.py:205} WARNING - Dependency <Task(BashOperator): delete_tag>, create_tag already registered for DAG: example_complex
[2023-02-07T23:52:07.504+0000] {processor.py:753} INFO - DAG(s) dict_keys(['example_complex']) retrieved from /home/airflow/.local/lib/python3.7/site-packages/airflow/example_dags/example_complex.py
[2023-02-07T23:53:08.953+0000] {logging_mixin.py:137} INFO - [2023-02-07T23:53:08.366+0000] {dag.py:2690} INFO - Sync 1 DAGs
