[2023-02-07T17:54:23.821+0000] {processor.py:153} INFO - Started process (PID=54) to work on /home/airflow/.local/lib/python3.7/site-packages/airflow/example_dags/example_task_group.py
[2023-02-07T17:54:23.826+0000] {processor.py:743} INFO - Processing file /home/airflow/.local/lib/python3.7/site-packages/airflow/example_dags/example_task_group.py for tasks to queue
[2023-02-07T17:54:23.828+0000] {logging_mixin.py:137} INFO - [2023-02-07T17:54:23.828+0000] {dagbag.py:538} INFO - Filling up the DagBag from /home/airflow/.local/lib/python3.7/site-packages/airflow/example_dags/example_task_group.py
[2023-02-07T17:54:23.915+0000] {processor.py:753} INFO - DAG(s) dict_keys(['example_task_group']) retrieved from /home/airflow/.local/lib/python3.7/site-packages/airflow/example_dags/example_task_group.py
[2023-02-07T17:54:24.060+0000] {logging_mixin.py:137} INFO - [2023-02-07T17:54:24.060+0000] {dag.py:2690} INFO - Sync 1 DAGs
[2023-02-07T17:54:24.167+0000] {logging_mixin.py:137} INFO - [2023-02-07T17:54:24.166+0000] {dag.py:3441} INFO - Setting next_dagrun for example_task_group to 2023-02-06T17:54:24.164222+00:00, run_after=2023-02-07T17:54:24.164222+00:00
[2023-02-07T17:54:24.285+0000] {processor.py:175} INFO - Processing /home/airflow/.local/lib/python3.7/site-packages/airflow/example_dags/example_task_group.py took 0.485 seconds
[2023-02-07T17:54:57.426+0000] {processor.py:153} INFO - Started process (PID=114) to work on /home/airflow/.local/lib/python3.7/site-packages/airflow/example_dags/example_task_group.py
[2023-02-07T17:54:57.452+0000] {processor.py:743} INFO - Processing file /home/airflow/.local/lib/python3.7/site-packages/airflow/example_dags/example_task_group.py for tasks to queue
[2023-02-07T17:54:57.455+0000] {logging_mixin.py:137} INFO - [2023-02-07T17:54:57.454+0000] {dagbag.py:538} INFO - Filling up the DagBag from /home/airflow/.local/lib/python3.7/site-packages/airflow/example_dags/example_task_group.py
[2023-02-07T17:54:57.709+0000] {processor.py:753} INFO - DAG(s) dict_keys(['example_task_group']) retrieved from /home/airflow/.local/lib/python3.7/site-packages/airflow/example_dags/example_task_group.py
[2023-02-07T17:54:57.991+0000] {logging_mixin.py:137} INFO - [2023-02-07T17:54:57.990+0000] {dag.py:2690} INFO - Sync 1 DAGs
[2023-02-07T17:54:58.059+0000] {logging_mixin.py:137} INFO - [2023-02-07T17:54:58.058+0000] {dag.py:3441} INFO - Setting next_dagrun for example_task_group to 2023-02-06T17:54:58.057433+00:00, run_after=2023-02-07T17:54:58.057433+00:00
[2023-02-07T17:54:58.116+0000] {processor.py:175} INFO - Processing /home/airflow/.local/lib/python3.7/site-packages/airflow/example_dags/example_task_group.py took 0.734 seconds
[2023-02-07T17:57:53.734+0000] {processor.py:153} INFO - Started process (PID=193) to work on /home/airflow/.local/lib/python3.7/site-packages/airflow/example_dags/example_task_group.py
[2023-02-07T17:57:56.050+0000] {processor.py:743} INFO - Processing file /home/airflow/.local/lib/python3.7/site-packages/airflow/example_dags/example_task_group.py for tasks to queue
[2023-02-07T17:57:57.088+0000] {logging_mixin.py:137} INFO - [2023-02-07T17:57:56.760+0000] {dagbag.py:538} INFO - Filling up the DagBag from /home/airflow/.local/lib/python3.7/site-packages/airflow/example_dags/example_task_group.py
[2023-02-07T17:58:12.614+0000] {processor.py:753} INFO - DAG(s) dict_keys(['example_task_group']) retrieved from /home/airflow/.local/lib/python3.7/site-packages/airflow/example_dags/example_task_group.py
[2023-02-07T17:58:15.639+0000] {logging_mixin.py:137} INFO - [2023-02-07T17:58:15.605+0000] {dag.py:2690} INFO - Sync 1 DAGs
[2023-02-07T17:58:20.119+0000] {logging_mixin.py:137} INFO - [2023-02-07T17:58:18.153+0000] {dag.py:3441} INFO - Setting next_dagrun for example_task_group to 2023-02-06T17:58:17.774501+00:00, run_after=2023-02-07T17:58:17.774501+00:00
[2023-02-07T17:58:30.772+0000] {processor.py:175} INFO - Processing /home/airflow/.local/lib/python3.7/site-packages/airflow/example_dags/example_task_group.py took 37.902 seconds
[2023-02-07T18:13:54.971+0000] {processor.py:153} INFO - Started process (PID=443) to work on /home/airflow/.local/lib/python3.7/site-packages/airflow/example_dags/example_task_group.py
[2023-02-07T18:13:55.369+0000] {processor.py:743} INFO - Processing file /home/airflow/.local/lib/python3.7/site-packages/airflow/example_dags/example_task_group.py for tasks to queue
[2023-02-07T18:13:56.375+0000] {logging_mixin.py:137} INFO - [2023-02-07T18:13:55.980+0000] {dagbag.py:538} INFO - Filling up the DagBag from /home/airflow/.local/lib/python3.7/site-packages/airflow/example_dags/example_task_group.py
[2023-02-07T18:14:12.856+0000] {processor.py:753} INFO - DAG(s) dict_keys(['example_task_group']) retrieved from /home/airflow/.local/lib/python3.7/site-packages/airflow/example_dags/example_task_group.py
[2023-02-07T18:14:40.654+0000] {logging_mixin.py:137} INFO - [2023-02-07T18:14:39.528+0000] {dag.py:2690} INFO - Sync 1 DAGs
[2023-02-07T18:31:20.901+0000] {processor.py:153} INFO - Started process (PID=573) to work on /home/airflow/.local/lib/python3.7/site-packages/airflow/example_dags/example_task_group.py
[2023-02-07T18:31:21.780+0000] {processor.py:743} INFO - Processing file /home/airflow/.local/lib/python3.7/site-packages/airflow/example_dags/example_task_group.py for tasks to queue
[2023-02-07T18:31:21.792+0000] {logging_mixin.py:137} INFO - [2023-02-07T18:31:21.791+0000] {dagbag.py:538} INFO - Filling up the DagBag from /home/airflow/.local/lib/python3.7/site-packages/airflow/example_dags/example_task_group.py
[2023-02-07T18:31:30.971+0000] {processor.py:753} INFO - DAG(s) dict_keys(['example_task_group']) retrieved from /home/airflow/.local/lib/python3.7/site-packages/airflow/example_dags/example_task_group.py
[2023-02-07T18:46:41.233+0000] {processor.py:153} INFO - Started process (PID=783) to work on /home/airflow/.local/lib/python3.7/site-packages/airflow/example_dags/example_task_group.py
[2023-02-07T18:46:41.267+0000] {processor.py:743} INFO - Processing file /home/airflow/.local/lib/python3.7/site-packages/airflow/example_dags/example_task_group.py for tasks to queue
[2023-02-07T18:46:41.296+0000] {logging_mixin.py:137} INFO - [2023-02-07T18:46:41.295+0000] {dagbag.py:538} INFO - Filling up the DagBag from /home/airflow/.local/lib/python3.7/site-packages/airflow/example_dags/example_task_group.py
[2023-02-07T18:46:42.003+0000] {processor.py:753} INFO - DAG(s) dict_keys(['example_task_group']) retrieved from /home/airflow/.local/lib/python3.7/site-packages/airflow/example_dags/example_task_group.py
[2023-02-07T18:47:02.821+0000] {logging_mixin.py:137} INFO - [2023-02-07T18:47:02.794+0000] {dag.py:2690} INFO - Sync 1 DAGs
[2023-02-07T18:47:06.349+0000] {logging_mixin.py:137} INFO - [2023-02-07T18:47:06.318+0000] {dag.py:3441} INFO - Setting next_dagrun for example_task_group to 2023-02-06T18:47:06.315722+00:00, run_after=2023-02-07T18:47:06.315722+00:00
[2023-02-07T18:47:11.663+0000] {processor.py:175} INFO - Processing /home/airflow/.local/lib/python3.7/site-packages/airflow/example_dags/example_task_group.py took 30.853 seconds
[2023-02-07T19:03:27.826+0000] {processor.py:153} INFO - Started process (PID=966) to work on /home/airflow/.local/lib/python3.7/site-packages/airflow/example_dags/example_task_group.py
[2023-02-07T19:03:27.883+0000] {processor.py:743} INFO - Processing file /home/airflow/.local/lib/python3.7/site-packages/airflow/example_dags/example_task_group.py for tasks to queue
[2023-02-07T19:03:27.896+0000] {logging_mixin.py:137} INFO - [2023-02-07T19:03:27.895+0000] {dagbag.py:538} INFO - Filling up the DagBag from /home/airflow/.local/lib/python3.7/site-packages/airflow/example_dags/example_task_group.py
[2023-02-07T19:03:28.161+0000] {processor.py:753} INFO - DAG(s) dict_keys(['example_task_group']) retrieved from /home/airflow/.local/lib/python3.7/site-packages/airflow/example_dags/example_task_group.py
[2023-02-07T19:03:32.090+0000] {logging_mixin.py:137} INFO - [2023-02-07T19:03:32.073+0000] {dag.py:2690} INFO - Sync 1 DAGs
[2023-02-07T19:03:43.461+0000] {logging_mixin.py:137} INFO - [2023-02-07T19:03:43.458+0000] {dag.py:3441} INFO - Setting next_dagrun for example_task_group to 2023-02-06T19:03:43.454105+00:00, run_after=2023-02-07T19:03:43.454105+00:00
[2023-02-07T19:03:58.239+0000] {processor.py:175} INFO - Processing /home/airflow/.local/lib/python3.7/site-packages/airflow/example_dags/example_task_group.py took 31.091 seconds
[2023-02-07T19:20:22.853+0000] {processor.py:153} INFO - Started process (PID=1192) to work on /home/airflow/.local/lib/python3.7/site-packages/airflow/example_dags/example_task_group.py
[2023-02-07T19:20:22.991+0000] {processor.py:743} INFO - Processing file /home/airflow/.local/lib/python3.7/site-packages/airflow/example_dags/example_task_group.py for tasks to queue
[2023-02-07T19:20:23.033+0000] {logging_mixin.py:137} INFO - [2023-02-07T19:20:23.022+0000] {dagbag.py:538} INFO - Filling up the DagBag from /home/airflow/.local/lib/python3.7/site-packages/airflow/example_dags/example_task_group.py
[2023-02-07T19:20:42.635+0000] {processor.py:753} INFO - DAG(s) dict_keys(['example_task_group']) retrieved from /home/airflow/.local/lib/python3.7/site-packages/airflow/example_dags/example_task_group.py
[2023-02-07T19:20:55.097+0000] {logging_mixin.py:137} INFO - [2023-02-07T19:20:55.069+0000] {dag.py:2690} INFO - Sync 1 DAGs
[2023-02-07T19:21:09.229+0000] {logging_mixin.py:137} INFO - [2023-02-07T19:21:09.117+0000] {dag.py:3441} INFO - Setting next_dagrun for example_task_group to 2023-02-06T19:21:06.446857+00:00, run_after=2023-02-07T19:21:06.446857+00:00
[2023-02-07T19:37:05.329+0000] {processor.py:153} INFO - Started process (PID=1437) to work on /home/airflow/.local/lib/python3.7/site-packages/airflow/example_dags/example_task_group.py
[2023-02-07T19:37:05.478+0000] {processor.py:743} INFO - Processing file /home/airflow/.local/lib/python3.7/site-packages/airflow/example_dags/example_task_group.py for tasks to queue
[2023-02-07T19:37:05.501+0000] {logging_mixin.py:137} INFO - [2023-02-07T19:37:05.500+0000] {dagbag.py:538} INFO - Filling up the DagBag from /home/airflow/.local/lib/python3.7/site-packages/airflow/example_dags/example_task_group.py
[2023-02-07T19:37:14.954+0000] {processor.py:753} INFO - DAG(s) dict_keys(['example_task_group']) retrieved from /home/airflow/.local/lib/python3.7/site-packages/airflow/example_dags/example_task_group.py
[2023-02-07T19:37:31.865+0000] {logging_mixin.py:137} INFO - [2023-02-07T19:37:31.798+0000] {dag.py:2690} INFO - Sync 1 DAGs
[2023-02-07T19:37:38.966+0000] {logging_mixin.py:137} INFO - [2023-02-07T19:37:38.927+0000] {dag.py:3441} INFO - Setting next_dagrun for example_task_group to 2023-02-06T19:37:38.718492+00:00, run_after=2023-02-07T19:37:38.718492+00:00
[2023-02-07T19:37:44.932+0000] {processor.py:175} INFO - Processing /home/airflow/.local/lib/python3.7/site-packages/airflow/example_dags/example_task_group.py took 40.040 seconds
[2023-02-07T19:49:01.551+0000] {processor.py:153} INFO - Started process (PID=1595) to work on /home/airflow/.local/lib/python3.7/site-packages/airflow/example_dags/example_task_group.py
[2023-02-07T19:49:01.567+0000] {processor.py:743} INFO - Processing file /home/airflow/.local/lib/python3.7/site-packages/airflow/example_dags/example_task_group.py for tasks to queue
[2023-02-07T19:49:01.585+0000] {logging_mixin.py:137} INFO - [2023-02-07T19:49:01.584+0000] {dagbag.py:538} INFO - Filling up the DagBag from /home/airflow/.local/lib/python3.7/site-packages/airflow/example_dags/example_task_group.py
[2023-02-07T19:49:05.927+0000] {processor.py:753} INFO - DAG(s) dict_keys(['example_task_group']) retrieved from /home/airflow/.local/lib/python3.7/site-packages/airflow/example_dags/example_task_group.py
[2023-02-07T19:49:09.347+0000] {logging_mixin.py:137} INFO - [2023-02-07T19:49:09.246+0000] {dag.py:2690} INFO - Sync 1 DAGs
[2023-02-07T19:49:11.015+0000] {logging_mixin.py:137} INFO - [2023-02-07T19:49:10.956+0000] {dag.py:3441} INFO - Setting next_dagrun for example_task_group to 2023-02-06T19:49:10.618562+00:00, run_after=2023-02-07T19:49:10.618562+00:00
[2023-02-07T19:49:16.557+0000] {processor.py:175} INFO - Processing /home/airflow/.local/lib/python3.7/site-packages/airflow/example_dags/example_task_group.py took 15.108 seconds
[2023-02-07T20:39:05.184+0000] {processor.py:153} INFO - Started process (PID=1734) to work on /home/airflow/.local/lib/python3.7/site-packages/airflow/example_dags/example_task_group.py
[2023-02-07T20:39:05.239+0000] {processor.py:743} INFO - Processing file /home/airflow/.local/lib/python3.7/site-packages/airflow/example_dags/example_task_group.py for tasks to queue
[2023-02-07T20:39:05.394+0000] {logging_mixin.py:137} INFO - [2023-02-07T20:39:05.393+0000] {dagbag.py:538} INFO - Filling up the DagBag from /home/airflow/.local/lib/python3.7/site-packages/airflow/example_dags/example_task_group.py
[2023-02-07T20:48:59.550+0000] {processor.py:153} INFO - Started process (PID=1884) to work on /home/airflow/.local/lib/python3.7/site-packages/airflow/example_dags/example_task_group.py
[2023-02-07T20:49:00.778+0000] {processor.py:743} INFO - Processing file /home/airflow/.local/lib/python3.7/site-packages/airflow/example_dags/example_task_group.py for tasks to queue
[2023-02-07T20:49:03.445+0000] {logging_mixin.py:137} INFO - [2023-02-07T20:49:02.618+0000] {dagbag.py:538} INFO - Filling up the DagBag from /home/airflow/.local/lib/python3.7/site-packages/airflow/example_dags/example_task_group.py
[2023-02-07T20:49:10.527+0000] {processor.py:753} INFO - DAG(s) dict_keys(['example_task_group']) retrieved from /home/airflow/.local/lib/python3.7/site-packages/airflow/example_dags/example_task_group.py
[2023-02-07T20:49:35.323+0000] {logging_mixin.py:137} INFO - [2023-02-07T20:49:35.112+0000] {dag.py:2690} INFO - Sync 1 DAGs
[2023-02-07T21:07:00.203+0000] {processor.py:153} INFO - Started process (PID=2161) to work on /home/airflow/.local/lib/python3.7/site-packages/airflow/example_dags/example_task_group.py
[2023-02-07T21:07:00.305+0000] {processor.py:743} INFO - Processing file /home/airflow/.local/lib/python3.7/site-packages/airflow/example_dags/example_task_group.py for tasks to queue
[2023-02-07T21:07:00.482+0000] {logging_mixin.py:137} INFO - [2023-02-07T21:07:00.482+0000] {dagbag.py:538} INFO - Filling up the DagBag from /home/airflow/.local/lib/python3.7/site-packages/airflow/example_dags/example_task_group.py
[2023-02-07T21:07:06.225+0000] {processor.py:753} INFO - DAG(s) dict_keys(['example_task_group']) retrieved from /home/airflow/.local/lib/python3.7/site-packages/airflow/example_dags/example_task_group.py
[2023-02-07T21:34:15.511+0000] {processor.py:153} INFO - Started process (PID=2490) to work on /home/airflow/.local/lib/python3.7/site-packages/airflow/example_dags/example_task_group.py
[2023-02-07T21:34:15.825+0000] {processor.py:743} INFO - Processing file /home/airflow/.local/lib/python3.7/site-packages/airflow/example_dags/example_task_group.py for tasks to queue
[2023-02-07T21:34:16.040+0000] {logging_mixin.py:137} INFO - [2023-02-07T21:34:16.039+0000] {dagbag.py:538} INFO - Filling up the DagBag from /home/airflow/.local/lib/python3.7/site-packages/airflow/example_dags/example_task_group.py
[2023-02-07T21:34:25.964+0000] {processor.py:753} INFO - DAG(s) dict_keys(['example_task_group']) retrieved from /home/airflow/.local/lib/python3.7/site-packages/airflow/example_dags/example_task_group.py
[2023-02-07T21:34:53.728+0000] {logging_mixin.py:137} INFO - [2023-02-07T21:34:53.623+0000] {dag.py:2690} INFO - Sync 1 DAGs
[2023-02-07T21:35:00.242+0000] {logging_mixin.py:137} INFO - [2023-02-07T21:35:00.207+0000] {dag.py:3441} INFO - Setting next_dagrun for example_task_group to 2023-02-06T21:34:59.881704+00:00, run_after=2023-02-07T21:34:59.881704+00:00
[2023-02-07T21:51:16.773+0000] {processor.py:153} INFO - Started process (PID=2716) to work on /home/airflow/.local/lib/python3.7/site-packages/airflow/example_dags/example_task_group.py
[2023-02-07T21:51:16.873+0000] {processor.py:743} INFO - Processing file /home/airflow/.local/lib/python3.7/site-packages/airflow/example_dags/example_task_group.py for tasks to queue
[2023-02-07T21:51:16.890+0000] {logging_mixin.py:137} INFO - [2023-02-07T21:51:16.889+0000] {dagbag.py:538} INFO - Filling up the DagBag from /home/airflow/.local/lib/python3.7/site-packages/airflow/example_dags/example_task_group.py
[2023-02-07T21:51:32.029+0000] {processor.py:753} INFO - DAG(s) dict_keys(['example_task_group']) retrieved from /home/airflow/.local/lib/python3.7/site-packages/airflow/example_dags/example_task_group.py
[2023-02-07T21:52:04.398+0000] {logging_mixin.py:137} INFO - [2023-02-07T21:52:04.067+0000] {dag.py:2690} INFO - Sync 1 DAGs
[2023-02-07T22:13:10.002+0000] {processor.py:153} INFO - Started process (PID=2996) to work on /home/airflow/.local/lib/python3.7/site-packages/airflow/example_dags/example_task_group.py
[2023-02-07T22:13:10.085+0000] {processor.py:743} INFO - Processing file /home/airflow/.local/lib/python3.7/site-packages/airflow/example_dags/example_task_group.py for tasks to queue
[2023-02-07T22:13:10.884+0000] {logging_mixin.py:137} INFO - [2023-02-07T22:13:10.873+0000] {dagbag.py:538} INFO - Filling up the DagBag from /home/airflow/.local/lib/python3.7/site-packages/airflow/example_dags/example_task_group.py
[2023-02-07T22:13:31.936+0000] {processor.py:753} INFO - DAG(s) dict_keys(['example_task_group']) retrieved from /home/airflow/.local/lib/python3.7/site-packages/airflow/example_dags/example_task_group.py
[2023-02-07T22:32:08.548+0000] {processor.py:153} INFO - Started process (PID=3239) to work on /home/airflow/.local/lib/python3.7/site-packages/airflow/example_dags/example_task_group.py
[2023-02-07T22:32:08.633+0000] {processor.py:743} INFO - Processing file /home/airflow/.local/lib/python3.7/site-packages/airflow/example_dags/example_task_group.py for tasks to queue
[2023-02-07T22:32:09.304+0000] {logging_mixin.py:137} INFO - [2023-02-07T22:32:09.302+0000] {dagbag.py:538} INFO - Filling up the DagBag from /home/airflow/.local/lib/python3.7/site-packages/airflow/example_dags/example_task_group.py
[2023-02-07T22:32:32.487+0000] {processor.py:753} INFO - DAG(s) dict_keys(['example_task_group']) retrieved from /home/airflow/.local/lib/python3.7/site-packages/airflow/example_dags/example_task_group.py
[2023-02-07T23:28:14.773+0000] {processor.py:153} INFO - Started process (PID=3635) to work on /home/airflow/.local/lib/python3.7/site-packages/airflow/example_dags/example_task_group.py
[2023-02-07T23:28:18.238+0000] {processor.py:743} INFO - Processing file /home/airflow/.local/lib/python3.7/site-packages/airflow/example_dags/example_task_group.py for tasks to queue
[2023-02-07T23:28:23.365+0000] {logging_mixin.py:137} INFO - [2023-02-07T23:28:23.119+0000] {dagbag.py:538} INFO - Filling up the DagBag from /home/airflow/.local/lib/python3.7/site-packages/airflow/example_dags/example_task_group.py
[2023-02-07T23:55:19.629+0000] {processor.py:153} INFO - Started process (PID=3989) to work on /home/airflow/.local/lib/python3.7/site-packages/airflow/example_dags/example_task_group.py
[2023-02-07T23:55:20.770+0000] {processor.py:743} INFO - Processing file /home/airflow/.local/lib/python3.7/site-packages/airflow/example_dags/example_task_group.py for tasks to queue
[2023-02-07T23:55:31.435+0000] {logging_mixin.py:137} INFO - [2023-02-07T23:55:23.049+0000] {dagbag.py:538} INFO - Filling up the DagBag from /home/airflow/.local/lib/python3.7/site-packages/airflow/example_dags/example_task_group.py
