[2023-02-07T17:54:24.277+0000] {processor.py:153} INFO - Started process (PID=55) to work on /home/airflow/.local/lib/python3.7/site-packages/airflow/example_dags/example_skip_dag.py
[2023-02-07T17:54:24.288+0000] {processor.py:743} INFO - Processing file /home/airflow/.local/lib/python3.7/site-packages/airflow/example_dags/example_skip_dag.py for tasks to queue
[2023-02-07T17:54:24.291+0000] {logging_mixin.py:137} INFO - [2023-02-07T17:54:24.291+0000] {dagbag.py:538} INFO - Filling up the DagBag from /home/airflow/.local/lib/python3.7/site-packages/airflow/example_dags/example_skip_dag.py
[2023-02-07T17:54:24.458+0000] {processor.py:753} INFO - DAG(s) dict_keys(['example_skip_dag']) retrieved from /home/airflow/.local/lib/python3.7/site-packages/airflow/example_dags/example_skip_dag.py
[2023-02-07T17:54:24.706+0000] {logging_mixin.py:137} INFO - [2023-02-07T17:54:24.706+0000] {dag.py:2690} INFO - Sync 1 DAGs
[2023-02-07T17:54:24.799+0000] {logging_mixin.py:137} INFO - [2023-02-07T17:54:24.798+0000] {dag.py:3441} INFO - Setting next_dagrun for example_skip_dag to 2023-02-06T17:54:24.798220+00:00, run_after=2023-02-07T17:54:24.798220+00:00
[2023-02-07T17:54:24.853+0000] {processor.py:175} INFO - Processing /home/airflow/.local/lib/python3.7/site-packages/airflow/example_dags/example_skip_dag.py took 0.593 seconds
[2023-02-07T17:54:58.198+0000] {processor.py:153} INFO - Started process (PID=115) to work on /home/airflow/.local/lib/python3.7/site-packages/airflow/example_dags/example_skip_dag.py
[2023-02-07T17:54:58.202+0000] {processor.py:743} INFO - Processing file /home/airflow/.local/lib/python3.7/site-packages/airflow/example_dags/example_skip_dag.py for tasks to queue
[2023-02-07T17:54:58.205+0000] {logging_mixin.py:137} INFO - [2023-02-07T17:54:58.204+0000] {dagbag.py:538} INFO - Filling up the DagBag from /home/airflow/.local/lib/python3.7/site-packages/airflow/example_dags/example_skip_dag.py
[2023-02-07T17:54:58.245+0000] {processor.py:753} INFO - DAG(s) dict_keys(['example_skip_dag']) retrieved from /home/airflow/.local/lib/python3.7/site-packages/airflow/example_dags/example_skip_dag.py
[2023-02-07T17:54:58.316+0000] {logging_mixin.py:137} INFO - [2023-02-07T17:54:58.316+0000] {dag.py:2690} INFO - Sync 1 DAGs
[2023-02-07T17:54:58.378+0000] {logging_mixin.py:137} INFO - [2023-02-07T17:54:58.378+0000] {dag.py:3441} INFO - Setting next_dagrun for example_skip_dag to 2023-02-06T17:54:58.378352+00:00, run_after=2023-02-07T17:54:58.378352+00:00
[2023-02-07T17:54:58.424+0000] {processor.py:175} INFO - Processing /home/airflow/.local/lib/python3.7/site-packages/airflow/example_dags/example_skip_dag.py took 0.234 seconds
[2023-02-07T17:58:14.845+0000] {processor.py:153} INFO - Started process (PID=196) to work on /home/airflow/.local/lib/python3.7/site-packages/airflow/example_dags/example_skip_dag.py
[2023-02-07T17:58:14.972+0000] {processor.py:743} INFO - Processing file /home/airflow/.local/lib/python3.7/site-packages/airflow/example_dags/example_skip_dag.py for tasks to queue
[2023-02-07T17:58:14.988+0000] {logging_mixin.py:137} INFO - [2023-02-07T17:58:14.987+0000] {dagbag.py:538} INFO - Filling up the DagBag from /home/airflow/.local/lib/python3.7/site-packages/airflow/example_dags/example_skip_dag.py
[2023-02-07T17:58:16.208+0000] {processor.py:753} INFO - DAG(s) dict_keys(['example_skip_dag']) retrieved from /home/airflow/.local/lib/python3.7/site-packages/airflow/example_dags/example_skip_dag.py
[2023-02-07T17:58:34.772+0000] {logging_mixin.py:137} INFO - [2023-02-07T17:58:34.238+0000] {dag.py:2690} INFO - Sync 1 DAGs
[2023-02-07T17:58:49.733+0000] {logging_mixin.py:137} INFO - [2023-02-07T17:58:49.709+0000] {dag.py:3441} INFO - Setting next_dagrun for example_skip_dag to 2023-02-06T17:58:49.660348+00:00, run_after=2023-02-07T17:58:49.660348+00:00
[2023-02-07T17:58:53.010+0000] {processor.py:175} INFO - Processing /home/airflow/.local/lib/python3.7/site-packages/airflow/example_dags/example_skip_dag.py took 38.449 seconds
[2023-02-07T18:14:57.390+0000] {processor.py:153} INFO - Started process (PID=458) to work on /home/airflow/.local/lib/python3.7/site-packages/airflow/example_dags/example_skip_dag.py
[2023-02-07T18:14:57.482+0000] {processor.py:743} INFO - Processing file /home/airflow/.local/lib/python3.7/site-packages/airflow/example_dags/example_skip_dag.py for tasks to queue
[2023-02-07T18:14:57.532+0000] {logging_mixin.py:137} INFO - [2023-02-07T18:14:57.498+0000] {dagbag.py:538} INFO - Filling up the DagBag from /home/airflow/.local/lib/python3.7/site-packages/airflow/example_dags/example_skip_dag.py
[2023-02-07T18:15:19.230+0000] {processor.py:753} INFO - DAG(s) dict_keys(['example_skip_dag']) retrieved from /home/airflow/.local/lib/python3.7/site-packages/airflow/example_dags/example_skip_dag.py
[2023-02-07T18:15:42.454+0000] {logging_mixin.py:137} INFO - [2023-02-07T18:15:42.274+0000] {dag.py:2690} INFO - Sync 1 DAGs
[2023-02-07T18:31:39.461+0000] {processor.py:153} INFO - Started process (PID=580) to work on /home/airflow/.local/lib/python3.7/site-packages/airflow/example_dags/example_skip_dag.py
[2023-02-07T18:31:39.474+0000] {processor.py:743} INFO - Processing file /home/airflow/.local/lib/python3.7/site-packages/airflow/example_dags/example_skip_dag.py for tasks to queue
[2023-02-07T18:31:39.494+0000] {logging_mixin.py:137} INFO - [2023-02-07T18:31:39.488+0000] {dagbag.py:538} INFO - Filling up the DagBag from /home/airflow/.local/lib/python3.7/site-packages/airflow/example_dags/example_skip_dag.py
[2023-02-07T18:31:56.232+0000] {processor.py:753} INFO - DAG(s) dict_keys(['example_skip_dag']) retrieved from /home/airflow/.local/lib/python3.7/site-packages/airflow/example_dags/example_skip_dag.py
[2023-02-07T18:32:05.412+0000] {logging_mixin.py:137} INFO - [2023-02-07T18:32:05.327+0000] {dag.py:2690} INFO - Sync 1 DAGs
[2023-02-07T18:32:11.475+0000] {logging_mixin.py:137} INFO - [2023-02-07T18:32:11.445+0000] {dag.py:3441} INFO - Setting next_dagrun for example_skip_dag to 2023-02-06T18:32:11.333577+00:00, run_after=2023-02-07T18:32:11.333577+00:00
[2023-02-07T18:32:17.382+0000] {processor.py:175} INFO - Processing /home/airflow/.local/lib/python3.7/site-packages/airflow/example_dags/example_skip_dag.py took 41.272 seconds
[2023-02-07T18:47:14.512+0000] {processor.py:153} INFO - Started process (PID=786) to work on /home/airflow/.local/lib/python3.7/site-packages/airflow/example_dags/example_skip_dag.py
[2023-02-07T18:47:14.560+0000] {processor.py:743} INFO - Processing file /home/airflow/.local/lib/python3.7/site-packages/airflow/example_dags/example_skip_dag.py for tasks to queue
[2023-02-07T18:47:14.587+0000] {logging_mixin.py:137} INFO - [2023-02-07T18:47:14.586+0000] {dagbag.py:538} INFO - Filling up the DagBag from /home/airflow/.local/lib/python3.7/site-packages/airflow/example_dags/example_skip_dag.py
[2023-02-07T18:47:24.467+0000] {processor.py:753} INFO - DAG(s) dict_keys(['example_skip_dag']) retrieved from /home/airflow/.local/lib/python3.7/site-packages/airflow/example_dags/example_skip_dag.py
[2023-02-07T18:47:33.515+0000] {logging_mixin.py:137} INFO - [2023-02-07T18:47:33.494+0000] {dag.py:2690} INFO - Sync 1 DAGs
[2023-02-07T18:47:46.854+0000] {logging_mixin.py:137} INFO - [2023-02-07T18:47:46.802+0000] {dag.py:3441} INFO - Setting next_dagrun for example_skip_dag to 2023-02-06T18:47:45.311104+00:00, run_after=2023-02-07T18:47:45.311104+00:00
[2023-02-07T18:47:55.963+0000] {processor.py:175} INFO - Processing /home/airflow/.local/lib/python3.7/site-packages/airflow/example_dags/example_skip_dag.py took 42.803 seconds
[2023-02-07T19:04:02.420+0000] {processor.py:153} INFO - Started process (PID=983) to work on /home/airflow/.local/lib/python3.7/site-packages/airflow/example_dags/example_skip_dag.py
[2023-02-07T19:04:02.493+0000] {processor.py:743} INFO - Processing file /home/airflow/.local/lib/python3.7/site-packages/airflow/example_dags/example_skip_dag.py for tasks to queue
[2023-02-07T19:04:02.553+0000] {logging_mixin.py:137} INFO - [2023-02-07T19:04:02.552+0000] {dagbag.py:538} INFO - Filling up the DagBag from /home/airflow/.local/lib/python3.7/site-packages/airflow/example_dags/example_skip_dag.py
[2023-02-07T19:04:23.445+0000] {processor.py:753} INFO - DAG(s) dict_keys(['example_skip_dag']) retrieved from /home/airflow/.local/lib/python3.7/site-packages/airflow/example_dags/example_skip_dag.py
[2023-02-07T19:04:50.733+0000] {logging_mixin.py:137} INFO - [2023-02-07T19:04:50.680+0000] {dag.py:2690} INFO - Sync 1 DAGs
[2023-02-07T19:04:51.237+0000] {logging_mixin.py:137} INFO - [2023-02-07T19:04:51.236+0000] {dag.py:3441} INFO - Setting next_dagrun for example_skip_dag to 2023-02-06T19:04:51.226050+00:00, run_after=2023-02-07T19:04:51.226050+00:00
[2023-02-07T19:20:53.616+0000] {processor.py:153} INFO - Started process (PID=1198) to work on /home/airflow/.local/lib/python3.7/site-packages/airflow/example_dags/example_skip_dag.py
[2023-02-07T19:20:53.944+0000] {processor.py:743} INFO - Processing file /home/airflow/.local/lib/python3.7/site-packages/airflow/example_dags/example_skip_dag.py for tasks to queue
[2023-02-07T19:20:53.970+0000] {logging_mixin.py:137} INFO - [2023-02-07T19:20:53.965+0000] {dagbag.py:538} INFO - Filling up the DagBag from /home/airflow/.local/lib/python3.7/site-packages/airflow/example_dags/example_skip_dag.py
[2023-02-07T19:21:11.204+0000] {processor.py:753} INFO - DAG(s) dict_keys(['example_skip_dag']) retrieved from /home/airflow/.local/lib/python3.7/site-packages/airflow/example_dags/example_skip_dag.py
[2023-02-07T19:37:38.030+0000] {processor.py:153} INFO - Started process (PID=1453) to work on /home/airflow/.local/lib/python3.7/site-packages/airflow/example_dags/example_skip_dag.py
[2023-02-07T19:37:38.070+0000] {processor.py:743} INFO - Processing file /home/airflow/.local/lib/python3.7/site-packages/airflow/example_dags/example_skip_dag.py for tasks to queue
[2023-02-07T19:37:38.116+0000] {logging_mixin.py:137} INFO - [2023-02-07T19:37:38.115+0000] {dagbag.py:538} INFO - Filling up the DagBag from /home/airflow/.local/lib/python3.7/site-packages/airflow/example_dags/example_skip_dag.py
[2023-02-07T19:37:46.308+0000] {processor.py:753} INFO - DAG(s) dict_keys(['example_skip_dag']) retrieved from /home/airflow/.local/lib/python3.7/site-packages/airflow/example_dags/example_skip_dag.py
[2023-02-07T19:38:12.265+0000] {logging_mixin.py:137} INFO - [2023-02-07T19:38:12.235+0000] {dag.py:2690} INFO - Sync 1 DAGs
[2023-02-07T19:38:17.962+0000] {logging_mixin.py:137} INFO - [2023-02-07T19:38:17.954+0000] {dag.py:3441} INFO - Setting next_dagrun for example_skip_dag to 2023-02-06T19:38:17.938055+00:00, run_after=2023-02-07T19:38:17.938055+00:00
[2023-02-07T19:38:21.451+0000] {processor.py:175} INFO - Processing /home/airflow/.local/lib/python3.7/site-packages/airflow/example_dags/example_skip_dag.py took 44.813 seconds
[2023-02-07T19:49:14.562+0000] {processor.py:153} INFO - Started process (PID=1596) to work on /home/airflow/.local/lib/python3.7/site-packages/airflow/example_dags/example_skip_dag.py
[2023-02-07T19:49:14.586+0000] {processor.py:743} INFO - Processing file /home/airflow/.local/lib/python3.7/site-packages/airflow/example_dags/example_skip_dag.py for tasks to queue
[2023-02-07T19:49:14.623+0000] {logging_mixin.py:137} INFO - [2023-02-07T19:49:14.607+0000] {dagbag.py:538} INFO - Filling up the DagBag from /home/airflow/.local/lib/python3.7/site-packages/airflow/example_dags/example_skip_dag.py
[2023-02-07T20:49:38.743+0000] {processor.py:153} INFO - Started process (PID=1886) to work on /home/airflow/.local/lib/python3.7/site-packages/airflow/example_dags/example_skip_dag.py
[2023-02-07T20:49:40.272+0000] {processor.py:743} INFO - Processing file /home/airflow/.local/lib/python3.7/site-packages/airflow/example_dags/example_skip_dag.py for tasks to queue
[2023-02-07T20:49:40.799+0000] {logging_mixin.py:137} INFO - [2023-02-07T20:49:40.797+0000] {dagbag.py:538} INFO - Filling up the DagBag from /home/airflow/.local/lib/python3.7/site-packages/airflow/example_dags/example_skip_dag.py
[2023-02-07T20:50:03.220+0000] {processor.py:753} INFO - DAG(s) dict_keys(['example_skip_dag']) retrieved from /home/airflow/.local/lib/python3.7/site-packages/airflow/example_dags/example_skip_dag.py
[2023-02-07T21:07:53.574+0000] {processor.py:153} INFO - Started process (PID=2165) to work on /home/airflow/.local/lib/python3.7/site-packages/airflow/example_dags/example_skip_dag.py
[2023-02-07T21:07:54.059+0000] {processor.py:743} INFO - Processing file /home/airflow/.local/lib/python3.7/site-packages/airflow/example_dags/example_skip_dag.py for tasks to queue
[2023-02-07T21:07:54.657+0000] {logging_mixin.py:137} INFO - [2023-02-07T21:07:54.653+0000] {dagbag.py:538} INFO - Filling up the DagBag from /home/airflow/.local/lib/python3.7/site-packages/airflow/example_dags/example_skip_dag.py
[2023-02-07T21:08:39.390+0000] {processor.py:753} INFO - DAG(s) dict_keys(['example_skip_dag']) retrieved from /home/airflow/.local/lib/python3.7/site-packages/airflow/example_dags/example_skip_dag.py
[2023-02-07T21:34:49.659+0000] {processor.py:153} INFO - Started process (PID=2508) to work on /home/airflow/.local/lib/python3.7/site-packages/airflow/example_dags/example_skip_dag.py
[2023-02-07T21:34:52.414+0000] {processor.py:743} INFO - Processing file /home/airflow/.local/lib/python3.7/site-packages/airflow/example_dags/example_skip_dag.py for tasks to queue
[2023-02-07T21:34:53.566+0000] {logging_mixin.py:137} INFO - [2023-02-07T21:34:53.448+0000] {dagbag.py:538} INFO - Filling up the DagBag from /home/airflow/.local/lib/python3.7/site-packages/airflow/example_dags/example_skip_dag.py
[2023-02-07T21:35:08.894+0000] {processor.py:753} INFO - DAG(s) dict_keys(['example_skip_dag']) retrieved from /home/airflow/.local/lib/python3.7/site-packages/airflow/example_dags/example_skip_dag.py
[2023-02-07T21:52:06.161+0000] {processor.py:153} INFO - Started process (PID=2723) to work on /home/airflow/.local/lib/python3.7/site-packages/airflow/example_dags/example_skip_dag.py
[2023-02-07T21:52:06.166+0000] {processor.py:743} INFO - Processing file /home/airflow/.local/lib/python3.7/site-packages/airflow/example_dags/example_skip_dag.py for tasks to queue
[2023-02-07T21:52:06.170+0000] {logging_mixin.py:137} INFO - [2023-02-07T21:52:06.170+0000] {dagbag.py:538} INFO - Filling up the DagBag from /home/airflow/.local/lib/python3.7/site-packages/airflow/example_dags/example_skip_dag.py
[2023-02-07T21:52:09.424+0000] {processor.py:753} INFO - DAG(s) dict_keys(['example_skip_dag']) retrieved from /home/airflow/.local/lib/python3.7/site-packages/airflow/example_dags/example_skip_dag.py
[2023-02-07T21:52:31.563+0000] {logging_mixin.py:137} INFO - [2023-02-07T21:52:31.022+0000] {dag.py:2690} INFO - Sync 1 DAGs
[2023-02-07T21:52:40.600+0000] {logging_mixin.py:137} INFO - [2023-02-07T21:52:40.551+0000] {dag.py:3441} INFO - Setting next_dagrun for example_skip_dag to 2023-02-06T21:52:40.530026+00:00, run_after=2023-02-07T21:52:40.530026+00:00
[2023-02-07T21:52:54.644+0000] {processor.py:175} INFO - Processing /home/airflow/.local/lib/python3.7/site-packages/airflow/example_dags/example_skip_dag.py took 49.308 seconds
[2023-02-07T22:14:06.139+0000] {processor.py:153} INFO - Started process (PID=3010) to work on /home/airflow/.local/lib/python3.7/site-packages/airflow/example_dags/example_skip_dag.py
[2023-02-07T22:14:11.263+0000] {processor.py:743} INFO - Processing file /home/airflow/.local/lib/python3.7/site-packages/airflow/example_dags/example_skip_dag.py for tasks to queue
[2023-02-07T22:14:12.188+0000] {logging_mixin.py:137} INFO - [2023-02-07T22:14:12.169+0000] {dagbag.py:538} INFO - Filling up the DagBag from /home/airflow/.local/lib/python3.7/site-packages/airflow/example_dags/example_skip_dag.py
[2023-02-07T22:14:54.322+0000] {processor.py:753} INFO - DAG(s) dict_keys(['example_skip_dag']) retrieved from /home/airflow/.local/lib/python3.7/site-packages/airflow/example_dags/example_skip_dag.py
[2023-02-07T22:33:09.028+0000] {processor.py:153} INFO - Started process (PID=3260) to work on /home/airflow/.local/lib/python3.7/site-packages/airflow/example_dags/example_skip_dag.py
[2023-02-07T22:33:10.037+0000] {processor.py:743} INFO - Processing file /home/airflow/.local/lib/python3.7/site-packages/airflow/example_dags/example_skip_dag.py for tasks to queue
[2023-02-07T22:33:16.292+0000] {logging_mixin.py:137} INFO - [2023-02-07T22:33:16.048+0000] {dagbag.py:538} INFO - Filling up the DagBag from /home/airflow/.local/lib/python3.7/site-packages/airflow/example_dags/example_skip_dag.py
[2023-02-07T23:28:47.344+0000] {processor.py:153} INFO - Started process (PID=3638) to work on /home/airflow/.local/lib/python3.7/site-packages/airflow/example_dags/example_skip_dag.py
[2023-02-07T23:28:47.560+0000] {processor.py:743} INFO - Processing file /home/airflow/.local/lib/python3.7/site-packages/airflow/example_dags/example_skip_dag.py for tasks to queue
[2023-02-07T23:28:47.834+0000] {logging_mixin.py:137} INFO - [2023-02-07T23:28:47.708+0000] {dagbag.py:538} INFO - Filling up the DagBag from /home/airflow/.local/lib/python3.7/site-packages/airflow/example_dags/example_skip_dag.py
[2023-02-07T23:29:04.302+0000] {processor.py:753} INFO - DAG(s) dict_keys(['example_skip_dag']) retrieved from /home/airflow/.local/lib/python3.7/site-packages/airflow/example_dags/example_skip_dag.py
[2023-02-07T23:55:46.786+0000] {processor.py:153} INFO - Started process (PID=3990) to work on /home/airflow/.local/lib/python3.7/site-packages/airflow/example_dags/example_skip_dag.py
[2023-02-07T23:55:47.552+0000] {processor.py:743} INFO - Processing file /home/airflow/.local/lib/python3.7/site-packages/airflow/example_dags/example_skip_dag.py for tasks to queue
[2023-02-07T23:55:55.279+0000] {logging_mixin.py:137} INFO - [2023-02-07T23:55:54.333+0000] {dagbag.py:538} INFO - Filling up the DagBag from /home/airflow/.local/lib/python3.7/site-packages/airflow/example_dags/example_skip_dag.py
[2023-02-07T23:56:13.344+0000] {processor.py:753} INFO - DAG(s) dict_keys(['example_skip_dag']) retrieved from /home/airflow/.local/lib/python3.7/site-packages/airflow/example_dags/example_skip_dag.py
