[2023-02-07T17:54:22.643+0000] {processor.py:153} INFO - Started process (PID=51) to work on /home/airflow/.local/lib/python3.7/site-packages/airflow/example_dags/example_bash_operator.py
[2023-02-07T17:54:22.645+0000] {processor.py:743} INFO - Processing file /home/airflow/.local/lib/python3.7/site-packages/airflow/example_dags/example_bash_operator.py for tasks to queue
[2023-02-07T17:54:22.647+0000] {logging_mixin.py:137} INFO - [2023-02-07T17:54:22.647+0000] {dagbag.py:538} INFO - Filling up the DagBag from /home/airflow/.local/lib/python3.7/site-packages/airflow/example_dags/example_bash_operator.py
[2023-02-07T17:54:22.679+0000] {processor.py:753} INFO - DAG(s) dict_keys(['example_bash_operator']) retrieved from /home/airflow/.local/lib/python3.7/site-packages/airflow/example_dags/example_bash_operator.py
[2023-02-07T17:54:22.729+0000] {logging_mixin.py:137} INFO - [2023-02-07T17:54:22.729+0000] {dag.py:2690} INFO - Sync 1 DAGs
[2023-02-07T17:54:22.879+0000] {logging_mixin.py:137} INFO - [2023-02-07T17:54:22.843+0000] {dag.py:3441} INFO - Setting next_dagrun for example_bash_operator to 2023-02-06T00:00:00+00:00, run_after=2023-02-07T00:00:00+00:00
[2023-02-07T17:54:23.051+0000] {processor.py:175} INFO - Processing /home/airflow/.local/lib/python3.7/site-packages/airflow/example_dags/example_bash_operator.py took 0.413 seconds
[2023-02-07T17:54:56.029+0000] {processor.py:153} INFO - Started process (PID=107) to work on /home/airflow/.local/lib/python3.7/site-packages/airflow/example_dags/example_bash_operator.py
[2023-02-07T17:54:56.033+0000] {processor.py:743} INFO - Processing file /home/airflow/.local/lib/python3.7/site-packages/airflow/example_dags/example_bash_operator.py for tasks to queue
[2023-02-07T17:54:56.044+0000] {logging_mixin.py:137} INFO - [2023-02-07T17:54:56.043+0000] {dagbag.py:538} INFO - Filling up the DagBag from /home/airflow/.local/lib/python3.7/site-packages/airflow/example_dags/example_bash_operator.py
[2023-02-07T17:54:56.187+0000] {processor.py:753} INFO - DAG(s) dict_keys(['example_bash_operator']) retrieved from /home/airflow/.local/lib/python3.7/site-packages/airflow/example_dags/example_bash_operator.py
[2023-02-07T17:54:56.310+0000] {logging_mixin.py:137} INFO - [2023-02-07T17:54:56.310+0000] {dag.py:2690} INFO - Sync 1 DAGs
[2023-02-07T17:54:56.385+0000] {logging_mixin.py:137} INFO - [2023-02-07T17:54:56.385+0000] {dag.py:3441} INFO - Setting next_dagrun for example_bash_operator to 2023-02-06T00:00:00+00:00, run_after=2023-02-07T00:00:00+00:00
[2023-02-07T17:54:56.424+0000] {processor.py:175} INFO - Processing /home/airflow/.local/lib/python3.7/site-packages/airflow/example_dags/example_bash_operator.py took 0.404 seconds
[2023-02-07T17:57:02.894+0000] {processor.py:153} INFO - Started process (PID=169) to work on /home/airflow/.local/lib/python3.7/site-packages/airflow/example_dags/example_bash_operator.py
[2023-02-07T17:57:03.706+0000] {processor.py:743} INFO - Processing file /home/airflow/.local/lib/python3.7/site-packages/airflow/example_dags/example_bash_operator.py for tasks to queue
[2023-02-07T17:57:04.751+0000] {logging_mixin.py:137} INFO - [2023-02-07T17:57:04.541+0000] {dagbag.py:538} INFO - Filling up the DagBag from /home/airflow/.local/lib/python3.7/site-packages/airflow/example_dags/example_bash_operator.py
[2023-02-07T17:57:13.901+0000] {processor.py:753} INFO - DAG(s) dict_keys(['example_bash_operator']) retrieved from /home/airflow/.local/lib/python3.7/site-packages/airflow/example_dags/example_bash_operator.py
[2023-02-07T17:57:18.718+0000] {logging_mixin.py:137} INFO - [2023-02-07T17:57:18.685+0000] {dag.py:2690} INFO - Sync 1 DAGs
[2023-02-07T17:57:20.614+0000] {logging_mixin.py:137} INFO - [2023-02-07T17:57:20.551+0000] {dag.py:3441} INFO - Setting next_dagrun for example_bash_operator to 2023-02-06T00:00:00+00:00, run_after=2023-02-07T00:00:00+00:00
[2023-02-07T17:57:26.661+0000] {processor.py:175} INFO - Processing /home/airflow/.local/lib/python3.7/site-packages/airflow/example_dags/example_bash_operator.py took 28.074 seconds
[2023-02-07T18:12:42.153+0000] {processor.py:153} INFO - Started process (PID=426) to work on /home/airflow/.local/lib/python3.7/site-packages/airflow/example_dags/example_bash_operator.py
[2023-02-07T18:12:42.326+0000] {processor.py:743} INFO - Processing file /home/airflow/.local/lib/python3.7/site-packages/airflow/example_dags/example_bash_operator.py for tasks to queue
[2023-02-07T18:12:42.813+0000] {logging_mixin.py:137} INFO - [2023-02-07T18:12:42.564+0000] {dagbag.py:538} INFO - Filling up the DagBag from /home/airflow/.local/lib/python3.7/site-packages/airflow/example_dags/example_bash_operator.py
[2023-02-07T18:13:04.396+0000] {processor.py:753} INFO - DAG(s) dict_keys(['example_bash_operator']) retrieved from /home/airflow/.local/lib/python3.7/site-packages/airflow/example_dags/example_bash_operator.py
[2023-02-07T18:13:16.951+0000] {logging_mixin.py:137} INFO - [2023-02-07T18:13:16.934+0000] {dag.py:2690} INFO - Sync 1 DAGs
[2023-02-07T18:29:41.075+0000] {processor.py:153} INFO - Started process (PID=547) to work on /home/airflow/.local/lib/python3.7/site-packages/airflow/example_dags/example_bash_operator.py
[2023-02-07T18:29:41.103+0000] {processor.py:743} INFO - Processing file /home/airflow/.local/lib/python3.7/site-packages/airflow/example_dags/example_bash_operator.py for tasks to queue
[2023-02-07T18:29:41.119+0000] {logging_mixin.py:137} INFO - [2023-02-07T18:29:41.116+0000] {dagbag.py:538} INFO - Filling up the DagBag from /home/airflow/.local/lib/python3.7/site-packages/airflow/example_dags/example_bash_operator.py
[2023-02-07T18:29:53.422+0000] {processor.py:753} INFO - DAG(s) dict_keys(['example_bash_operator']) retrieved from /home/airflow/.local/lib/python3.7/site-packages/airflow/example_dags/example_bash_operator.py
[2023-02-07T18:46:12.296+0000] {processor.py:153} INFO - Started process (PID=773) to work on /home/airflow/.local/lib/python3.7/site-packages/airflow/example_dags/example_bash_operator.py
[2023-02-07T18:46:12.514+0000] {processor.py:743} INFO - Processing file /home/airflow/.local/lib/python3.7/site-packages/airflow/example_dags/example_bash_operator.py for tasks to queue
[2023-02-07T18:46:13.500+0000] {logging_mixin.py:137} INFO - [2023-02-07T18:46:13.203+0000] {dagbag.py:538} INFO - Filling up the DagBag from /home/airflow/.local/lib/python3.7/site-packages/airflow/example_dags/example_bash_operator.py
[2023-02-07T18:46:24.281+0000] {processor.py:753} INFO - DAG(s) dict_keys(['example_bash_operator']) retrieved from /home/airflow/.local/lib/python3.7/site-packages/airflow/example_dags/example_bash_operator.py
[2023-02-07T18:46:27.615+0000] {logging_mixin.py:137} INFO - [2023-02-07T18:46:27.595+0000] {dag.py:2690} INFO - Sync 1 DAGs
[2023-02-07T18:46:33.100+0000] {logging_mixin.py:137} INFO - [2023-02-07T18:46:33.065+0000] {dag.py:3441} INFO - Setting next_dagrun for example_bash_operator to 2023-02-06T00:00:00+00:00, run_after=2023-02-07T00:00:00+00:00
[2023-02-07T18:46:34.729+0000] {processor.py:175} INFO - Processing /home/airflow/.local/lib/python3.7/site-packages/airflow/example_dags/example_bash_operator.py took 30.891 seconds
[2023-02-07T19:02:16.492+0000] {processor.py:153} INFO - Started process (PID=952) to work on /home/airflow/.local/lib/python3.7/site-packages/airflow/example_dags/example_bash_operator.py
[2023-02-07T19:02:16.809+0000] {processor.py:743} INFO - Processing file /home/airflow/.local/lib/python3.7/site-packages/airflow/example_dags/example_bash_operator.py for tasks to queue
[2023-02-07T19:02:17.156+0000] {logging_mixin.py:137} INFO - [2023-02-07T19:02:17.007+0000] {dagbag.py:538} INFO - Filling up the DagBag from /home/airflow/.local/lib/python3.7/site-packages/airflow/example_dags/example_bash_operator.py
[2023-02-07T19:02:28.539+0000] {processor.py:753} INFO - DAG(s) dict_keys(['example_bash_operator']) retrieved from /home/airflow/.local/lib/python3.7/site-packages/airflow/example_dags/example_bash_operator.py
[2023-02-07T19:02:46.788+0000] {logging_mixin.py:137} INFO - [2023-02-07T19:02:46.735+0000] {dag.py:2690} INFO - Sync 1 DAGs
[2023-02-07T19:03:03.431+0000] {logging_mixin.py:137} INFO - [2023-02-07T19:03:03.373+0000] {dag.py:3441} INFO - Setting next_dagrun for example_bash_operator to 2023-02-06T00:00:00+00:00, run_after=2023-02-07T00:00:00+00:00
[2023-02-07T19:19:20.046+0000] {processor.py:153} INFO - Started process (PID=1187) to work on /home/airflow/.local/lib/python3.7/site-packages/airflow/example_dags/example_bash_operator.py
[2023-02-07T19:19:20.320+0000] {processor.py:743} INFO - Processing file /home/airflow/.local/lib/python3.7/site-packages/airflow/example_dags/example_bash_operator.py for tasks to queue
[2023-02-07T19:19:20.683+0000] {logging_mixin.py:137} INFO - [2023-02-07T19:19:20.545+0000] {dagbag.py:538} INFO - Filling up the DagBag from /home/airflow/.local/lib/python3.7/site-packages/airflow/example_dags/example_bash_operator.py
[2023-02-07T19:19:42.383+0000] {processor.py:753} INFO - DAG(s) dict_keys(['example_bash_operator']) retrieved from /home/airflow/.local/lib/python3.7/site-packages/airflow/example_dags/example_bash_operator.py
[2023-02-07T19:36:01.290+0000] {processor.py:153} INFO - Started process (PID=1425) to work on /home/airflow/.local/lib/python3.7/site-packages/airflow/example_dags/example_bash_operator.py
[2023-02-07T19:36:04.816+0000] {processor.py:743} INFO - Processing file /home/airflow/.local/lib/python3.7/site-packages/airflow/example_dags/example_bash_operator.py for tasks to queue
[2023-02-07T19:36:05.196+0000] {logging_mixin.py:137} INFO - [2023-02-07T19:36:05.135+0000] {dagbag.py:538} INFO - Filling up the DagBag from /home/airflow/.local/lib/python3.7/site-packages/airflow/example_dags/example_bash_operator.py
[2023-02-07T19:36:40.366+0000] {processor.py:753} INFO - DAG(s) dict_keys(['example_bash_operator']) retrieved from /home/airflow/.local/lib/python3.7/site-packages/airflow/example_dags/example_bash_operator.py
[2023-02-07T19:48:22.358+0000] {processor.py:153} INFO - Started process (PID=1592) to work on /home/airflow/.local/lib/python3.7/site-packages/airflow/example_dags/example_bash_operator.py
[2023-02-07T19:48:22.509+0000] {processor.py:743} INFO - Processing file /home/airflow/.local/lib/python3.7/site-packages/airflow/example_dags/example_bash_operator.py for tasks to queue
[2023-02-07T19:48:22.610+0000] {logging_mixin.py:137} INFO - [2023-02-07T19:48:22.609+0000] {dagbag.py:538} INFO - Filling up the DagBag from /home/airflow/.local/lib/python3.7/site-packages/airflow/example_dags/example_bash_operator.py
[2023-02-07T19:48:33.862+0000] {processor.py:753} INFO - DAG(s) dict_keys(['example_bash_operator']) retrieved from /home/airflow/.local/lib/python3.7/site-packages/airflow/example_dags/example_bash_operator.py
[2023-02-07T19:48:36.304+0000] {logging_mixin.py:137} INFO - [2023-02-07T19:48:36.296+0000] {dag.py:2690} INFO - Sync 1 DAGs
[2023-02-07T19:48:41.513+0000] {logging_mixin.py:137} INFO - [2023-02-07T19:48:41.475+0000] {dag.py:3441} INFO - Setting next_dagrun for example_bash_operator to 2023-02-06T00:00:00+00:00, run_after=2023-02-07T00:00:00+00:00
[2023-02-07T19:48:41.921+0000] {processor.py:175} INFO - Processing /home/airflow/.local/lib/python3.7/site-packages/airflow/example_dags/example_bash_operator.py took 20.023 seconds
[2023-02-07T20:37:17.944+0000] {processor.py:153} INFO - Started process (PID=1714) to work on /home/airflow/.local/lib/python3.7/site-packages/airflow/example_dags/example_bash_operator.py
[2023-02-07T20:37:18.042+0000] {processor.py:743} INFO - Processing file /home/airflow/.local/lib/python3.7/site-packages/airflow/example_dags/example_bash_operator.py for tasks to queue
[2023-02-07T20:37:18.356+0000] {logging_mixin.py:137} INFO - [2023-02-07T20:37:18.300+0000] {dagbag.py:538} INFO - Filling up the DagBag from /home/airflow/.local/lib/python3.7/site-packages/airflow/example_dags/example_bash_operator.py
[2023-02-07T20:37:32.669+0000] {processor.py:753} INFO - DAG(s) dict_keys(['example_bash_operator']) retrieved from /home/airflow/.local/lib/python3.7/site-packages/airflow/example_dags/example_bash_operator.py
[2023-02-07T20:37:57.193+0000] {logging_mixin.py:137} INFO - [2023-02-07T20:37:56.779+0000] {dag.py:2690} INFO - Sync 1 DAGs
[2023-02-07T20:47:52.432+0000] {processor.py:153} INFO - Started process (PID=1861) to work on /home/airflow/.local/lib/python3.7/site-packages/airflow/example_dags/example_bash_operator.py
[2023-02-07T20:47:52.451+0000] {processor.py:743} INFO - Processing file /home/airflow/.local/lib/python3.7/site-packages/airflow/example_dags/example_bash_operator.py for tasks to queue
[2023-02-07T20:47:52.530+0000] {logging_mixin.py:137} INFO - [2023-02-07T20:47:52.509+0000] {dagbag.py:538} INFO - Filling up the DagBag from /home/airflow/.local/lib/python3.7/site-packages/airflow/example_dags/example_bash_operator.py
[2023-02-07T20:48:09.474+0000] {processor.py:753} INFO - DAG(s) dict_keys(['example_bash_operator']) retrieved from /home/airflow/.local/lib/python3.7/site-packages/airflow/example_dags/example_bash_operator.py
[2023-02-07T21:05:30.522+0000] {processor.py:153} INFO - Started process (PID=2143) to work on /home/airflow/.local/lib/python3.7/site-packages/airflow/example_dags/example_bash_operator.py
[2023-02-07T21:05:37.985+0000] {processor.py:743} INFO - Processing file /home/airflow/.local/lib/python3.7/site-packages/airflow/example_dags/example_bash_operator.py for tasks to queue
[2023-02-07T21:05:38.610+0000] {logging_mixin.py:137} INFO - [2023-02-07T21:05:38.565+0000] {dagbag.py:538} INFO - Filling up the DagBag from /home/airflow/.local/lib/python3.7/site-packages/airflow/example_dags/example_bash_operator.py
[2023-02-07T21:06:07.508+0000] {processor.py:753} INFO - DAG(s) dict_keys(['example_bash_operator']) retrieved from /home/airflow/.local/lib/python3.7/site-packages/airflow/example_dags/example_bash_operator.py
[2023-02-07T21:33:06.399+0000] {processor.py:153} INFO - Started process (PID=2472) to work on /home/airflow/.local/lib/python3.7/site-packages/airflow/example_dags/example_bash_operator.py
[2023-02-07T21:33:06.419+0000] {processor.py:743} INFO - Processing file /home/airflow/.local/lib/python3.7/site-packages/airflow/example_dags/example_bash_operator.py for tasks to queue
[2023-02-07T21:33:06.568+0000] {logging_mixin.py:137} INFO - [2023-02-07T21:33:06.567+0000] {dagbag.py:538} INFO - Filling up the DagBag from /home/airflow/.local/lib/python3.7/site-packages/airflow/example_dags/example_bash_operator.py
[2023-02-07T21:33:16.972+0000] {processor.py:753} INFO - DAG(s) dict_keys(['example_bash_operator']) retrieved from /home/airflow/.local/lib/python3.7/site-packages/airflow/example_dags/example_bash_operator.py
[2023-02-07T21:50:45.089+0000] {processor.py:153} INFO - Started process (PID=2713) to work on /home/airflow/.local/lib/python3.7/site-packages/airflow/example_dags/example_bash_operator.py
[2023-02-07T21:50:45.096+0000] {processor.py:743} INFO - Processing file /home/airflow/.local/lib/python3.7/site-packages/airflow/example_dags/example_bash_operator.py for tasks to queue
[2023-02-07T21:50:45.101+0000] {logging_mixin.py:137} INFO - [2023-02-07T21:50:45.100+0000] {dagbag.py:538} INFO - Filling up the DagBag from /home/airflow/.local/lib/python3.7/site-packages/airflow/example_dags/example_bash_operator.py
[2023-02-07T21:50:51.176+0000] {processor.py:753} INFO - DAG(s) dict_keys(['example_bash_operator']) retrieved from /home/airflow/.local/lib/python3.7/site-packages/airflow/example_dags/example_bash_operator.py
[2023-02-07T21:51:02.490+0000] {logging_mixin.py:137} INFO - [2023-02-07T21:51:02.463+0000] {dag.py:2690} INFO - Sync 1 DAGs
[2023-02-07T21:51:03.018+0000] {logging_mixin.py:137} INFO - [2023-02-07T21:51:02.980+0000] {dag.py:3441} INFO - Setting next_dagrun for example_bash_operator to 2023-02-06T00:00:00+00:00, run_after=2023-02-07T00:00:00+00:00
[2023-02-07T21:51:03.729+0000] {processor.py:175} INFO - Processing /home/airflow/.local/lib/python3.7/site-packages/airflow/example_dags/example_bash_operator.py took 18.412 seconds
[2023-02-07T22:12:15.753+0000] {processor.py:153} INFO - Started process (PID=2987) to work on /home/airflow/.local/lib/python3.7/site-packages/airflow/example_dags/example_bash_operator.py
[2023-02-07T22:12:15.791+0000] {processor.py:743} INFO - Processing file /home/airflow/.local/lib/python3.7/site-packages/airflow/example_dags/example_bash_operator.py for tasks to queue
[2023-02-07T22:12:15.809+0000] {logging_mixin.py:137} INFO - [2023-02-07T22:12:15.803+0000] {dagbag.py:538} INFO - Filling up the DagBag from /home/airflow/.local/lib/python3.7/site-packages/airflow/example_dags/example_bash_operator.py
[2023-02-07T22:12:54.103+0000] {logging_mixin.py:137} INFO - [2023-02-07T22:12:51.993+0000] {timeout.py:68} ERROR - Process timed out, PID: 2987
[2023-02-07T22:12:56.376+0000] {logging_mixin.py:137} INFO - [2023-02-07T22:12:54.512+0000] {dagbag.py:343} ERROR - Failed to import: /home/airflow/.local/lib/python3.7/site-packages/airflow/example_dags/example_bash_operator.py
Traceback (most recent call last):
  File "/home/airflow/.local/lib/python3.7/site-packages/airflow/models/dagbag.py", line 339, in parse
    loader.exec_module(new_module)
  File "<frozen importlib._bootstrap_external>", line 728, in exec_module
  File "<frozen importlib._bootstrap>", line 219, in _call_with_frames_removed
  File "/home/airflow/.local/lib/python3.7/site-packages/airflow/example_dags/example_bash_operator.py", line 73, in <module>
    this_will_skip >> run_this_last
  File "/home/airflow/.local/lib/python3.7/site-packages/airflow/models/taskmixin.py", line 81, in __rshift__
    self.set_downstream(other)
  File "/home/airflow/.local/lib/python3.7/site-packages/airflow/models/taskmixin.py", line 230, in set_downstream
    self._set_relatives(task_or_task_list, upstream=False, edge_modifier=edge_modifier)
  File "/home/airflow/.local/lib/python3.7/site-packages/airflow/models/taskmixin.py", line 170, in _set_relatives
    if not isinstance(task_or_task_list, Sequence):
  File "/usr/local/lib/python3.7/typing.py", line 716, in __instancecheck__
    return self.__subclasscheck__(type(obj))
  File "/usr/local/lib/python3.7/typing.py", line 721, in __subclasscheck__
    return issubclass(cls, self.__origin__)
  File "/usr/local/lib/python3.7/abc.py", line 143, in __subclasscheck__
    return _abc_subclasscheck(cls, subclass)
  File "/home/airflow/.local/lib/python3.7/site-packages/airflow/utils/timeout.py", line 69, in handle_timeout
    raise AirflowTaskTimeout(self.error_message)
airflow.exceptions.AirflowTaskTimeout: DagBag import timeout for /home/airflow/.local/lib/python3.7/site-packages/airflow/example_dags/example_bash_operator.py after 30.0s.
Please take a look at these docs to improve your DAG import time:
* https://airflow.apache.org/docs/apache-airflow/2.5.1/best-practices.html#top-level-python-code
* https://airflow.apache.org/docs/apache-airflow/2.5.1/best-practices.html#reducing-dag-complexity, PID: 2987
[2023-02-07T22:12:56.419+0000] {processor.py:755} WARNING - No viable dags retrieved from /home/airflow/.local/lib/python3.7/site-packages/airflow/example_dags/example_bash_operator.py
[2023-02-07T22:31:03.831+0000] {processor.py:153} INFO - Started process (PID=3232) to work on /home/airflow/.local/lib/python3.7/site-packages/airflow/example_dags/example_bash_operator.py
[2023-02-07T22:31:05.821+0000] {processor.py:743} INFO - Processing file /home/airflow/.local/lib/python3.7/site-packages/airflow/example_dags/example_bash_operator.py for tasks to queue
[2023-02-07T22:31:06.917+0000] {logging_mixin.py:137} INFO - [2023-02-07T22:31:06.898+0000] {dagbag.py:538} INFO - Filling up the DagBag from /home/airflow/.local/lib/python3.7/site-packages/airflow/example_dags/example_bash_operator.py
[2023-02-07T23:26:48.876+0000] {processor.py:153} INFO - Started process (PID=3614) to work on /home/airflow/.local/lib/python3.7/site-packages/airflow/example_dags/example_bash_operator.py
[2023-02-07T23:26:48.946+0000] {processor.py:743} INFO - Processing file /home/airflow/.local/lib/python3.7/site-packages/airflow/example_dags/example_bash_operator.py for tasks to queue
[2023-02-07T23:26:49.330+0000] {logging_mixin.py:137} INFO - [2023-02-07T23:26:49.055+0000] {dagbag.py:538} INFO - Filling up the DagBag from /home/airflow/.local/lib/python3.7/site-packages/airflow/example_dags/example_bash_operator.py
[2023-02-07T23:53:58.136+0000] {processor.py:153} INFO - Started process (PID=3961) to work on /home/airflow/.local/lib/python3.7/site-packages/airflow/example_dags/example_bash_operator.py
[2023-02-07T23:53:59.995+0000] {processor.py:743} INFO - Processing file /home/airflow/.local/lib/python3.7/site-packages/airflow/example_dags/example_bash_operator.py for tasks to queue
[2023-02-07T23:54:00.454+0000] {logging_mixin.py:137} INFO - [2023-02-07T23:54:00.405+0000] {dagbag.py:538} INFO - Filling up the DagBag from /home/airflow/.local/lib/python3.7/site-packages/airflow/example_dags/example_bash_operator.py
