[2023-02-10T13:27:02.957+0000] {taskinstance.py:1083} INFO - Dependencies all met for <TaskInstance: cms_asp_noc.data_load manual__2023-02-10T12:22:58.859123+00:00 [queued]>
[2023-02-10T13:27:02.969+0000] {taskinstance.py:1083} INFO - Dependencies all met for <TaskInstance: cms_asp_noc.data_load manual__2023-02-10T12:22:58.859123+00:00 [queued]>
[2023-02-10T13:27:02.970+0000] {taskinstance.py:1279} INFO - 
--------------------------------------------------------------------------------
[2023-02-10T13:27:02.971+0000] {taskinstance.py:1280} INFO - Starting attempt 2 of 2
[2023-02-10T13:27:02.971+0000] {taskinstance.py:1281} INFO - 
--------------------------------------------------------------------------------
[2023-02-10T13:27:02.985+0000] {taskinstance.py:1300} INFO - Executing <Task(PythonOperator): data_load> on 2023-02-10 12:22:58.859123+00:00
[2023-02-10T13:27:03.014+0000] {standard_task_runner.py:55} INFO - Started process 35782 to run task
[2023-02-10T13:27:03.028+0000] {standard_task_runner.py:82} INFO - Running: ['***', 'tasks', 'run', 'cms_asp_noc', 'data_load', 'manual__2023-02-10T12:22:58.859123+00:00', '--job-id', '1662', '--raw', '--subdir', 'DAGS_FOLDER/cms_upd.py', '--cfg-path', '/tmp/tmp5rpl3nv0']
[2023-02-10T13:27:03.034+0000] {standard_task_runner.py:83} INFO - Job 1662: Subtask data_load
[2023-02-10T13:27:03.242+0000] {task_command.py:388} INFO - Running <TaskInstance: cms_asp_noc.data_load manual__2023-02-10T12:22:58.859123+00:00 [running]> on host 2886274f27ea
[2023-02-10T13:27:03.312+0000] {taskinstance.py:1509} INFO - Exporting the following env vars:
AIRFLOW_CTX_DAG_OWNER=***
AIRFLOW_CTX_DAG_ID=cms_asp_noc
AIRFLOW_CTX_TASK_ID=data_load
AIRFLOW_CTX_EXECUTION_DATE=2023-02-10T12:22:58.859123+00:00
AIRFLOW_CTX_TRY_NUMBER=2
AIRFLOW_CTX_DAG_RUN_ID=manual__2023-02-10T12:22:58.859123+00:00
[2023-02-10T13:27:03.315+0000] {logging_mixin.py:137} INFO - []
[2023-02-10T13:27:03.316+0000] {python.py:177} INFO - Done. Returned value was: None
[2023-02-10T13:27:03.892+0000] {taskinstance.py:1323} INFO - Marking task as SUCCESS. dag_id=cms_asp_noc, task_id=data_load, execution_date=20230210T122258, start_date=20230210T132702, end_date=20230210T132703
[2023-02-10T13:27:03.976+0000] {local_task_job.py:208} INFO - Task exited with return code 0
[2023-02-10T13:27:04.051+0000] {taskinstance.py:2578} INFO - 0 downstream tasks scheduled from follow-on schedule check
