[2023-02-10T12:23:11.429+0000] {taskinstance.py:1083} INFO - Dependencies all met for <TaskInstance: cms_asp_noc.data_load manual__2023-02-10T12:22:58.859123+00:00 [queued]>
[2023-02-10T12:23:11.439+0000] {taskinstance.py:1083} INFO - Dependencies all met for <TaskInstance: cms_asp_noc.data_load manual__2023-02-10T12:22:58.859123+00:00 [queued]>
[2023-02-10T12:23:11.440+0000] {taskinstance.py:1279} INFO - 
--------------------------------------------------------------------------------
[2023-02-10T12:23:11.441+0000] {taskinstance.py:1280} INFO - Starting attempt 1 of 1
[2023-02-10T12:23:11.441+0000] {taskinstance.py:1281} INFO - 
--------------------------------------------------------------------------------
[2023-02-10T12:23:11.460+0000] {taskinstance.py:1300} INFO - Executing <Task(PythonOperator): data_load> on 2023-02-10 12:22:58.859123+00:00
[2023-02-10T12:23:11.471+0000] {standard_task_runner.py:55} INFO - Started process 32703 to run task
[2023-02-10T12:23:11.479+0000] {standard_task_runner.py:82} INFO - Running: ['***', 'tasks', 'run', 'cms_asp_noc', 'data_load', 'manual__2023-02-10T12:22:58.859123+00:00', '--job-id', '1653', '--raw', '--subdir', 'DAGS_FOLDER/cms_upd.py', '--cfg-path', '/tmp/tmpovehpkhl']
[2023-02-10T12:23:11.484+0000] {standard_task_runner.py:83} INFO - Job 1653: Subtask data_load
[2023-02-10T12:23:11.582+0000] {task_command.py:388} INFO - Running <TaskInstance: cms_asp_noc.data_load manual__2023-02-10T12:22:58.859123+00:00 [running]> on host 2886274f27ea
[2023-02-10T12:23:11.654+0000] {taskinstance.py:1509} INFO - Exporting the following env vars:
AIRFLOW_CTX_DAG_OWNER=***
AIRFLOW_CTX_DAG_ID=cms_asp_noc
AIRFLOW_CTX_TASK_ID=data_load
AIRFLOW_CTX_EXECUTION_DATE=2023-02-10T12:22:58.859123+00:00
AIRFLOW_CTX_TRY_NUMBER=1
AIRFLOW_CTX_DAG_RUN_ID=manual__2023-02-10T12:22:58.859123+00:00
[2023-02-10T12:23:11.656+0000] {logging_mixin.py:137} INFO - []
[2023-02-10T12:23:11.657+0000] {python.py:177} INFO - Done. Returned value was: None
[2023-02-10T12:23:12.036+0000] {taskinstance.py:1323} INFO - Marking task as SUCCESS. dag_id=cms_asp_noc, task_id=data_load, execution_date=20230210T122258, start_date=20230210T122311, end_date=20230210T122312
[2023-02-10T12:23:12.098+0000] {local_task_job.py:208} INFO - Task exited with return code 0
[2023-02-10T12:23:12.130+0000] {taskinstance.py:2578} INFO - 1 downstream tasks scheduled from follow-on schedule check
