[2023-02-10T13:46:32.394+0000] {taskinstance.py:1083} INFO - Dependencies all met for <TaskInstance: cms_asp_noc.data_load manual__2023-02-10T12:22:58.859123+00:00 [queued]>
[2023-02-10T13:46:32.403+0000] {taskinstance.py:1083} INFO - Dependencies all met for <TaskInstance: cms_asp_noc.data_load manual__2023-02-10T12:22:58.859123+00:00 [queued]>
[2023-02-10T13:46:32.403+0000] {taskinstance.py:1279} INFO - 
--------------------------------------------------------------------------------
[2023-02-10T13:46:32.404+0000] {taskinstance.py:1280} INFO - Starting attempt 3 of 3
[2023-02-10T13:46:32.405+0000] {taskinstance.py:1281} INFO - 
--------------------------------------------------------------------------------
[2023-02-10T13:46:32.416+0000] {taskinstance.py:1300} INFO - Executing <Task(PythonOperator): data_load> on 2023-02-10 12:22:58.859123+00:00
[2023-02-10T13:46:32.427+0000] {standard_task_runner.py:55} INFO - Started process 37011 to run task
[2023-02-10T13:46:32.431+0000] {standard_task_runner.py:82} INFO - Running: ['***', 'tasks', 'run', 'cms_asp_noc', 'data_load', 'manual__2023-02-10T12:22:58.859123+00:00', '--job-id', '1663', '--raw', '--subdir', 'DAGS_FOLDER/cms_upd.py', '--cfg-path', '/tmp/tmplwm17_dk']
[2023-02-10T13:46:32.433+0000] {standard_task_runner.py:83} INFO - Job 1663: Subtask data_load
[2023-02-10T13:46:32.497+0000] {task_command.py:388} INFO - Running <TaskInstance: cms_asp_noc.data_load manual__2023-02-10T12:22:58.859123+00:00 [running]> on host 2886274f27ea
[2023-02-10T13:46:32.555+0000] {taskinstance.py:1509} INFO - Exporting the following env vars:
AIRFLOW_CTX_DAG_OWNER=***
AIRFLOW_CTX_DAG_ID=cms_asp_noc
AIRFLOW_CTX_TASK_ID=data_load
AIRFLOW_CTX_EXECUTION_DATE=2023-02-10T12:22:58.859123+00:00
AIRFLOW_CTX_TRY_NUMBER=3
AIRFLOW_CTX_DAG_RUN_ID=manual__2023-02-10T12:22:58.859123+00:00
[2023-02-10T13:46:32.557+0000] {logging_mixin.py:137} INFO - []
[2023-02-10T13:46:32.558+0000] {python.py:177} INFO - Done. Returned value was: None
[2023-02-10T13:46:33.110+0000] {taskinstance.py:1323} INFO - Marking task as SUCCESS. dag_id=cms_asp_noc, task_id=data_load, execution_date=20230210T122258, start_date=20230210T134632, end_date=20230210T134633
[2023-02-10T13:46:33.189+0000] {local_task_job.py:208} INFO - Task exited with return code 0
[2023-02-10T13:46:33.211+0000] {taskinstance.py:2578} INFO - 0 downstream tasks scheduled from follow-on schedule check
