[2023-02-08T12:50:37.570+0000] {taskinstance.py:1083} INFO - Dependencies all met for <TaskInstance: cms_asp_noc.download_file scheduled__2022-01-20T00:00:00+00:00 [queued]>
[2023-02-08T12:50:37.710+0000] {taskinstance.py:1083} INFO - Dependencies all met for <TaskInstance: cms_asp_noc.download_file scheduled__2022-01-20T00:00:00+00:00 [queued]>
[2023-02-08T12:50:37.726+0000] {taskinstance.py:1279} INFO - 
--------------------------------------------------------------------------------
[2023-02-08T12:50:37.728+0000] {taskinstance.py:1280} INFO - Starting attempt 1 of 1
[2023-02-08T12:50:37.729+0000] {taskinstance.py:1281} INFO - 
--------------------------------------------------------------------------------
[2023-02-08T12:50:38.374+0000] {taskinstance.py:1300} INFO - Executing <Task(PythonOperator): download_file> on 2022-01-20 00:00:00+00:00
[2023-02-08T12:50:38.465+0000] {standard_task_runner.py:82} INFO - Running: ['***', 'tasks', 'run', 'cms_asp_noc', 'download_file', 'scheduled__2022-01-20T00:00:00+00:00', '--job-id', '47', '--raw', '--subdir', 'DAGS_FOLDER/cms_upd.py', '--cfg-path', '/tmp/tmplrz621d9']
[2023-02-08T12:50:38.470+0000] {standard_task_runner.py:55} INFO - Started process 302 to run task
[2023-02-08T12:50:38.476+0000] {standard_task_runner.py:83} INFO - Job 47: Subtask download_file
[2023-02-08T12:50:39.677+0000] {task_command.py:388} INFO - Running <TaskInstance: cms_asp_noc.download_file scheduled__2022-01-20T00:00:00+00:00 [running]> on host 4ed7ae61ecf3
[2023-02-08T12:51:42.514+0000] {taskinstance.py:1509} INFO - Exporting the following env vars:
AIRFLOW_CTX_DAG_OWNER=***
AIRFLOW_CTX_DAG_ID=cms_asp_noc
AIRFLOW_CTX_TASK_ID=download_file
AIRFLOW_CTX_EXECUTION_DATE=2022-01-20T00:00:00+00:00
AIRFLOW_CTX_TRY_NUMBER=1
AIRFLOW_CTX_DAG_RUN_ID=scheduled__2022-01-20T00:00:00+00:00
[2023-02-08T12:51:50.335+0000] {logging_mixin.py:137} INFO - october-2022-noc-pricing-file.zip is downloaded.
[2023-02-08T12:51:50.492+0000] {logging_mixin.py:137} INFO - april-2022-noc-pricing-file.zip is downloaded.
[2023-02-08T12:51:50.822+0000] {logging_mixin.py:137} INFO - 2023.zip is downloaded.
[2023-02-08T12:51:51.126+0000] {logging_mixin.py:137} INFO - 2023.zip is downloaded.
[2023-02-08T12:51:51.715+0000] {logging_mixin.py:137} INFO - april-2022-asp-ndc-hcpcs-crosswalk.zip is downloaded.
[2023-02-08T12:51:53.309+0000] {logging_mixin.py:137} INFO - july-2022-asp-pricing-file-updated-12142022.zip is downloaded.
[2023-02-08T12:51:55.003+0000] {logging_mixin.py:137} INFO - april-2022-asp-pricing-file-updated-12142022.zip is downloaded.
[2023-02-08T12:51:55.662+0000] {logging_mixin.py:137} INFO - january-2022-asp-ndc-hcpcs-crosswalk.zip is downloaded.
[2023-02-08T12:51:56.211+0000] {logging_mixin.py:137} INFO - january-2023-noc-pricing-file.zip is downloaded.
[2023-02-08T12:51:57.359+0000] {logging_mixin.py:137} INFO - october-2022-asp-ndc-hcpcs-crosswalks-updated-12212022.zip is downloaded.
[2023-02-08T12:51:58.273+0000] {logging_mixin.py:137} INFO - october-2022-asp-pricing-file-updated-12212022.zip is downloaded.
[2023-02-08T12:51:58.679+0000] {logging_mixin.py:137} INFO - july-2022-asp-ndc-hcpcs-crosswalk-updated-07142022.zip is downloaded.
[2023-02-08T12:51:58.860+0000] {logging_mixin.py:137} INFO - july-2022-noc-pricing-file.zip is downloaded.
[2023-02-08T12:51:59.049+0000] {logging_mixin.py:137} INFO - january-2022-asp-pricing-file-updated-06082022.zip is downloaded.
[2023-02-08T12:51:59.193+0000] {logging_mixin.py:137} INFO - january-2022-noc-pricing-file-updated-03022022.zip is downloaded.
[2023-02-08T12:51:59.217+0000] {python.py:177} INFO - Done. Returned value was: None
[2023-02-08T12:51:59.506+0000] {taskinstance.py:1323} INFO - Marking task as SUCCESS. dag_id=cms_asp_noc, task_id=download_file, execution_date=20220120T000000, start_date=20230208T125037, end_date=20230208T125159
[2023-02-08T12:52:01.768+0000] {local_task_job.py:208} INFO - Task exited with return code 0
[2023-02-08T12:52:31.722+0000] {taskinstance.py:2578} INFO - 0 downstream tasks scheduled from follow-on schedule check
