[2023-02-08T13:18:56.577+0000] {taskinstance.py:1083} INFO - Dependencies all met for <TaskInstance: cms_asp_noc.download_file scheduled__2022-04-24T00:00:00+00:00 [queued]>
[2023-02-08T13:18:56.680+0000] {taskinstance.py:1083} INFO - Dependencies all met for <TaskInstance: cms_asp_noc.download_file scheduled__2022-04-24T00:00:00+00:00 [queued]>
[2023-02-08T13:18:56.683+0000] {taskinstance.py:1279} INFO - 
--------------------------------------------------------------------------------
[2023-02-08T13:18:56.684+0000] {taskinstance.py:1280} INFO - Starting attempt 1 of 1
[2023-02-08T13:18:56.685+0000] {taskinstance.py:1281} INFO - 
--------------------------------------------------------------------------------
[2023-02-08T13:18:56.910+0000] {taskinstance.py:1300} INFO - Executing <Task(PythonOperator): download_file> on 2022-04-24 00:00:00+00:00
[2023-02-08T13:18:57.165+0000] {standard_task_runner.py:55} INFO - Started process 1467 to run task
[2023-02-08T13:18:57.297+0000] {standard_task_runner.py:82} INFO - Running: ['***', 'tasks', 'run', 'cms_asp_noc', 'download_file', 'scheduled__2022-04-24T00:00:00+00:00', '--job-id', '222', '--raw', '--subdir', 'DAGS_FOLDER/cms_upd.py', '--cfg-path', '/tmp/tmpi2qdo078']
[2023-02-08T13:18:57.339+0000] {standard_task_runner.py:83} INFO - Job 222: Subtask download_file
[2023-02-08T13:18:58.837+0000] {task_command.py:388} INFO - Running <TaskInstance: cms_asp_noc.download_file scheduled__2022-04-24T00:00:00+00:00 [running]> on host 4ed7ae61ecf3
[2023-02-08T13:19:36.524+0000] {taskinstance.py:1509} INFO - Exporting the following env vars:
AIRFLOW_CTX_DAG_OWNER=***
AIRFLOW_CTX_DAG_ID=cms_asp_noc
AIRFLOW_CTX_TASK_ID=download_file
AIRFLOW_CTX_EXECUTION_DATE=2022-04-24T00:00:00+00:00
AIRFLOW_CTX_TRY_NUMBER=1
AIRFLOW_CTX_DAG_RUN_ID=scheduled__2022-04-24T00:00:00+00:00
[2023-02-08T13:19:46.850+0000] {logging_mixin.py:137} INFO - october-2022-noc-pricing-file.zip is downloaded.
[2023-02-08T13:19:47.391+0000] {logging_mixin.py:137} INFO - april-2022-noc-pricing-file.zip is downloaded.
[2023-02-08T13:19:48.706+0000] {logging_mixin.py:137} INFO - 2023.zip is downloaded.
[2023-02-08T13:19:50.176+0000] {logging_mixin.py:137} INFO - 2023.zip is downloaded.
[2023-02-08T13:19:51.165+0000] {logging_mixin.py:137} INFO - april-2022-asp-ndc-hcpcs-crosswalk.zip is downloaded.
[2023-02-08T13:19:52.530+0000] {logging_mixin.py:137} INFO - july-2022-asp-pricing-file-updated-12142022.zip is downloaded.
[2023-02-08T13:19:54.111+0000] {logging_mixin.py:137} INFO - april-2022-asp-pricing-file-updated-12142022.zip is downloaded.
[2023-02-08T13:19:57.643+0000] {logging_mixin.py:137} INFO - january-2022-asp-ndc-hcpcs-crosswalk.zip is downloaded.
[2023-02-08T13:19:57.971+0000] {logging_mixin.py:137} INFO - january-2023-noc-pricing-file.zip is downloaded.
[2023-02-08T13:19:58.345+0000] {logging_mixin.py:137} INFO - october-2022-asp-ndc-hcpcs-crosswalks-updated-12212022.zip is downloaded.
[2023-02-08T13:19:58.663+0000] {logging_mixin.py:137} INFO - october-2022-asp-pricing-file-updated-12212022.zip is downloaded.
[2023-02-08T13:19:59.101+0000] {logging_mixin.py:137} INFO - july-2022-asp-ndc-hcpcs-crosswalk-updated-07142022.zip is downloaded.
[2023-02-08T13:19:59.385+0000] {logging_mixin.py:137} INFO - july-2022-noc-pricing-file.zip is downloaded.
[2023-02-08T13:19:59.805+0000] {logging_mixin.py:137} INFO - january-2022-asp-pricing-file-updated-06082022.zip is downloaded.
[2023-02-08T13:20:01.405+0000] {logging_mixin.py:137} INFO - january-2022-noc-pricing-file-updated-03022022.zip is downloaded.
[2023-02-08T13:20:01.463+0000] {python.py:177} INFO - Done. Returned value was: None
[2023-02-08T13:20:01.665+0000] {taskinstance.py:1323} INFO - Marking task as SUCCESS. dag_id=cms_asp_noc, task_id=download_file, execution_date=20220424T000000, start_date=20230208T131856, end_date=20230208T132001
[2023-02-08T13:20:08.379+0000] {local_task_job.py:208} INFO - Task exited with return code 0
[2023-02-08T13:20:45.097+0000] {taskinstance.py:2578} INFO - 0 downstream tasks scheduled from follow-on schedule check
