[2023-02-08T15:13:30.063+0000] {taskinstance.py:1083} INFO - Dependencies all met for <TaskInstance: cms_asp_noc.download_file scheduled__2022-08-23T00:00:00+00:00 [queued]>
[2023-02-08T15:13:30.081+0000] {taskinstance.py:1083} INFO - Dependencies all met for <TaskInstance: cms_asp_noc.download_file scheduled__2022-08-23T00:00:00+00:00 [queued]>
[2023-02-08T15:13:30.082+0000] {taskinstance.py:1279} INFO - 
--------------------------------------------------------------------------------
[2023-02-08T15:13:30.083+0000] {taskinstance.py:1280} INFO - Starting attempt 1 of 1
[2023-02-08T15:13:30.084+0000] {taskinstance.py:1281} INFO - 
--------------------------------------------------------------------------------
[2023-02-08T15:13:30.112+0000] {taskinstance.py:1300} INFO - Executing <Task(PythonOperator): download_file> on 2022-08-23 00:00:00+00:00
[2023-02-08T15:13:30.123+0000] {standard_task_runner.py:55} INFO - Started process 1919 to run task
[2023-02-08T15:13:30.141+0000] {standard_task_runner.py:82} INFO - Running: ['***', 'tasks', 'run', 'cms_asp_noc', 'download_file', 'scheduled__2022-08-23T00:00:00+00:00', '--job-id', '737', '--raw', '--subdir', 'DAGS_FOLDER/cms_upd.py', '--cfg-path', '/tmp/tmp0zcuiksm']
[2023-02-08T15:13:30.157+0000] {standard_task_runner.py:83} INFO - Job 737: Subtask download_file
[2023-02-08T15:13:30.336+0000] {task_command.py:388} INFO - Running <TaskInstance: cms_asp_noc.download_file scheduled__2022-08-23T00:00:00+00:00 [running]> on host 1f90076947be
[2023-02-08T15:13:31.002+0000] {taskinstance.py:1509} INFO - Exporting the following env vars:
AIRFLOW_CTX_DAG_OWNER=***
AIRFLOW_CTX_DAG_ID=cms_asp_noc
AIRFLOW_CTX_TASK_ID=download_file
AIRFLOW_CTX_EXECUTION_DATE=2022-08-23T00:00:00+00:00
AIRFLOW_CTX_TRY_NUMBER=1
AIRFLOW_CTX_DAG_RUN_ID=scheduled__2022-08-23T00:00:00+00:00
[2023-02-08T15:13:33.433+0000] {logging_mixin.py:137} INFO - july-2022-asp-pricing-file-updated-12142022.zip is downloaded.
[2023-02-08T15:13:33.584+0000] {logging_mixin.py:137} INFO - january-2023-noc-pricing-file.zip is downloaded.
[2023-02-08T15:13:33.901+0000] {logging_mixin.py:137} INFO - january-2022-asp-ndc-hcpcs-crosswalk.zip is downloaded.
[2023-02-08T15:13:34.066+0000] {logging_mixin.py:137} INFO - january-2022-asp-pricing-file-updated-06082022.zip is downloaded.
[2023-02-08T15:13:34.380+0000] {logging_mixin.py:137} INFO - october-2022-asp-ndc-hcpcs-crosswalks-updated-12212022.zip is downloaded.
[2023-02-08T15:13:34.518+0000] {logging_mixin.py:137} INFO - july-2022-noc-pricing-file.zip is downloaded.
[2023-02-08T15:13:34.681+0000] {logging_mixin.py:137} INFO - april-2022-noc-pricing-file.zip is downloaded.
[2023-02-08T15:13:35.050+0000] {logging_mixin.py:137} INFO - july-2022-asp-ndc-hcpcs-crosswalk-updated-07142022.zip is downloaded.
[2023-02-08T15:13:35.239+0000] {logging_mixin.py:137} INFO - october-2022-noc-pricing-file.zip is downloaded.
[2023-02-08T15:13:35.810+0000] {logging_mixin.py:137} INFO - april-2022-asp-ndc-hcpcs-crosswalk.zip is downloaded.
[2023-02-08T15:13:36.492+0000] {logging_mixin.py:137} INFO - 2023.zip is downloaded.
[2023-02-08T15:13:37.158+0000] {logging_mixin.py:137} INFO - january-2022-noc-pricing-file-updated-03022022.zip is downloaded.
[2023-02-08T15:13:37.967+0000] {logging_mixin.py:137} INFO - october-2022-asp-pricing-file-updated-12212022.zip is downloaded.
[2023-02-08T15:13:38.613+0000] {logging_mixin.py:137} INFO - april-2022-asp-pricing-file-updated-12142022.zip is downloaded.
[2023-02-08T15:13:38.942+0000] {logging_mixin.py:137} INFO - 2023.zip is downloaded.
[2023-02-08T15:13:38.946+0000] {python.py:177} INFO - Done. Returned value was: None
[2023-02-08T15:13:38.980+0000] {taskinstance.py:1323} INFO - Marking task as SUCCESS. dag_id=cms_asp_noc, task_id=download_file, execution_date=20220823T000000, start_date=20230208T151330, end_date=20230208T151338
[2023-02-08T15:13:39.196+0000] {local_task_job.py:208} INFO - Task exited with return code 0
[2023-02-08T15:13:39.715+0000] {taskinstance.py:2578} INFO - 1 downstream tasks scheduled from follow-on schedule check
