[2023-03-09T00:00:02.204+0000] {taskinstance.py:1083} INFO - Dependencies all met for <TaskInstance: cms_asp_noc.website_changed scheduled__2023-03-08T00:00:00+00:00 [queued]>
[2023-03-09T00:00:02.214+0000] {taskinstance.py:1083} INFO - Dependencies all met for <TaskInstance: cms_asp_noc.website_changed scheduled__2023-03-08T00:00:00+00:00 [queued]>
[2023-03-09T00:00:02.215+0000] {taskinstance.py:1279} INFO - 
--------------------------------------------------------------------------------
[2023-03-09T00:00:02.215+0000] {taskinstance.py:1280} INFO - Starting attempt 1 of 1
[2023-03-09T00:00:02.216+0000] {taskinstance.py:1281} INFO - 
--------------------------------------------------------------------------------
[2023-03-09T00:00:02.226+0000] {taskinstance.py:1300} INFO - Executing <Task(PythonOperator): website_changed> on 2023-03-08 00:00:00+00:00
[2023-03-09T00:00:02.234+0000] {standard_task_runner.py:55} INFO - Started process 69307 to run task
[2023-03-09T00:00:02.239+0000] {standard_task_runner.py:82} INFO - Running: ['***', 'tasks', 'run', 'cms_asp_noc', 'website_changed', 'scheduled__2023-03-08T00:00:00+00:00', '--job-id', '1981', '--raw', '--subdir', 'DAGS_FOLDER/cms_upd.py', '--cfg-path', '/tmp/tmpw0pdx7w8']
[2023-03-09T00:00:02.242+0000] {standard_task_runner.py:83} INFO - Job 1981: Subtask website_changed
[2023-03-09T00:00:02.309+0000] {task_command.py:388} INFO - Running <TaskInstance: cms_asp_noc.website_changed scheduled__2023-03-08T00:00:00+00:00 [running]> on host 2886274f27ea
[2023-03-09T00:00:02.920+0000] {taskinstance.py:1509} INFO - Exporting the following env vars:
AIRFLOW_CTX_DAG_OWNER=***
AIRFLOW_CTX_DAG_ID=cms_asp_noc
AIRFLOW_CTX_TASK_ID=website_changed
AIRFLOW_CTX_EXECUTION_DATE=2023-03-08T00:00:00+00:00
AIRFLOW_CTX_TRY_NUMBER=1
AIRFLOW_CTX_DAG_RUN_ID=scheduled__2023-03-08T00:00:00+00:00
[2023-03-09T00:00:03.303+0000] {logging_mixin.py:137} INFO - Website is not changed.
[2023-03-09T00:00:03.303+0000] {python.py:177} INFO - Done. Returned value was: Website is not changed
[2023-03-09T00:00:03.326+0000] {taskinstance.py:1323} INFO - Marking task as SUCCESS. dag_id=cms_asp_noc, task_id=website_changed, execution_date=20230308T000000, start_date=20230309T000002, end_date=20230309T000003
[2023-03-09T00:00:03.391+0000] {local_task_job.py:208} INFO - Task exited with return code 0
[2023-03-09T00:00:03.539+0000] {taskinstance.py:2578} INFO - 2 downstream tasks scheduled from follow-on schedule check
