[2023-02-17T00:00:36.780+0000] {taskinstance.py:1083} INFO - Dependencies all met for <TaskInstance: cms_asp_noc.call_asp_pricing scheduled__2023-02-16T00:00:00+00:00 [queued]>
[2023-02-17T00:00:36.789+0000] {taskinstance.py:1083} INFO - Dependencies all met for <TaskInstance: cms_asp_noc.call_asp_pricing scheduled__2023-02-16T00:00:00+00:00 [queued]>
[2023-02-17T00:00:36.790+0000] {taskinstance.py:1279} INFO - 
--------------------------------------------------------------------------------
[2023-02-17T00:00:36.790+0000] {taskinstance.py:1280} INFO - Starting attempt 1 of 1
[2023-02-17T00:00:36.791+0000] {taskinstance.py:1281} INFO - 
--------------------------------------------------------------------------------
[2023-02-17T00:00:36.801+0000] {taskinstance.py:1300} INFO - Executing <Task(PythonOperator): call_asp_pricing> on 2023-02-16 00:00:00+00:00
[2023-02-17T00:00:36.811+0000] {standard_task_runner.py:55} INFO - Started process 53539 to run task
[2023-02-17T00:00:36.815+0000] {standard_task_runner.py:82} INFO - Running: ['***', 'tasks', 'run', 'cms_asp_noc', 'call_asp_pricing', 'scheduled__2023-02-16T00:00:00+00:00', '--job-id', '1792', '--raw', '--subdir', 'DAGS_FOLDER/cms_upd.py', '--cfg-path', '/tmp/tmpwy_v0kff']
[2023-02-17T00:00:36.818+0000] {standard_task_runner.py:83} INFO - Job 1792: Subtask call_asp_pricing
[2023-02-17T00:00:37.143+0000] {task_command.py:388} INFO - Running <TaskInstance: cms_asp_noc.call_asp_pricing scheduled__2023-02-16T00:00:00+00:00 [running]> on host 2886274f27ea
[2023-02-17T00:00:37.208+0000] {taskinstance.py:1509} INFO - Exporting the following env vars:
AIRFLOW_CTX_DAG_OWNER=***
AIRFLOW_CTX_DAG_ID=cms_asp_noc
AIRFLOW_CTX_TASK_ID=call_asp_pricing
AIRFLOW_CTX_EXECUTION_DATE=2023-02-16T00:00:00+00:00
AIRFLOW_CTX_TRY_NUMBER=1
AIRFLOW_CTX_DAG_RUN_ID=scheduled__2023-02-16T00:00:00+00:00
[2023-02-17T00:00:37.238+0000] {python.py:177} INFO - Done. Returned value was: None
[2023-02-17T00:00:37.249+0000] {taskinstance.py:1323} INFO - Marking task as SUCCESS. dag_id=cms_asp_noc, task_id=call_asp_pricing, execution_date=20230216T000000, start_date=20230217T000036, end_date=20230217T000037
[2023-02-17T00:00:37.324+0000] {local_task_job.py:208} INFO - Task exited with return code 0
[2023-02-17T00:00:37.500+0000] {taskinstance.py:2578} INFO - 1 downstream tasks scheduled from follow-on schedule check
