[2023-02-08T15:12:29.514+0000] {taskinstance.py:1083} INFO - Dependencies all met for <TaskInstance: cms_asp_noc.extract scheduled__2022-08-10T00:00:00+00:00 [queued]>
[2023-02-08T15:12:29.563+0000] {taskinstance.py:1083} INFO - Dependencies all met for <TaskInstance: cms_asp_noc.extract scheduled__2022-08-10T00:00:00+00:00 [queued]>
[2023-02-08T15:12:29.564+0000] {taskinstance.py:1279} INFO - 
--------------------------------------------------------------------------------
[2023-02-08T15:12:29.564+0000] {taskinstance.py:1280} INFO - Starting attempt 1 of 1
[2023-02-08T15:12:29.564+0000] {taskinstance.py:1281} INFO - 
--------------------------------------------------------------------------------
[2023-02-08T15:12:29.605+0000] {taskinstance.py:1300} INFO - Executing <Task(PythonOperator): extract> on 2022-08-10 00:00:00+00:00
[2023-02-08T15:12:29.621+0000] {standard_task_runner.py:55} INFO - Started process 1675 to run task
[2023-02-08T15:12:29.644+0000] {standard_task_runner.py:82} INFO - Running: ['***', 'tasks', 'run', 'cms_asp_noc', 'extract', 'scheduled__2022-08-10T00:00:00+00:00', '--job-id', '674', '--raw', '--subdir', 'DAGS_FOLDER/cms_upd.py', '--cfg-path', '/tmp/tmpj0qqlh77']
[2023-02-08T15:12:29.649+0000] {standard_task_runner.py:83} INFO - Job 674: Subtask extract
[2023-02-08T15:12:29.860+0000] {task_command.py:388} INFO - Running <TaskInstance: cms_asp_noc.extract scheduled__2022-08-10T00:00:00+00:00 [running]> on host 1f90076947be
[2023-02-08T15:12:31.126+0000] {taskinstance.py:1509} INFO - Exporting the following env vars:
AIRFLOW_CTX_DAG_OWNER=***
AIRFLOW_CTX_DAG_ID=cms_asp_noc
AIRFLOW_CTX_TASK_ID=extract
AIRFLOW_CTX_EXECUTION_DATE=2022-08-10T00:00:00+00:00
AIRFLOW_CTX_TRY_NUMBER=1
AIRFLOW_CTX_DAG_RUN_ID=scheduled__2022-08-10T00:00:00+00:00
[2023-02-08T15:12:31.128+0000] {logging_mixin.py:137} INFO - /opt/***/op_files/cms_zip_files/april-2022-asp-pricing-file-updated-06082022.zip
[2023-02-08T15:12:31.171+0000] {logging_mixin.py:137} INFO - /opt/***/op_files/cms_zip_files/april-2022-asp-pricing-file-updated-12142022.zip
[2023-02-08T15:12:31.197+0000] {logging_mixin.py:137} INFO - /opt/***/op_files/cms_zip_files/january-2022-asp-pricing-file-updated-06082022.zip
[2023-02-08T15:12:31.208+0000] {logging_mixin.py:137} INFO - /opt/***/op_files/cms_zip_files/july-2022-asp-ndc-hcpcs-crosswalk-updated-07142022.zip
[2023-02-08T15:12:31.354+0000] {logging_mixin.py:137} INFO - /opt/***/op_files/cms_zip_files/july-2022-asp-pricing-file-updated-12142022.zip
[2023-02-08T15:12:31.370+0000] {logging_mixin.py:137} INFO - /opt/***/op_files/cms_zip_files/july-2022-noc-pricing-file.zip
[2023-02-08T15:12:31.380+0000] {python.py:177} INFO - Done. Returned value was: None
[2023-02-08T15:12:31.406+0000] {taskinstance.py:1323} INFO - Marking task as SUCCESS. dag_id=cms_asp_noc, task_id=extract, execution_date=20220810T000000, start_date=20230208T151229, end_date=20230208T151231
[2023-02-08T15:12:31.540+0000] {local_task_job.py:208} INFO - Task exited with return code 0
[2023-02-08T15:12:31.773+0000] {taskinstance.py:2578} INFO - 1 downstream tasks scheduled from follow-on schedule check
