[2023-02-09T19:42:13.064+0000] {taskinstance.py:1083} INFO - Dependencies all met for <TaskInstance: cms_asp_noc.populate_all_tables manual__2023-02-08T17:31:54+00:00 [queued]>
[2023-02-09T19:42:13.074+0000] {taskinstance.py:1083} INFO - Dependencies all met for <TaskInstance: cms_asp_noc.populate_all_tables manual__2023-02-08T17:31:54+00:00 [queued]>
[2023-02-09T19:42:13.075+0000] {taskinstance.py:1279} INFO - 
--------------------------------------------------------------------------------
[2023-02-09T19:42:13.075+0000] {taskinstance.py:1280} INFO - Starting attempt 5 of 5
[2023-02-09T19:42:13.076+0000] {taskinstance.py:1281} INFO - 
--------------------------------------------------------------------------------
[2023-02-09T19:42:13.089+0000] {taskinstance.py:1300} INFO - Executing <Task(PostgresOperator): populate_all_tables> on 2023-02-08 17:31:54+00:00
[2023-02-09T19:42:13.098+0000] {standard_task_runner.py:55} INFO - Started process 10163 to run task
[2023-02-09T19:42:13.104+0000] {standard_task_runner.py:82} INFO - Running: ['***', 'tasks', 'run', 'cms_asp_noc', 'populate_all_tables', 'manual__2023-02-08T17:31:54+00:00', '--job-id', '1588', '--raw', '--subdir', 'DAGS_FOLDER/cms_upd.py', '--cfg-path', '/tmp/tmp40q6_pti']
[2023-02-09T19:42:13.106+0000] {standard_task_runner.py:83} INFO - Job 1588: Subtask populate_all_tables
[2023-02-09T19:42:13.170+0000] {task_command.py:388} INFO - Running <TaskInstance: cms_asp_noc.populate_all_tables manual__2023-02-08T17:31:54+00:00 [running]> on host 64b688f0f9e2
[2023-02-09T19:42:13.230+0000] {taskinstance.py:1509} INFO - Exporting the following env vars:
AIRFLOW_CTX_DAG_OWNER=***
AIRFLOW_CTX_DAG_ID=cms_asp_noc
AIRFLOW_CTX_TASK_ID=populate_all_tables
AIRFLOW_CTX_EXECUTION_DATE=2023-02-08T17:31:54+00:00
AIRFLOW_CTX_TRY_NUMBER=5
AIRFLOW_CTX_DAG_RUN_ID=manual__2023-02-08T17:31:54+00:00
[2023-02-09T19:42:13.233+0000] {sql.py:254} INFO - Executing: ['call sp_upsert_asp_pricing();\ncall sp_upsert_asp_ndc_hcpcs();\ncall sp_upsert_noc_NDC_HCPCS();']
[2023-02-09T19:42:13.242+0000] {base.py:73} INFO - Using connection ID 'postgres_conn' for task execution.
[2023-02-09T19:42:13.753+0000] {base.py:73} INFO - Using connection ID 'postgres_conn' for task execution.
[2023-02-09T19:44:04.651+0000] {local_task_job.py:273} WARNING - State of this instance has been externally set to restarting. Terminating instance.
[2023-02-09T19:44:04.660+0000] {process_utils.py:133} INFO - Sending Signals.SIGTERM to group 10163. PIDs of all processes in the group: [10163]
[2023-02-09T19:44:04.661+0000] {process_utils.py:84} INFO - Sending the signal Signals.SIGTERM to group 10163
[2023-02-09T19:45:04.702+0000] {process_utils.py:147} WARNING - process psutil.Process(pid=10163, name='airflow task ru', status='sleeping', started='19:42:12') did not respond to SIGTERM. Trying SIGKILL
[2023-02-09T19:45:04.739+0000] {process_utils.py:84} INFO - Sending the signal Signals.SIGKILL to group 10163
[2023-02-09T19:45:04.918+0000] {process_utils.py:79} INFO - Process psutil.Process(pid=10163, name='airflow task ru', status='terminated', exitcode=<Negsignal.SIGKILL: -9>, started='19:42:12') (10163) terminated with exit code Negsignal.SIGKILL
[2023-02-09T19:45:04.920+0000] {standard_task_runner.py:170} ERROR - Job 1588 was killed before it finished (likely due to running out of memory)
