[2023-02-09T19:44:09.634+0000] {taskinstance.py:1083} INFO - Dependencies all met for <TaskInstance: cms_asp_noc.populate_all_tables manual__2023-02-08T17:31:54+00:00 [queued]>
[2023-02-09T19:44:09.643+0000] {taskinstance.py:1083} INFO - Dependencies all met for <TaskInstance: cms_asp_noc.populate_all_tables manual__2023-02-08T17:31:54+00:00 [queued]>
[2023-02-09T19:44:09.644+0000] {taskinstance.py:1279} INFO - 
--------------------------------------------------------------------------------
[2023-02-09T19:44:09.645+0000] {taskinstance.py:1280} INFO - Starting attempt 6 of 6
[2023-02-09T19:44:09.645+0000] {taskinstance.py:1281} INFO - 
--------------------------------------------------------------------------------
[2023-02-09T19:44:09.654+0000] {taskinstance.py:1300} INFO - Executing <Task(PostgresOperator): populate_all_tables> on 2023-02-08 17:31:54+00:00
[2023-02-09T19:44:09.663+0000] {standard_task_runner.py:55} INFO - Started process 10296 to run task
[2023-02-09T19:44:09.667+0000] {standard_task_runner.py:82} INFO - Running: ['***', 'tasks', 'run', 'cms_asp_noc', 'populate_all_tables', 'manual__2023-02-08T17:31:54+00:00', '--job-id', '1589', '--raw', '--subdir', 'DAGS_FOLDER/cms_upd.py', '--cfg-path', '/tmp/tmpb8ltdo9x']
[2023-02-09T19:44:09.669+0000] {standard_task_runner.py:83} INFO - Job 1589: Subtask populate_all_tables
[2023-02-09T19:44:09.722+0000] {task_command.py:388} INFO - Running <TaskInstance: cms_asp_noc.populate_all_tables manual__2023-02-08T17:31:54+00:00 [running]> on host 64b688f0f9e2
[2023-02-09T19:44:09.770+0000] {taskinstance.py:1509} INFO - Exporting the following env vars:
AIRFLOW_CTX_DAG_OWNER=***
AIRFLOW_CTX_DAG_ID=cms_asp_noc
AIRFLOW_CTX_TASK_ID=populate_all_tables
AIRFLOW_CTX_EXECUTION_DATE=2023-02-08T17:31:54+00:00
AIRFLOW_CTX_TRY_NUMBER=6
AIRFLOW_CTX_DAG_RUN_ID=manual__2023-02-08T17:31:54+00:00
[2023-02-09T19:44:09.772+0000] {sql.py:254} INFO - Executing: ['call sp_upsert_asp_pricing();\ncall sp_upsert_asp_ndc_hcpcs();\ncall sp_upsert_noc_NDC_HCPCS();']
[2023-02-09T19:44:10.133+0000] {base.py:73} INFO - Using connection ID 'postgres_conn' for task execution.
[2023-02-09T19:44:10.239+0000] {base.py:73} INFO - Using connection ID 'postgres_conn' for task execution.
[2023-02-09T19:45:15.804+0000] {local_task_job.py:273} WARNING - State of this instance has been externally set to failed. Terminating instance.
[2023-02-09T19:45:15.816+0000] {process_utils.py:133} INFO - Sending Signals.SIGTERM to group 10296. PIDs of all processes in the group: [10296]
[2023-02-09T19:45:15.816+0000] {process_utils.py:84} INFO - Sending the signal Signals.SIGTERM to group 10296
[2023-02-09T19:46:15.819+0000] {process_utils.py:147} WARNING - process psutil.Process(pid=10296, name='airflow task ru', status='sleeping', started='19:44:09') did not respond to SIGTERM. Trying SIGKILL
[2023-02-09T19:46:15.829+0000] {process_utils.py:84} INFO - Sending the signal Signals.SIGKILL to group 10296
[2023-02-09T19:46:15.964+0000] {process_utils.py:79} INFO - Process psutil.Process(pid=10296, name='airflow task ru', status='terminated', exitcode=<Negsignal.SIGKILL: -9>, started='19:44:09') (10296) terminated with exit code Negsignal.SIGKILL
[2023-02-09T19:46:15.966+0000] {standard_task_runner.py:170} ERROR - Job 1589 was killed before it finished (likely due to running out of memory)
