[2023-03-07T17:03:13.975+0000] {taskinstance.py:1083} INFO - Dependencies all met for <TaskInstance: cms_asp_noc.website_changed manual__2023-03-07T17:03:11.250217+00:00 [queued]>
[2023-03-07T17:03:14.010+0000] {taskinstance.py:1083} INFO - Dependencies all met for <TaskInstance: cms_asp_noc.website_changed manual__2023-03-07T17:03:11.250217+00:00 [queued]>
[2023-03-07T17:03:14.011+0000] {taskinstance.py:1279} INFO - 
--------------------------------------------------------------------------------
[2023-03-07T17:03:14.012+0000] {taskinstance.py:1280} INFO - Starting attempt 1 of 1
[2023-03-07T17:03:14.013+0000] {taskinstance.py:1281} INFO - 
--------------------------------------------------------------------------------
[2023-03-07T17:03:14.061+0000] {taskinstance.py:1300} INFO - Executing <Task(PythonOperator): website_changed> on 2023-03-07 17:03:11.250217+00:00
[2023-03-07T17:03:14.102+0000] {standard_task_runner.py:55} INFO - Started process 4288 to run task
[2023-03-07T17:03:14.136+0000] {standard_task_runner.py:82} INFO - Running: ['***', 'tasks', 'run', 'cms_asp_noc', 'website_changed', 'manual__2023-03-07T17:03:11.250217+00:00', '--job-id', '1959', '--raw', '--subdir', 'DAGS_FOLDER/cms_upd.py', '--cfg-path', '/tmp/tmpvqxsi73k']
[2023-03-07T17:03:14.150+0000] {standard_task_runner.py:83} INFO - Job 1959: Subtask website_changed
[2023-03-07T17:03:14.355+0000] {task_command.py:388} INFO - Running <TaskInstance: cms_asp_noc.website_changed manual__2023-03-07T17:03:11.250217+00:00 [running]> on host 2886274f27ea
[2023-03-07T17:03:15.306+0000] {taskinstance.py:1509} INFO - Exporting the following env vars:
AIRFLOW_CTX_DAG_OWNER=***
AIRFLOW_CTX_DAG_ID=cms_asp_noc
AIRFLOW_CTX_TASK_ID=website_changed
AIRFLOW_CTX_EXECUTION_DATE=2023-03-07T17:03:11.250217+00:00
AIRFLOW_CTX_TRY_NUMBER=1
AIRFLOW_CTX_DAG_RUN_ID=manual__2023-03-07T17:03:11.250217+00:00
[2023-03-07T17:03:15.455+0000] {logging_mixin.py:137} INFO - Website is not changed.
[2023-03-07T17:03:15.456+0000] {python.py:177} INFO - Done. Returned value was: Website is not changed
[2023-03-07T17:03:15.485+0000] {taskinstance.py:1323} INFO - Marking task as SUCCESS. dag_id=cms_asp_noc, task_id=website_changed, execution_date=20230307T170311, start_date=20230307T170313, end_date=20230307T170315
[2023-03-07T17:03:15.543+0000] {local_task_job.py:208} INFO - Task exited with return code 0
[2023-03-07T17:03:15.742+0000] {taskinstance.py:2578} INFO - 2 downstream tasks scheduled from follow-on schedule check
