[2023-02-08T12:53:37.651+0000] {taskinstance.py:1083} INFO - Dependencies all met for <TaskInstance: cms_asp_noc.data_load scheduled__2022-01-21T00:00:00+00:00 [queued]>
[2023-02-08T12:53:38.447+0000] {taskinstance.py:1083} INFO - Dependencies all met for <TaskInstance: cms_asp_noc.data_load scheduled__2022-01-21T00:00:00+00:00 [queued]>
[2023-02-08T12:53:38.450+0000] {taskinstance.py:1279} INFO - 
--------------------------------------------------------------------------------
[2023-02-08T12:53:38.452+0000] {taskinstance.py:1280} INFO - Starting attempt 1 of 1
[2023-02-08T12:53:38.453+0000] {taskinstance.py:1281} INFO - 
--------------------------------------------------------------------------------
[2023-02-08T12:53:39.175+0000] {taskinstance.py:1300} INFO - Executing <Task(PythonOperator): data_load> on 2022-01-21 00:00:00+00:00
[2023-02-08T12:53:39.450+0000] {standard_task_runner.py:55} INFO - Started process 426 to run task
[2023-02-08T12:53:39.482+0000] {standard_task_runner.py:82} INFO - Running: ['***', 'tasks', 'run', 'cms_asp_noc', 'data_load', 'scheduled__2022-01-21T00:00:00+00:00', '--job-id', '66', '--raw', '--subdir', 'DAGS_FOLDER/cms_upd.py', '--cfg-path', '/tmp/tmp40w6nnh6']
[2023-02-08T12:53:39.532+0000] {standard_task_runner.py:83} INFO - Job 66: Subtask data_load
[2023-02-08T12:53:41.599+0000] {task_command.py:388} INFO - Running <TaskInstance: cms_asp_noc.data_load scheduled__2022-01-21T00:00:00+00:00 [running]> on host 4ed7ae61ecf3
[2023-02-08T12:54:37.102+0000] {taskinstance.py:1509} INFO - Exporting the following env vars:
AIRFLOW_CTX_DAG_OWNER=***
AIRFLOW_CTX_DAG_ID=cms_asp_noc
AIRFLOW_CTX_TASK_ID=data_load
AIRFLOW_CTX_EXECUTION_DATE=2022-01-21T00:00:00+00:00
AIRFLOW_CTX_TRY_NUMBER=1
AIRFLOW_CTX_DAG_RUN_ID=scheduled__2022-01-21T00:00:00+00:00
[2023-02-08T12:54:37.209+0000] {logging_mixin.py:137} INFO - []
[2023-02-08T12:54:37.212+0000] {python.py:177} INFO - Done. Returned value was: None
[2023-02-08T12:54:37.373+0000] {taskinstance.py:1323} INFO - Marking task as SUCCESS. dag_id=cms_asp_noc, task_id=data_load, execution_date=20220121T000000, start_date=20230208T125337, end_date=20230208T125437
[2023-02-08T12:54:42.580+0000] {local_task_job.py:208} INFO - Task exited with return code 0
[2023-02-08T12:54:59.647+0000] {taskinstance.py:2578} INFO - 0 downstream tasks scheduled from follow-on schedule check
