[2023-02-08T13:01:25.306+0000] {taskinstance.py:1083} INFO - Dependencies all met for <TaskInstance: cms_asp_noc.extract scheduled__2022-02-23T00:00:00+00:00 [queued]>
[2023-02-08T13:01:25.489+0000] {taskinstance.py:1083} INFO - Dependencies all met for <TaskInstance: cms_asp_noc.extract scheduled__2022-02-23T00:00:00+00:00 [queued]>
[2023-02-08T13:01:25.492+0000] {taskinstance.py:1279} INFO - 
--------------------------------------------------------------------------------
[2023-02-08T13:01:25.497+0000] {taskinstance.py:1280} INFO - Starting attempt 1 of 1
[2023-02-08T13:01:25.501+0000] {taskinstance.py:1281} INFO - 
--------------------------------------------------------------------------------
[2023-02-08T13:01:25.735+0000] {taskinstance.py:1300} INFO - Executing <Task(PythonOperator): extract> on 2022-02-23 00:00:00+00:00
[2023-02-08T13:01:25.928+0000] {standard_task_runner.py:55} INFO - Started process 781 to run task
[2023-02-08T13:01:26.063+0000] {standard_task_runner.py:82} INFO - Running: ['***', 'tasks', 'run', 'cms_asp_noc', 'extract', 'scheduled__2022-02-23T00:00:00+00:00', '--job-id', '119', '--raw', '--subdir', 'DAGS_FOLDER/cms_upd.py', '--cfg-path', '/tmp/tmp6pcmtinr']
[2023-02-08T13:01:26.083+0000] {standard_task_runner.py:83} INFO - Job 119: Subtask extract
[2023-02-08T13:01:28.171+0000] {task_command.py:388} INFO - Running <TaskInstance: cms_asp_noc.extract scheduled__2022-02-23T00:00:00+00:00 [running]> on host 4ed7ae61ecf3
[2023-02-08T13:02:17.034+0000] {taskinstance.py:1509} INFO - Exporting the following env vars:
AIRFLOW_CTX_DAG_OWNER=***
AIRFLOW_CTX_DAG_ID=cms_asp_noc
AIRFLOW_CTX_TASK_ID=extract
AIRFLOW_CTX_EXECUTION_DATE=2022-02-23T00:00:00+00:00
AIRFLOW_CTX_TRY_NUMBER=1
AIRFLOW_CTX_DAG_RUN_ID=scheduled__2022-02-23T00:00:00+00:00
[2023-02-08T13:02:17.067+0000] {logging_mixin.py:137} INFO - /opt/***/op_files/cms_zip_files/april-2022-asp-pricing-file-updated-06082022.zip
[2023-02-08T13:02:17.602+0000] {logging_mixin.py:137} INFO - /opt/***/op_files/cms_zip_files/april-2022-asp-pricing-file-updated-12142022.zip
[2023-02-08T13:02:18.210+0000] {logging_mixin.py:137} INFO - /opt/***/op_files/cms_zip_files/january-2022-asp-pricing-file-updated-06082022.zip
[2023-02-08T13:02:18.496+0000] {logging_mixin.py:137} INFO - /opt/***/op_files/cms_zip_files/july-2022-asp-ndc-hcpcs-crosswalk-updated-07142022.zip
[2023-02-08T13:02:18.979+0000] {logging_mixin.py:137} INFO - /opt/***/op_files/cms_zip_files/july-2022-asp-pricing-file-updated-12142022.zip
[2023-02-08T13:02:19.000+0000] {logging_mixin.py:137} INFO - /opt/***/op_files/cms_zip_files/july-2022-noc-pricing-file.zip
[2023-02-08T13:02:19.011+0000] {python.py:177} INFO - Done. Returned value was: None
[2023-02-08T13:02:19.137+0000] {taskinstance.py:1323} INFO - Marking task as SUCCESS. dag_id=cms_asp_noc, task_id=extract, execution_date=20220223T000000, start_date=20230208T130125, end_date=20230208T130219
[2023-02-08T13:02:22.418+0000] {local_task_job.py:208} INFO - Task exited with return code 0
[2023-02-08T13:02:38.074+0000] {taskinstance.py:2578} INFO - 0 downstream tasks scheduled from follow-on schedule check
