[2023-03-07T15:54:18.356+0000] {taskinstance.py:1083} INFO - Dependencies all met for <TaskInstance: cms_asp_noc.call_ndc_hcpcs scheduled__2023-03-06T00:00:00+00:00 [queued]>
[2023-03-07T15:54:18.364+0000] {taskinstance.py:1083} INFO - Dependencies all met for <TaskInstance: cms_asp_noc.call_ndc_hcpcs scheduled__2023-03-06T00:00:00+00:00 [queued]>
[2023-03-07T15:54:18.364+0000] {taskinstance.py:1279} INFO - 
--------------------------------------------------------------------------------
[2023-03-07T15:54:18.365+0000] {taskinstance.py:1280} INFO - Starting attempt 1 of 1
[2023-03-07T15:54:18.365+0000] {taskinstance.py:1281} INFO - 
--------------------------------------------------------------------------------
[2023-03-07T15:54:18.374+0000] {taskinstance.py:1300} INFO - Executing <Task(PythonOperator): call_ndc_hcpcs> on 2023-03-06 00:00:00+00:00
[2023-03-07T15:54:18.380+0000] {standard_task_runner.py:55} INFO - Started process 136 to run task
[2023-03-07T15:54:18.383+0000] {standard_task_runner.py:82} INFO - Running: ['***', 'tasks', 'run', 'cms_asp_noc', 'call_ndc_hcpcs', 'scheduled__2023-03-06T00:00:00+00:00', '--job-id', '1954', '--raw', '--subdir', 'DAGS_FOLDER/cms_upd.py', '--cfg-path', '/tmp/tmp1vfwzcad']
[2023-03-07T15:54:18.386+0000] {standard_task_runner.py:83} INFO - Job 1954: Subtask call_ndc_hcpcs
[2023-03-07T15:54:18.617+0000] {task_command.py:388} INFO - Running <TaskInstance: cms_asp_noc.call_ndc_hcpcs scheduled__2023-03-06T00:00:00+00:00 [running]> on host 2886274f27ea
[2023-03-07T15:54:18.669+0000] {taskinstance.py:1509} INFO - Exporting the following env vars:
AIRFLOW_CTX_DAG_OWNER=***
AIRFLOW_CTX_DAG_ID=cms_asp_noc
AIRFLOW_CTX_TASK_ID=call_ndc_hcpcs
AIRFLOW_CTX_EXECUTION_DATE=2023-03-06T00:00:00+00:00
AIRFLOW_CTX_TRY_NUMBER=1
AIRFLOW_CTX_DAG_RUN_ID=scheduled__2023-03-06T00:00:00+00:00
[2023-03-07T15:54:18.701+0000] {python.py:177} INFO - Done. Returned value was: None
[2023-03-07T15:54:18.713+0000] {taskinstance.py:1323} INFO - Marking task as SUCCESS. dag_id=cms_asp_noc, task_id=call_ndc_hcpcs, execution_date=20230306T000000, start_date=20230307T155418, end_date=20230307T155418
[2023-03-07T15:54:18.757+0000] {local_task_job.py:208} INFO - Task exited with return code 0
[2023-03-07T15:54:18.828+0000] {taskinstance.py:2578} INFO - 0 downstream tasks scheduled from follow-on schedule check
