[2023-02-08T15:06:24.743+0000] {taskinstance.py:1083} INFO - Dependencies all met for <TaskInstance: cms_asp_noc.extract scheduled__2022-06-08T00:00:00+00:00 [queued]>
[2023-02-08T15:06:24.816+0000] {taskinstance.py:1083} INFO - Dependencies all met for <TaskInstance: cms_asp_noc.extract scheduled__2022-06-08T00:00:00+00:00 [queued]>
[2023-02-08T15:06:24.824+0000] {taskinstance.py:1279} INFO - 
--------------------------------------------------------------------------------
[2023-02-08T15:06:24.827+0000] {taskinstance.py:1280} INFO - Starting attempt 1 of 1
[2023-02-08T15:06:24.857+0000] {taskinstance.py:1281} INFO - 
--------------------------------------------------------------------------------
[2023-02-08T15:06:24.957+0000] {taskinstance.py:1300} INFO - Executing <Task(PythonOperator): extract> on 2022-06-08 00:00:00+00:00
[2023-02-08T15:06:25.045+0000] {standard_task_runner.py:55} INFO - Started process 427 to run task
[2023-02-08T15:06:25.103+0000] {standard_task_runner.py:82} INFO - Running: ['***', 'tasks', 'run', 'cms_asp_noc', 'extract', 'scheduled__2022-06-08T00:00:00+00:00', '--job-id', '363', '--raw', '--subdir', 'DAGS_FOLDER/cms_upd.py', '--cfg-path', '/tmp/tmpzrvipd2i']
[2023-02-08T15:06:25.117+0000] {standard_task_runner.py:83} INFO - Job 363: Subtask extract
[2023-02-08T15:06:25.621+0000] {task_command.py:388} INFO - Running <TaskInstance: cms_asp_noc.extract scheduled__2022-06-08T00:00:00+00:00 [running]> on host 1f90076947be
[2023-02-08T15:06:28.032+0000] {taskinstance.py:1509} INFO - Exporting the following env vars:
AIRFLOW_CTX_DAG_OWNER=***
AIRFLOW_CTX_DAG_ID=cms_asp_noc
AIRFLOW_CTX_TASK_ID=extract
AIRFLOW_CTX_EXECUTION_DATE=2022-06-08T00:00:00+00:00
AIRFLOW_CTX_TRY_NUMBER=1
AIRFLOW_CTX_DAG_RUN_ID=scheduled__2022-06-08T00:00:00+00:00
[2023-02-08T15:06:28.039+0000] {logging_mixin.py:137} INFO - /opt/***/op_files/cms_zip_files/april-2022-asp-pricing-file-updated-06082022.zip
[2023-02-08T15:06:28.123+0000] {logging_mixin.py:137} INFO - /opt/***/op_files/cms_zip_files/april-2022-asp-pricing-file-updated-12142022.zip
[2023-02-08T15:06:28.170+0000] {logging_mixin.py:137} INFO - /opt/***/op_files/cms_zip_files/january-2022-asp-pricing-file-updated-06082022.zip
[2023-02-08T15:06:28.204+0000] {logging_mixin.py:137} INFO - /opt/***/op_files/cms_zip_files/july-2022-asp-ndc-hcpcs-crosswalk-updated-07142022.zip
[2023-02-08T15:06:28.377+0000] {logging_mixin.py:137} INFO - /opt/***/op_files/cms_zip_files/july-2022-asp-pricing-file-updated-12142022.zip
[2023-02-08T15:06:28.396+0000] {logging_mixin.py:137} INFO - /opt/***/op_files/cms_zip_files/july-2022-noc-pricing-file.zip
[2023-02-08T15:06:28.404+0000] {python.py:177} INFO - Done. Returned value was: None
[2023-02-08T15:06:28.452+0000] {taskinstance.py:1323} INFO - Marking task as SUCCESS. dag_id=cms_asp_noc, task_id=extract, execution_date=20220608T000000, start_date=20230208T150624, end_date=20230208T150628
[2023-02-08T15:06:28.856+0000] {local_task_job.py:208} INFO - Task exited with return code 0
[2023-02-08T15:06:29.273+0000] {taskinstance.py:2578} INFO - 1 downstream tasks scheduled from follow-on schedule check
