[2023-02-08T15:22:23.161+0000] {taskinstance.py:1083} INFO - Dependencies all met for <TaskInstance: cms_asp_noc.download_file scheduled__2022-12-10T00:00:00+00:00 [queued]>
[2023-02-08T15:22:23.172+0000] {taskinstance.py:1083} INFO - Dependencies all met for <TaskInstance: cms_asp_noc.download_file scheduled__2022-12-10T00:00:00+00:00 [queued]>
[2023-02-08T15:22:23.173+0000] {taskinstance.py:1279} INFO - 
--------------------------------------------------------------------------------
[2023-02-08T15:22:23.174+0000] {taskinstance.py:1280} INFO - Starting attempt 1 of 1
[2023-02-08T15:22:23.175+0000] {taskinstance.py:1281} INFO - 
--------------------------------------------------------------------------------
[2023-02-08T15:22:23.315+0000] {taskinstance.py:1300} INFO - Executing <Task(PythonOperator): download_file> on 2022-12-10 00:00:00+00:00
[2023-02-08T15:22:23.334+0000] {standard_task_runner.py:55} INFO - Started process 4062 to run task
[2023-02-08T15:22:23.348+0000] {standard_task_runner.py:82} INFO - Running: ['***', 'tasks', 'run', 'cms_asp_noc', 'download_file', 'scheduled__2022-12-10T00:00:00+00:00', '--job-id', '1282', '--raw', '--subdir', 'DAGS_FOLDER/cms_upd.py', '--cfg-path', '/tmp/tmpae1d_60b']
[2023-02-08T15:22:23.364+0000] {standard_task_runner.py:83} INFO - Job 1282: Subtask download_file
[2023-02-08T15:22:23.704+0000] {task_command.py:388} INFO - Running <TaskInstance: cms_asp_noc.download_file scheduled__2022-12-10T00:00:00+00:00 [running]> on host 1f90076947be
[2023-02-08T15:22:24.547+0000] {taskinstance.py:1509} INFO - Exporting the following env vars:
AIRFLOW_CTX_DAG_OWNER=***
AIRFLOW_CTX_DAG_ID=cms_asp_noc
AIRFLOW_CTX_TASK_ID=download_file
AIRFLOW_CTX_EXECUTION_DATE=2022-12-10T00:00:00+00:00
AIRFLOW_CTX_TRY_NUMBER=1
AIRFLOW_CTX_DAG_RUN_ID=scheduled__2022-12-10T00:00:00+00:00
[2023-02-08T15:22:27.198+0000] {logging_mixin.py:137} INFO - july-2022-asp-pricing-file-updated-12142022.zip is downloaded.
[2023-02-08T15:22:27.382+0000] {logging_mixin.py:137} INFO - january-2023-noc-pricing-file.zip is downloaded.
[2023-02-08T15:22:27.770+0000] {logging_mixin.py:137} INFO - january-2022-asp-ndc-hcpcs-crosswalk.zip is downloaded.
[2023-02-08T15:22:27.963+0000] {logging_mixin.py:137} INFO - january-2022-asp-pricing-file-updated-06082022.zip is downloaded.
[2023-02-08T15:22:29.502+0000] {logging_mixin.py:137} INFO - october-2022-asp-ndc-hcpcs-crosswalks-updated-12212022.zip is downloaded.
[2023-02-08T15:22:29.999+0000] {logging_mixin.py:137} INFO - july-2022-noc-pricing-file.zip is downloaded.
[2023-02-08T15:22:30.445+0000] {logging_mixin.py:137} INFO - april-2022-noc-pricing-file.zip is downloaded.
[2023-02-08T15:22:31.219+0000] {logging_mixin.py:137} INFO - july-2022-asp-ndc-hcpcs-crosswalk-updated-07142022.zip is downloaded.
[2023-02-08T15:22:31.365+0000] {logging_mixin.py:137} INFO - october-2022-noc-pricing-file.zip is downloaded.
[2023-02-08T15:22:31.705+0000] {logging_mixin.py:137} INFO - april-2022-asp-ndc-hcpcs-crosswalk.zip is downloaded.
[2023-02-08T15:22:31.894+0000] {logging_mixin.py:137} INFO - 2023.zip is downloaded.
[2023-02-08T15:22:32.058+0000] {logging_mixin.py:137} INFO - january-2022-noc-pricing-file-updated-03022022.zip is downloaded.
[2023-02-08T15:22:32.212+0000] {logging_mixin.py:137} INFO - october-2022-asp-pricing-file-updated-12212022.zip is downloaded.
[2023-02-08T15:22:32.402+0000] {logging_mixin.py:137} INFO - april-2022-asp-pricing-file-updated-12142022.zip is downloaded.
[2023-02-08T15:22:32.736+0000] {logging_mixin.py:137} INFO - 2023.zip is downloaded.
[2023-02-08T15:22:32.740+0000] {python.py:177} INFO - Done. Returned value was: None
[2023-02-08T15:22:32.776+0000] {taskinstance.py:1323} INFO - Marking task as SUCCESS. dag_id=cms_asp_noc, task_id=download_file, execution_date=20221210T000000, start_date=20230208T152223, end_date=20230208T152232
[2023-02-08T15:22:32.967+0000] {local_task_job.py:208} INFO - Task exited with return code 0
[2023-02-08T15:22:34.085+0000] {taskinstance.py:2578} INFO - 0 downstream tasks scheduled from follow-on schedule check
