[2023-02-09T20:20:41.284+0000] {taskinstance.py:1083} INFO - Dependencies all met for <TaskInstance: cms_asp_noc.populate_all_tables manual__2023-02-09T20:20:28+00:00 [queued]>
[2023-02-09T20:20:41.291+0000] {taskinstance.py:1083} INFO - Dependencies all met for <TaskInstance: cms_asp_noc.populate_all_tables manual__2023-02-09T20:20:28+00:00 [queued]>
[2023-02-09T20:20:41.291+0000] {taskinstance.py:1279} INFO - 
--------------------------------------------------------------------------------
[2023-02-09T20:20:41.292+0000] {taskinstance.py:1280} INFO - Starting attempt 1 of 1
[2023-02-09T20:20:41.292+0000] {taskinstance.py:1281} INFO - 
--------------------------------------------------------------------------------
[2023-02-09T20:20:41.300+0000] {taskinstance.py:1300} INFO - Executing <Task(PostgresOperator): populate_all_tables> on 2023-02-09 20:20:28+00:00
[2023-02-09T20:20:41.306+0000] {standard_task_runner.py:55} INFO - Started process 12801 to run task
[2023-02-09T20:20:41.310+0000] {standard_task_runner.py:82} INFO - Running: ['***', 'tasks', 'run', 'cms_asp_noc', 'populate_all_tables', 'manual__2023-02-09T20:20:28+00:00', '--job-id', '1599', '--raw', '--subdir', 'DAGS_FOLDER/cms_upd.py', '--cfg-path', '/tmp/tmppg2x6922']
[2023-02-09T20:20:41.312+0000] {standard_task_runner.py:83} INFO - Job 1599: Subtask populate_all_tables
[2023-02-09T20:20:41.379+0000] {task_command.py:388} INFO - Running <TaskInstance: cms_asp_noc.populate_all_tables manual__2023-02-09T20:20:28+00:00 [running]> on host 64b688f0f9e2
[2023-02-09T20:20:41.434+0000] {taskinstance.py:1509} INFO - Exporting the following env vars:
AIRFLOW_CTX_DAG_OWNER=***
AIRFLOW_CTX_DAG_ID=cms_asp_noc
AIRFLOW_CTX_TASK_ID=populate_all_tables
AIRFLOW_CTX_EXECUTION_DATE=2023-02-09T20:20:28+00:00
AIRFLOW_CTX_TRY_NUMBER=1
AIRFLOW_CTX_DAG_RUN_ID=manual__2023-02-09T20:20:28+00:00
[2023-02-09T20:20:41.435+0000] {sql.py:254} INFO - Executing: ['call sp_upsert_asp_pricing();\ncall sp_upsert_asp_ndc_hcpcs();\ncall sp_upsert_noc_NDC_HCPCS();']
[2023-02-09T20:20:41.591+0000] {base.py:73} INFO - Using connection ID 'postgres_conn' for task execution.
[2023-02-09T20:20:41.695+0000] {base.py:73} INFO - Using connection ID 'postgres_conn' for task execution.
