[2023-02-09T16:40:22.204+0000] {taskinstance.py:1083} INFO - Dependencies all met for <TaskInstance: cms_asp_noc.website_changed scheduled__2023-02-08T00:00:00+00:00 [queued]>
[2023-02-09T16:40:22.254+0000] {taskinstance.py:1083} INFO - Dependencies all met for <TaskInstance: cms_asp_noc.website_changed scheduled__2023-02-08T00:00:00+00:00 [queued]>
[2023-02-09T16:40:22.257+0000] {taskinstance.py:1279} INFO - 
--------------------------------------------------------------------------------
[2023-02-09T16:40:22.262+0000] {taskinstance.py:1280} INFO - Starting attempt 1 of 1
[2023-02-09T16:40:22.263+0000] {taskinstance.py:1281} INFO - 
--------------------------------------------------------------------------------
[2023-02-09T16:40:22.346+0000] {taskinstance.py:1300} INFO - Executing <Task(PythonOperator): website_changed> on 2023-02-08 00:00:00+00:00
[2023-02-09T16:40:22.668+0000] {standard_task_runner.py:55} INFO - Started process 69 to run task
[2023-02-09T16:40:22.856+0000] {standard_task_runner.py:82} INFO - Running: ['***', 'tasks', 'run', 'cms_asp_noc', 'website_changed', 'scheduled__2023-02-08T00:00:00+00:00', '--job-id', '1574', '--raw', '--subdir', 'DAGS_FOLDER/cms_upd.py', '--cfg-path', '/tmp/tmpd7fhrt4k']
[2023-02-09T16:40:23.058+0000] {standard_task_runner.py:83} INFO - Job 1574: Subtask website_changed
[2023-02-09T16:40:23.755+0000] {task_command.py:388} INFO - Running <TaskInstance: cms_asp_noc.website_changed scheduled__2023-02-08T00:00:00+00:00 [running]> on host 837240cc12e9
[2023-02-09T16:40:23.983+0000] {taskinstance.py:1509} INFO - Exporting the following env vars:
AIRFLOW_CTX_DAG_OWNER=***
AIRFLOW_CTX_DAG_ID=cms_asp_noc
AIRFLOW_CTX_TASK_ID=website_changed
AIRFLOW_CTX_EXECUTION_DATE=2023-02-08T00:00:00+00:00
AIRFLOW_CTX_TRY_NUMBER=1
AIRFLOW_CTX_DAG_RUN_ID=scheduled__2023-02-08T00:00:00+00:00
[2023-02-09T16:40:24.299+0000] {logging_mixin.py:137} INFO - Website is not changed.
[2023-02-09T16:40:24.302+0000] {python.py:177} INFO - Done. Returned value was: Website is not changed
[2023-02-09T16:40:24.349+0000] {taskinstance.py:1323} INFO - Marking task as SUCCESS. dag_id=cms_asp_noc, task_id=website_changed, execution_date=20230208T000000, start_date=20230209T164022, end_date=20230209T164024
[2023-02-09T16:40:24.468+0000] {local_task_job.py:208} INFO - Task exited with return code 0
[2023-02-09T16:40:24.549+0000] {taskinstance.py:2578} INFO - 2 downstream tasks scheduled from follow-on schedule check
