[2023-02-19T00:55:44.548+0000] {processor.py:153} INFO - Started process (PID=18012) to work on /opt/airflow/dags/cms_pg/download_file.py
[2023-02-19T00:55:44.560+0000] {processor.py:743} INFO - Processing file /opt/airflow/dags/cms_pg/download_file.py for tasks to queue
[2023-02-19T00:55:44.563+0000] {logging_mixin.py:137} INFO - [2023-02-19T00:55:44.562+0000] {dagbag.py:538} INFO - Filling up the DagBag from /opt/airflow/dags/cms_pg/download_file.py
[2023-02-19T00:55:45.184+0000] {logging_mixin.py:137} INFO - Website is changed. Links: True
[2023-02-19T00:55:45.185+0000] {processor.py:755} WARNING - No viable dags retrieved from /opt/airflow/dags/cms_pg/download_file.py
[2023-02-19T00:55:45.219+0000] {processor.py:175} INFO - Processing /opt/airflow/dags/cms_pg/download_file.py took 0.684 seconds
[2023-02-19T02:17:06.739+0000] {processor.py:153} INFO - Started process (PID=18043) to work on /opt/airflow/dags/cms_pg/download_file.py
[2023-02-19T02:17:06.741+0000] {processor.py:743} INFO - Processing file /opt/airflow/dags/cms_pg/download_file.py for tasks to queue
[2023-02-19T02:17:06.742+0000] {logging_mixin.py:137} INFO - [2023-02-19T02:17:06.742+0000] {dagbag.py:538} INFO - Filling up the DagBag from /opt/airflow/dags/cms_pg/download_file.py
[2023-02-19T02:17:07.282+0000] {logging_mixin.py:137} INFO - Website is changed. Links: True
[2023-02-19T02:17:07.284+0000] {processor.py:755} WARNING - No viable dags retrieved from /opt/airflow/dags/cms_pg/download_file.py
[2023-02-19T02:17:07.310+0000] {processor.py:175} INFO - Processing /opt/airflow/dags/cms_pg/download_file.py took 0.583 seconds
[2023-02-19T03:24:38.484+0000] {processor.py:153} INFO - Started process (PID=18087) to work on /opt/airflow/dags/cms_pg/download_file.py
[2023-02-19T03:24:38.488+0000] {processor.py:743} INFO - Processing file /opt/airflow/dags/cms_pg/download_file.py for tasks to queue
[2023-02-19T03:24:38.490+0000] {logging_mixin.py:137} INFO - [2023-02-19T03:24:38.490+0000] {dagbag.py:538} INFO - Filling up the DagBag from /opt/airflow/dags/cms_pg/download_file.py
[2023-02-19T03:24:39.447+0000] {logging_mixin.py:137} INFO - Website is changed. Links: True
[2023-02-19T03:24:39.452+0000] {processor.py:755} WARNING - No viable dags retrieved from /opt/airflow/dags/cms_pg/download_file.py
[2023-02-19T03:24:39.491+0000] {processor.py:175} INFO - Processing /opt/airflow/dags/cms_pg/download_file.py took 1.012 seconds
[2023-02-19T04:30:40.125+0000] {processor.py:153} INFO - Started process (PID=18119) to work on /opt/airflow/dags/cms_pg/download_file.py
[2023-02-19T04:30:40.135+0000] {processor.py:743} INFO - Processing file /opt/airflow/dags/cms_pg/download_file.py for tasks to queue
[2023-02-19T04:30:40.137+0000] {logging_mixin.py:137} INFO - [2023-02-19T04:30:40.137+0000] {dagbag.py:538} INFO - Filling up the DagBag from /opt/airflow/dags/cms_pg/download_file.py
[2023-02-19T04:30:40.808+0000] {logging_mixin.py:137} INFO - Website is changed. Links: True
[2023-02-19T04:30:40.810+0000] {processor.py:755} WARNING - No viable dags retrieved from /opt/airflow/dags/cms_pg/download_file.py
[2023-02-19T04:30:40.841+0000] {processor.py:175} INFO - Processing /opt/airflow/dags/cms_pg/download_file.py took 0.727 seconds
[2023-02-19T05:35:12.236+0000] {processor.py:153} INFO - Started process (PID=18150) to work on /opt/airflow/dags/cms_pg/download_file.py
[2023-02-19T05:35:12.238+0000] {processor.py:743} INFO - Processing file /opt/airflow/dags/cms_pg/download_file.py for tasks to queue
[2023-02-19T05:35:12.240+0000] {logging_mixin.py:137} INFO - [2023-02-19T05:35:12.240+0000] {dagbag.py:538} INFO - Filling up the DagBag from /opt/airflow/dags/cms_pg/download_file.py
[2023-02-19T05:35:12.717+0000] {logging_mixin.py:137} INFO - Website is changed. Links: True
[2023-02-19T05:35:12.718+0000] {processor.py:755} WARNING - No viable dags retrieved from /opt/airflow/dags/cms_pg/download_file.py
[2023-02-19T05:35:12.732+0000] {processor.py:175} INFO - Processing /opt/airflow/dags/cms_pg/download_file.py took 0.501 seconds
[2023-02-19T06:44:09.403+0000] {processor.py:153} INFO - Started process (PID=18194) to work on /opt/airflow/dags/cms_pg/download_file.py
[2023-02-19T06:44:09.406+0000] {processor.py:743} INFO - Processing file /opt/airflow/dags/cms_pg/download_file.py for tasks to queue
[2023-02-19T06:44:09.407+0000] {logging_mixin.py:137} INFO - [2023-02-19T06:44:09.407+0000] {dagbag.py:538} INFO - Filling up the DagBag from /opt/airflow/dags/cms_pg/download_file.py
[2023-02-19T06:44:09.981+0000] {logging_mixin.py:137} INFO - Website is changed. Links: True
[2023-02-19T06:44:09.981+0000] {processor.py:755} WARNING - No viable dags retrieved from /opt/airflow/dags/cms_pg/download_file.py
[2023-02-19T06:44:09.997+0000] {processor.py:175} INFO - Processing /opt/airflow/dags/cms_pg/download_file.py took 0.600 seconds
[2023-02-19T07:44:37.547+0000] {processor.py:153} INFO - Started process (PID=18225) to work on /opt/airflow/dags/cms_pg/download_file.py
[2023-02-19T07:44:37.549+0000] {processor.py:743} INFO - Processing file /opt/airflow/dags/cms_pg/download_file.py for tasks to queue
[2023-02-19T07:44:37.551+0000] {logging_mixin.py:137} INFO - [2023-02-19T07:44:37.551+0000] {dagbag.py:538} INFO - Filling up the DagBag from /opt/airflow/dags/cms_pg/download_file.py
[2023-02-19T07:44:38.120+0000] {logging_mixin.py:137} INFO - Website is changed. Links: True
[2023-02-19T07:44:38.122+0000] {processor.py:755} WARNING - No viable dags retrieved from /opt/airflow/dags/cms_pg/download_file.py
[2023-02-19T07:44:38.143+0000] {processor.py:175} INFO - Processing /opt/airflow/dags/cms_pg/download_file.py took 0.610 seconds
[2023-02-19T08:48:21.809+0000] {processor.py:153} INFO - Started process (PID=18256) to work on /opt/airflow/dags/cms_pg/download_file.py
[2023-02-19T08:48:21.810+0000] {processor.py:743} INFO - Processing file /opt/airflow/dags/cms_pg/download_file.py for tasks to queue
[2023-02-19T08:48:21.811+0000] {logging_mixin.py:137} INFO - [2023-02-19T08:48:21.811+0000] {dagbag.py:538} INFO - Filling up the DagBag from /opt/airflow/dags/cms_pg/download_file.py
[2023-02-19T08:48:22.146+0000] {logging_mixin.py:137} INFO - Website is changed. Links: True
[2023-02-19T08:48:22.147+0000] {processor.py:755} WARNING - No viable dags retrieved from /opt/airflow/dags/cms_pg/download_file.py
[2023-02-19T08:48:22.163+0000] {processor.py:175} INFO - Processing /opt/airflow/dags/cms_pg/download_file.py took 0.359 seconds
[2023-02-19T10:09:30.883+0000] {processor.py:153} INFO - Started process (PID=18296) to work on /opt/airflow/dags/cms_pg/download_file.py
[2023-02-19T10:09:30.885+0000] {processor.py:743} INFO - Processing file /opt/airflow/dags/cms_pg/download_file.py for tasks to queue
[2023-02-19T10:09:30.886+0000] {logging_mixin.py:137} INFO - [2023-02-19T10:09:30.886+0000] {dagbag.py:538} INFO - Filling up the DagBag from /opt/airflow/dags/cms_pg/download_file.py
[2023-02-19T10:09:31.214+0000] {logging_mixin.py:137} INFO - Website is changed. Links: True
[2023-02-19T10:09:31.215+0000] {processor.py:755} WARNING - No viable dags retrieved from /opt/airflow/dags/cms_pg/download_file.py
[2023-02-19T10:09:31.230+0000] {processor.py:175} INFO - Processing /opt/airflow/dags/cms_pg/download_file.py took 0.351 seconds
[2023-02-19T11:16:54.125+0000] {processor.py:153} INFO - Started process (PID=18334) to work on /opt/airflow/dags/cms_pg/download_file.py
[2023-02-19T11:16:54.127+0000] {processor.py:743} INFO - Processing file /opt/airflow/dags/cms_pg/download_file.py for tasks to queue
[2023-02-19T11:16:54.128+0000] {logging_mixin.py:137} INFO - [2023-02-19T11:16:54.128+0000] {dagbag.py:538} INFO - Filling up the DagBag from /opt/airflow/dags/cms_pg/download_file.py
[2023-02-19T11:16:54.554+0000] {logging_mixin.py:137} INFO - Website is changed. Links: True
[2023-02-19T11:16:54.555+0000] {processor.py:755} WARNING - No viable dags retrieved from /opt/airflow/dags/cms_pg/download_file.py
[2023-02-19T11:16:54.568+0000] {processor.py:175} INFO - Processing /opt/airflow/dags/cms_pg/download_file.py took 0.449 seconds
[2023-02-19T12:26:18.934+0000] {processor.py:153} INFO - Started process (PID=18365) to work on /opt/airflow/dags/cms_pg/download_file.py
[2023-02-19T12:26:18.936+0000] {processor.py:743} INFO - Processing file /opt/airflow/dags/cms_pg/download_file.py for tasks to queue
[2023-02-19T12:26:18.938+0000] {logging_mixin.py:137} INFO - [2023-02-19T12:26:18.937+0000] {dagbag.py:538} INFO - Filling up the DagBag from /opt/airflow/dags/cms_pg/download_file.py
[2023-02-19T12:26:19.447+0000] {logging_mixin.py:137} INFO - Website is changed. Links: True
[2023-02-19T12:26:19.448+0000] {processor.py:755} WARNING - No viable dags retrieved from /opt/airflow/dags/cms_pg/download_file.py
[2023-02-19T12:26:19.460+0000] {processor.py:175} INFO - Processing /opt/airflow/dags/cms_pg/download_file.py took 0.536 seconds
[2023-02-19T13:32:32.081+0000] {processor.py:153} INFO - Started process (PID=18401) to work on /opt/airflow/dags/cms_pg/download_file.py
[2023-02-19T13:32:32.084+0000] {processor.py:743} INFO - Processing file /opt/airflow/dags/cms_pg/download_file.py for tasks to queue
[2023-02-19T13:32:32.086+0000] {logging_mixin.py:137} INFO - [2023-02-19T13:32:32.086+0000] {dagbag.py:538} INFO - Filling up the DagBag from /opt/airflow/dags/cms_pg/download_file.py
[2023-02-19T13:32:32.764+0000] {logging_mixin.py:137} INFO - Website is changed. Links: True
[2023-02-19T13:32:32.765+0000] {processor.py:755} WARNING - No viable dags retrieved from /opt/airflow/dags/cms_pg/download_file.py
[2023-02-19T13:32:32.780+0000] {processor.py:175} INFO - Processing /opt/airflow/dags/cms_pg/download_file.py took 0.706 seconds
[2023-02-19T14:40:45.240+0000] {processor.py:153} INFO - Started process (PID=18439) to work on /opt/airflow/dags/cms_pg/download_file.py
[2023-02-19T14:40:45.241+0000] {processor.py:743} INFO - Processing file /opt/airflow/dags/cms_pg/download_file.py for tasks to queue
[2023-02-19T14:40:45.243+0000] {logging_mixin.py:137} INFO - [2023-02-19T14:40:45.242+0000] {dagbag.py:538} INFO - Filling up the DagBag from /opt/airflow/dags/cms_pg/download_file.py
[2023-02-19T14:40:45.528+0000] {logging_mixin.py:137} INFO - Website is changed. Links: True
[2023-02-19T14:40:45.529+0000] {processor.py:755} WARNING - No viable dags retrieved from /opt/airflow/dags/cms_pg/download_file.py
[2023-02-19T14:40:45.541+0000] {processor.py:175} INFO - Processing /opt/airflow/dags/cms_pg/download_file.py took 0.306 seconds
[2023-02-19T15:49:44.174+0000] {processor.py:153} INFO - Started process (PID=18470) to work on /opt/airflow/dags/cms_pg/download_file.py
[2023-02-19T15:49:44.176+0000] {processor.py:743} INFO - Processing file /opt/airflow/dags/cms_pg/download_file.py for tasks to queue
[2023-02-19T15:49:44.178+0000] {logging_mixin.py:137} INFO - [2023-02-19T15:49:44.177+0000] {dagbag.py:538} INFO - Filling up the DagBag from /opt/airflow/dags/cms_pg/download_file.py
[2023-02-19T15:49:44.490+0000] {logging_mixin.py:137} INFO - Website is changed. Links: True
[2023-02-19T15:49:44.491+0000] {processor.py:755} WARNING - No viable dags retrieved from /opt/airflow/dags/cms_pg/download_file.py
[2023-02-19T15:49:44.505+0000] {processor.py:175} INFO - Processing /opt/airflow/dags/cms_pg/download_file.py took 0.336 seconds
[2023-02-19T16:46:27.175+0000] {processor.py:153} INFO - Started process (PID=18514) to work on /opt/airflow/dags/cms_pg/download_file.py
[2023-02-19T16:46:27.179+0000] {processor.py:743} INFO - Processing file /opt/airflow/dags/cms_pg/download_file.py for tasks to queue
[2023-02-19T16:46:27.184+0000] {logging_mixin.py:137} INFO - [2023-02-19T16:46:27.184+0000] {dagbag.py:538} INFO - Filling up the DagBag from /opt/airflow/dags/cms_pg/download_file.py
[2023-02-19T16:46:27.734+0000] {logging_mixin.py:137} INFO - Website is changed. Links: True
[2023-02-19T16:46:27.736+0000] {processor.py:755} WARNING - No viable dags retrieved from /opt/airflow/dags/cms_pg/download_file.py
[2023-02-19T16:46:28.138+0000] {processor.py:175} INFO - Processing /opt/airflow/dags/cms_pg/download_file.py took 0.972 seconds
[2023-02-19T17:34:37.085+0000] {processor.py:153} INFO - Started process (PID=18544) to work on /opt/airflow/dags/cms_pg/download_file.py
[2023-02-19T17:34:37.089+0000] {processor.py:743} INFO - Processing file /opt/airflow/dags/cms_pg/download_file.py for tasks to queue
[2023-02-19T17:34:37.091+0000] {logging_mixin.py:137} INFO - [2023-02-19T17:34:37.091+0000] {dagbag.py:538} INFO - Filling up the DagBag from /opt/airflow/dags/cms_pg/download_file.py
[2023-02-19T17:34:38.682+0000] {logging_mixin.py:137} INFO - Website is not changed.
[2023-02-19T17:34:38.693+0000] {processor.py:755} WARNING - No viable dags retrieved from /opt/airflow/dags/cms_pg/download_file.py
[2023-02-19T17:34:38.773+0000] {processor.py:175} INFO - Processing /opt/airflow/dags/cms_pg/download_file.py took 1.704 seconds
[2023-02-19T18:38:31.142+0000] {processor.py:153} INFO - Started process (PID=18575) to work on /opt/airflow/dags/cms_pg/download_file.py
[2023-02-19T18:38:31.148+0000] {processor.py:743} INFO - Processing file /opt/airflow/dags/cms_pg/download_file.py for tasks to queue
[2023-02-19T18:38:31.150+0000] {logging_mixin.py:137} INFO - [2023-02-19T18:38:31.149+0000] {dagbag.py:538} INFO - Filling up the DagBag from /opt/airflow/dags/cms_pg/download_file.py
[2023-02-19T18:38:31.706+0000] {logging_mixin.py:137} INFO - Website is changed. Links: True
[2023-02-19T18:38:31.707+0000] {processor.py:755} WARNING - No viable dags retrieved from /opt/airflow/dags/cms_pg/download_file.py
[2023-02-19T18:38:31.725+0000] {processor.py:175} INFO - Processing /opt/airflow/dags/cms_pg/download_file.py took 0.588 seconds
[2023-02-19T19:29:01.329+0000] {processor.py:153} INFO - Started process (PID=18606) to work on /opt/airflow/dags/cms_pg/download_file.py
[2023-02-19T19:29:01.331+0000] {processor.py:743} INFO - Processing file /opt/airflow/dags/cms_pg/download_file.py for tasks to queue
[2023-02-19T19:29:01.332+0000] {logging_mixin.py:137} INFO - [2023-02-19T19:29:01.332+0000] {dagbag.py:538} INFO - Filling up the DagBag from /opt/airflow/dags/cms_pg/download_file.py
[2023-02-19T19:29:01.697+0000] {logging_mixin.py:137} INFO - Website is changed. Links: True
[2023-02-19T19:29:01.698+0000] {processor.py:755} WARNING - No viable dags retrieved from /opt/airflow/dags/cms_pg/download_file.py
[2023-02-19T19:29:01.715+0000] {processor.py:175} INFO - Processing /opt/airflow/dags/cms_pg/download_file.py took 0.396 seconds
[2023-02-19T20:36:13.428+0000] {processor.py:153} INFO - Started process (PID=18649) to work on /opt/airflow/dags/cms_pg/download_file.py
[2023-02-19T20:36:13.431+0000] {processor.py:743} INFO - Processing file /opt/airflow/dags/cms_pg/download_file.py for tasks to queue
[2023-02-19T20:36:13.432+0000] {logging_mixin.py:137} INFO - [2023-02-19T20:36:13.432+0000] {dagbag.py:538} INFO - Filling up the DagBag from /opt/airflow/dags/cms_pg/download_file.py
[2023-02-19T20:36:13.953+0000] {logging_mixin.py:137} INFO - Website is changed. Links: True
[2023-02-19T20:36:13.954+0000] {processor.py:755} WARNING - No viable dags retrieved from /opt/airflow/dags/cms_pg/download_file.py
[2023-02-19T20:36:13.965+0000] {processor.py:175} INFO - Processing /opt/airflow/dags/cms_pg/download_file.py took 0.542 seconds
[2023-02-19T21:58:37.434+0000] {processor.py:153} INFO - Started process (PID=18680) to work on /opt/airflow/dags/cms_pg/download_file.py
[2023-02-19T21:58:37.436+0000] {processor.py:743} INFO - Processing file /opt/airflow/dags/cms_pg/download_file.py for tasks to queue
[2023-02-19T21:58:37.437+0000] {logging_mixin.py:137} INFO - [2023-02-19T21:58:37.437+0000] {dagbag.py:538} INFO - Filling up the DagBag from /opt/airflow/dags/cms_pg/download_file.py
[2023-02-19T21:58:37.820+0000] {logging_mixin.py:137} INFO - Website is changed. Links: True
[2023-02-19T21:58:37.821+0000] {processor.py:755} WARNING - No viable dags retrieved from /opt/airflow/dags/cms_pg/download_file.py
[2023-02-19T21:58:37.956+0000] {processor.py:175} INFO - Processing /opt/airflow/dags/cms_pg/download_file.py took 0.527 seconds
[2023-02-19T23:01:18.471+0000] {processor.py:153} INFO - Started process (PID=18711) to work on /opt/airflow/dags/cms_pg/download_file.py
[2023-02-19T23:01:18.473+0000] {processor.py:743} INFO - Processing file /opt/airflow/dags/cms_pg/download_file.py for tasks to queue
[2023-02-19T23:01:18.474+0000] {logging_mixin.py:137} INFO - [2023-02-19T23:01:18.474+0000] {dagbag.py:538} INFO - Filling up the DagBag from /opt/airflow/dags/cms_pg/download_file.py
[2023-02-19T23:01:18.989+0000] {logging_mixin.py:137} INFO - Website is changed. Links: True
[2023-02-19T23:01:18.990+0000] {processor.py:755} WARNING - No viable dags retrieved from /opt/airflow/dags/cms_pg/download_file.py
[2023-02-19T23:01:19.003+0000] {processor.py:175} INFO - Processing /opt/airflow/dags/cms_pg/download_file.py took 0.535 seconds
[2023-02-19T23:51:19.776+0000] {processor.py:153} INFO - Started process (PID=18755) to work on /opt/airflow/dags/cms_pg/download_file.py
[2023-02-19T23:51:19.778+0000] {processor.py:743} INFO - Processing file /opt/airflow/dags/cms_pg/download_file.py for tasks to queue
[2023-02-19T23:51:19.779+0000] {logging_mixin.py:137} INFO - [2023-02-19T23:51:19.779+0000] {dagbag.py:538} INFO - Filling up the DagBag from /opt/airflow/dags/cms_pg/download_file.py
[2023-02-19T23:51:20.389+0000] {logging_mixin.py:137} INFO - Website is changed. Links: True
[2023-02-19T23:51:20.390+0000] {processor.py:755} WARNING - No viable dags retrieved from /opt/airflow/dags/cms_pg/download_file.py
[2023-02-19T23:51:20.412+0000] {processor.py:175} INFO - Processing /opt/airflow/dags/cms_pg/download_file.py took 0.643 seconds
