[2023-02-10T15:26:56.927+0000] {taskinstance.py:1083} INFO - Dependencies all met for <TaskInstance: cms_asp_noc.call_ndc_hcpcs manual__2023-02-10T15:26:34.927942+00:00 [queued]>
[2023-02-10T15:26:56.940+0000] {taskinstance.py:1083} INFO - Dependencies all met for <TaskInstance: cms_asp_noc.call_ndc_hcpcs manual__2023-02-10T15:26:34.927942+00:00 [queued]>
[2023-02-10T15:26:56.941+0000] {taskinstance.py:1279} INFO - 
--------------------------------------------------------------------------------
[2023-02-10T15:26:56.942+0000] {taskinstance.py:1280} INFO - Starting attempt 1 of 1
[2023-02-10T15:26:56.943+0000] {taskinstance.py:1281} INFO - 
--------------------------------------------------------------------------------
[2023-02-10T15:26:56.956+0000] {taskinstance.py:1300} INFO - Executing <Task(PythonOperator): call_ndc_hcpcs> on 2023-02-10 15:26:34.927942+00:00
[2023-02-10T15:26:56.966+0000] {standard_task_runner.py:55} INFO - Started process 42905 to run task
[2023-02-10T15:26:56.971+0000] {standard_task_runner.py:82} INFO - Running: ['***', 'tasks', 'run', 'cms_asp_noc', 'call_ndc_hcpcs', 'manual__2023-02-10T15:26:34.927942+00:00', '--job-id', '1696', '--raw', '--subdir', 'DAGS_FOLDER/cms_upd.py', '--cfg-path', '/tmp/tmpi9lfq2r7']
[2023-02-10T15:26:56.974+0000] {standard_task_runner.py:83} INFO - Job 1696: Subtask call_ndc_hcpcs
[2023-02-10T15:26:57.054+0000] {task_command.py:388} INFO - Running <TaskInstance: cms_asp_noc.call_ndc_hcpcs manual__2023-02-10T15:26:34.927942+00:00 [running]> on host 2886274f27ea
[2023-02-10T15:26:57.122+0000] {taskinstance.py:1509} INFO - Exporting the following env vars:
AIRFLOW_CTX_DAG_OWNER=***
AIRFLOW_CTX_DAG_ID=cms_asp_noc
AIRFLOW_CTX_TASK_ID=call_ndc_hcpcs
AIRFLOW_CTX_EXECUTION_DATE=2023-02-10T15:26:34.927942+00:00
AIRFLOW_CTX_TRY_NUMBER=1
AIRFLOW_CTX_DAG_RUN_ID=manual__2023-02-10T15:26:34.927942+00:00
[2023-02-10T15:26:57.146+0000] {python.py:177} INFO - Done. Returned value was: None
[2023-02-10T15:26:57.410+0000] {taskinstance.py:1323} INFO - Marking task as SUCCESS. dag_id=cms_asp_noc, task_id=call_ndc_hcpcs, execution_date=20230210T152634, start_date=20230210T152656, end_date=20230210T152657
[2023-02-10T15:26:57.475+0000] {local_task_job.py:208} INFO - Task exited with return code 0
[2023-02-10T15:26:57.504+0000] {taskinstance.py:2578} INFO - 1 downstream tasks scheduled from follow-on schedule check
