[2023-02-09T23:45:34.534+0000] {taskinstance.py:1083} INFO - Dependencies all met for <TaskInstance: cms_asp_noc.extract manual__2023-02-09T22:14:21+00:00 [queued]>
[2023-02-09T23:45:34.543+0000] {taskinstance.py:1083} INFO - Dependencies all met for <TaskInstance: cms_asp_noc.extract manual__2023-02-09T22:14:21+00:00 [queued]>
[2023-02-09T23:45:34.544+0000] {taskinstance.py:1279} INFO - 
--------------------------------------------------------------------------------
[2023-02-09T23:45:34.544+0000] {taskinstance.py:1280} INFO - Starting attempt 2 of 2
[2023-02-09T23:45:34.545+0000] {taskinstance.py:1281} INFO - 
--------------------------------------------------------------------------------
[2023-02-09T23:45:34.555+0000] {taskinstance.py:1300} INFO - Executing <Task(PythonOperator): extract> on 2023-02-09 22:14:21+00:00
[2023-02-09T23:45:34.563+0000] {standard_task_runner.py:55} INFO - Started process 10170 to run task
[2023-02-09T23:45:34.568+0000] {standard_task_runner.py:82} INFO - Running: ['***', 'tasks', 'run', 'cms_asp_noc', 'extract', 'manual__2023-02-09T22:14:21+00:00', '--job-id', '1623', '--raw', '--subdir', 'DAGS_FOLDER/cms_upd.py', '--cfg-path', '/tmp/tmpj1_pil8z']
[2023-02-09T23:45:34.570+0000] {standard_task_runner.py:83} INFO - Job 1623: Subtask extract
[2023-02-09T23:45:34.649+0000] {task_command.py:388} INFO - Running <TaskInstance: cms_asp_noc.extract manual__2023-02-09T22:14:21+00:00 [running]> on host 2886274f27ea
[2023-02-09T23:45:34.718+0000] {taskinstance.py:1509} INFO - Exporting the following env vars:
AIRFLOW_CTX_DAG_OWNER=***
AIRFLOW_CTX_DAG_ID=cms_asp_noc
AIRFLOW_CTX_TASK_ID=extract
AIRFLOW_CTX_EXECUTION_DATE=2023-02-09T22:14:21+00:00
AIRFLOW_CTX_TRY_NUMBER=2
AIRFLOW_CTX_DAG_RUN_ID=manual__2023-02-09T22:14:21+00:00
[2023-02-09T23:45:34.721+0000] {logging_mixin.py:137} INFO - /opt/***/op_files/cms_zip_files/april-2022-asp-pricing-file-updated-06082022.zip
[2023-02-09T23:45:35.083+0000] {logging_mixin.py:137} INFO - /opt/***/op_files/cms_zip_files/april-2022-asp-pricing-file-updated-12142022.zip
[2023-02-09T23:45:35.097+0000] {logging_mixin.py:137} INFO - /opt/***/op_files/cms_zip_files/january-2022-asp-pricing-file-updated-06082022.zip
[2023-02-09T23:45:35.110+0000] {logging_mixin.py:137} INFO - /opt/***/op_files/cms_zip_files/july-2022-asp-ndc-hcpcs-crosswalk-updated-07142022.zip
[2023-02-09T23:45:35.219+0000] {logging_mixin.py:137} INFO - /opt/***/op_files/cms_zip_files/july-2022-asp-pricing-file-updated-12142022.zip
[2023-02-09T23:45:35.231+0000] {logging_mixin.py:137} INFO - /opt/***/op_files/cms_zip_files/july-2022-noc-pricing-file.zip
[2023-02-09T23:45:35.238+0000] {python.py:177} INFO - Done. Returned value was: None
[2023-02-09T23:45:35.249+0000] {taskinstance.py:1323} INFO - Marking task as SUCCESS. dag_id=cms_asp_noc, task_id=extract, execution_date=20230209T221421, start_date=20230209T234534, end_date=20230209T234535
[2023-02-09T23:45:35.309+0000] {local_task_job.py:208} INFO - Task exited with return code 0
[2023-02-09T23:45:35.331+0000] {taskinstance.py:2578} INFO - 0 downstream tasks scheduled from follow-on schedule check
