[2023-02-08T15:12:57.374+0000] {taskinstance.py:1083} INFO - Dependencies all met for <TaskInstance: cms_asp_noc.download_file scheduled__2022-08-17T00:00:00+00:00 [queued]>
[2023-02-08T15:12:57.386+0000] {taskinstance.py:1083} INFO - Dependencies all met for <TaskInstance: cms_asp_noc.download_file scheduled__2022-08-17T00:00:00+00:00 [queued]>
[2023-02-08T15:12:57.387+0000] {taskinstance.py:1279} INFO - 
--------------------------------------------------------------------------------
[2023-02-08T15:12:57.388+0000] {taskinstance.py:1280} INFO - Starting attempt 1 of 1
[2023-02-08T15:12:57.389+0000] {taskinstance.py:1281} INFO - 
--------------------------------------------------------------------------------
[2023-02-08T15:12:57.405+0000] {taskinstance.py:1300} INFO - Executing <Task(PythonOperator): download_file> on 2022-08-17 00:00:00+00:00
[2023-02-08T15:12:57.424+0000] {standard_task_runner.py:55} INFO - Started process 1780 to run task
[2023-02-08T15:12:57.438+0000] {standard_task_runner.py:82} INFO - Running: ['***', 'tasks', 'run', 'cms_asp_noc', 'download_file', 'scheduled__2022-08-17T00:00:00+00:00', '--job-id', '704', '--raw', '--subdir', 'DAGS_FOLDER/cms_upd.py', '--cfg-path', '/tmp/tmp05z4yvh5']
[2023-02-08T15:12:57.441+0000] {standard_task_runner.py:83} INFO - Job 704: Subtask download_file
[2023-02-08T15:12:57.572+0000] {task_command.py:388} INFO - Running <TaskInstance: cms_asp_noc.download_file scheduled__2022-08-17T00:00:00+00:00 [running]> on host 1f90076947be
[2023-02-08T15:12:58.034+0000] {taskinstance.py:1509} INFO - Exporting the following env vars:
AIRFLOW_CTX_DAG_OWNER=***
AIRFLOW_CTX_DAG_ID=cms_asp_noc
AIRFLOW_CTX_TASK_ID=download_file
AIRFLOW_CTX_EXECUTION_DATE=2022-08-17T00:00:00+00:00
AIRFLOW_CTX_TRY_NUMBER=1
AIRFLOW_CTX_DAG_RUN_ID=scheduled__2022-08-17T00:00:00+00:00
[2023-02-08T15:13:00.208+0000] {logging_mixin.py:137} INFO - july-2022-asp-pricing-file-updated-12142022.zip is downloaded.
[2023-02-08T15:13:00.352+0000] {logging_mixin.py:137} INFO - january-2023-noc-pricing-file.zip is downloaded.
[2023-02-08T15:13:00.660+0000] {logging_mixin.py:137} INFO - january-2022-asp-ndc-hcpcs-crosswalk.zip is downloaded.
[2023-02-08T15:13:00.839+0000] {logging_mixin.py:137} INFO - january-2022-asp-pricing-file-updated-06082022.zip is downloaded.
[2023-02-08T15:13:01.128+0000] {logging_mixin.py:137} INFO - october-2022-asp-ndc-hcpcs-crosswalks-updated-12212022.zip is downloaded.
[2023-02-08T15:13:01.282+0000] {logging_mixin.py:137} INFO - july-2022-noc-pricing-file.zip is downloaded.
[2023-02-08T15:13:01.422+0000] {logging_mixin.py:137} INFO - april-2022-noc-pricing-file.zip is downloaded.
[2023-02-08T15:13:01.739+0000] {logging_mixin.py:137} INFO - july-2022-asp-ndc-hcpcs-crosswalk-updated-07142022.zip is downloaded.
[2023-02-08T15:13:01.872+0000] {logging_mixin.py:137} INFO - october-2022-noc-pricing-file.zip is downloaded.
[2023-02-08T15:13:02.241+0000] {logging_mixin.py:137} INFO - april-2022-asp-ndc-hcpcs-crosswalk.zip is downloaded.
[2023-02-08T15:13:02.431+0000] {logging_mixin.py:137} INFO - 2023.zip is downloaded.
[2023-02-08T15:13:02.606+0000] {logging_mixin.py:137} INFO - january-2022-noc-pricing-file-updated-03022022.zip is downloaded.
[2023-02-08T15:13:02.855+0000] {logging_mixin.py:137} INFO - october-2022-asp-pricing-file-updated-12212022.zip is downloaded.
[2023-02-08T15:13:03.070+0000] {logging_mixin.py:137} INFO - april-2022-asp-pricing-file-updated-12142022.zip is downloaded.
[2023-02-08T15:13:03.369+0000] {logging_mixin.py:137} INFO - 2023.zip is downloaded.
[2023-02-08T15:13:03.370+0000] {python.py:177} INFO - Done. Returned value was: None
[2023-02-08T15:13:03.407+0000] {taskinstance.py:1323} INFO - Marking task as SUCCESS. dag_id=cms_asp_noc, task_id=download_file, execution_date=20220817T000000, start_date=20230208T151257, end_date=20230208T151303
[2023-02-08T15:13:03.681+0000] {local_task_job.py:208} INFO - Task exited with return code 0
[2023-02-08T15:13:04.191+0000] {taskinstance.py:2578} INFO - 1 downstream tasks scheduled from follow-on schedule check
