[2023-02-08T13:18:26.302+0000] {taskinstance.py:1083} INFO - Dependencies all met for <TaskInstance: cms_asp_noc.website_changed scheduled__2022-04-25T00:00:00+00:00 [queued]>
[2023-02-08T13:18:53.578+0000] {taskinstance.py:1083} INFO - Dependencies all met for <TaskInstance: cms_asp_noc.website_changed scheduled__2022-04-25T00:00:00+00:00 [queued]>
[2023-02-08T13:18:53.679+0000] {taskinstance.py:1279} INFO - 
--------------------------------------------------------------------------------
[2023-02-08T13:18:53.751+0000] {taskinstance.py:1280} INFO - Starting attempt 1 of 1
[2023-02-08T13:18:53.772+0000] {taskinstance.py:1281} INFO - 
--------------------------------------------------------------------------------
[2023-02-08T13:18:56.312+0000] {taskinstance.py:1300} INFO - Executing <Task(PythonOperator): website_changed> on 2022-04-25 00:00:00+00:00
[2023-02-08T13:18:56.736+0000] {standard_task_runner.py:55} INFO - Started process 1466 to run task
[2023-02-08T13:18:56.875+0000] {standard_task_runner.py:82} INFO - Running: ['***', 'tasks', 'run', 'cms_asp_noc', 'website_changed', 'scheduled__2022-04-25T00:00:00+00:00', '--job-id', '221', '--raw', '--subdir', 'DAGS_FOLDER/cms_upd.py', '--cfg-path', '/tmp/tmprtsjxqz6']
[2023-02-08T13:18:56.980+0000] {standard_task_runner.py:83} INFO - Job 221: Subtask website_changed
[2023-02-08T13:18:59.095+0000] {task_command.py:388} INFO - Running <TaskInstance: cms_asp_noc.website_changed scheduled__2022-04-25T00:00:00+00:00 [running]> on host 4ed7ae61ecf3
[2023-02-08T13:19:36.538+0000] {taskinstance.py:1509} INFO - Exporting the following env vars:
AIRFLOW_CTX_DAG_OWNER=***
AIRFLOW_CTX_DAG_ID=cms_asp_noc
AIRFLOW_CTX_TASK_ID=website_changed
AIRFLOW_CTX_EXECUTION_DATE=2022-04-25T00:00:00+00:00
AIRFLOW_CTX_TRY_NUMBER=1
AIRFLOW_CTX_DAG_RUN_ID=scheduled__2022-04-25T00:00:00+00:00
[2023-02-08T13:19:38.821+0000] {logging_mixin.py:137} INFO - Website is changed. Links: True
[2023-02-08T13:19:38.828+0000] {python.py:177} INFO - Done. Returned value was: ['https://www.cms.gov/files/zip/april-2022-noc-pricing-file.zip', 'https://www.cms.gov/files/zip/july-2022-noc-pricing-file.zip', 'https://www.cms.gov/files/zip/october-2022-noc-pricing-file.zip', 'https://www.cms.gov/files/zip/july-2022-asp-pricing-file-updated-12142022.zip', 'https://www.cms.gov/files/zip/april-2022-asp-pricing-file-updated-12142022.zip', 'https://www.cms.gov/files/zip/january-2022-asp-ndc-hcpcs-crosswalk.zip', 'https://www.cms.gov/files/zip/january-2022-noc-pricing-file-updated-03022022.zip', 'https://www.cms.gov/files/zip/october-2022-asp-pricing-file-updated-12212022.zip', 'https://www.cms.gov/files/zip/january-2022-asp-pricing-file-updated-06082022.zip', 'https://www.cms.gov/files/zip/july-2022-asp-ndc-hcpcs-crosswalk-updated-07142022.zip', 'https://www.cms.gov/files/zip/october-2022-asp-ndc-hcpcs-crosswalks-updated-12212022.zip']
[2023-02-08T13:19:39.320+0000] {taskinstance.py:1323} INFO - Marking task as SUCCESS. dag_id=cms_asp_noc, task_id=website_changed, execution_date=20220425T000000, start_date=20230208T131828, end_date=20230208T131939
[2023-02-08T13:19:42.801+0000] {local_task_job.py:208} INFO - Task exited with return code 0
[2023-02-08T13:20:21.934+0000] {taskinstance.py:2578} INFO - 0 downstream tasks scheduled from follow-on schedule check
