[2023-02-08T15:23:50.383+0000] {taskinstance.py:1083} INFO - Dependencies all met for <TaskInstance: cms_asp_noc.download_file scheduled__2022-12-27T00:00:00+00:00 [queued]>
[2023-02-08T15:23:50.448+0000] {taskinstance.py:1083} INFO - Dependencies all met for <TaskInstance: cms_asp_noc.download_file scheduled__2022-12-27T00:00:00+00:00 [queued]>
[2023-02-08T15:23:50.449+0000] {taskinstance.py:1279} INFO - 
--------------------------------------------------------------------------------
[2023-02-08T15:23:50.450+0000] {taskinstance.py:1280} INFO - Starting attempt 1 of 1
[2023-02-08T15:23:50.450+0000] {taskinstance.py:1281} INFO - 
--------------------------------------------------------------------------------
[2023-02-08T15:23:50.490+0000] {taskinstance.py:1300} INFO - Executing <Task(PythonOperator): download_file> on 2022-12-27 00:00:00+00:00
[2023-02-08T15:23:50.513+0000] {standard_task_runner.py:55} INFO - Started process 4413 to run task
[2023-02-08T15:23:50.536+0000] {standard_task_runner.py:82} INFO - Running: ['***', 'tasks', 'run', 'cms_asp_noc', 'download_file', 'scheduled__2022-12-27T00:00:00+00:00', '--job-id', '1372', '--raw', '--subdir', 'DAGS_FOLDER/cms_upd.py', '--cfg-path', '/tmp/tmpdqkcfcc1']
[2023-02-08T15:23:50.565+0000] {standard_task_runner.py:83} INFO - Job 1372: Subtask download_file
[2023-02-08T15:23:50.951+0000] {task_command.py:388} INFO - Running <TaskInstance: cms_asp_noc.download_file scheduled__2022-12-27T00:00:00+00:00 [running]> on host 1f90076947be
[2023-02-08T15:23:52.349+0000] {taskinstance.py:1509} INFO - Exporting the following env vars:
AIRFLOW_CTX_DAG_OWNER=***
AIRFLOW_CTX_DAG_ID=cms_asp_noc
AIRFLOW_CTX_TASK_ID=download_file
AIRFLOW_CTX_EXECUTION_DATE=2022-12-27T00:00:00+00:00
AIRFLOW_CTX_TRY_NUMBER=1
AIRFLOW_CTX_DAG_RUN_ID=scheduled__2022-12-27T00:00:00+00:00
[2023-02-08T15:23:55.260+0000] {logging_mixin.py:137} INFO - july-2022-asp-pricing-file-updated-12142022.zip is downloaded.
[2023-02-08T15:23:55.426+0000] {logging_mixin.py:137} INFO - january-2023-noc-pricing-file.zip is downloaded.
[2023-02-08T15:23:55.900+0000] {logging_mixin.py:137} INFO - january-2022-asp-ndc-hcpcs-crosswalk.zip is downloaded.
[2023-02-08T15:23:56.445+0000] {logging_mixin.py:137} INFO - january-2022-asp-pricing-file-updated-06082022.zip is downloaded.
[2023-02-08T15:23:57.688+0000] {logging_mixin.py:137} INFO - october-2022-asp-ndc-hcpcs-crosswalks-updated-12212022.zip is downloaded.
[2023-02-08T15:23:58.156+0000] {logging_mixin.py:137} INFO - july-2022-noc-pricing-file.zip is downloaded.
[2023-02-08T15:23:58.622+0000] {logging_mixin.py:137} INFO - april-2022-noc-pricing-file.zip is downloaded.
[2023-02-08T15:23:59.231+0000] {logging_mixin.py:137} INFO - july-2022-asp-ndc-hcpcs-crosswalk-updated-07142022.zip is downloaded.
[2023-02-08T15:23:59.348+0000] {logging_mixin.py:137} INFO - october-2022-noc-pricing-file.zip is downloaded.
[2023-02-08T15:23:59.603+0000] {logging_mixin.py:137} INFO - april-2022-asp-ndc-hcpcs-crosswalk.zip is downloaded.
[2023-02-08T15:23:59.789+0000] {logging_mixin.py:137} INFO - 2023.zip is downloaded.
[2023-02-08T15:23:59.920+0000] {logging_mixin.py:137} INFO - january-2022-noc-pricing-file-updated-03022022.zip is downloaded.
[2023-02-08T15:24:01.229+0000] {logging_mixin.py:137} INFO - october-2022-asp-pricing-file-updated-12212022.zip is downloaded.
[2023-02-08T15:24:01.538+0000] {logging_mixin.py:137} INFO - april-2022-asp-pricing-file-updated-12142022.zip is downloaded.
[2023-02-08T15:24:01.831+0000] {logging_mixin.py:137} INFO - 2023.zip is downloaded.
[2023-02-08T15:24:01.832+0000] {python.py:177} INFO - Done. Returned value was: None
[2023-02-08T15:24:01.873+0000] {taskinstance.py:1323} INFO - Marking task as SUCCESS. dag_id=cms_asp_noc, task_id=download_file, execution_date=20221227T000000, start_date=20230208T152350, end_date=20230208T152401
[2023-02-08T15:24:02.204+0000] {local_task_job.py:208} INFO - Task exited with return code 0
[2023-02-08T15:24:04.611+0000] {taskinstance.py:2578} INFO - 1 downstream tasks scheduled from follow-on schedule check
