[2023-02-10T15:26:45.399+0000] {taskinstance.py:1083} INFO - Dependencies all met for <TaskInstance: cms_asp_noc.extract manual__2023-02-10T15:26:34.927942+00:00 [queued]>
[2023-02-10T15:26:45.409+0000] {taskinstance.py:1083} INFO - Dependencies all met for <TaskInstance: cms_asp_noc.extract manual__2023-02-10T15:26:34.927942+00:00 [queued]>
[2023-02-10T15:26:45.410+0000] {taskinstance.py:1279} INFO - 
--------------------------------------------------------------------------------
[2023-02-10T15:26:45.411+0000] {taskinstance.py:1280} INFO - Starting attempt 1 of 1
[2023-02-10T15:26:45.412+0000] {taskinstance.py:1281} INFO - 
--------------------------------------------------------------------------------
[2023-02-10T15:26:45.425+0000] {taskinstance.py:1300} INFO - Executing <Task(PythonOperator): extract> on 2023-02-10 15:26:34.927942+00:00
[2023-02-10T15:26:45.435+0000] {standard_task_runner.py:55} INFO - Started process 42880 to run task
[2023-02-10T15:26:45.440+0000] {standard_task_runner.py:82} INFO - Running: ['***', 'tasks', 'run', 'cms_asp_noc', 'extract', 'manual__2023-02-10T15:26:34.927942+00:00', '--job-id', '1692', '--raw', '--subdir', 'DAGS_FOLDER/cms_upd.py', '--cfg-path', '/tmp/tmp9obkc5aq']
[2023-02-10T15:26:45.444+0000] {standard_task_runner.py:83} INFO - Job 1692: Subtask extract
[2023-02-10T15:26:45.525+0000] {task_command.py:388} INFO - Running <TaskInstance: cms_asp_noc.extract manual__2023-02-10T15:26:34.927942+00:00 [running]> on host 2886274f27ea
[2023-02-10T15:26:45.595+0000] {taskinstance.py:1509} INFO - Exporting the following env vars:
AIRFLOW_CTX_DAG_OWNER=***
AIRFLOW_CTX_DAG_ID=cms_asp_noc
AIRFLOW_CTX_TASK_ID=extract
AIRFLOW_CTX_EXECUTION_DATE=2023-02-10T15:26:34.927942+00:00
AIRFLOW_CTX_TRY_NUMBER=1
AIRFLOW_CTX_DAG_RUN_ID=manual__2023-02-10T15:26:34.927942+00:00
[2023-02-10T15:26:45.600+0000] {logging_mixin.py:137} INFO - /opt/***/op_files/cms_zip_files/april-2022-asp-pricing-file-updated-06082022.zip
[2023-02-10T15:26:45.897+0000] {logging_mixin.py:137} INFO - /opt/***/op_files/cms_zip_files/april-2022-asp-pricing-file-updated-12142022.zip
[2023-02-10T15:26:45.917+0000] {logging_mixin.py:137} INFO - /opt/***/op_files/cms_zip_files/january-2022-asp-pricing-file-updated-06082022.zip
[2023-02-10T15:26:45.941+0000] {logging_mixin.py:137} INFO - /opt/***/op_files/cms_zip_files/july-2022-asp-ndc-hcpcs-crosswalk-updated-07142022.zip
[2023-02-10T15:26:46.126+0000] {logging_mixin.py:137} INFO - /opt/***/op_files/cms_zip_files/july-2022-asp-pricing-file-updated-12142022.zip
[2023-02-10T15:26:46.187+0000] {logging_mixin.py:137} INFO - /opt/***/op_files/cms_zip_files/july-2022-noc-pricing-file.zip
[2023-02-10T15:26:46.200+0000] {python.py:177} INFO - Done. Returned value was: None
[2023-02-10T15:26:46.286+0000] {taskinstance.py:1323} INFO - Marking task as SUCCESS. dag_id=cms_asp_noc, task_id=extract, execution_date=20230210T152634, start_date=20230210T152645, end_date=20230210T152646
[2023-02-10T15:26:46.382+0000] {local_task_job.py:208} INFO - Task exited with return code 0
[2023-02-10T15:26:46.427+0000] {taskinstance.py:2578} INFO - 1 downstream tasks scheduled from follow-on schedule check
