[2023-02-16T00:00:35.836+0000] {taskinstance.py:1083} INFO - Dependencies all met for <TaskInstance: cms_asp_noc.data_load scheduled__2023-02-15T00:00:00+00:00 [queued]>
[2023-02-16T00:00:35.844+0000] {taskinstance.py:1083} INFO - Dependencies all met for <TaskInstance: cms_asp_noc.data_load scheduled__2023-02-15T00:00:00+00:00 [queued]>
[2023-02-16T00:00:35.844+0000] {taskinstance.py:1279} INFO - 
--------------------------------------------------------------------------------
[2023-02-16T00:00:35.845+0000] {taskinstance.py:1280} INFO - Starting attempt 1 of 1
[2023-02-16T00:00:35.845+0000] {taskinstance.py:1281} INFO - 
--------------------------------------------------------------------------------
[2023-02-16T00:00:35.857+0000] {taskinstance.py:1300} INFO - Executing <Task(PythonOperator): data_load> on 2023-02-15 00:00:00+00:00
[2023-02-16T00:00:35.865+0000] {standard_task_runner.py:55} INFO - Started process 8500 to run task
[2023-02-16T00:00:35.869+0000] {standard_task_runner.py:82} INFO - Running: ['***', 'tasks', 'run', 'cms_asp_noc', 'data_load', 'scheduled__2023-02-15T00:00:00+00:00', '--job-id', '1780', '--raw', '--subdir', 'DAGS_FOLDER/cms_upd.py', '--cfg-path', '/tmp/tmpnlmab5l9']
[2023-02-16T00:00:35.871+0000] {standard_task_runner.py:83} INFO - Job 1780: Subtask data_load
[2023-02-16T00:00:36.176+0000] {task_command.py:388} INFO - Running <TaskInstance: cms_asp_noc.data_load scheduled__2023-02-15T00:00:00+00:00 [running]> on host 2886274f27ea
[2023-02-16T00:00:36.238+0000] {taskinstance.py:1509} INFO - Exporting the following env vars:
AIRFLOW_CTX_DAG_OWNER=***
AIRFLOW_CTX_DAG_ID=cms_asp_noc
AIRFLOW_CTX_TASK_ID=data_load
AIRFLOW_CTX_EXECUTION_DATE=2023-02-15T00:00:00+00:00
AIRFLOW_CTX_TRY_NUMBER=1
AIRFLOW_CTX_DAG_RUN_ID=scheduled__2023-02-15T00:00:00+00:00
[2023-02-16T00:00:36.242+0000] {logging_mixin.py:137} INFO - ['section 508 version of April 2022 ASP Pricing File updated 060222.csv', 'section 508 version of April 2022 ASP Pricing File updated 120222.csv', 'section 508 version of COVID_19_NDC_HCPCS_Crosswalk.csv', 'section 508 version of January 2022 ASP Pricing File updated 060222.csv', 'section 508 version of July 2022 ASP NDC-HCPCS Crosswalk 060722.csv', 'section 508 version of July 2022 ASP Pricing File updated 120222.csv', 'section 508 version of July 2022 AWP NDC-HCPCS Crosswalk_060722.csv', 'section 508 version of July 2022 NOC NDC-HCPCS Crosswalk 060722.csv', 'section 508 version of July 2022 NOC Pricing File 060722.csv', 'section 508 version of July 2022 OPPS NDC-HCPCS Crosswalk 060722.csv', 'section 508 version of NDC-HCPCS Crosswalk Introduction Text 060722.csv']
[2023-02-16T00:00:36.243+0000] {logging_mixin.py:137} INFO - /opt/***/op_files/cms_zip_files/section 508 version of April 2022 ASP Pricing File updated 060222.csv
[2023-02-16T00:00:36.271+0000] {logging_mixin.py:137} INFO - success
[2023-02-16T00:00:36.272+0000] {logging_mixin.py:137} INFO - section 508 version of April 2022 ASP Pricing File updated 060222.csv
[2023-02-16T00:00:36.273+0000] {logging_mixin.py:137} INFO - excel file has been cleaned
[2023-02-16T00:00:36.308+0000] {logging_mixin.py:137} INFO -     Date_Uploaded HCPCS_Code  ...    modification_time quarter
0      2023-02-16      90371  ...  2022-06-02 10:10:10       2
1      2023-02-16      90375  ...  2022-06-02 10:10:10       2
2      2023-02-16      90376  ...  2022-06-02 10:10:10       2
3      2023-02-16      90377  ...  2022-06-02 10:10:10       2
4      2023-02-16      90586  ...  2022-06-02 10:10:10       2
..            ...        ...  ...                  ...     ...
641    2023-02-16      Q9965  ...  2022-06-02 10:10:10       2
642    2023-02-16      Q9966  ...  2022-06-02 10:10:10       2
643    2023-02-16      Q9967  ...  2022-06-02 10:10:10       2
644    2023-02-16      Q9991  ...  2022-06-02 10:10:10       2
645    2023-02-16      Q9992  ...  2022-06-02 10:10:10       2

[646 rows x 14 columns]
[2023-02-16T00:00:36.489+0000] {logging_mixin.py:137} INFO - deleted:  section 508 version of April 2022 ASP Pricing File updated 060222.csv
[2023-02-16T00:00:36.491+0000] {logging_mixin.py:137} INFO - /opt/***/op_files/cms_zip_files/section 508 version of April 2022 ASP Pricing File updated 120222.csv
[2023-02-16T00:00:36.502+0000] {logging_mixin.py:137} INFO - success
[2023-02-16T00:00:36.503+0000] {logging_mixin.py:137} INFO - section 508 version of April 2022 ASP Pricing File updated 120222.csv
[2023-02-16T00:00:36.504+0000] {logging_mixin.py:137} INFO - excel file has been cleaned
[2023-02-16T00:00:36.518+0000] {logging_mixin.py:137} INFO -     Date_Uploaded HCPCS_Code  ...    modification_time quarter
0      2023-02-16      90371  ...  2022-12-02 10:10:10       2
1      2023-02-16      90375  ...  2022-12-02 10:10:10       2
2      2023-02-16      90376  ...  2022-12-02 10:10:10       2
3      2023-02-16      90377  ...  2022-12-02 10:10:10       2
4      2023-02-16      90586  ...  2022-12-02 10:10:10       2
..            ...        ...  ...                  ...     ...
641    2023-02-16      Q9965  ...  2022-12-02 10:10:10       2
642    2023-02-16      Q9966  ...  2022-12-02 10:10:10       2
643    2023-02-16      Q9967  ...  2022-12-02 10:10:10       2
644    2023-02-16      Q9991  ...  2022-12-02 10:10:10       2
645    2023-02-16      Q9992  ...  2022-12-02 10:10:10       2

[646 rows x 14 columns]
[2023-02-16T00:00:36.627+0000] {logging_mixin.py:137} INFO - deleted:  section 508 version of April 2022 ASP Pricing File updated 120222.csv
[2023-02-16T00:00:36.629+0000] {logging_mixin.py:137} INFO - /opt/***/op_files/cms_zip_files/section 508 version of COVID_19_NDC_HCPCS_Crosswalk.csv
[2023-02-16T00:00:36.633+0000] {logging_mixin.py:137} INFO - /opt/***/op_files/cms_zip_files/section 508 version of January 2022 ASP Pricing File updated 060222.csv
[2023-02-16T00:00:36.640+0000] {logging_mixin.py:137} INFO - success
[2023-02-16T00:00:36.641+0000] {logging_mixin.py:137} INFO - section 508 version of January 2022 ASP Pricing File updated 060222.csv
[2023-02-16T00:00:36.641+0000] {logging_mixin.py:137} INFO - excel file has been cleaned
[2023-02-16T00:00:36.650+0000] {logging_mixin.py:137} INFO -     Date_Uploaded HCPCS_Code  ...    modification_time quarter
0      2023-02-16      90371  ...  2022-06-02 10:10:10       1
1      2023-02-16      90375  ...  2022-06-02 10:10:10       1
2      2023-02-16      90376  ...  2022-06-02 10:10:10       1
3      2023-02-16      90377  ...  2022-06-02 10:10:10       1
4      2023-02-16      90586  ...  2022-06-02 10:10:10       1
..            ...        ...  ...                  ...     ...
638    2023-02-16      Q9965  ...  2022-06-02 10:10:10       1
639    2023-02-16      Q9966  ...  2022-06-02 10:10:10       1
640    2023-02-16      Q9967  ...  2022-06-02 10:10:10       1
641    2023-02-16      Q9991  ...  2022-06-02 10:10:10       1
642    2023-02-16      Q9992  ...  2022-06-02 10:10:10       1

[643 rows x 14 columns]
[2023-02-16T00:00:36.737+0000] {logging_mixin.py:137} INFO - deleted:  section 508 version of January 2022 ASP Pricing File updated 060222.csv
[2023-02-16T00:00:36.738+0000] {logging_mixin.py:137} INFO - /opt/***/op_files/cms_zip_files/section 508 version of July 2022 ASP NDC-HCPCS Crosswalk 060722.csv
[2023-02-16T00:00:36.752+0000] {logging_mixin.py:137} INFO - success
[2023-02-16T00:00:36.753+0000] {logging_mixin.py:137} INFO - section 508 version of July 2022 ASP NDC-HCPCS Crosswalk 060722.csv
[2023-02-16T00:00:36.753+0000] {logging_mixin.py:137} INFO - excel file has been cleaned
[2023-02-16T00:00:36.764+0000] {logging_mixin.py:137} INFO -      Date_Uploaded   Code  ...    modification_time quarter
0       2023-02-16  90371  ...  2022-06-07 10:10:10       3
1       2023-02-16  90371  ...  2022-06-07 10:10:10       3
2       2023-02-16  90371  ...  2022-06-07 10:10:10       3
3       2023-02-16  90371  ...  2022-06-07 10:10:10       3
4       2023-02-16  90371  ...  2022-06-07 10:10:10       3
...            ...    ...  ...                  ...     ...
5378    2023-02-16  Q9967  ...  2022-06-07 10:10:10       3
5379    2023-02-16  Q9991  ...  2022-06-07 10:10:10       3
5380    2023-02-16  Q9991  ...  2022-06-07 10:10:10       3
5381    2023-02-16  Q9992  ...  2022-06-07 10:10:10       3
5382    2023-02-16  Q9992  ...  2022-06-07 10:10:10       3

[5383 rows x 14 columns]
[2023-02-16T00:00:37.105+0000] {logging_mixin.py:137} INFO - deleted:  section 508 version of July 2022 ASP NDC-HCPCS Crosswalk 060722.csv
[2023-02-16T00:00:37.108+0000] {logging_mixin.py:137} INFO - /opt/***/op_files/cms_zip_files/section 508 version of July 2022 ASP Pricing File updated 120222.csv
[2023-02-16T00:00:37.114+0000] {logging_mixin.py:137} INFO - success
[2023-02-16T00:00:37.115+0000] {logging_mixin.py:137} INFO - section 508 version of July 2022 ASP Pricing File updated 120222.csv
[2023-02-16T00:00:37.116+0000] {logging_mixin.py:137} INFO - excel file has been cleaned
[2023-02-16T00:00:37.124+0000] {logging_mixin.py:137} INFO -     Date_Uploaded HCPCS_Code  ...    modification_time quarter
0      2023-02-16      90371  ...  2022-12-02 10:10:10       3
1      2023-02-16      90375  ...  2022-12-02 10:10:10       3
2      2023-02-16      90376  ...  2022-12-02 10:10:10       3
3      2023-02-16      90377  ...  2022-12-02 10:10:10       3
4      2023-02-16      90586  ...  2022-12-02 10:10:10       3
..            ...        ...  ...                  ...     ...
653    2023-02-16      Q9965  ...  2022-12-02 10:10:10       3
654    2023-02-16      Q9966  ...  2022-12-02 10:10:10       3
655    2023-02-16      Q9967  ...  2022-12-02 10:10:10       3
656    2023-02-16      Q9991  ...  2022-12-02 10:10:10       3
657    2023-02-16      Q9992  ...  2022-12-02 10:10:10       3

[658 rows x 14 columns]
[2023-02-16T00:00:37.216+0000] {logging_mixin.py:137} INFO - deleted:  section 508 version of July 2022 ASP Pricing File updated 120222.csv
[2023-02-16T00:00:37.217+0000] {logging_mixin.py:137} INFO - /opt/***/op_files/cms_zip_files/section 508 version of July 2022 AWP NDC-HCPCS Crosswalk_060722.csv
[2023-02-16T00:00:37.221+0000] {logging_mixin.py:137} INFO - success
[2023-02-16T00:00:37.222+0000] {logging_mixin.py:137} INFO - section 508 version of July 2022 AWP NDC-HCPCS Crosswalk_060722.csv
[2023-02-16T00:00:37.222+0000] {logging_mixin.py:137} INFO - excel file has been cleaned
[2023-02-16T00:00:37.231+0000] {logging_mixin.py:137} INFO -     Date_Uploaded HCPCS_Code  ...    modification_time quarter
0      2023-02-16      90653  ...  2022-06-07 10:10:10       3
1      2023-02-16      90653  ...  2022-06-07 10:10:10       3
2      2023-02-16      90662  ...  2022-06-07 10:10:10       3
3      2023-02-16      90662  ...  2022-06-07 10:10:10       3
4      2023-02-16      90662  ...  2022-06-07 10:10:10       3
..            ...        ...  ...                  ...     ...
187    2023-02-16      P9047  ...  2022-06-07 10:10:10       3
188    2023-02-16      P9047  ...  2022-06-07 10:10:10       3
189    2023-02-16      P9047  ...  2022-06-07 10:10:10       3
190    2023-02-16      P9047  ...  2022-06-07 10:10:10       3
191    2023-02-16      P9047  ...  2022-06-07 10:10:10       3

[192 rows x 14 columns]
[2023-02-16T00:00:37.353+0000] {logging_mixin.py:137} INFO - deleted:  section 508 version of July 2022 AWP NDC-HCPCS Crosswalk_060722.csv
[2023-02-16T00:00:37.355+0000] {logging_mixin.py:137} INFO - /opt/***/op_files/cms_zip_files/section 508 version of July 2022 NOC NDC-HCPCS Crosswalk 060722.csv
[2023-02-16T00:00:37.378+0000] {logging_mixin.py:137} INFO - success
[2023-02-16T00:00:37.379+0000] {logging_mixin.py:137} INFO - section 508 version of July 2022 NOC NDC-HCPCS Crosswalk 060722.csv
[2023-02-16T00:00:37.379+0000] {logging_mixin.py:137} INFO - excel file has been cleaned
[2023-02-16T00:00:37.396+0000] {logging_mixin.py:137} INFO -     Date_Uploaded   Drug Generic Name  ...    modification_time quarter
0      2023-02-16      Alfentanil Hcl  ...  2022-06-07 10:10:10       3
1      2023-02-16      Alfentanil Hcl  ...  2022-06-07 10:10:10       3
2      2023-02-16  Allopurinol Sodium  ...  2022-06-07 10:10:10       3
3      2023-02-16  Allopurinol Sodium  ...  2022-06-07 10:10:10       3
4      2023-02-16  Allopurinol Sodium  ...  2022-06-07 10:10:10       3
..            ...                 ...  ...                  ...     ...
308    2023-02-16         Vasopressin  ...  2022-06-07 10:10:10       3
309    2023-02-16         Vasopressin  ...  2022-06-07 10:10:10       3
310    2023-02-16         Vasopressin  ...  2022-06-07 10:10:10       3
311    2023-02-16         Vasopressin  ...  2022-06-07 10:10:10       3
312    2023-02-16         Vasopressin  ...  2022-06-07 10:10:10       3

[313 rows x 13 columns]
[2023-02-16T00:00:37.493+0000] {logging_mixin.py:137} INFO - deleted:  section 508 version of July 2022 NOC NDC-HCPCS Crosswalk 060722.csv
[2023-02-16T00:00:37.495+0000] {logging_mixin.py:137} INFO - /opt/***/op_files/cms_zip_files/section 508 version of July 2022 NOC Pricing File 060722.csv
[2023-02-16T00:00:37.498+0000] {logging_mixin.py:137} INFO - success
[2023-02-16T00:00:37.499+0000] {logging_mixin.py:137} INFO - section 508 version of July 2022 NOC Pricing File 060722.csv
[2023-02-16T00:00:37.500+0000] {logging_mixin.py:137} INFO - excel file has been cleaned
[2023-02-16T00:00:37.509+0000] {logging_mixin.py:137} INFO -    Date_Uploaded  ... quarter
0     2023-02-16  ...       3
1     2023-02-16  ...       3
2     2023-02-16  ...       3
3     2023-02-16  ...       3
4     2023-02-16  ...       3
5     2023-02-16  ...       3
6     2023-02-16  ...       3
7     2023-02-16  ...       3
8     2023-02-16  ...       3
9     2023-02-16  ...       3
10    2023-02-16  ...       3
11    2023-02-16  ...       3
12    2023-02-16  ...       3
13    2023-02-16  ...       3
14    2023-02-16  ...       3
15    2023-02-16  ...       3
16    2023-02-16  ...       3
17    2023-02-16  ...       3
18    2023-02-16  ...       3
19    2023-02-16  ...       3
20    2023-02-16  ...       3
21    2023-02-16  ...       3
22    2023-02-16  ...       3
23    2023-02-16  ...       3
24    2023-02-16  ...       3
25    2023-02-16  ...       3
26    2023-02-16  ...       3
27    2023-02-16  ...       3

[28 rows x 9 columns]
[2023-02-16T00:00:37.573+0000] {logging_mixin.py:137} INFO - deleted:  section 508 version of July 2022 NOC Pricing File 060722.csv
[2023-02-16T00:00:37.574+0000] {logging_mixin.py:137} INFO - /opt/***/op_files/cms_zip_files/section 508 version of July 2022 OPPS NDC-HCPCS Crosswalk 060722.csv
[2023-02-16T00:00:37.581+0000] {logging_mixin.py:137} INFO - success
[2023-02-16T00:00:37.582+0000] {logging_mixin.py:137} INFO - section 508 version of July 2022 OPPS NDC-HCPCS Crosswalk 060722.csv
[2023-02-16T00:00:37.583+0000] {logging_mixin.py:137} INFO - excel file has been cleaned
[2023-02-16T00:00:37.596+0000] {logging_mixin.py:137} INFO -     Date_Uploaded   Code  ...    modification_time quarter
0      2023-02-16  A9513  ...  2022-06-07 10:10:10       3
1      2023-02-16  A9543  ...  2022-06-07 10:10:10       3
2      2023-02-16  A9543  ...  2022-06-07 10:10:10       3
3      2023-02-16  A9590  ...  2022-06-07 10:10:10       3
4      2023-02-16  A9590  ...  2022-06-07 10:10:10       3
..            ...    ...  ...                  ...     ...
232    2023-02-16  Q2055  ...  2022-06-07 10:10:10       3
233    2023-02-16  Q9968  ...  2022-06-07 10:10:10       3
234    2023-02-16  Q9968  ...  2022-06-07 10:10:10       3
235    2023-02-16  Q9968  ...  2022-06-07 10:10:10       3
236    2023-02-16  Q9968  ...  2022-06-07 10:10:10       3

[237 rows x 14 columns]
[2023-02-16T00:00:37.679+0000] {logging_mixin.py:137} INFO - deleted:  section 508 version of July 2022 OPPS NDC-HCPCS Crosswalk 060722.csv
[2023-02-16T00:00:37.680+0000] {logging_mixin.py:137} INFO - /opt/***/op_files/cms_zip_files/section 508 version of NDC-HCPCS Crosswalk Introduction Text 060722.csv
[2023-02-16T00:00:37.682+0000] {python.py:177} INFO - Done. Returned value was: None
[2023-02-16T00:00:37.693+0000] {taskinstance.py:1323} INFO - Marking task as SUCCESS. dag_id=cms_asp_noc, task_id=data_load, execution_date=20230215T000000, start_date=20230216T000035, end_date=20230216T000037
[2023-02-16T00:00:37.781+0000] {local_task_job.py:208} INFO - Task exited with return code 0
[2023-02-16T00:00:38.221+0000] {taskinstance.py:2578} INFO - 1 downstream tasks scheduled from follow-on schedule check
