[2023-02-18T01:31:47.955+0000] {taskinstance.py:1083} INFO - Dependencies all met for <TaskInstance: cms_asp_noc.data_load scheduled__2023-02-17T00:00:00+00:00 [queued]>
[2023-02-18T01:31:47.965+0000] {taskinstance.py:1083} INFO - Dependencies all met for <TaskInstance: cms_asp_noc.data_load scheduled__2023-02-17T00:00:00+00:00 [queued]>
[2023-02-18T01:31:47.966+0000] {taskinstance.py:1279} INFO - 
--------------------------------------------------------------------------------
[2023-02-18T01:31:47.966+0000] {taskinstance.py:1280} INFO - Starting attempt 1 of 1
[2023-02-18T01:31:47.967+0000] {taskinstance.py:1281} INFO - 
--------------------------------------------------------------------------------
[2023-02-18T01:31:47.977+0000] {taskinstance.py:1300} INFO - Executing <Task(PythonOperator): data_load> on 2023-02-17 00:00:00+00:00
[2023-02-18T01:31:47.988+0000] {standard_task_runner.py:55} INFO - Started process 15614 to run task
[2023-02-18T01:31:47.992+0000] {standard_task_runner.py:82} INFO - Running: ['***', 'tasks', 'run', 'cms_asp_noc', 'data_load', 'scheduled__2023-02-17T00:00:00+00:00', '--job-id', '1802', '--raw', '--subdir', 'DAGS_FOLDER/cms_upd.py', '--cfg-path', '/tmp/tmpzr9pqpk9']
[2023-02-18T01:31:47.995+0000] {standard_task_runner.py:83} INFO - Job 1802: Subtask data_load
[2023-02-18T01:31:48.246+0000] {task_command.py:388} INFO - Running <TaskInstance: cms_asp_noc.data_load scheduled__2023-02-17T00:00:00+00:00 [running]> on host 2886274f27ea
[2023-02-18T01:31:48.302+0000] {taskinstance.py:1509} INFO - Exporting the following env vars:
AIRFLOW_CTX_DAG_OWNER=***
AIRFLOW_CTX_DAG_ID=cms_asp_noc
AIRFLOW_CTX_TASK_ID=data_load
AIRFLOW_CTX_EXECUTION_DATE=2023-02-17T00:00:00+00:00
AIRFLOW_CTX_TRY_NUMBER=1
AIRFLOW_CTX_DAG_RUN_ID=scheduled__2023-02-17T00:00:00+00:00
[2023-02-18T01:31:48.307+0000] {logging_mixin.py:137} INFO - ['section 508 version of April 2022 ASP Pricing File updated 060222.csv', 'section 508 version of April 2022 ASP Pricing File updated 120222.csv', 'section 508 version of COVID_19_NDC_HCPCS_Crosswalk.csv', 'section 508 version of January 2022 ASP Pricing File updated 060222.csv', 'section 508 version of July 2022 ASP NDC-HCPCS Crosswalk 060722.csv', 'section 508 version of July 2022 ASP Pricing File updated 120222.csv', 'section 508 version of July 2022 AWP NDC-HCPCS Crosswalk_060722.csv', 'section 508 version of July 2022 NOC NDC-HCPCS Crosswalk 060722.csv', 'section 508 version of July 2022 NOC Pricing File 060722.csv', 'section 508 version of July 2022 OPPS NDC-HCPCS Crosswalk 060722.csv', 'section 508 version of NDC-HCPCS Crosswalk Introduction Text 060722.csv']
[2023-02-18T01:31:48.308+0000] {logging_mixin.py:137} INFO - /opt/***/op_files/cms_zip_files/section 508 version of April 2022 ASP Pricing File updated 060222.csv
[2023-02-18T01:31:48.322+0000] {logging_mixin.py:137} INFO - success
[2023-02-18T01:31:48.322+0000] {logging_mixin.py:137} INFO - section 508 version of April 2022 ASP Pricing File updated 060222.csv
[2023-02-18T01:31:48.323+0000] {logging_mixin.py:137} INFO - excel file has been cleaned
[2023-02-18T01:31:48.344+0000] {logging_mixin.py:137} INFO -     Date_Uploaded HCPCS_Code  ...    modification_time quarter
0      2023-02-18      90371  ...  2022-06-02 10:10:10       2
1      2023-02-18      90375  ...  2022-06-02 10:10:10       2
2      2023-02-18      90376  ...  2022-06-02 10:10:10       2
3      2023-02-18      90377  ...  2022-06-02 10:10:10       2
4      2023-02-18      90586  ...  2022-06-02 10:10:10       2
..            ...        ...  ...                  ...     ...
641    2023-02-18      Q9965  ...  2022-06-02 10:10:10       2
642    2023-02-18      Q9966  ...  2022-06-02 10:10:10       2
643    2023-02-18      Q9967  ...  2022-06-02 10:10:10       2
644    2023-02-18      Q9991  ...  2022-06-02 10:10:10       2
645    2023-02-18      Q9992  ...  2022-06-02 10:10:10       2

[646 rows x 14 columns]
[2023-02-18T01:31:48.545+0000] {logging_mixin.py:137} INFO - deleted:  section 508 version of April 2022 ASP Pricing File updated 060222.csv
[2023-02-18T01:31:48.576+0000] {logging_mixin.py:137} INFO - /opt/***/op_files/cms_zip_files/section 508 version of April 2022 ASP Pricing File updated 120222.csv
[2023-02-18T01:31:48.583+0000] {logging_mixin.py:137} INFO - success
[2023-02-18T01:31:48.583+0000] {logging_mixin.py:137} INFO - section 508 version of April 2022 ASP Pricing File updated 120222.csv
[2023-02-18T01:31:48.584+0000] {logging_mixin.py:137} INFO - excel file has been cleaned
[2023-02-18T01:31:48.595+0000] {logging_mixin.py:137} INFO -     Date_Uploaded HCPCS_Code  ...    modification_time quarter
0      2023-02-18      90371  ...  2022-12-02 10:10:10       2
1      2023-02-18      90375  ...  2022-12-02 10:10:10       2
2      2023-02-18      90376  ...  2022-12-02 10:10:10       2
3      2023-02-18      90377  ...  2022-12-02 10:10:10       2
4      2023-02-18      90586  ...  2022-12-02 10:10:10       2
..            ...        ...  ...                  ...     ...
641    2023-02-18      Q9965  ...  2022-12-02 10:10:10       2
642    2023-02-18      Q9966  ...  2022-12-02 10:10:10       2
643    2023-02-18      Q9967  ...  2022-12-02 10:10:10       2
644    2023-02-18      Q9991  ...  2022-12-02 10:10:10       2
645    2023-02-18      Q9992  ...  2022-12-02 10:10:10       2

[646 rows x 14 columns]
[2023-02-18T01:31:48.727+0000] {logging_mixin.py:137} INFO - deleted:  section 508 version of April 2022 ASP Pricing File updated 120222.csv
[2023-02-18T01:31:48.729+0000] {logging_mixin.py:137} INFO - /opt/***/op_files/cms_zip_files/section 508 version of COVID_19_NDC_HCPCS_Crosswalk.csv
[2023-02-18T01:31:48.731+0000] {logging_mixin.py:137} INFO - /opt/***/op_files/cms_zip_files/section 508 version of January 2022 ASP Pricing File updated 060222.csv
[2023-02-18T01:31:48.738+0000] {logging_mixin.py:137} INFO - success
[2023-02-18T01:31:48.739+0000] {logging_mixin.py:137} INFO - section 508 version of January 2022 ASP Pricing File updated 060222.csv
[2023-02-18T01:31:48.740+0000] {logging_mixin.py:137} INFO - excel file has been cleaned
[2023-02-18T01:31:48.752+0000] {logging_mixin.py:137} INFO -     Date_Uploaded HCPCS_Code  ...    modification_time quarter
0      2023-02-18      90371  ...  2022-06-02 10:10:10       1
1      2023-02-18      90375  ...  2022-06-02 10:10:10       1
2      2023-02-18      90376  ...  2022-06-02 10:10:10       1
3      2023-02-18      90377  ...  2022-06-02 10:10:10       1
4      2023-02-18      90586  ...  2022-06-02 10:10:10       1
..            ...        ...  ...                  ...     ...
638    2023-02-18      Q9965  ...  2022-06-02 10:10:10       1
639    2023-02-18      Q9966  ...  2022-06-02 10:10:10       1
640    2023-02-18      Q9967  ...  2022-06-02 10:10:10       1
641    2023-02-18      Q9991  ...  2022-06-02 10:10:10       1
642    2023-02-18      Q9992  ...  2022-06-02 10:10:10       1

[643 rows x 14 columns]
[2023-02-18T01:31:48.873+0000] {logging_mixin.py:137} INFO - deleted:  section 508 version of January 2022 ASP Pricing File updated 060222.csv
[2023-02-18T01:31:48.875+0000] {logging_mixin.py:137} INFO - /opt/***/op_files/cms_zip_files/section 508 version of July 2022 ASP NDC-HCPCS Crosswalk 060722.csv
[2023-02-18T01:31:48.927+0000] {logging_mixin.py:137} INFO - success
[2023-02-18T01:31:48.928+0000] {logging_mixin.py:137} INFO - section 508 version of July 2022 ASP NDC-HCPCS Crosswalk 060722.csv
[2023-02-18T01:31:48.929+0000] {logging_mixin.py:137} INFO - excel file has been cleaned
[2023-02-18T01:31:48.937+0000] {logging_mixin.py:137} INFO -      Date_Uploaded   Code  ...    modification_time quarter
0       2023-02-18  90371  ...  2022-06-07 10:10:10       3
1       2023-02-18  90371  ...  2022-06-07 10:10:10       3
2       2023-02-18  90371  ...  2022-06-07 10:10:10       3
3       2023-02-18  90371  ...  2022-06-07 10:10:10       3
4       2023-02-18  90371  ...  2022-06-07 10:10:10       3
...            ...    ...  ...                  ...     ...
5378    2023-02-18  Q9967  ...  2022-06-07 10:10:10       3
5379    2023-02-18  Q9991  ...  2022-06-07 10:10:10       3
5380    2023-02-18  Q9991  ...  2022-06-07 10:10:10       3
5381    2023-02-18  Q9992  ...  2022-06-07 10:10:10       3
5382    2023-02-18  Q9992  ...  2022-06-07 10:10:10       3

[5383 rows x 14 columns]
[2023-02-18T01:31:49.324+0000] {logging_mixin.py:137} INFO - deleted:  section 508 version of July 2022 ASP NDC-HCPCS Crosswalk 060722.csv
[2023-02-18T01:31:49.326+0000] {logging_mixin.py:137} INFO - /opt/***/op_files/cms_zip_files/section 508 version of July 2022 ASP Pricing File updated 120222.csv
[2023-02-18T01:31:49.332+0000] {logging_mixin.py:137} INFO - success
[2023-02-18T01:31:49.332+0000] {logging_mixin.py:137} INFO - section 508 version of July 2022 ASP Pricing File updated 120222.csv
[2023-02-18T01:31:49.333+0000] {logging_mixin.py:137} INFO - excel file has been cleaned
[2023-02-18T01:31:49.341+0000] {logging_mixin.py:137} INFO -     Date_Uploaded HCPCS_Code  ...    modification_time quarter
0      2023-02-18      90371  ...  2022-12-02 10:10:10       3
1      2023-02-18      90375  ...  2022-12-02 10:10:10       3
2      2023-02-18      90376  ...  2022-12-02 10:10:10       3
3      2023-02-18      90377  ...  2022-12-02 10:10:10       3
4      2023-02-18      90586  ...  2022-12-02 10:10:10       3
..            ...        ...  ...                  ...     ...
653    2023-02-18      Q9965  ...  2022-12-02 10:10:10       3
654    2023-02-18      Q9966  ...  2022-12-02 10:10:10       3
655    2023-02-18      Q9967  ...  2022-12-02 10:10:10       3
656    2023-02-18      Q9991  ...  2022-12-02 10:10:10       3
657    2023-02-18      Q9992  ...  2022-12-02 10:10:10       3

[658 rows x 14 columns]
[2023-02-18T01:31:49.432+0000] {logging_mixin.py:137} INFO - deleted:  section 508 version of July 2022 ASP Pricing File updated 120222.csv
[2023-02-18T01:31:49.434+0000] {logging_mixin.py:137} INFO - /opt/***/op_files/cms_zip_files/section 508 version of July 2022 AWP NDC-HCPCS Crosswalk_060722.csv
[2023-02-18T01:31:49.439+0000] {logging_mixin.py:137} INFO - success
[2023-02-18T01:31:49.440+0000] {logging_mixin.py:137} INFO - section 508 version of July 2022 AWP NDC-HCPCS Crosswalk_060722.csv
[2023-02-18T01:31:49.441+0000] {logging_mixin.py:137} INFO - excel file has been cleaned
[2023-02-18T01:31:49.450+0000] {logging_mixin.py:137} INFO -     Date_Uploaded HCPCS_Code  ...    modification_time quarter
0      2023-02-18      90653  ...  2022-06-07 10:10:10       3
1      2023-02-18      90653  ...  2022-06-07 10:10:10       3
2      2023-02-18      90662  ...  2022-06-07 10:10:10       3
3      2023-02-18      90662  ...  2022-06-07 10:10:10       3
4      2023-02-18      90662  ...  2022-06-07 10:10:10       3
..            ...        ...  ...                  ...     ...
187    2023-02-18      P9047  ...  2022-06-07 10:10:10       3
188    2023-02-18      P9047  ...  2022-06-07 10:10:10       3
189    2023-02-18      P9047  ...  2022-06-07 10:10:10       3
190    2023-02-18      P9047  ...  2022-06-07 10:10:10       3
191    2023-02-18      P9047  ...  2022-06-07 10:10:10       3

[192 rows x 14 columns]
[2023-02-18T01:31:49.532+0000] {logging_mixin.py:137} INFO - deleted:  section 508 version of July 2022 AWP NDC-HCPCS Crosswalk_060722.csv
[2023-02-18T01:31:49.533+0000] {logging_mixin.py:137} INFO - /opt/***/op_files/cms_zip_files/section 508 version of July 2022 NOC NDC-HCPCS Crosswalk 060722.csv
[2023-02-18T01:31:49.539+0000] {logging_mixin.py:137} INFO - success
[2023-02-18T01:31:49.540+0000] {logging_mixin.py:137} INFO - section 508 version of July 2022 NOC NDC-HCPCS Crosswalk 060722.csv
[2023-02-18T01:31:49.541+0000] {logging_mixin.py:137} INFO - excel file has been cleaned
[2023-02-18T01:31:49.551+0000] {logging_mixin.py:137} INFO -     Date_Uploaded   Drug Generic Name  ...    modification_time quarter
0      2023-02-18      Alfentanil Hcl  ...  2022-06-07 10:10:10       3
1      2023-02-18      Alfentanil Hcl  ...  2022-06-07 10:10:10       3
2      2023-02-18  Allopurinol Sodium  ...  2022-06-07 10:10:10       3
3      2023-02-18  Allopurinol Sodium  ...  2022-06-07 10:10:10       3
4      2023-02-18  Allopurinol Sodium  ...  2022-06-07 10:10:10       3
..            ...                 ...  ...                  ...     ...
308    2023-02-18         Vasopressin  ...  2022-06-07 10:10:10       3
309    2023-02-18         Vasopressin  ...  2022-06-07 10:10:10       3
310    2023-02-18         Vasopressin  ...  2022-06-07 10:10:10       3
311    2023-02-18         Vasopressin  ...  2022-06-07 10:10:10       3
312    2023-02-18         Vasopressin  ...  2022-06-07 10:10:10       3

[313 rows x 13 columns]
[2023-02-18T01:31:49.633+0000] {logging_mixin.py:137} INFO - deleted:  section 508 version of July 2022 NOC NDC-HCPCS Crosswalk 060722.csv
[2023-02-18T01:31:49.635+0000] {logging_mixin.py:137} INFO - /opt/***/op_files/cms_zip_files/section 508 version of July 2022 NOC Pricing File 060722.csv
[2023-02-18T01:31:49.638+0000] {logging_mixin.py:137} INFO - success
[2023-02-18T01:31:49.638+0000] {logging_mixin.py:137} INFO - section 508 version of July 2022 NOC Pricing File 060722.csv
[2023-02-18T01:31:49.639+0000] {logging_mixin.py:137} INFO - excel file has been cleaned
[2023-02-18T01:31:49.646+0000] {logging_mixin.py:137} INFO -    Date_Uploaded  ... quarter
0     2023-02-18  ...       3
1     2023-02-18  ...       3
2     2023-02-18  ...       3
3     2023-02-18  ...       3
4     2023-02-18  ...       3
5     2023-02-18  ...       3
6     2023-02-18  ...       3
7     2023-02-18  ...       3
8     2023-02-18  ...       3
9     2023-02-18  ...       3
10    2023-02-18  ...       3
11    2023-02-18  ...       3
12    2023-02-18  ...       3
13    2023-02-18  ...       3
14    2023-02-18  ...       3
15    2023-02-18  ...       3
16    2023-02-18  ...       3
17    2023-02-18  ...       3
18    2023-02-18  ...       3
19    2023-02-18  ...       3
20    2023-02-18  ...       3
21    2023-02-18  ...       3
22    2023-02-18  ...       3
23    2023-02-18  ...       3
24    2023-02-18  ...       3
25    2023-02-18  ...       3
26    2023-02-18  ...       3
27    2023-02-18  ...       3

[28 rows x 9 columns]
[2023-02-18T01:31:49.713+0000] {logging_mixin.py:137} INFO - deleted:  section 508 version of July 2022 NOC Pricing File 060722.csv
[2023-02-18T01:31:49.715+0000] {logging_mixin.py:137} INFO - /opt/***/op_files/cms_zip_files/section 508 version of July 2022 OPPS NDC-HCPCS Crosswalk 060722.csv
[2023-02-18T01:31:49.722+0000] {logging_mixin.py:137} INFO - success
[2023-02-18T01:31:49.722+0000] {logging_mixin.py:137} INFO - section 508 version of July 2022 OPPS NDC-HCPCS Crosswalk 060722.csv
[2023-02-18T01:31:49.723+0000] {logging_mixin.py:137} INFO - excel file has been cleaned
[2023-02-18T01:31:49.735+0000] {logging_mixin.py:137} INFO -     Date_Uploaded   Code  ...    modification_time quarter
0      2023-02-18  A9513  ...  2022-06-07 10:10:10       3
1      2023-02-18  A9543  ...  2022-06-07 10:10:10       3
2      2023-02-18  A9543  ...  2022-06-07 10:10:10       3
3      2023-02-18  A9590  ...  2022-06-07 10:10:10       3
4      2023-02-18  A9590  ...  2022-06-07 10:10:10       3
..            ...    ...  ...                  ...     ...
232    2023-02-18  Q2055  ...  2022-06-07 10:10:10       3
233    2023-02-18  Q9968  ...  2022-06-07 10:10:10       3
234    2023-02-18  Q9968  ...  2022-06-07 10:10:10       3
235    2023-02-18  Q9968  ...  2022-06-07 10:10:10       3
236    2023-02-18  Q9968  ...  2022-06-07 10:10:10       3

[237 rows x 14 columns]
[2023-02-18T01:31:49.824+0000] {logging_mixin.py:137} INFO - deleted:  section 508 version of July 2022 OPPS NDC-HCPCS Crosswalk 060722.csv
[2023-02-18T01:31:49.825+0000] {logging_mixin.py:137} INFO - /opt/***/op_files/cms_zip_files/section 508 version of NDC-HCPCS Crosswalk Introduction Text 060722.csv
[2023-02-18T01:31:49.826+0000] {python.py:177} INFO - Done. Returned value was: None
[2023-02-18T01:31:49.839+0000] {taskinstance.py:1323} INFO - Marking task as SUCCESS. dag_id=cms_asp_noc, task_id=data_load, execution_date=20230217T000000, start_date=20230218T013147, end_date=20230218T013149
[2023-02-18T01:31:49.906+0000] {local_task_job.py:208} INFO - Task exited with return code 0
[2023-02-18T01:31:49.941+0000] {taskinstance.py:2578} INFO - 0 downstream tasks scheduled from follow-on schedule check
