[2023-02-08T12:54:48.989+0000] {taskinstance.py:1083} INFO - Dependencies all met for <TaskInstance: cms_asp_noc.extract scheduled__2022-01-27T00:00:00+00:00 [queued]>
[2023-02-08T12:54:49.017+0000] {taskinstance.py:1083} INFO - Dependencies all met for <TaskInstance: cms_asp_noc.extract scheduled__2022-01-27T00:00:00+00:00 [queued]>
[2023-02-08T12:54:49.018+0000] {taskinstance.py:1279} INFO - 
--------------------------------------------------------------------------------
[2023-02-08T12:54:49.019+0000] {taskinstance.py:1280} INFO - Starting attempt 1 of 1
[2023-02-08T12:54:49.036+0000] {taskinstance.py:1281} INFO - 
--------------------------------------------------------------------------------
[2023-02-08T12:54:49.091+0000] {taskinstance.py:1300} INFO - Executing <Task(PythonOperator): extract> on 2022-01-27 00:00:00+00:00
[2023-02-08T12:54:49.286+0000] {standard_task_runner.py:55} INFO - Started process 455 to run task
[2023-02-08T12:54:49.344+0000] {standard_task_runner.py:82} INFO - Running: ['***', 'tasks', 'run', 'cms_asp_noc', 'extract', 'scheduled__2022-01-27T00:00:00+00:00', '--job-id', '75', '--raw', '--subdir', 'DAGS_FOLDER/cms_upd.py', '--cfg-path', '/tmp/tmpejjluklh']
[2023-02-08T12:54:49.387+0000] {standard_task_runner.py:83} INFO - Job 75: Subtask extract
[2023-02-08T12:54:51.092+0000] {task_command.py:388} INFO - Running <TaskInstance: cms_asp_noc.extract scheduled__2022-01-27T00:00:00+00:00 [running]> on host 4ed7ae61ecf3
[2023-02-08T12:54:51.690+0000] {taskinstance.py:1509} INFO - Exporting the following env vars:
AIRFLOW_CTX_DAG_OWNER=***
AIRFLOW_CTX_DAG_ID=cms_asp_noc
AIRFLOW_CTX_TASK_ID=extract
AIRFLOW_CTX_EXECUTION_DATE=2022-01-27T00:00:00+00:00
AIRFLOW_CTX_TRY_NUMBER=1
AIRFLOW_CTX_DAG_RUN_ID=scheduled__2022-01-27T00:00:00+00:00
[2023-02-08T12:54:51.799+0000] {logging_mixin.py:137} INFO - /opt/***/op_files/cms_zip_files/april-2022-asp-pricing-file-updated-06082022.zip
[2023-02-08T12:54:52.011+0000] {logging_mixin.py:137} INFO - /opt/***/op_files/cms_zip_files/april-2022-asp-pricing-file-updated-12142022.zip
[2023-02-08T12:54:52.074+0000] {logging_mixin.py:137} INFO - /opt/***/op_files/cms_zip_files/january-2022-asp-pricing-file-updated-06082022.zip
[2023-02-08T12:54:52.256+0000] {logging_mixin.py:137} INFO - /opt/***/op_files/cms_zip_files/july-2022-asp-ndc-hcpcs-crosswalk-updated-07142022.zip
[2023-02-08T12:54:52.729+0000] {logging_mixin.py:137} INFO - /opt/***/op_files/cms_zip_files/july-2022-asp-pricing-file-updated-12142022.zip
[2023-02-08T12:54:52.774+0000] {logging_mixin.py:137} INFO - /opt/***/op_files/cms_zip_files/july-2022-noc-pricing-file.zip
[2023-02-08T12:54:52.804+0000] {python.py:177} INFO - Done. Returned value was: None
[2023-02-08T12:55:25.381+0000] {taskinstance.py:1323} INFO - Marking task as SUCCESS. dag_id=cms_asp_noc, task_id=extract, execution_date=20220127T000000, start_date=20230208T125448, end_date=20230208T125525
[2023-02-08T12:55:30.475+0000] {local_task_job.py:208} INFO - Task exited with return code Negsignal.SIGKILL
[2023-02-08T12:55:33.195+0000] {taskinstance.py:2578} INFO - 0 downstream tasks scheduled from follow-on schedule check
