[2023-02-08T12:49:00.370+0000] {taskinstance.py:1083} INFO - Dependencies all met for <TaskInstance: cms_asp_noc.extract scheduled__2022-01-13T00:00:00+00:00 [queued]>
[2023-02-08T12:49:00.491+0000] {taskinstance.py:1083} INFO - Dependencies all met for <TaskInstance: cms_asp_noc.extract scheduled__2022-01-13T00:00:00+00:00 [queued]>
[2023-02-08T12:49:00.502+0000] {taskinstance.py:1279} INFO - 
--------------------------------------------------------------------------------
[2023-02-08T12:49:00.503+0000] {taskinstance.py:1280} INFO - Starting attempt 1 of 1
[2023-02-08T12:49:00.504+0000] {taskinstance.py:1281} INFO - 
--------------------------------------------------------------------------------
[2023-02-08T12:49:00.699+0000] {taskinstance.py:1300} INFO - Executing <Task(PythonOperator): extract> on 2022-01-13 00:00:00+00:00
[2023-02-08T12:49:00.744+0000] {standard_task_runner.py:55} INFO - Started process 211 to run task
[2023-02-08T12:49:00.876+0000] {standard_task_runner.py:82} INFO - Running: ['***', 'tasks', 'run', 'cms_asp_noc', 'extract', 'scheduled__2022-01-13T00:00:00+00:00', '--job-id', '29', '--raw', '--subdir', 'DAGS_FOLDER/cms_upd.py', '--cfg-path', '/tmp/tmp7n0tc2hz']
[2023-02-08T12:49:00.903+0000] {standard_task_runner.py:83} INFO - Job 29: Subtask extract
[2023-02-08T12:49:01.657+0000] {task_command.py:388} INFO - Running <TaskInstance: cms_asp_noc.extract scheduled__2022-01-13T00:00:00+00:00 [running]> on host 4ed7ae61ecf3
[2023-02-08T12:49:28.028+0000] {taskinstance.py:1509} INFO - Exporting the following env vars:
AIRFLOW_CTX_DAG_OWNER=***
AIRFLOW_CTX_DAG_ID=cms_asp_noc
AIRFLOW_CTX_TASK_ID=extract
AIRFLOW_CTX_EXECUTION_DATE=2022-01-13T00:00:00+00:00
AIRFLOW_CTX_TRY_NUMBER=1
AIRFLOW_CTX_DAG_RUN_ID=scheduled__2022-01-13T00:00:00+00:00
[2023-02-08T12:49:28.130+0000] {logging_mixin.py:137} INFO - /opt/***/op_files/cms_zip_files/april-2022-asp-pricing-file-updated-06082022.zip
[2023-02-08T12:49:32.815+0000] {logging_mixin.py:137} INFO - /opt/***/op_files/cms_zip_files/april-2022-asp-pricing-file-updated-12142022.zip
[2023-02-08T12:49:34.801+0000] {logging_mixin.py:137} INFO - /opt/***/op_files/cms_zip_files/january-2022-asp-pricing-file-updated-06082022.zip
[2023-02-08T12:49:35.379+0000] {logging_mixin.py:137} INFO - /opt/***/op_files/cms_zip_files/july-2022-asp-ndc-hcpcs-crosswalk-updated-07142022.zip
[2023-02-08T12:49:42.584+0000] {logging_mixin.py:137} INFO - /opt/***/op_files/cms_zip_files/july-2022-asp-pricing-file-updated-12142022.zip
[2023-02-08T12:49:42.812+0000] {logging_mixin.py:137} INFO - /opt/***/op_files/cms_zip_files/july-2022-noc-pricing-file.zip
[2023-02-08T12:49:42.849+0000] {python.py:177} INFO - Done. Returned value was: None
[2023-02-08T12:49:45.140+0000] {taskinstance.py:1323} INFO - Marking task as SUCCESS. dag_id=cms_asp_noc, task_id=extract, execution_date=20220113T000000, start_date=20230208T124900, end_date=20230208T124945
[2023-02-08T12:49:52.204+0000] {local_task_job.py:208} INFO - Task exited with return code 0
[2023-02-08T12:50:32.038+0000] {taskinstance.py:2578} INFO - 0 downstream tasks scheduled from follow-on schedule check
