[2023-02-08T15:15:22.509+0000] {taskinstance.py:1083} INFO - Dependencies all met for <TaskInstance: cms_asp_noc.extract scheduled__2022-09-14T00:00:00+00:00 [queued]>
[2023-02-08T15:15:22.526+0000] {taskinstance.py:1083} INFO - Dependencies all met for <TaskInstance: cms_asp_noc.extract scheduled__2022-09-14T00:00:00+00:00 [queued]>
[2023-02-08T15:15:22.527+0000] {taskinstance.py:1279} INFO - 
--------------------------------------------------------------------------------
[2023-02-08T15:15:22.528+0000] {taskinstance.py:1280} INFO - Starting attempt 1 of 1
[2023-02-08T15:15:22.529+0000] {taskinstance.py:1281} INFO - 
--------------------------------------------------------------------------------
[2023-02-08T15:15:22.547+0000] {taskinstance.py:1300} INFO - Executing <Task(PythonOperator): extract> on 2022-09-14 00:00:00+00:00
[2023-02-08T15:15:22.554+0000] {standard_task_runner.py:55} INFO - Started process 2369 to run task
[2023-02-08T15:15:22.568+0000] {standard_task_runner.py:82} INFO - Running: ['***', 'tasks', 'run', 'cms_asp_noc', 'extract', 'scheduled__2022-09-14T00:00:00+00:00', '--job-id', '851', '--raw', '--subdir', 'DAGS_FOLDER/cms_upd.py', '--cfg-path', '/tmp/tmpflyai4ir']
[2023-02-08T15:15:22.574+0000] {standard_task_runner.py:83} INFO - Job 851: Subtask extract
[2023-02-08T15:15:22.742+0000] {task_command.py:388} INFO - Running <TaskInstance: cms_asp_noc.extract scheduled__2022-09-14T00:00:00+00:00 [running]> on host 1f90076947be
[2023-02-08T15:15:23.387+0000] {taskinstance.py:1509} INFO - Exporting the following env vars:
AIRFLOW_CTX_DAG_OWNER=***
AIRFLOW_CTX_DAG_ID=cms_asp_noc
AIRFLOW_CTX_TASK_ID=extract
AIRFLOW_CTX_EXECUTION_DATE=2022-09-14T00:00:00+00:00
AIRFLOW_CTX_TRY_NUMBER=1
AIRFLOW_CTX_DAG_RUN_ID=scheduled__2022-09-14T00:00:00+00:00
[2023-02-08T15:15:23.391+0000] {logging_mixin.py:137} INFO - /opt/***/op_files/cms_zip_files/april-2022-asp-pricing-file-updated-06082022.zip
[2023-02-08T15:15:23.407+0000] {logging_mixin.py:137} INFO - /opt/***/op_files/cms_zip_files/april-2022-asp-pricing-file-updated-12142022.zip
[2023-02-08T15:15:23.425+0000] {logging_mixin.py:137} INFO - /opt/***/op_files/cms_zip_files/january-2022-asp-pricing-file-updated-06082022.zip
[2023-02-08T15:15:23.453+0000] {logging_mixin.py:137} INFO - /opt/***/op_files/cms_zip_files/july-2022-asp-ndc-hcpcs-crosswalk-updated-07142022.zip
[2023-02-08T15:15:23.607+0000] {logging_mixin.py:137} INFO - /opt/***/op_files/cms_zip_files/july-2022-asp-pricing-file-updated-12142022.zip
[2023-02-08T15:15:23.622+0000] {logging_mixin.py:137} INFO - /opt/***/op_files/cms_zip_files/july-2022-noc-pricing-file.zip
[2023-02-08T15:15:23.639+0000] {python.py:177} INFO - Done. Returned value was: None
[2023-02-08T15:15:23.673+0000] {taskinstance.py:1323} INFO - Marking task as SUCCESS. dag_id=cms_asp_noc, task_id=extract, execution_date=20220914T000000, start_date=20230208T151522, end_date=20230208T151523
[2023-02-08T15:15:23.753+0000] {local_task_job.py:208} INFO - Task exited with return code 0
[2023-02-08T15:15:23.864+0000] {taskinstance.py:2578} INFO - 1 downstream tasks scheduled from follow-on schedule check
