[2023-02-08T15:08:54.799+0000] {taskinstance.py:1083} INFO - Dependencies all met for <TaskInstance: cms_asp_noc.data_load scheduled__2022-06-25T00:00:00+00:00 [queued]>
[2023-02-08T15:08:54.814+0000] {taskinstance.py:1083} INFO - Dependencies all met for <TaskInstance: cms_asp_noc.data_load scheduled__2022-06-25T00:00:00+00:00 [queued]>
[2023-02-08T15:08:54.816+0000] {taskinstance.py:1279} INFO - 
--------------------------------------------------------------------------------
[2023-02-08T15:08:54.825+0000] {taskinstance.py:1280} INFO - Starting attempt 1 of 1
[2023-02-08T15:08:54.826+0000] {taskinstance.py:1281} INFO - 
--------------------------------------------------------------------------------
[2023-02-08T15:08:54.845+0000] {taskinstance.py:1300} INFO - Executing <Task(PythonOperator): data_load> on 2022-06-25 00:00:00+00:00
[2023-02-08T15:08:54.870+0000] {standard_task_runner.py:82} INFO - Running: ['***', 'tasks', 'run', 'cms_asp_noc', 'data_load', 'scheduled__2022-06-25T00:00:00+00:00', '--job-id', '469', '--raw', '--subdir', 'DAGS_FOLDER/cms_upd.py', '--cfg-path', '/tmp/tmpnm27kic5']
[2023-02-08T15:08:54.876+0000] {standard_task_runner.py:83} INFO - Job 469: Subtask data_load
[2023-02-08T15:08:54.858+0000] {standard_task_runner.py:55} INFO - Started process 876 to run task
[2023-02-08T15:08:54.998+0000] {task_command.py:388} INFO - Running <TaskInstance: cms_asp_noc.data_load scheduled__2022-06-25T00:00:00+00:00 [running]> on host 1f90076947be
[2023-02-08T15:08:55.320+0000] {taskinstance.py:1509} INFO - Exporting the following env vars:
AIRFLOW_CTX_DAG_OWNER=***
AIRFLOW_CTX_DAG_ID=cms_asp_noc
AIRFLOW_CTX_TASK_ID=data_load
AIRFLOW_CTX_EXECUTION_DATE=2022-06-25T00:00:00+00:00
AIRFLOW_CTX_TRY_NUMBER=1
AIRFLOW_CTX_DAG_RUN_ID=scheduled__2022-06-25T00:00:00+00:00
[2023-02-08T15:08:55.321+0000] {logging_mixin.py:137} INFO - []
[2023-02-08T15:08:55.322+0000] {python.py:177} INFO - Done. Returned value was: None
[2023-02-08T15:08:55.354+0000] {taskinstance.py:1323} INFO - Marking task as SUCCESS. dag_id=cms_asp_noc, task_id=data_load, execution_date=20220625T000000, start_date=20230208T150854, end_date=20230208T150855
[2023-02-08T15:08:55.424+0000] {local_task_job.py:208} INFO - Task exited with return code 0
[2023-02-08T15:08:55.533+0000] {taskinstance.py:2578} INFO - 1 downstream tasks scheduled from follow-on schedule check
