[2023-02-08T15:16:49.603+0000] {taskinstance.py:1083} INFO - Dependencies all met for <TaskInstance: cms_asp_noc.download_file scheduled__2022-10-05T00:00:00+00:00 [queued]>
[2023-02-08T15:16:49.632+0000] {taskinstance.py:1083} INFO - Dependencies all met for <TaskInstance: cms_asp_noc.download_file scheduled__2022-10-05T00:00:00+00:00 [queued]>
[2023-02-08T15:16:49.634+0000] {taskinstance.py:1279} INFO - 
--------------------------------------------------------------------------------
[2023-02-08T15:16:49.635+0000] {taskinstance.py:1280} INFO - Starting attempt 1 of 1
[2023-02-08T15:16:49.635+0000] {taskinstance.py:1281} INFO - 
--------------------------------------------------------------------------------
[2023-02-08T15:16:49.671+0000] {taskinstance.py:1300} INFO - Executing <Task(PythonOperator): download_file> on 2022-10-05 00:00:00+00:00
[2023-02-08T15:16:49.685+0000] {standard_task_runner.py:55} INFO - Started process 2745 to run task
[2023-02-08T15:16:49.703+0000] {standard_task_runner.py:82} INFO - Running: ['***', 'tasks', 'run', 'cms_asp_noc', 'download_file', 'scheduled__2022-10-05T00:00:00+00:00', '--job-id', '948', '--raw', '--subdir', 'DAGS_FOLDER/cms_upd.py', '--cfg-path', '/tmp/tmp4d5ars78']
[2023-02-08T15:16:49.714+0000] {standard_task_runner.py:83} INFO - Job 948: Subtask download_file
[2023-02-08T15:16:49.899+0000] {task_command.py:388} INFO - Running <TaskInstance: cms_asp_noc.download_file scheduled__2022-10-05T00:00:00+00:00 [running]> on host 1f90076947be
[2023-02-08T15:16:50.501+0000] {taskinstance.py:1509} INFO - Exporting the following env vars:
AIRFLOW_CTX_DAG_OWNER=***
AIRFLOW_CTX_DAG_ID=cms_asp_noc
AIRFLOW_CTX_TASK_ID=download_file
AIRFLOW_CTX_EXECUTION_DATE=2022-10-05T00:00:00+00:00
AIRFLOW_CTX_TRY_NUMBER=1
AIRFLOW_CTX_DAG_RUN_ID=scheduled__2022-10-05T00:00:00+00:00
[2023-02-08T15:16:54.900+0000] {logging_mixin.py:137} INFO - july-2022-asp-pricing-file-updated-12142022.zip is downloaded.
[2023-02-08T15:16:55.060+0000] {logging_mixin.py:137} INFO - january-2023-noc-pricing-file.zip is downloaded.
[2023-02-08T15:16:55.390+0000] {logging_mixin.py:137} INFO - january-2022-asp-ndc-hcpcs-crosswalk.zip is downloaded.
[2023-02-08T15:16:55.577+0000] {logging_mixin.py:137} INFO - january-2022-asp-pricing-file-updated-06082022.zip is downloaded.
[2023-02-08T15:16:55.848+0000] {logging_mixin.py:137} INFO - october-2022-asp-ndc-hcpcs-crosswalks-updated-12212022.zip is downloaded.
[2023-02-08T15:16:55.998+0000] {logging_mixin.py:137} INFO - july-2022-noc-pricing-file.zip is downloaded.
[2023-02-08T15:16:56.140+0000] {logging_mixin.py:137} INFO - april-2022-noc-pricing-file.zip is downloaded.
[2023-02-08T15:16:56.439+0000] {logging_mixin.py:137} INFO - july-2022-asp-ndc-hcpcs-crosswalk-updated-07142022.zip is downloaded.
[2023-02-08T15:16:56.574+0000] {logging_mixin.py:137} INFO - october-2022-noc-pricing-file.zip is downloaded.
[2023-02-08T15:16:56.884+0000] {logging_mixin.py:137} INFO - april-2022-asp-ndc-hcpcs-crosswalk.zip is downloaded.
[2023-02-08T15:16:57.047+0000] {logging_mixin.py:137} INFO - 2023.zip is downloaded.
[2023-02-08T15:16:57.193+0000] {logging_mixin.py:137} INFO - january-2022-noc-pricing-file-updated-03022022.zip is downloaded.
[2023-02-08T15:16:57.396+0000] {logging_mixin.py:137} INFO - october-2022-asp-pricing-file-updated-12212022.zip is downloaded.
[2023-02-08T15:16:57.591+0000] {logging_mixin.py:137} INFO - april-2022-asp-pricing-file-updated-12142022.zip is downloaded.
[2023-02-08T15:16:57.846+0000] {logging_mixin.py:137} INFO - 2023.zip is downloaded.
[2023-02-08T15:16:57.847+0000] {python.py:177} INFO - Done. Returned value was: None
[2023-02-08T15:16:57.867+0000] {taskinstance.py:1323} INFO - Marking task as SUCCESS. dag_id=cms_asp_noc, task_id=download_file, execution_date=20221005T000000, start_date=20230208T151649, end_date=20230208T151657
[2023-02-08T15:16:58.109+0000] {local_task_job.py:208} INFO - Task exited with return code 0
[2023-02-08T15:16:58.782+0000] {taskinstance.py:2578} INFO - 1 downstream tasks scheduled from follow-on schedule check
