[2023-02-17T00:00:44.694+0000] {taskinstance.py:1083} INFO - Dependencies all met for <TaskInstance: cms_asp_noc.get_files scheduled__2023-02-16T00:00:00+00:00 [queued]>
[2023-02-17T00:00:44.706+0000] {taskinstance.py:1083} INFO - Dependencies all met for <TaskInstance: cms_asp_noc.get_files scheduled__2023-02-16T00:00:00+00:00 [queued]>
[2023-02-17T00:00:44.707+0000] {taskinstance.py:1279} INFO - 
--------------------------------------------------------------------------------
[2023-02-17T00:00:44.707+0000] {taskinstance.py:1280} INFO - Starting attempt 1 of 1
[2023-02-17T00:00:44.708+0000] {taskinstance.py:1281} INFO - 
--------------------------------------------------------------------------------
[2023-02-17T00:00:44.722+0000] {taskinstance.py:1300} INFO - Executing <Task(PythonOperator): get_files> on 2023-02-16 00:00:00+00:00
[2023-02-17T00:00:44.729+0000] {standard_task_runner.py:55} INFO - Started process 53561 to run task
[2023-02-17T00:00:44.734+0000] {standard_task_runner.py:82} INFO - Running: ['***', 'tasks', 'run', 'cms_asp_noc', 'get_files', 'scheduled__2023-02-16T00:00:00+00:00', '--job-id', '1795', '--raw', '--subdir', 'DAGS_FOLDER/cms_upd.py', '--cfg-path', '/tmp/tmpbuyrl8ag']
[2023-02-17T00:00:44.736+0000] {standard_task_runner.py:83} INFO - Job 1795: Subtask get_files
[2023-02-17T00:00:45.123+0000] {task_command.py:388} INFO - Running <TaskInstance: cms_asp_noc.get_files scheduled__2023-02-16T00:00:00+00:00 [running]> on host 2886274f27ea
[2023-02-17T00:00:45.185+0000] {taskinstance.py:1509} INFO - Exporting the following env vars:
AIRFLOW_CTX_DAG_OWNER=***
AIRFLOW_CTX_DAG_ID=cms_asp_noc
AIRFLOW_CTX_TASK_ID=get_files
AIRFLOW_CTX_EXECUTION_DATE=2023-02-16T00:00:00+00:00
AIRFLOW_CTX_TRY_NUMBER=1
AIRFLOW_CTX_DAG_RUN_ID=scheduled__2023-02-16T00:00:00+00:00
[2023-02-17T00:00:45.206+0000] {updates.py:41} INFO - updated asp_pricing
[2023-02-17T00:00:45.223+0000] {updates.py:55} INFO - updated asp_ndc_hcpcs
[2023-02-17T00:00:45.241+0000] {updates.py:69} INFO - updated noc_ndc_hcpcs
[2023-02-17T00:00:45.247+0000] {python.py:177} INFO - Done. Returned value was: NO UPDATES
[2023-02-17T00:00:45.269+0000] {taskinstance.py:1323} INFO - Marking task as SUCCESS. dag_id=cms_asp_noc, task_id=get_files, execution_date=20230216T000000, start_date=20230217T000044, end_date=20230217T000045
[2023-02-17T00:00:45.315+0000] {local_task_job.py:208} INFO - Task exited with return code 0
[2023-02-17T00:00:45.345+0000] {taskinstance.py:2578} INFO - 1 downstream tasks scheduled from follow-on schedule check
