[2023-02-10T15:37:44.908+0000] {taskinstance.py:1083} INFO - Dependencies all met for <TaskInstance: cms_asp_noc.get_files manual__2023-02-10T15:37:25.465043+00:00 [queued]>
[2023-02-10T15:37:44.917+0000] {taskinstance.py:1083} INFO - Dependencies all met for <TaskInstance: cms_asp_noc.get_files manual__2023-02-10T15:37:25.465043+00:00 [queued]>
[2023-02-10T15:37:44.918+0000] {taskinstance.py:1279} INFO - 
--------------------------------------------------------------------------------
[2023-02-10T15:37:44.918+0000] {taskinstance.py:1280} INFO - Starting attempt 1 of 1
[2023-02-10T15:37:44.919+0000] {taskinstance.py:1281} INFO - 
--------------------------------------------------------------------------------
[2023-02-10T15:37:44.929+0000] {taskinstance.py:1300} INFO - Executing <Task(PythonOperator): get_files> on 2023-02-10 15:37:25.465043+00:00
[2023-02-10T15:37:44.935+0000] {standard_task_runner.py:55} INFO - Started process 43661 to run task
[2023-02-10T15:37:44.939+0000] {standard_task_runner.py:82} INFO - Running: ['***', 'tasks', 'run', 'cms_asp_noc', 'get_files', 'manual__2023-02-10T15:37:25.465043+00:00', '--job-id', '1718', '--raw', '--subdir', 'DAGS_FOLDER/cms_upd.py', '--cfg-path', '/tmp/tmp5ashrcvn']
[2023-02-10T15:37:44.941+0000] {standard_task_runner.py:83} INFO - Job 1718: Subtask get_files
[2023-02-10T15:37:45.009+0000] {task_command.py:388} INFO - Running <TaskInstance: cms_asp_noc.get_files manual__2023-02-10T15:37:25.465043+00:00 [running]> on host 2886274f27ea
[2023-02-10T15:37:45.066+0000] {taskinstance.py:1509} INFO - Exporting the following env vars:
AIRFLOW_CTX_DAG_OWNER=***
AIRFLOW_CTX_DAG_ID=cms_asp_noc
AIRFLOW_CTX_TASK_ID=get_files
AIRFLOW_CTX_EXECUTION_DATE=2023-02-10T15:37:25.465043+00:00
AIRFLOW_CTX_TRY_NUMBER=1
AIRFLOW_CTX_DAG_RUN_ID=manual__2023-02-10T15:37:25.465043+00:00
[2023-02-10T15:37:45.084+0000] {updates.py:41} INFO - updated asp_pricing
[2023-02-10T15:37:45.102+0000] {updates.py:55} INFO - updated asp_ndc_hcpcs
[2023-02-10T15:37:45.117+0000] {updates.py:69} INFO - updated noc_ndc_hcpcs
[2023-02-10T15:37:45.123+0000] {python.py:177} INFO - Done. Returned value was: NO UPDATES
[2023-02-10T15:37:45.307+0000] {taskinstance.py:1323} INFO - Marking task as SUCCESS. dag_id=cms_asp_noc, task_id=get_files, execution_date=20230210T153725, start_date=20230210T153744, end_date=20230210T153745
[2023-02-10T15:37:45.354+0000] {local_task_job.py:208} INFO - Task exited with return code 0
[2023-02-10T15:37:45.384+0000] {taskinstance.py:2578} INFO - 1 downstream tasks scheduled from follow-on schedule check
