[2023-02-08T13:06:24.348+0000] {taskinstance.py:1083} INFO - Dependencies all met for <TaskInstance: cms_asp_noc.download_file scheduled__2022-03-20T00:00:00+00:00 [queued]>
[2023-02-08T13:06:24.665+0000] {taskinstance.py:1083} INFO - Dependencies all met for <TaskInstance: cms_asp_noc.download_file scheduled__2022-03-20T00:00:00+00:00 [queued]>
[2023-02-08T13:06:24.685+0000] {taskinstance.py:1279} INFO - 
--------------------------------------------------------------------------------
[2023-02-08T13:06:24.686+0000] {taskinstance.py:1280} INFO - Starting attempt 1 of 1
[2023-02-08T13:06:24.690+0000] {taskinstance.py:1281} INFO - 
--------------------------------------------------------------------------------
[2023-02-08T13:06:24.875+0000] {taskinstance.py:1300} INFO - Executing <Task(PythonOperator): download_file> on 2022-03-20 00:00:00+00:00
[2023-02-08T13:06:24.950+0000] {standard_task_runner.py:55} INFO - Started process 1003 to run task
[2023-02-08T13:06:25.093+0000] {standard_task_runner.py:82} INFO - Running: ['***', 'tasks', 'run', 'cms_asp_noc', 'download_file', 'scheduled__2022-03-20T00:00:00+00:00', '--job-id', '150', '--raw', '--subdir', 'DAGS_FOLDER/cms_upd.py', '--cfg-path', '/tmp/tmpcap35h75']
[2023-02-08T13:06:25.161+0000] {standard_task_runner.py:83} INFO - Job 150: Subtask download_file
[2023-02-08T13:06:26.892+0000] {task_command.py:388} INFO - Running <TaskInstance: cms_asp_noc.download_file scheduled__2022-03-20T00:00:00+00:00 [running]> on host 4ed7ae61ecf3
[2023-02-08T13:07:03.218+0000] {taskinstance.py:1509} INFO - Exporting the following env vars:
AIRFLOW_CTX_DAG_OWNER=***
AIRFLOW_CTX_DAG_ID=cms_asp_noc
AIRFLOW_CTX_TASK_ID=download_file
AIRFLOW_CTX_EXECUTION_DATE=2022-03-20T00:00:00+00:00
AIRFLOW_CTX_TRY_NUMBER=1
AIRFLOW_CTX_DAG_RUN_ID=scheduled__2022-03-20T00:00:00+00:00
[2023-02-08T13:07:18.934+0000] {local_task_job.py:208} INFO - Task exited with return code Negsignal.SIGKILL
[2023-02-08T13:08:07.658+0000] {taskinstance.py:2578} INFO - 0 downstream tasks scheduled from follow-on schedule check
