[2023-02-08T12:53:39.262+0000] {taskinstance.py:1083} INFO - Dependencies all met for <TaskInstance: cms_asp_noc.data_load scheduled__2022-01-20T00:00:00+00:00 [queued]>
[2023-02-08T12:53:39.752+0000] {taskinstance.py:1083} INFO - Dependencies all met for <TaskInstance: cms_asp_noc.data_load scheduled__2022-01-20T00:00:00+00:00 [queued]>
[2023-02-08T12:53:39.773+0000] {taskinstance.py:1279} INFO - 
--------------------------------------------------------------------------------
[2023-02-08T12:53:39.788+0000] {taskinstance.py:1280} INFO - Starting attempt 1 of 1
[2023-02-08T12:53:39.789+0000] {taskinstance.py:1281} INFO - 
--------------------------------------------------------------------------------
[2023-02-08T12:53:40.172+0000] {taskinstance.py:1300} INFO - Executing <Task(PythonOperator): data_load> on 2022-01-20 00:00:00+00:00
[2023-02-08T12:53:40.374+0000] {standard_task_runner.py:55} INFO - Started process 431 to run task
[2023-02-08T12:53:40.667+0000] {standard_task_runner.py:82} INFO - Running: ['***', 'tasks', 'run', 'cms_asp_noc', 'data_load', 'scheduled__2022-01-20T00:00:00+00:00', '--job-id', '68', '--raw', '--subdir', 'DAGS_FOLDER/cms_upd.py', '--cfg-path', '/tmp/tmp3vs2da5n']
[2023-02-08T12:53:40.917+0000] {standard_task_runner.py:83} INFO - Job 68: Subtask data_load
[2023-02-08T12:53:43.326+0000] {task_command.py:388} INFO - Running <TaskInstance: cms_asp_noc.data_load scheduled__2022-01-20T00:00:00+00:00 [running]> on host 4ed7ae61ecf3
[2023-02-08T12:54:36.959+0000] {taskinstance.py:1509} INFO - Exporting the following env vars:
AIRFLOW_CTX_DAG_OWNER=***
AIRFLOW_CTX_DAG_ID=cms_asp_noc
AIRFLOW_CTX_TASK_ID=data_load
AIRFLOW_CTX_EXECUTION_DATE=2022-01-20T00:00:00+00:00
AIRFLOW_CTX_TRY_NUMBER=1
AIRFLOW_CTX_DAG_RUN_ID=scheduled__2022-01-20T00:00:00+00:00
[2023-02-08T12:54:37.056+0000] {logging_mixin.py:137} INFO - []
[2023-02-08T12:54:37.057+0000] {python.py:177} INFO - Done. Returned value was: None
[2023-02-08T12:54:37.212+0000] {taskinstance.py:1323} INFO - Marking task as SUCCESS. dag_id=cms_asp_noc, task_id=data_load, execution_date=20220120T000000, start_date=20230208T125339, end_date=20230208T125437
[2023-02-08T12:54:39.591+0000] {local_task_job.py:208} INFO - Task exited with return code 0
[2023-02-08T12:55:02.044+0000] {taskinstance.py:2578} INFO - 0 downstream tasks scheduled from follow-on schedule check
