[2023-03-01T00:00:04.051+0000] {taskinstance.py:1083} INFO - Dependencies all met for <TaskInstance: cms_asp_noc.download_file scheduled__2023-02-28T00:00:00+00:00 [queued]>
[2023-03-01T00:00:04.057+0000] {taskinstance.py:1083} INFO - Dependencies all met for <TaskInstance: cms_asp_noc.download_file scheduled__2023-02-28T00:00:00+00:00 [queued]>
[2023-03-01T00:00:04.057+0000] {taskinstance.py:1279} INFO - 
--------------------------------------------------------------------------------
[2023-03-01T00:00:04.058+0000] {taskinstance.py:1280} INFO - Starting attempt 1 of 1
[2023-03-01T00:00:04.058+0000] {taskinstance.py:1281} INFO - 
--------------------------------------------------------------------------------
[2023-03-01T00:00:04.065+0000] {taskinstance.py:1300} INFO - Executing <Task(PythonOperator): download_file> on 2023-02-28 00:00:00+00:00
[2023-03-01T00:00:04.070+0000] {standard_task_runner.py:55} INFO - Started process 10739 to run task
[2023-03-01T00:00:04.074+0000] {standard_task_runner.py:82} INFO - Running: ['***', 'tasks', 'run', 'cms_asp_noc', 'download_file', 'scheduled__2023-02-28T00:00:00+00:00', '--job-id', '1891', '--raw', '--subdir', 'DAGS_FOLDER/cms_upd.py', '--cfg-path', '/tmp/tmp1ciejid8']
[2023-03-01T00:00:04.076+0000] {standard_task_runner.py:83} INFO - Job 1891: Subtask download_file
[2023-03-01T00:00:04.248+0000] {task_command.py:388} INFO - Running <TaskInstance: cms_asp_noc.download_file scheduled__2023-02-28T00:00:00+00:00 [running]> on host 2886274f27ea
[2023-03-01T00:00:04.291+0000] {taskinstance.py:1509} INFO - Exporting the following env vars:
AIRFLOW_CTX_DAG_OWNER=***
AIRFLOW_CTX_DAG_ID=cms_asp_noc
AIRFLOW_CTX_TASK_ID=download_file
AIRFLOW_CTX_EXECUTION_DATE=2023-02-28T00:00:00+00:00
AIRFLOW_CTX_TRY_NUMBER=1
AIRFLOW_CTX_DAG_RUN_ID=scheduled__2023-02-28T00:00:00+00:00
[2023-03-01T00:00:12.146+0000] {logging_mixin.py:137} INFO - january-2023-noc-pricing-file.zip is downloaded.
[2023-03-01T00:00:12.769+0000] {logging_mixin.py:137} INFO - january-2022-asp-ndc-hcpcs-crosswalk.zip is downloaded.
[2023-03-01T00:00:13.075+0000] {logging_mixin.py:137} INFO - 2023.zip is downloaded.
[2023-03-01T00:00:14.386+0000] {logging_mixin.py:137} INFO - october-2022-asp-ndc-hcpcs-crosswalks-updated-12212022.zip is downloaded.
[2023-03-01T00:00:14.985+0000] {logging_mixin.py:137} INFO - april-2022-asp-pricing-file-updated-12142022.zip is downloaded.
[2023-03-01T00:00:15.422+0000] {logging_mixin.py:137} INFO - january-2022-noc-pricing-file-updated-03022022.zip is downloaded.
[2023-03-01T00:00:15.903+0000] {logging_mixin.py:137} INFO - july-2022-asp-pricing-file-updated-12142022.zip is downloaded.
[2023-03-01T00:00:16.174+0000] {logging_mixin.py:137} INFO - 2023.zip is downloaded.
[2023-03-01T00:00:16.888+0000] {logging_mixin.py:137} INFO - july-2022-noc-pricing-file.zip is downloaded.
[2023-03-01T00:00:17.373+0000] {logging_mixin.py:137} INFO - april-2022-noc-pricing-file.zip is downloaded.
[2023-03-01T00:00:17.950+0000] {logging_mixin.py:137} INFO - july-2022-asp-ndc-hcpcs-crosswalk-updated-07142022.zip is downloaded.
[2023-03-01T00:00:18.411+0000] {logging_mixin.py:137} INFO - april-2022-asp-ndc-hcpcs-crosswalk.zip is downloaded.
[2023-03-01T00:00:18.588+0000] {logging_mixin.py:137} INFO - october-2022-asp-pricing-file-updated-12212022.zip is downloaded.
[2023-03-01T00:00:18.715+0000] {logging_mixin.py:137} INFO - october-2022-noc-pricing-file.zip is downloaded.
[2023-03-01T00:00:19.251+0000] {logging_mixin.py:137} INFO - january-2022-asp-pricing-file-updated-06082022.zip is downloaded.
[2023-03-01T00:00:19.252+0000] {python.py:177} INFO - Done. Returned value was: None
[2023-03-01T00:00:19.270+0000] {taskinstance.py:1323} INFO - Marking task as SUCCESS. dag_id=cms_asp_noc, task_id=download_file, execution_date=20230228T000000, start_date=20230301T000004, end_date=20230301T000019
[2023-03-01T00:00:19.413+0000] {local_task_job.py:208} INFO - Task exited with return code 0
[2023-03-01T00:00:19.796+0000] {taskinstance.py:2578} INFO - 0 downstream tasks scheduled from follow-on schedule check
