[2023-02-08T13:10:42.160+0000] {taskinstance.py:1083} INFO - Dependencies all met for <TaskInstance: cms_asp_noc.extract scheduled__2022-03-28T00:00:00+00:00 [queued]>
[2023-02-08T13:10:42.368+0000] {taskinstance.py:1083} INFO - Dependencies all met for <TaskInstance: cms_asp_noc.extract scheduled__2022-03-28T00:00:00+00:00 [queued]>
[2023-02-08T13:10:42.374+0000] {taskinstance.py:1279} INFO - 
--------------------------------------------------------------------------------
[2023-02-08T13:10:42.378+0000] {taskinstance.py:1280} INFO - Starting attempt 1 of 1
[2023-02-08T13:10:42.379+0000] {taskinstance.py:1281} INFO - 
--------------------------------------------------------------------------------
[2023-02-08T13:10:42.681+0000] {taskinstance.py:1300} INFO - Executing <Task(PythonOperator): extract> on 2022-03-28 00:00:00+00:00
[2023-02-08T13:10:42.738+0000] {standard_task_runner.py:55} INFO - Started process 1161 to run task
[2023-02-08T13:10:42.782+0000] {standard_task_runner.py:82} INFO - Running: ['***', 'tasks', 'run', 'cms_asp_noc', 'extract', 'scheduled__2022-03-28T00:00:00+00:00', '--job-id', '174', '--raw', '--subdir', 'DAGS_FOLDER/cms_upd.py', '--cfg-path', '/tmp/tmpzrt_xdbl']
[2023-02-08T13:10:42.796+0000] {standard_task_runner.py:83} INFO - Job 174: Subtask extract
[2023-02-08T13:10:43.331+0000] {task_command.py:388} INFO - Running <TaskInstance: cms_asp_noc.extract scheduled__2022-03-28T00:00:00+00:00 [running]> on host 4ed7ae61ecf3
[2023-02-08T13:11:00.247+0000] {taskinstance.py:1509} INFO - Exporting the following env vars:
AIRFLOW_CTX_DAG_OWNER=***
AIRFLOW_CTX_DAG_ID=cms_asp_noc
AIRFLOW_CTX_TASK_ID=extract
AIRFLOW_CTX_EXECUTION_DATE=2022-03-28T00:00:00+00:00
AIRFLOW_CTX_TRY_NUMBER=1
AIRFLOW_CTX_DAG_RUN_ID=scheduled__2022-03-28T00:00:00+00:00
[2023-02-08T13:11:00.302+0000] {logging_mixin.py:137} INFO - /opt/***/op_files/cms_zip_files/april-2022-asp-pricing-file-updated-06082022.zip
[2023-02-08T13:11:00.464+0000] {logging_mixin.py:137} INFO - /opt/***/op_files/cms_zip_files/april-2022-asp-pricing-file-updated-12142022.zip
[2023-02-08T13:11:00.510+0000] {logging_mixin.py:137} INFO - /opt/***/op_files/cms_zip_files/january-2022-asp-pricing-file-updated-06082022.zip
[2023-02-08T13:11:00.544+0000] {logging_mixin.py:137} INFO - /opt/***/op_files/cms_zip_files/july-2022-asp-ndc-hcpcs-crosswalk-updated-07142022.zip
[2023-02-08T13:11:00.937+0000] {logging_mixin.py:137} INFO - /opt/***/op_files/cms_zip_files/july-2022-asp-pricing-file-updated-12142022.zip
[2023-02-08T13:11:01.146+0000] {logging_mixin.py:137} INFO - /opt/***/op_files/cms_zip_files/july-2022-noc-pricing-file.zip
[2023-02-08T13:11:01.199+0000] {python.py:177} INFO - Done. Returned value was: None
[2023-02-08T13:11:01.359+0000] {taskinstance.py:1323} INFO - Marking task as SUCCESS. dag_id=cms_asp_noc, task_id=extract, execution_date=20220328T000000, start_date=20230208T131042, end_date=20230208T131101
[2023-02-08T13:11:05.108+0000] {local_task_job.py:208} INFO - Task exited with return code 0
[2023-02-08T13:11:36.193+0000] {taskinstance.py:2578} INFO - 0 downstream tasks scheduled from follow-on schedule check
