[2023-02-08T13:08:07.768+0000] {taskinstance.py:1083} INFO - Dependencies all met for <TaskInstance: cms_asp_noc.download_file scheduled__2022-03-27T00:00:00+00:00 [queued]>
[2023-02-08T13:08:07.947+0000] {taskinstance.py:1083} INFO - Dependencies all met for <TaskInstance: cms_asp_noc.download_file scheduled__2022-03-27T00:00:00+00:00 [queued]>
[2023-02-08T13:08:07.949+0000] {taskinstance.py:1279} INFO - 
--------------------------------------------------------------------------------
[2023-02-08T13:08:07.956+0000] {taskinstance.py:1280} INFO - Starting attempt 1 of 1
[2023-02-08T13:08:07.957+0000] {taskinstance.py:1281} INFO - 
--------------------------------------------------------------------------------
[2023-02-08T13:08:08.399+0000] {taskinstance.py:1300} INFO - Executing <Task(PythonOperator): download_file> on 2022-03-27 00:00:00+00:00
[2023-02-08T13:08:08.659+0000] {standard_task_runner.py:55} INFO - Started process 1092 to run task
[2023-02-08T13:08:08.848+0000] {standard_task_runner.py:82} INFO - Running: ['***', 'tasks', 'run', 'cms_asp_noc', 'download_file', 'scheduled__2022-03-27T00:00:00+00:00', '--job-id', '161', '--raw', '--subdir', 'DAGS_FOLDER/cms_upd.py', '--cfg-path', '/tmp/tmpabrpdqhe']
[2023-02-08T13:08:08.901+0000] {standard_task_runner.py:83} INFO - Job 161: Subtask download_file
[2023-02-08T13:08:10.989+0000] {task_command.py:388} INFO - Running <TaskInstance: cms_asp_noc.download_file scheduled__2022-03-27T00:00:00+00:00 [running]> on host 4ed7ae61ecf3
[2023-02-08T13:09:10.458+0000] {taskinstance.py:1509} INFO - Exporting the following env vars:
AIRFLOW_CTX_DAG_OWNER=***
AIRFLOW_CTX_DAG_ID=cms_asp_noc
AIRFLOW_CTX_TASK_ID=download_file
AIRFLOW_CTX_EXECUTION_DATE=2022-03-27T00:00:00+00:00
AIRFLOW_CTX_TRY_NUMBER=1
AIRFLOW_CTX_DAG_RUN_ID=scheduled__2022-03-27T00:00:00+00:00
[2023-02-08T13:09:25.114+0000] {logging_mixin.py:137} INFO - october-2022-noc-pricing-file.zip is downloaded.
[2023-02-08T13:09:26.835+0000] {logging_mixin.py:137} INFO - april-2022-noc-pricing-file.zip is downloaded.
[2023-02-08T13:09:27.498+0000] {logging_mixin.py:137} INFO - 2023.zip is downloaded.
[2023-02-08T13:09:28.423+0000] {logging_mixin.py:137} INFO - 2023.zip is downloaded.
[2023-02-08T13:09:30.613+0000] {logging_mixin.py:137} INFO - april-2022-asp-ndc-hcpcs-crosswalk.zip is downloaded.
[2023-02-08T13:09:32.430+0000] {logging_mixin.py:137} INFO - july-2022-asp-pricing-file-updated-12142022.zip is downloaded.
[2023-02-08T13:10:00.332+0000] {logging_mixin.py:137} INFO - april-2022-asp-pricing-file-updated-12142022.zip is downloaded.
[2023-02-08T13:10:04.719+0000] {logging_mixin.py:137} INFO - january-2022-asp-ndc-hcpcs-crosswalk.zip is downloaded.
[2023-02-08T13:10:06.212+0000] {logging_mixin.py:137} INFO - january-2023-noc-pricing-file.zip is downloaded.
[2023-02-08T13:10:07.599+0000] {logging_mixin.py:137} INFO - october-2022-asp-ndc-hcpcs-crosswalks-updated-12212022.zip is downloaded.
[2023-02-08T13:10:10.958+0000] {logging_mixin.py:137} INFO - october-2022-asp-pricing-file-updated-12212022.zip is downloaded.
[2023-02-08T13:10:14.531+0000] {logging_mixin.py:137} INFO - july-2022-asp-ndc-hcpcs-crosswalk-updated-07142022.zip is downloaded.
[2023-02-08T13:10:15.748+0000] {logging_mixin.py:137} INFO - july-2022-noc-pricing-file.zip is downloaded.
[2023-02-08T13:10:16.396+0000] {logging_mixin.py:137} INFO - january-2022-asp-pricing-file-updated-06082022.zip is downloaded.
[2023-02-08T13:10:17.608+0000] {logging_mixin.py:137} INFO - january-2022-noc-pricing-file-updated-03022022.zip is downloaded.
[2023-02-08T13:10:17.694+0000] {python.py:177} INFO - Done. Returned value was: None
[2023-02-08T13:10:18.440+0000] {taskinstance.py:1323} INFO - Marking task as SUCCESS. dag_id=cms_asp_noc, task_id=download_file, execution_date=20220327T000000, start_date=20230208T130807, end_date=20230208T131018
[2023-02-08T13:10:22.578+0000] {local_task_job.py:208} INFO - Task exited with return code 0
[2023-02-08T13:10:38.330+0000] {taskinstance.py:2578} INFO - 0 downstream tasks scheduled from follow-on schedule check
