[2023-03-06T16:05:36.812+0000] {taskinstance.py:1083} INFO - Dependencies all met for <TaskInstance: cms_asp_noc.check_if_updates scheduled__2023-03-05T00:00:00+00:00 [queued]>
[2023-03-06T16:05:36.883+0000] {taskinstance.py:1083} INFO - Dependencies all met for <TaskInstance: cms_asp_noc.check_if_updates scheduled__2023-03-05T00:00:00+00:00 [queued]>
[2023-03-06T16:05:36.887+0000] {taskinstance.py:1279} INFO - 
--------------------------------------------------------------------------------
[2023-03-06T16:05:36.892+0000] {taskinstance.py:1280} INFO - Starting attempt 1 of 1
[2023-03-06T16:05:36.896+0000] {taskinstance.py:1281} INFO - 
--------------------------------------------------------------------------------
[2023-03-06T16:05:36.971+0000] {taskinstance.py:1300} INFO - Executing <Task(BranchPythonOperator): check_if_updates> on 2023-03-05 00:00:00+00:00
[2023-03-06T16:05:37.207+0000] {standard_task_runner.py:55} INFO - Started process 275 to run task
[2023-03-06T16:05:37.333+0000] {standard_task_runner.py:82} INFO - Running: ['***', 'tasks', 'run', 'cms_asp_noc', 'check_if_updates', 'scheduled__2023-03-05T00:00:00+00:00', '--job-id', '1944', '--raw', '--subdir', 'DAGS_FOLDER/cms_upd.py', '--cfg-path', '/tmp/tmpayuxkbs5']
[2023-03-06T16:05:37.367+0000] {standard_task_runner.py:83} INFO - Job 1944: Subtask check_if_updates
[2023-03-06T16:05:48.593+0000] {task_command.py:388} INFO - Running <TaskInstance: cms_asp_noc.check_if_updates scheduled__2023-03-05T00:00:00+00:00 [running]> on host 2886274f27ea
[2023-03-06T16:05:49.615+0000] {taskinstance.py:1509} INFO - Exporting the following env vars:
AIRFLOW_CTX_DAG_OWNER=***
AIRFLOW_CTX_DAG_ID=cms_asp_noc
AIRFLOW_CTX_TASK_ID=check_if_updates
AIRFLOW_CTX_EXECUTION_DATE=2023-03-05T00:00:00+00:00
AIRFLOW_CTX_TRY_NUMBER=1
AIRFLOW_CTX_DAG_RUN_ID=scheduled__2023-03-05T00:00:00+00:00
[2023-03-06T16:05:49.722+0000] {python.py:177} INFO - Done. Returned value was: email_alert
[2023-03-06T16:05:49.728+0000] {python.py:211} INFO - Branch callable return email_alert
[2023-03-06T16:05:49.732+0000] {skipmixin.py:155} INFO - Following branch email_alert
[2023-03-06T16:05:49.735+0000] {skipmixin.py:211} INFO - Skipping tasks ['file_not_found', 'no_update']
[2023-03-06T16:05:49.894+0000] {taskinstance.py:1323} INFO - Marking task as SUCCESS. dag_id=cms_asp_noc, task_id=check_if_updates, execution_date=20230305T000000, start_date=20230306T160536, end_date=20230306T160549
[2023-03-06T16:05:50.385+0000] {local_task_job.py:208} INFO - Task exited with return code 0
[2023-03-06T16:05:51.916+0000] {taskinstance.py:2578} INFO - 1 downstream tasks scheduled from follow-on schedule check
