[2023-03-06T16:01:46.303+0000] {processor.py:153} INFO - Started process (PID=69) to work on /opt/airflow/dags/cms_upd.py
[2023-03-06T16:01:46.396+0000] {processor.py:743} INFO - Processing file /opt/airflow/dags/cms_upd.py for tasks to queue
[2023-03-06T16:01:46.403+0000] {logging_mixin.py:137} INFO - [2023-03-06T16:01:46.403+0000] {dagbag.py:538} INFO - Filling up the DagBag from /opt/airflow/dags/cms_upd.py
[2023-03-06T16:01:50.373+0000] {logging_mixin.py:137} INFO - Website is not changed.
[2023-03-06T16:01:57.034+0000] {processor.py:753} INFO - DAG(s) dict_keys(['cms_asp_noc']) retrieved from /opt/airflow/dags/cms_upd.py
[2023-03-06T16:01:58.506+0000] {logging_mixin.py:137} INFO - [2023-03-06T16:01:58.471+0000] {dag.py:2690} INFO - Sync 1 DAGs
[2023-03-06T16:02:17.479+0000] {logging_mixin.py:137} INFO - [2023-03-06T16:02:17.468+0000] {dag.py:3441} INFO - Setting next_dagrun for cms_asp_noc to 2023-03-06T00:00:00+00:00, run_after=2023-03-07T00:00:00+00:00
[2023-03-06T16:02:17.692+0000] {processor.py:175} INFO - Processing /opt/airflow/dags/cms_upd.py took 31.453 seconds
[2023-03-06T16:02:50.518+0000] {processor.py:153} INFO - Started process (PID=111) to work on /opt/airflow/dags/cms_upd.py
[2023-03-06T16:02:50.541+0000] {processor.py:743} INFO - Processing file /opt/airflow/dags/cms_upd.py for tasks to queue
[2023-03-06T16:02:50.572+0000] {logging_mixin.py:137} INFO - [2023-03-06T16:02:50.553+0000] {dagbag.py:538} INFO - Filling up the DagBag from /opt/airflow/dags/cms_upd.py
[2023-03-06T16:02:54.372+0000] {logging_mixin.py:137} INFO - Website is not changed.
[2023-03-06T16:02:57.445+0000] {processor.py:753} INFO - DAG(s) dict_keys(['cms_asp_noc']) retrieved from /opt/airflow/dags/cms_upd.py
[2023-03-06T16:02:57.638+0000] {logging_mixin.py:137} INFO - [2023-03-06T16:02:57.626+0000] {dag.py:2690} INFO - Sync 1 DAGs
[2023-03-06T16:02:57.810+0000] {logging_mixin.py:137} INFO - [2023-03-06T16:02:57.810+0000] {dag.py:3441} INFO - Setting next_dagrun for cms_asp_noc to 2023-03-06T00:00:00+00:00, run_after=2023-03-07T00:00:00+00:00
[2023-03-06T16:02:57.864+0000] {processor.py:175} INFO - Processing /opt/airflow/dags/cms_upd.py took 7.526 seconds
[2023-03-06T16:03:29.040+0000] {processor.py:153} INFO - Started process (PID=147) to work on /opt/airflow/dags/cms_upd.py
[2023-03-06T16:03:29.049+0000] {processor.py:743} INFO - Processing file /opt/airflow/dags/cms_upd.py for tasks to queue
[2023-03-06T16:03:29.053+0000] {logging_mixin.py:137} INFO - [2023-03-06T16:03:29.053+0000] {dagbag.py:538} INFO - Filling up the DagBag from /opt/airflow/dags/cms_upd.py
[2023-03-06T16:03:30.572+0000] {logging_mixin.py:137} INFO - Website is not changed.
[2023-03-06T16:03:31.893+0000] {processor.py:753} INFO - DAG(s) dict_keys(['cms_asp_noc']) retrieved from /opt/airflow/dags/cms_upd.py
[2023-03-06T16:03:33.617+0000] {logging_mixin.py:137} INFO - [2023-03-06T16:03:33.616+0000] {dag.py:2690} INFO - Sync 1 DAGs
[2023-03-06T16:03:33.680+0000] {logging_mixin.py:137} INFO - [2023-03-06T16:03:33.680+0000] {dag.py:3441} INFO - Setting next_dagrun for cms_asp_noc to 2023-03-06T00:00:00+00:00, run_after=2023-03-07T00:00:00+00:00
[2023-03-06T16:03:33.755+0000] {processor.py:175} INFO - Processing /opt/airflow/dags/cms_upd.py took 4.740 seconds
[2023-03-06T16:04:04.117+0000] {processor.py:153} INFO - Started process (PID=179) to work on /opt/airflow/dags/cms_upd.py
[2023-03-06T16:04:04.123+0000] {processor.py:743} INFO - Processing file /opt/airflow/dags/cms_upd.py for tasks to queue
[2023-03-06T16:04:04.126+0000] {logging_mixin.py:137} INFO - [2023-03-06T16:04:04.126+0000] {dagbag.py:538} INFO - Filling up the DagBag from /opt/airflow/dags/cms_upd.py
[2023-03-06T16:04:07.289+0000] {logging_mixin.py:137} INFO - Website is not changed.
[2023-03-06T16:04:13.277+0000] {processor.py:753} INFO - DAG(s) dict_keys(['cms_asp_noc']) retrieved from /opt/airflow/dags/cms_upd.py
[2023-03-06T16:04:13.828+0000] {logging_mixin.py:137} INFO - [2023-03-06T16:04:13.823+0000] {dag.py:2690} INFO - Sync 1 DAGs
[2023-03-06T16:04:14.247+0000] {logging_mixin.py:137} INFO - [2023-03-06T16:04:14.238+0000] {dag.py:3441} INFO - Setting next_dagrun for cms_asp_noc to 2023-03-06T00:00:00+00:00, run_after=2023-03-07T00:00:00+00:00
[2023-03-06T16:04:14.444+0000] {processor.py:175} INFO - Processing /opt/airflow/dags/cms_upd.py took 10.356 seconds
[2023-03-06T16:04:47.563+0000] {processor.py:153} INFO - Started process (PID=213) to work on /opt/airflow/dags/cms_upd.py
[2023-03-06T16:04:47.579+0000] {processor.py:743} INFO - Processing file /opt/airflow/dags/cms_upd.py for tasks to queue
[2023-03-06T16:04:47.589+0000] {logging_mixin.py:137} INFO - [2023-03-06T16:04:47.583+0000] {dagbag.py:538} INFO - Filling up the DagBag from /opt/airflow/dags/cms_upd.py
[2023-03-06T16:04:49.165+0000] {logging_mixin.py:137} INFO - Website is not changed.
[2023-03-06T16:04:52.221+0000] {processor.py:753} INFO - DAG(s) dict_keys(['cms_asp_noc']) retrieved from /opt/airflow/dags/cms_upd.py
[2023-03-06T16:04:53.168+0000] {logging_mixin.py:137} INFO - [2023-03-06T16:04:53.166+0000] {dag.py:2690} INFO - Sync 1 DAGs
[2023-03-06T16:04:53.799+0000] {logging_mixin.py:137} INFO - [2023-03-06T16:04:53.799+0000] {dag.py:3441} INFO - Setting next_dagrun for cms_asp_noc to 2023-03-06T00:00:00+00:00, run_after=2023-03-07T00:00:00+00:00
[2023-03-06T16:04:54.210+0000] {processor.py:175} INFO - Processing /opt/airflow/dags/cms_upd.py took 6.663 seconds
[2023-03-06T16:05:27.064+0000] {processor.py:153} INFO - Started process (PID=244) to work on /opt/airflow/dags/cms_upd.py
[2023-03-06T16:05:27.093+0000] {processor.py:743} INFO - Processing file /opt/airflow/dags/cms_upd.py for tasks to queue
[2023-03-06T16:05:27.107+0000] {logging_mixin.py:137} INFO - [2023-03-06T16:05:27.106+0000] {dagbag.py:538} INFO - Filling up the DagBag from /opt/airflow/dags/cms_upd.py
[2023-03-06T16:05:28.238+0000] {logging_mixin.py:137} INFO - Website is not changed.
[2023-03-06T16:05:29.399+0000] {processor.py:753} INFO - DAG(s) dict_keys(['cms_asp_noc']) retrieved from /opt/airflow/dags/cms_upd.py
[2023-03-06T16:05:29.540+0000] {logging_mixin.py:137} INFO - [2023-03-06T16:05:29.539+0000] {dag.py:2690} INFO - Sync 1 DAGs
[2023-03-06T16:05:30.560+0000] {logging_mixin.py:137} INFO - [2023-03-06T16:05:30.560+0000] {dag.py:3441} INFO - Setting next_dagrun for cms_asp_noc to 2023-03-06T00:00:00+00:00, run_after=2023-03-07T00:00:00+00:00
[2023-03-06T16:05:30.659+0000] {processor.py:175} INFO - Processing /opt/airflow/dags/cms_upd.py took 3.686 seconds
[2023-03-06T16:06:02.228+0000] {processor.py:153} INFO - Started process (PID=276) to work on /opt/airflow/dags/cms_upd.py
[2023-03-06T16:06:02.262+0000] {processor.py:743} INFO - Processing file /opt/airflow/dags/cms_upd.py for tasks to queue
[2023-03-06T16:06:02.315+0000] {logging_mixin.py:137} INFO - [2023-03-06T16:06:02.315+0000] {dagbag.py:538} INFO - Filling up the DagBag from /opt/airflow/dags/cms_upd.py
[2023-03-06T16:06:08.389+0000] {logging_mixin.py:137} INFO - Website is not changed.
[2023-03-06T16:06:35.811+0000] {logging_mixin.py:137} INFO - [2023-03-06T16:06:35.732+0000] {timeout.py:68} ERROR - Process timed out, PID: 276
[2023-03-06T16:06:35.839+0000] {logging_mixin.py:137} WARNING - Exception ignored in: <function WeakKeyDictionary.__init__.<locals>.remove at 0xffffb0cfed40>
[2023-03-06T16:06:35.849+0000] {logging_mixin.py:137} WARNING - Traceback (most recent call last):
[2023-03-06T16:06:35.864+0000] {logging_mixin.py:137} WARNING -   File "/usr/local/lib/python3.7/weakref.py", line 358, in remove
[2023-03-06T16:06:35.866+0000] {logging_mixin.py:137} WARNING -     def remove(k, selfref=ref(self)):
[2023-03-06T16:06:35.871+0000] {logging_mixin.py:137} WARNING -   File "/home/airflow/.local/lib/python3.7/site-packages/airflow/utils/timeout.py", line 69, in handle_timeout
[2023-03-06T16:06:35.892+0000] {logging_mixin.py:137} WARNING -     raise AirflowTaskTimeout(self.error_message)
[2023-03-06T16:06:35.896+0000] {logging_mixin.py:137} WARNING - airflow.exceptions.AirflowTaskTimeout: DagBag import timeout for /opt/airflow/dags/cms_upd.py after 30.0s.
Please take a look at these docs to improve your DAG import time:
* https://airflow.apache.org/docs/apache-airflow/2.5.1/best-practices.html#top-level-python-code
* https://airflow.apache.org/docs/apache-airflow/2.5.1/best-practices.html#reducing-dag-complexity, PID: 276
[2023-03-06T16:06:37.514+0000] {processor.py:753} INFO - DAG(s) dict_keys(['cms_asp_noc']) retrieved from /opt/airflow/dags/cms_upd.py
[2023-03-06T16:06:38.449+0000] {logging_mixin.py:137} INFO - [2023-03-06T16:06:38.413+0000] {dag.py:2690} INFO - Sync 1 DAGs
[2023-03-06T16:06:39.411+0000] {logging_mixin.py:137} INFO - [2023-03-06T16:06:39.397+0000] {dag.py:3441} INFO - Setting next_dagrun for cms_asp_noc to 2023-03-06T00:00:00+00:00, run_after=2023-03-07T00:00:00+00:00
[2023-03-06T16:06:39.704+0000] {processor.py:175} INFO - Processing /opt/airflow/dags/cms_upd.py took 37.605 seconds
[2023-03-06T16:07:15.621+0000] {processor.py:153} INFO - Started process (PID=320) to work on /opt/airflow/dags/cms_upd.py
[2023-03-06T16:07:15.653+0000] {processor.py:743} INFO - Processing file /opt/airflow/dags/cms_upd.py for tasks to queue
[2023-03-06T16:07:15.663+0000] {logging_mixin.py:137} INFO - [2023-03-06T16:07:15.663+0000] {dagbag.py:538} INFO - Filling up the DagBag from /opt/airflow/dags/cms_upd.py
[2023-03-06T16:07:23.671+0000] {logging_mixin.py:137} INFO - Website is not changed.
[2023-03-06T16:08:36.093+0000] {processor.py:153} INFO - Started process (PID=369) to work on /opt/airflow/dags/cms_upd.py
[2023-03-06T16:08:36.143+0000] {processor.py:743} INFO - Processing file /opt/airflow/dags/cms_upd.py for tasks to queue
[2023-03-06T16:08:36.153+0000] {logging_mixin.py:137} INFO - [2023-03-06T16:08:36.149+0000] {dagbag.py:538} INFO - Filling up the DagBag from /opt/airflow/dags/cms_upd.py
[2023-03-06T16:08:40.011+0000] {logging_mixin.py:137} INFO - Website is not changed.
[2023-03-06T16:08:44.059+0000] {processor.py:753} INFO - DAG(s) dict_keys(['cms_asp_noc']) retrieved from /opt/airflow/dags/cms_upd.py
[2023-03-06T16:08:44.332+0000] {logging_mixin.py:137} INFO - [2023-03-06T16:08:44.331+0000] {dag.py:2690} INFO - Sync 1 DAGs
[2023-03-06T16:08:44.456+0000] {logging_mixin.py:137} INFO - [2023-03-06T16:08:44.454+0000] {dag.py:3441} INFO - Setting next_dagrun for cms_asp_noc to 2023-03-06T00:00:00+00:00, run_after=2023-03-07T00:00:00+00:00
[2023-03-06T16:08:44.523+0000] {processor.py:175} INFO - Processing /opt/airflow/dags/cms_upd.py took 8.505 seconds
[2023-03-06T16:09:15.698+0000] {processor.py:153} INFO - Started process (PID=408) to work on /opt/airflow/dags/cms_upd.py
[2023-03-06T16:09:15.716+0000] {processor.py:743} INFO - Processing file /opt/airflow/dags/cms_upd.py for tasks to queue
[2023-03-06T16:09:15.728+0000] {logging_mixin.py:137} INFO - [2023-03-06T16:09:15.727+0000] {dagbag.py:538} INFO - Filling up the DagBag from /opt/airflow/dags/cms_upd.py
[2023-03-06T16:09:17.539+0000] {logging_mixin.py:137} INFO - Website is not changed.
[2023-03-06T16:09:18.402+0000] {processor.py:753} INFO - DAG(s) dict_keys(['cms_asp_noc']) retrieved from /opt/airflow/dags/cms_upd.py
[2023-03-06T16:09:18.554+0000] {logging_mixin.py:137} INFO - [2023-03-06T16:09:18.547+0000] {dag.py:2690} INFO - Sync 1 DAGs
[2023-03-06T16:09:19.491+0000] {logging_mixin.py:137} INFO - [2023-03-06T16:09:19.491+0000] {dag.py:3441} INFO - Setting next_dagrun for cms_asp_noc to 2023-03-06T00:00:00+00:00, run_after=2023-03-07T00:00:00+00:00
[2023-03-06T16:09:19.514+0000] {processor.py:175} INFO - Processing /opt/airflow/dags/cms_upd.py took 3.844 seconds
[2023-03-06T16:09:50.219+0000] {processor.py:153} INFO - Started process (PID=444) to work on /opt/airflow/dags/cms_upd.py
[2023-03-06T16:09:50.229+0000] {processor.py:743} INFO - Processing file /opt/airflow/dags/cms_upd.py for tasks to queue
[2023-03-06T16:09:50.232+0000] {logging_mixin.py:137} INFO - [2023-03-06T16:09:50.232+0000] {dagbag.py:538} INFO - Filling up the DagBag from /opt/airflow/dags/cms_upd.py
[2023-03-06T16:09:52.159+0000] {logging_mixin.py:137} INFO - Website is not changed.
[2023-03-06T16:09:58.629+0000] {processor.py:753} INFO - DAG(s) dict_keys(['cms_asp_noc']) retrieved from /opt/airflow/dags/cms_upd.py
[2023-03-06T16:09:58.700+0000] {logging_mixin.py:137} INFO - [2023-03-06T16:09:58.700+0000] {dag.py:2690} INFO - Sync 1 DAGs
[2023-03-06T16:09:58.734+0000] {logging_mixin.py:137} INFO - [2023-03-06T16:09:58.733+0000] {dag.py:3441} INFO - Setting next_dagrun for cms_asp_noc to 2023-03-06T00:00:00+00:00, run_after=2023-03-07T00:00:00+00:00
[2023-03-06T16:09:58.771+0000] {processor.py:175} INFO - Processing /opt/airflow/dags/cms_upd.py took 8.581 seconds
[2023-03-06T16:10:29.354+0000] {processor.py:153} INFO - Started process (PID=487) to work on /opt/airflow/dags/cms_upd.py
[2023-03-06T16:10:29.363+0000] {processor.py:743} INFO - Processing file /opt/airflow/dags/cms_upd.py for tasks to queue
[2023-03-06T16:10:29.372+0000] {logging_mixin.py:137} INFO - [2023-03-06T16:10:29.372+0000] {dagbag.py:538} INFO - Filling up the DagBag from /opt/airflow/dags/cms_upd.py
[2023-03-06T16:10:32.135+0000] {logging_mixin.py:137} INFO - Website is not changed.
[2023-03-06T16:10:36.300+0000] {processor.py:753} INFO - DAG(s) dict_keys(['cms_asp_noc']) retrieved from /opt/airflow/dags/cms_upd.py
[2023-03-06T16:10:36.369+0000] {logging_mixin.py:137} INFO - [2023-03-06T16:10:36.368+0000] {dag.py:2690} INFO - Sync 1 DAGs
[2023-03-06T16:10:36.437+0000] {logging_mixin.py:137} INFO - [2023-03-06T16:10:36.437+0000] {dag.py:3441} INFO - Setting next_dagrun for cms_asp_noc to 2023-03-06T00:00:00+00:00, run_after=2023-03-07T00:00:00+00:00
[2023-03-06T16:10:36.476+0000] {processor.py:175} INFO - Processing /opt/airflow/dags/cms_upd.py took 7.192 seconds
[2023-03-06T16:11:07.252+0000] {processor.py:153} INFO - Started process (PID=518) to work on /opt/airflow/dags/cms_upd.py
[2023-03-06T16:11:07.269+0000] {processor.py:743} INFO - Processing file /opt/airflow/dags/cms_upd.py for tasks to queue
[2023-03-06T16:11:07.272+0000] {logging_mixin.py:137} INFO - [2023-03-06T16:11:07.271+0000] {dagbag.py:538} INFO - Filling up the DagBag from /opt/airflow/dags/cms_upd.py
[2023-03-06T16:11:08.510+0000] {logging_mixin.py:137} INFO - Website is not changed.
[2023-03-06T16:11:12.474+0000] {processor.py:753} INFO - DAG(s) dict_keys(['cms_asp_noc']) retrieved from /opt/airflow/dags/cms_upd.py
[2023-03-06T16:11:12.529+0000] {logging_mixin.py:137} INFO - [2023-03-06T16:11:12.528+0000] {dag.py:2690} INFO - Sync 1 DAGs
[2023-03-06T16:11:12.557+0000] {logging_mixin.py:137} INFO - [2023-03-06T16:11:12.556+0000] {dag.py:3441} INFO - Setting next_dagrun for cms_asp_noc to 2023-03-06T00:00:00+00:00, run_after=2023-03-07T00:00:00+00:00
[2023-03-06T16:11:12.576+0000] {processor.py:175} INFO - Processing /opt/airflow/dags/cms_upd.py took 5.345 seconds
[2023-03-06T16:11:42.778+0000] {processor.py:153} INFO - Started process (PID=564) to work on /opt/airflow/dags/cms_upd.py
[2023-03-06T16:11:42.780+0000] {processor.py:743} INFO - Processing file /opt/airflow/dags/cms_upd.py for tasks to queue
[2023-03-06T16:11:42.783+0000] {logging_mixin.py:137} INFO - [2023-03-06T16:11:42.783+0000] {dagbag.py:538} INFO - Filling up the DagBag from /opt/airflow/dags/cms_upd.py
[2023-03-06T16:11:43.196+0000] {logging_mixin.py:137} INFO - Website is not changed.
[2023-03-06T16:11:43.440+0000] {processor.py:753} INFO - DAG(s) dict_keys(['cms_asp_noc']) retrieved from /opt/airflow/dags/cms_upd.py
[2023-03-06T16:11:43.481+0000] {logging_mixin.py:137} INFO - [2023-03-06T16:11:43.480+0000] {dag.py:2690} INFO - Sync 1 DAGs
[2023-03-06T16:11:43.505+0000] {logging_mixin.py:137} INFO - [2023-03-06T16:11:43.505+0000] {dag.py:3441} INFO - Setting next_dagrun for cms_asp_noc to 2023-03-06T00:00:00+00:00, run_after=2023-03-07T00:00:00+00:00
[2023-03-06T16:11:43.523+0000] {processor.py:175} INFO - Processing /opt/airflow/dags/cms_upd.py took 0.751 seconds
[2023-03-06T16:12:14.055+0000] {processor.py:153} INFO - Started process (PID=596) to work on /opt/airflow/dags/cms_upd.py
[2023-03-06T16:12:14.058+0000] {processor.py:743} INFO - Processing file /opt/airflow/dags/cms_upd.py for tasks to queue
[2023-03-06T16:12:14.059+0000] {logging_mixin.py:137} INFO - [2023-03-06T16:12:14.059+0000] {dagbag.py:538} INFO - Filling up the DagBag from /opt/airflow/dags/cms_upd.py
[2023-03-06T16:12:14.378+0000] {logging_mixin.py:137} INFO - Website is not changed.
[2023-03-06T16:12:14.707+0000] {processor.py:753} INFO - DAG(s) dict_keys(['cms_asp_noc']) retrieved from /opt/airflow/dags/cms_upd.py
[2023-03-06T16:12:14.730+0000] {logging_mixin.py:137} INFO - [2023-03-06T16:12:14.730+0000] {dag.py:2690} INFO - Sync 1 DAGs
[2023-03-06T16:12:14.756+0000] {logging_mixin.py:137} INFO - [2023-03-06T16:12:14.756+0000] {dag.py:3441} INFO - Setting next_dagrun for cms_asp_noc to 2023-03-06T00:00:00+00:00, run_after=2023-03-07T00:00:00+00:00
[2023-03-06T16:12:14.773+0000] {processor.py:175} INFO - Processing /opt/airflow/dags/cms_upd.py took 0.725 seconds
[2023-03-06T16:12:45.935+0000] {processor.py:153} INFO - Started process (PID=638) to work on /opt/airflow/dags/cms_upd.py
[2023-03-06T16:12:45.941+0000] {processor.py:743} INFO - Processing file /opt/airflow/dags/cms_upd.py for tasks to queue
[2023-03-06T16:12:45.945+0000] {logging_mixin.py:137} INFO - [2023-03-06T16:12:45.944+0000] {dagbag.py:538} INFO - Filling up the DagBag from /opt/airflow/dags/cms_upd.py
[2023-03-06T16:12:46.494+0000] {logging_mixin.py:137} INFO - Website is not changed.
[2023-03-06T16:12:47.993+0000] {processor.py:753} INFO - DAG(s) dict_keys(['cms_asp_noc']) retrieved from /opt/airflow/dags/cms_upd.py
[2023-03-06T16:12:48.031+0000] {logging_mixin.py:137} INFO - [2023-03-06T16:12:48.031+0000] {dag.py:2690} INFO - Sync 1 DAGs
[2023-03-06T16:12:48.053+0000] {logging_mixin.py:137} INFO - [2023-03-06T16:12:48.053+0000] {dag.py:3441} INFO - Setting next_dagrun for cms_asp_noc to 2023-03-06T00:00:00+00:00, run_after=2023-03-07T00:00:00+00:00
[2023-03-06T16:12:48.067+0000] {processor.py:175} INFO - Processing /opt/airflow/dags/cms_upd.py took 2.146 seconds
[2023-03-06T16:13:18.422+0000] {processor.py:153} INFO - Started process (PID=669) to work on /opt/airflow/dags/cms_upd.py
[2023-03-06T16:13:18.447+0000] {processor.py:743} INFO - Processing file /opt/airflow/dags/cms_upd.py for tasks to queue
[2023-03-06T16:13:18.465+0000] {logging_mixin.py:137} INFO - [2023-03-06T16:13:18.464+0000] {dagbag.py:538} INFO - Filling up the DagBag from /opt/airflow/dags/cms_upd.py
[2023-03-06T16:13:19.272+0000] {logging_mixin.py:137} INFO - Website is not changed.
[2023-03-06T16:13:21.776+0000] {processor.py:753} INFO - DAG(s) dict_keys(['cms_asp_noc']) retrieved from /opt/airflow/dags/cms_upd.py
[2023-03-06T16:13:21.855+0000] {logging_mixin.py:137} INFO - [2023-03-06T16:13:21.854+0000] {dag.py:2690} INFO - Sync 1 DAGs
[2023-03-06T16:13:21.940+0000] {logging_mixin.py:137} INFO - [2023-03-06T16:13:21.940+0000] {dag.py:3441} INFO - Setting next_dagrun for cms_asp_noc to 2023-03-06T00:00:00+00:00, run_after=2023-03-07T00:00:00+00:00
[2023-03-06T16:13:21.993+0000] {processor.py:175} INFO - Processing /opt/airflow/dags/cms_upd.py took 3.596 seconds
[2023-03-06T16:13:52.207+0000] {processor.py:153} INFO - Started process (PID=713) to work on /opt/airflow/dags/cms_upd.py
[2023-03-06T16:13:52.212+0000] {processor.py:743} INFO - Processing file /opt/airflow/dags/cms_upd.py for tasks to queue
[2023-03-06T16:13:52.216+0000] {logging_mixin.py:137} INFO - [2023-03-06T16:13:52.215+0000] {dagbag.py:538} INFO - Filling up the DagBag from /opt/airflow/dags/cms_upd.py
[2023-03-06T16:13:52.558+0000] {logging_mixin.py:137} INFO - Website is not changed.
[2023-03-06T16:13:52.903+0000] {processor.py:753} INFO - DAG(s) dict_keys(['cms_asp_noc']) retrieved from /opt/airflow/dags/cms_upd.py
[2023-03-06T16:13:53.444+0000] {logging_mixin.py:137} INFO - [2023-03-06T16:13:53.442+0000] {dag.py:2690} INFO - Sync 1 DAGs
[2023-03-06T16:13:53.491+0000] {logging_mixin.py:137} INFO - [2023-03-06T16:13:53.491+0000] {dag.py:3441} INFO - Setting next_dagrun for cms_asp_noc to 2023-03-06T00:00:00+00:00, run_after=2023-03-07T00:00:00+00:00
[2023-03-06T16:13:53.516+0000] {processor.py:175} INFO - Processing /opt/airflow/dags/cms_upd.py took 1.313 seconds
[2023-03-06T16:14:23.746+0000] {processor.py:153} INFO - Started process (PID=745) to work on /opt/airflow/dags/cms_upd.py
[2023-03-06T16:14:23.748+0000] {processor.py:743} INFO - Processing file /opt/airflow/dags/cms_upd.py for tasks to queue
[2023-03-06T16:14:23.749+0000] {logging_mixin.py:137} INFO - [2023-03-06T16:14:23.749+0000] {dagbag.py:538} INFO - Filling up the DagBag from /opt/airflow/dags/cms_upd.py
[2023-03-06T16:14:24.026+0000] {logging_mixin.py:137} INFO - Website is not changed.
[2023-03-06T16:14:24.548+0000] {processor.py:753} INFO - DAG(s) dict_keys(['cms_asp_noc']) retrieved from /opt/airflow/dags/cms_upd.py
[2023-03-06T16:14:24.570+0000] {logging_mixin.py:137} INFO - [2023-03-06T16:14:24.570+0000] {dag.py:2690} INFO - Sync 1 DAGs
[2023-03-06T16:14:24.593+0000] {logging_mixin.py:137} INFO - [2023-03-06T16:14:24.593+0000] {dag.py:3441} INFO - Setting next_dagrun for cms_asp_noc to 2023-03-06T00:00:00+00:00, run_after=2023-03-07T00:00:00+00:00
[2023-03-06T16:14:24.610+0000] {processor.py:175} INFO - Processing /opt/airflow/dags/cms_upd.py took 0.867 seconds
[2023-03-06T16:14:54.675+0000] {processor.py:153} INFO - Started process (PID=788) to work on /opt/airflow/dags/cms_upd.py
[2023-03-06T16:14:54.677+0000] {processor.py:743} INFO - Processing file /opt/airflow/dags/cms_upd.py for tasks to queue
[2023-03-06T16:14:54.678+0000] {logging_mixin.py:137} INFO - [2023-03-06T16:14:54.678+0000] {dagbag.py:538} INFO - Filling up the DagBag from /opt/airflow/dags/cms_upd.py
[2023-03-06T16:14:54.882+0000] {logging_mixin.py:137} INFO - Website is not changed.
[2023-03-06T16:14:55.050+0000] {processor.py:753} INFO - DAG(s) dict_keys(['cms_asp_noc']) retrieved from /opt/airflow/dags/cms_upd.py
[2023-03-06T16:14:55.072+0000] {logging_mixin.py:137} INFO - [2023-03-06T16:14:55.072+0000] {dag.py:2690} INFO - Sync 1 DAGs
[2023-03-06T16:14:55.092+0000] {logging_mixin.py:137} INFO - [2023-03-06T16:14:55.092+0000] {dag.py:3441} INFO - Setting next_dagrun for cms_asp_noc to 2023-03-06T00:00:00+00:00, run_after=2023-03-07T00:00:00+00:00
[2023-03-06T16:14:55.113+0000] {processor.py:175} INFO - Processing /opt/airflow/dags/cms_upd.py took 0.443 seconds
[2023-03-06T16:15:25.312+0000] {processor.py:153} INFO - Started process (PID=832) to work on /opt/airflow/dags/cms_upd.py
[2023-03-06T16:15:25.314+0000] {processor.py:743} INFO - Processing file /opt/airflow/dags/cms_upd.py for tasks to queue
[2023-03-06T16:15:25.315+0000] {logging_mixin.py:137} INFO - [2023-03-06T16:15:25.315+0000] {dagbag.py:538} INFO - Filling up the DagBag from /opt/airflow/dags/cms_upd.py
[2023-03-06T16:15:25.711+0000] {logging_mixin.py:137} INFO - Website is not changed.
[2023-03-06T16:15:26.176+0000] {processor.py:753} INFO - DAG(s) dict_keys(['cms_asp_noc']) retrieved from /opt/airflow/dags/cms_upd.py
[2023-03-06T16:15:26.194+0000] {logging_mixin.py:137} INFO - [2023-03-06T16:15:26.193+0000] {dag.py:2690} INFO - Sync 1 DAGs
[2023-03-06T16:15:26.209+0000] {logging_mixin.py:137} INFO - [2023-03-06T16:15:26.209+0000] {dag.py:3441} INFO - Setting next_dagrun for cms_asp_noc to 2023-03-06T00:00:00+00:00, run_after=2023-03-07T00:00:00+00:00
[2023-03-06T16:15:26.221+0000] {processor.py:175} INFO - Processing /opt/airflow/dags/cms_upd.py took 0.912 seconds
[2023-03-06T16:15:56.322+0000] {processor.py:153} INFO - Started process (PID=862) to work on /opt/airflow/dags/cms_upd.py
[2023-03-06T16:15:56.324+0000] {processor.py:743} INFO - Processing file /opt/airflow/dags/cms_upd.py for tasks to queue
[2023-03-06T16:15:56.325+0000] {logging_mixin.py:137} INFO - [2023-03-06T16:15:56.325+0000] {dagbag.py:538} INFO - Filling up the DagBag from /opt/airflow/dags/cms_upd.py
[2023-03-06T16:15:56.541+0000] {logging_mixin.py:137} INFO - Website is not changed.
[2023-03-06T16:15:56.806+0000] {processor.py:753} INFO - DAG(s) dict_keys(['cms_asp_noc']) retrieved from /opt/airflow/dags/cms_upd.py
[2023-03-06T16:15:56.832+0000] {logging_mixin.py:137} INFO - [2023-03-06T16:15:56.831+0000] {dag.py:2690} INFO - Sync 1 DAGs
[2023-03-06T16:15:57.048+0000] {logging_mixin.py:137} INFO - [2023-03-06T16:15:57.048+0000] {dag.py:3441} INFO - Setting next_dagrun for cms_asp_noc to 2023-03-06T00:00:00+00:00, run_after=2023-03-07T00:00:00+00:00
[2023-03-06T16:15:57.060+0000] {processor.py:175} INFO - Processing /opt/airflow/dags/cms_upd.py took 0.742 seconds
[2023-03-06T16:16:27.406+0000] {processor.py:153} INFO - Started process (PID=906) to work on /opt/airflow/dags/cms_upd.py
[2023-03-06T16:16:27.408+0000] {processor.py:743} INFO - Processing file /opt/airflow/dags/cms_upd.py for tasks to queue
[2023-03-06T16:16:27.410+0000] {logging_mixin.py:137} INFO - [2023-03-06T16:16:27.410+0000] {dagbag.py:538} INFO - Filling up the DagBag from /opt/airflow/dags/cms_upd.py
[2023-03-06T16:16:27.673+0000] {logging_mixin.py:137} INFO - Website is not changed.
[2023-03-06T16:16:28.229+0000] {processor.py:753} INFO - DAG(s) dict_keys(['cms_asp_noc']) retrieved from /opt/airflow/dags/cms_upd.py
[2023-03-06T16:16:28.274+0000] {logging_mixin.py:137} INFO - [2023-03-06T16:16:28.273+0000] {dag.py:2690} INFO - Sync 1 DAGs
[2023-03-06T16:16:28.300+0000] {logging_mixin.py:137} INFO - [2023-03-06T16:16:28.299+0000] {dag.py:3441} INFO - Setting next_dagrun for cms_asp_noc to 2023-03-06T00:00:00+00:00, run_after=2023-03-07T00:00:00+00:00
[2023-03-06T16:16:28.321+0000] {processor.py:175} INFO - Processing /opt/airflow/dags/cms_upd.py took 0.920 seconds
[2023-03-06T16:16:58.803+0000] {processor.py:153} INFO - Started process (PID=950) to work on /opt/airflow/dags/cms_upd.py
[2023-03-06T16:16:58.807+0000] {processor.py:743} INFO - Processing file /opt/airflow/dags/cms_upd.py for tasks to queue
[2023-03-06T16:16:58.809+0000] {logging_mixin.py:137} INFO - [2023-03-06T16:16:58.809+0000] {dagbag.py:538} INFO - Filling up the DagBag from /opt/airflow/dags/cms_upd.py
[2023-03-06T16:16:59.002+0000] {logging_mixin.py:137} INFO - Website is not changed.
[2023-03-06T16:16:59.446+0000] {processor.py:753} INFO - DAG(s) dict_keys(['cms_asp_noc']) retrieved from /opt/airflow/dags/cms_upd.py
[2023-03-06T16:16:59.467+0000] {logging_mixin.py:137} INFO - [2023-03-06T16:16:59.467+0000] {dag.py:2690} INFO - Sync 1 DAGs
[2023-03-06T16:16:59.484+0000] {logging_mixin.py:137} INFO - [2023-03-06T16:16:59.484+0000] {dag.py:3441} INFO - Setting next_dagrun for cms_asp_noc to 2023-03-06T00:00:00+00:00, run_after=2023-03-07T00:00:00+00:00
[2023-03-06T16:16:59.495+0000] {processor.py:175} INFO - Processing /opt/airflow/dags/cms_upd.py took 0.700 seconds
[2023-03-06T16:17:29.903+0000] {processor.py:153} INFO - Started process (PID=990) to work on /opt/airflow/dags/cms_upd.py
[2023-03-06T16:17:29.905+0000] {processor.py:743} INFO - Processing file /opt/airflow/dags/cms_upd.py for tasks to queue
[2023-03-06T16:17:29.906+0000] {logging_mixin.py:137} INFO - [2023-03-06T16:17:29.906+0000] {dagbag.py:538} INFO - Filling up the DagBag from /opt/airflow/dags/cms_upd.py
[2023-03-06T16:17:30.216+0000] {logging_mixin.py:137} INFO - Website is not changed.
[2023-03-06T16:17:30.460+0000] {processor.py:753} INFO - DAG(s) dict_keys(['cms_asp_noc']) retrieved from /opt/airflow/dags/cms_upd.py
[2023-03-06T16:17:30.852+0000] {logging_mixin.py:137} INFO - [2023-03-06T16:17:30.851+0000] {dag.py:2690} INFO - Sync 1 DAGs
[2023-03-06T16:17:30.887+0000] {logging_mixin.py:137} INFO - [2023-03-06T16:17:30.887+0000] {dag.py:3441} INFO - Setting next_dagrun for cms_asp_noc to 2023-03-06T00:00:00+00:00, run_after=2023-03-07T00:00:00+00:00
[2023-03-06T16:17:30.907+0000] {processor.py:175} INFO - Processing /opt/airflow/dags/cms_upd.py took 1.006 seconds
[2023-03-06T16:18:03.079+0000] {processor.py:153} INFO - Started process (PID=1024) to work on /opt/airflow/dags/cms_upd.py
[2023-03-06T16:18:03.095+0000] {processor.py:743} INFO - Processing file /opt/airflow/dags/cms_upd.py for tasks to queue
[2023-03-06T16:18:03.112+0000] {logging_mixin.py:137} INFO - [2023-03-06T16:18:03.111+0000] {dagbag.py:538} INFO - Filling up the DagBag from /opt/airflow/dags/cms_upd.py
[2023-03-06T16:18:05.091+0000] {logging_mixin.py:137} INFO - Website is not changed.
[2023-03-06T16:18:06.610+0000] {processor.py:753} INFO - DAG(s) dict_keys(['cms_asp_noc']) retrieved from /opt/airflow/dags/cms_upd.py
[2023-03-06T16:18:06.681+0000] {logging_mixin.py:137} INFO - [2023-03-06T16:18:06.680+0000] {dag.py:2690} INFO - Sync 1 DAGs
[2023-03-06T16:18:06.719+0000] {logging_mixin.py:137} INFO - [2023-03-06T16:18:06.719+0000] {dag.py:3441} INFO - Setting next_dagrun for cms_asp_noc to 2023-03-06T00:00:00+00:00, run_after=2023-03-07T00:00:00+00:00
[2023-03-06T16:18:06.739+0000] {processor.py:175} INFO - Processing /opt/airflow/dags/cms_upd.py took 3.823 seconds
[2023-03-06T16:27:20.773+0000] {processor.py:153} INFO - Started process (PID=1042) to work on /opt/airflow/dags/cms_upd.py
[2023-03-06T16:27:20.786+0000] {processor.py:743} INFO - Processing file /opt/airflow/dags/cms_upd.py for tasks to queue
[2023-03-06T16:27:20.795+0000] {logging_mixin.py:137} INFO - [2023-03-06T16:27:20.795+0000] {dagbag.py:538} INFO - Filling up the DagBag from /opt/airflow/dags/cms_upd.py
[2023-03-06T16:27:23.028+0000] {logging_mixin.py:137} INFO - Website is not changed.
[2023-03-06T16:27:27.653+0000] {processor.py:753} INFO - DAG(s) dict_keys(['cms_asp_noc']) retrieved from /opt/airflow/dags/cms_upd.py
[2023-03-06T16:27:27.729+0000] {logging_mixin.py:137} INFO - [2023-03-06T16:27:27.728+0000] {dag.py:2690} INFO - Sync 1 DAGs
[2023-03-06T16:27:27.793+0000] {logging_mixin.py:137} INFO - [2023-03-06T16:27:27.793+0000] {dag.py:3441} INFO - Setting next_dagrun for cms_asp_noc to 2023-03-06T00:00:00+00:00, run_after=2023-03-07T00:00:00+00:00
[2023-03-06T16:27:27.838+0000] {processor.py:175} INFO - Processing /opt/airflow/dags/cms_upd.py took 7.146 seconds
[2023-03-06T16:27:58.509+0000] {processor.py:153} INFO - Started process (PID=1084) to work on /opt/airflow/dags/cms_upd.py
[2023-03-06T16:27:58.512+0000] {processor.py:743} INFO - Processing file /opt/airflow/dags/cms_upd.py for tasks to queue
[2023-03-06T16:27:58.515+0000] {logging_mixin.py:137} INFO - [2023-03-06T16:27:58.514+0000] {dagbag.py:538} INFO - Filling up the DagBag from /opt/airflow/dags/cms_upd.py
[2023-03-06T16:27:59.128+0000] {logging_mixin.py:137} INFO - Website is not changed.
[2023-03-06T16:27:59.757+0000] {processor.py:753} INFO - DAG(s) dict_keys(['cms_asp_noc']) retrieved from /opt/airflow/dags/cms_upd.py
[2023-03-06T16:27:59.836+0000] {logging_mixin.py:137} INFO - [2023-03-06T16:27:59.836+0000] {dag.py:2690} INFO - Sync 1 DAGs
[2023-03-06T16:28:01.536+0000] {logging_mixin.py:137} INFO - [2023-03-06T16:28:01.536+0000] {dag.py:3441} INFO - Setting next_dagrun for cms_asp_noc to 2023-03-06T00:00:00+00:00, run_after=2023-03-07T00:00:00+00:00
[2023-03-06T16:28:01.592+0000] {processor.py:175} INFO - Processing /opt/airflow/dags/cms_upd.py took 3.089 seconds
[2023-03-06T16:28:31.956+0000] {processor.py:153} INFO - Started process (PID=1128) to work on /opt/airflow/dags/cms_upd.py
[2023-03-06T16:28:31.959+0000] {processor.py:743} INFO - Processing file /opt/airflow/dags/cms_upd.py for tasks to queue
[2023-03-06T16:28:31.960+0000] {logging_mixin.py:137} INFO - [2023-03-06T16:28:31.960+0000] {dagbag.py:538} INFO - Filling up the DagBag from /opt/airflow/dags/cms_upd.py
[2023-03-06T16:28:32.238+0000] {logging_mixin.py:137} INFO - Website is not changed.
[2023-03-06T16:28:33.154+0000] {processor.py:753} INFO - DAG(s) dict_keys(['cms_asp_noc']) retrieved from /opt/airflow/dags/cms_upd.py
[2023-03-06T16:28:33.178+0000] {logging_mixin.py:137} INFO - [2023-03-06T16:28:33.178+0000] {dag.py:2690} INFO - Sync 1 DAGs
[2023-03-06T16:28:33.197+0000] {logging_mixin.py:137} INFO - [2023-03-06T16:28:33.197+0000] {dag.py:3441} INFO - Setting next_dagrun for cms_asp_noc to 2023-03-06T00:00:00+00:00, run_after=2023-03-07T00:00:00+00:00
[2023-03-06T16:28:33.211+0000] {processor.py:175} INFO - Processing /opt/airflow/dags/cms_upd.py took 1.260 seconds
[2023-03-06T16:29:03.509+0000] {processor.py:153} INFO - Started process (PID=1172) to work on /opt/airflow/dags/cms_upd.py
[2023-03-06T16:29:03.512+0000] {processor.py:743} INFO - Processing file /opt/airflow/dags/cms_upd.py for tasks to queue
[2023-03-06T16:29:03.514+0000] {logging_mixin.py:137} INFO - [2023-03-06T16:29:03.513+0000] {dagbag.py:538} INFO - Filling up the DagBag from /opt/airflow/dags/cms_upd.py
[2023-03-06T16:29:03.766+0000] {logging_mixin.py:137} INFO - Website is not changed.
[2023-03-06T16:29:04.195+0000] {processor.py:753} INFO - DAG(s) dict_keys(['cms_asp_noc']) retrieved from /opt/airflow/dags/cms_upd.py
[2023-03-06T16:29:04.216+0000] {logging_mixin.py:137} INFO - [2023-03-06T16:29:04.216+0000] {dag.py:2690} INFO - Sync 1 DAGs
[2023-03-06T16:29:04.233+0000] {logging_mixin.py:137} INFO - [2023-03-06T16:29:04.233+0000] {dag.py:3441} INFO - Setting next_dagrun for cms_asp_noc to 2023-03-06T00:00:00+00:00, run_after=2023-03-07T00:00:00+00:00
[2023-03-06T16:29:04.243+0000] {processor.py:175} INFO - Processing /opt/airflow/dags/cms_upd.py took 0.739 seconds
[2023-03-06T16:29:34.540+0000] {processor.py:153} INFO - Started process (PID=1203) to work on /opt/airflow/dags/cms_upd.py
[2023-03-06T16:29:34.550+0000] {processor.py:743} INFO - Processing file /opt/airflow/dags/cms_upd.py for tasks to queue
[2023-03-06T16:29:34.558+0000] {logging_mixin.py:137} INFO - [2023-03-06T16:29:34.557+0000] {dagbag.py:538} INFO - Filling up the DagBag from /opt/airflow/dags/cms_upd.py
[2023-03-06T16:29:35.210+0000] {logging_mixin.py:137} INFO - Website is not changed.
[2023-03-06T16:29:35.864+0000] {processor.py:753} INFO - DAG(s) dict_keys(['cms_asp_noc']) retrieved from /opt/airflow/dags/cms_upd.py
[2023-03-06T16:29:36.450+0000] {logging_mixin.py:137} INFO - [2023-03-06T16:29:36.450+0000] {dag.py:2690} INFO - Sync 1 DAGs
[2023-03-06T16:29:36.476+0000] {logging_mixin.py:137} INFO - [2023-03-06T16:29:36.475+0000] {dag.py:3441} INFO - Setting next_dagrun for cms_asp_noc to 2023-03-06T00:00:00+00:00, run_after=2023-03-07T00:00:00+00:00
[2023-03-06T16:29:36.503+0000] {processor.py:175} INFO - Processing /opt/airflow/dags/cms_upd.py took 1.984 seconds
[2023-03-06T16:30:06.686+0000] {processor.py:153} INFO - Started process (PID=1243) to work on /opt/airflow/dags/cms_upd.py
[2023-03-06T16:30:06.691+0000] {processor.py:743} INFO - Processing file /opt/airflow/dags/cms_upd.py for tasks to queue
[2023-03-06T16:30:06.694+0000] {logging_mixin.py:137} INFO - [2023-03-06T16:30:06.694+0000] {dagbag.py:538} INFO - Filling up the DagBag from /opt/airflow/dags/cms_upd.py
[2023-03-06T16:30:07.040+0000] {logging_mixin.py:137} INFO - Website is not changed.
[2023-03-06T16:30:07.498+0000] {processor.py:753} INFO - DAG(s) dict_keys(['cms_asp_noc']) retrieved from /opt/airflow/dags/cms_upd.py
[2023-03-06T16:30:07.540+0000] {logging_mixin.py:137} INFO - [2023-03-06T16:30:07.540+0000] {dag.py:2690} INFO - Sync 1 DAGs
[2023-03-06T16:30:07.593+0000] {logging_mixin.py:137} INFO - [2023-03-06T16:30:07.592+0000] {dag.py:3441} INFO - Setting next_dagrun for cms_asp_noc to 2023-03-06T00:00:00+00:00, run_after=2023-03-07T00:00:00+00:00
[2023-03-06T16:30:07.617+0000] {processor.py:175} INFO - Processing /opt/airflow/dags/cms_upd.py took 0.938 seconds
[2023-03-06T16:30:37.968+0000] {processor.py:153} INFO - Started process (PID=1278) to work on /opt/airflow/dags/cms_upd.py
[2023-03-06T16:30:37.973+0000] {processor.py:743} INFO - Processing file /opt/airflow/dags/cms_upd.py for tasks to queue
[2023-03-06T16:30:37.975+0000] {logging_mixin.py:137} INFO - [2023-03-06T16:30:37.974+0000] {dagbag.py:538} INFO - Filling up the DagBag from /opt/airflow/dags/cms_upd.py
[2023-03-06T16:30:38.387+0000] {logging_mixin.py:137} INFO - Website is not changed.
[2023-03-06T16:30:39.237+0000] {processor.py:753} INFO - DAG(s) dict_keys(['cms_asp_noc']) retrieved from /opt/airflow/dags/cms_upd.py
[2023-03-06T16:30:39.268+0000] {logging_mixin.py:137} INFO - [2023-03-06T16:30:39.267+0000] {dag.py:2690} INFO - Sync 1 DAGs
[2023-03-06T16:30:39.290+0000] {logging_mixin.py:137} INFO - [2023-03-06T16:30:39.290+0000] {dag.py:3441} INFO - Setting next_dagrun for cms_asp_noc to 2023-03-06T00:00:00+00:00, run_after=2023-03-07T00:00:00+00:00
[2023-03-06T16:30:39.313+0000] {processor.py:175} INFO - Processing /opt/airflow/dags/cms_upd.py took 1.353 seconds
[2023-03-06T16:31:09.408+0000] {processor.py:153} INFO - Started process (PID=1322) to work on /opt/airflow/dags/cms_upd.py
[2023-03-06T16:31:09.411+0000] {processor.py:743} INFO - Processing file /opt/airflow/dags/cms_upd.py for tasks to queue
[2023-03-06T16:31:09.413+0000] {logging_mixin.py:137} INFO - [2023-03-06T16:31:09.413+0000] {dagbag.py:538} INFO - Filling up the DagBag from /opt/airflow/dags/cms_upd.py
[2023-03-06T16:31:09.720+0000] {logging_mixin.py:137} INFO - Website is not changed.
[2023-03-06T16:31:09.968+0000] {processor.py:753} INFO - DAG(s) dict_keys(['cms_asp_noc']) retrieved from /opt/airflow/dags/cms_upd.py
[2023-03-06T16:31:09.993+0000] {logging_mixin.py:137} INFO - [2023-03-06T16:31:09.993+0000] {dag.py:2690} INFO - Sync 1 DAGs
[2023-03-06T16:31:10.330+0000] {logging_mixin.py:137} INFO - [2023-03-06T16:31:10.330+0000] {dag.py:3441} INFO - Setting next_dagrun for cms_asp_noc to 2023-03-06T00:00:00+00:00, run_after=2023-03-07T00:00:00+00:00
[2023-03-06T16:31:10.342+0000] {processor.py:175} INFO - Processing /opt/airflow/dags/cms_upd.py took 0.938 seconds
[2023-03-06T16:31:40.588+0000] {processor.py:153} INFO - Started process (PID=1353) to work on /opt/airflow/dags/cms_upd.py
[2023-03-06T16:31:40.589+0000] {processor.py:743} INFO - Processing file /opt/airflow/dags/cms_upd.py for tasks to queue
[2023-03-06T16:31:40.591+0000] {logging_mixin.py:137} INFO - [2023-03-06T16:31:40.590+0000] {dagbag.py:538} INFO - Filling up the DagBag from /opt/airflow/dags/cms_upd.py
[2023-03-06T16:31:40.893+0000] {logging_mixin.py:137} INFO - Website is not changed.
[2023-03-06T16:31:41.499+0000] {processor.py:753} INFO - DAG(s) dict_keys(['cms_asp_noc']) retrieved from /opt/airflow/dags/cms_upd.py
[2023-03-06T16:31:41.524+0000] {logging_mixin.py:137} INFO - [2023-03-06T16:31:41.524+0000] {dag.py:2690} INFO - Sync 1 DAGs
[2023-03-06T16:31:41.544+0000] {logging_mixin.py:137} INFO - [2023-03-06T16:31:41.544+0000] {dag.py:3441} INFO - Setting next_dagrun for cms_asp_noc to 2023-03-06T00:00:00+00:00, run_after=2023-03-07T00:00:00+00:00
[2023-03-06T16:31:41.557+0000] {processor.py:175} INFO - Processing /opt/airflow/dags/cms_upd.py took 0.974 seconds
[2023-03-06T16:32:11.611+0000] {processor.py:153} INFO - Started process (PID=1398) to work on /opt/airflow/dags/cms_upd.py
[2023-03-06T16:32:11.613+0000] {processor.py:743} INFO - Processing file /opt/airflow/dags/cms_upd.py for tasks to queue
[2023-03-06T16:32:11.614+0000] {logging_mixin.py:137} INFO - [2023-03-06T16:32:11.614+0000] {dagbag.py:538} INFO - Filling up the DagBag from /opt/airflow/dags/cms_upd.py
[2023-03-06T16:32:11.972+0000] {logging_mixin.py:137} INFO - Website is not changed.
[2023-03-06T16:32:12.775+0000] {processor.py:753} INFO - DAG(s) dict_keys(['cms_asp_noc']) retrieved from /opt/airflow/dags/cms_upd.py
[2023-03-06T16:32:12.806+0000] {logging_mixin.py:137} INFO - [2023-03-06T16:32:12.806+0000] {dag.py:2690} INFO - Sync 1 DAGs
[2023-03-06T16:32:12.826+0000] {logging_mixin.py:137} INFO - [2023-03-06T16:32:12.826+0000] {dag.py:3441} INFO - Setting next_dagrun for cms_asp_noc to 2023-03-06T00:00:00+00:00, run_after=2023-03-07T00:00:00+00:00
[2023-03-06T16:32:12.839+0000] {processor.py:175} INFO - Processing /opt/airflow/dags/cms_upd.py took 1.231 seconds
[2023-03-06T16:32:43.044+0000] {processor.py:153} INFO - Started process (PID=1441) to work on /opt/airflow/dags/cms_upd.py
[2023-03-06T16:32:43.045+0000] {processor.py:743} INFO - Processing file /opt/airflow/dags/cms_upd.py for tasks to queue
[2023-03-06T16:32:43.046+0000] {logging_mixin.py:137} INFO - [2023-03-06T16:32:43.046+0000] {dagbag.py:538} INFO - Filling up the DagBag from /opt/airflow/dags/cms_upd.py
[2023-03-06T16:32:43.690+0000] {logging_mixin.py:137} INFO - Website is not changed.
[2023-03-06T16:32:43.995+0000] {processor.py:753} INFO - DAG(s) dict_keys(['cms_asp_noc']) retrieved from /opt/airflow/dags/cms_upd.py
[2023-03-06T16:32:44.029+0000] {logging_mixin.py:137} INFO - [2023-03-06T16:32:44.028+0000] {dag.py:2690} INFO - Sync 1 DAGs
[2023-03-06T16:32:44.075+0000] {logging_mixin.py:137} INFO - [2023-03-06T16:32:44.075+0000] {dag.py:3441} INFO - Setting next_dagrun for cms_asp_noc to 2023-03-06T00:00:00+00:00, run_after=2023-03-07T00:00:00+00:00
[2023-03-06T16:32:44.092+0000] {processor.py:175} INFO - Processing /opt/airflow/dags/cms_upd.py took 1.053 seconds
[2023-03-06T16:33:14.244+0000] {processor.py:153} INFO - Started process (PID=1474) to work on /opt/airflow/dags/cms_upd.py
[2023-03-06T16:33:14.246+0000] {processor.py:743} INFO - Processing file /opt/airflow/dags/cms_upd.py for tasks to queue
[2023-03-06T16:33:14.248+0000] {logging_mixin.py:137} INFO - [2023-03-06T16:33:14.247+0000] {dagbag.py:538} INFO - Filling up the DagBag from /opt/airflow/dags/cms_upd.py
[2023-03-06T16:33:14.853+0000] {logging_mixin.py:137} INFO - Website is not changed.
[2023-03-06T16:33:15.143+0000] {processor.py:753} INFO - DAG(s) dict_keys(['cms_asp_noc']) retrieved from /opt/airflow/dags/cms_upd.py
[2023-03-06T16:33:15.173+0000] {logging_mixin.py:137} INFO - [2023-03-06T16:33:15.173+0000] {dag.py:2690} INFO - Sync 1 DAGs
[2023-03-06T16:33:15.206+0000] {logging_mixin.py:137} INFO - [2023-03-06T16:33:15.206+0000] {dag.py:3441} INFO - Setting next_dagrun for cms_asp_noc to 2023-03-06T00:00:00+00:00, run_after=2023-03-07T00:00:00+00:00
[2023-03-06T16:33:15.223+0000] {processor.py:175} INFO - Processing /opt/airflow/dags/cms_upd.py took 0.985 seconds
[2023-03-06T16:33:45.863+0000] {processor.py:153} INFO - Started process (PID=1516) to work on /opt/airflow/dags/cms_upd.py
[2023-03-06T16:33:45.913+0000] {processor.py:743} INFO - Processing file /opt/airflow/dags/cms_upd.py for tasks to queue
[2023-03-06T16:33:45.916+0000] {logging_mixin.py:137} INFO - [2023-03-06T16:33:45.916+0000] {dagbag.py:538} INFO - Filling up the DagBag from /opt/airflow/dags/cms_upd.py
[2023-03-06T16:33:47.486+0000] {logging_mixin.py:137} INFO - Website is not changed.
[2023-03-06T16:33:54.421+0000] {processor.py:753} INFO - DAG(s) dict_keys(['cms_asp_noc']) retrieved from /opt/airflow/dags/cms_upd.py
[2023-03-06T16:33:54.644+0000] {logging_mixin.py:137} INFO - [2023-03-06T16:33:54.643+0000] {dag.py:2690} INFO - Sync 1 DAGs
[2023-03-06T16:33:54.730+0000] {logging_mixin.py:137} INFO - [2023-03-06T16:33:54.730+0000] {dag.py:3441} INFO - Setting next_dagrun for cms_asp_noc to 2023-03-06T00:00:00+00:00, run_after=2023-03-07T00:00:00+00:00
[2023-03-06T16:33:54.805+0000] {processor.py:175} INFO - Processing /opt/airflow/dags/cms_upd.py took 9.038 seconds
[2023-03-06T16:34:25.155+0000] {processor.py:153} INFO - Started process (PID=1560) to work on /opt/airflow/dags/cms_upd.py
[2023-03-06T16:34:25.158+0000] {processor.py:743} INFO - Processing file /opt/airflow/dags/cms_upd.py for tasks to queue
[2023-03-06T16:34:25.160+0000] {logging_mixin.py:137} INFO - [2023-03-06T16:34:25.159+0000] {dagbag.py:538} INFO - Filling up the DagBag from /opt/airflow/dags/cms_upd.py
[2023-03-06T16:34:25.762+0000] {logging_mixin.py:137} INFO - Website is not changed.
[2023-03-06T16:34:26.811+0000] {processor.py:753} INFO - DAG(s) dict_keys(['cms_asp_noc']) retrieved from /opt/airflow/dags/cms_upd.py
[2023-03-06T16:34:26.843+0000] {logging_mixin.py:137} INFO - [2023-03-06T16:34:26.842+0000] {dag.py:2690} INFO - Sync 1 DAGs
[2023-03-06T16:34:26.875+0000] {logging_mixin.py:137} INFO - [2023-03-06T16:34:26.875+0000] {dag.py:3441} INFO - Setting next_dagrun for cms_asp_noc to 2023-03-06T00:00:00+00:00, run_after=2023-03-07T00:00:00+00:00
[2023-03-06T16:34:26.890+0000] {processor.py:175} INFO - Processing /opt/airflow/dags/cms_upd.py took 1.745 seconds
[2023-03-06T16:35:05.136+0000] {processor.py:153} INFO - Started process (PID=1585) to work on /opt/airflow/dags/cms_upd.py
[2023-03-06T16:35:05.196+0000] {processor.py:743} INFO - Processing file /opt/airflow/dags/cms_upd.py for tasks to queue
[2023-03-06T16:35:05.269+0000] {logging_mixin.py:137} INFO - [2023-03-06T16:35:05.250+0000] {dagbag.py:538} INFO - Filling up the DagBag from /opt/airflow/dags/cms_upd.py
[2023-03-06T16:35:10.867+0000] {logging_mixin.py:137} INFO - Website is not changed.
[2023-03-06T16:35:44.053+0000] {logging_mixin.py:137} INFO - [2023-03-06T16:35:43.828+0000] {timeout.py:68} ERROR - Process timed out, PID: 1585
[2023-03-06T16:35:44.610+0000] {logging_mixin.py:137} INFO - [2023-03-06T16:35:44.111+0000] {dagbag.py:343} ERROR - Failed to import: /opt/airflow/dags/cms_upd.py
Traceback (most recent call last):
  File "/home/airflow/.local/lib/python3.7/site-packages/airflow/models/dagbag.py", line 339, in parse
    loader.exec_module(new_module)
  File "<frozen importlib._bootstrap_external>", line 728, in exec_module
  File "<frozen importlib._bootstrap>", line 219, in _call_with_frames_removed
  File "/opt/airflow/dags/cms_upd.py", line 14, in <module>
    from cms_pg.data_load_pg import data_load_pg
  File "/opt/airflow/dags/cms_pg/data_load_pg.py", line 16, in <module>
    import pandas as pd
  File "/home/airflow/.local/lib/python3.7/site-packages/pandas/__init__.py", line 22, in <module>
    from pandas.compat import (
  File "/home/airflow/.local/lib/python3.7/site-packages/pandas/compat/__init__.py", line 23, in <module>
    from pandas.compat.pyarrow import (
  File "/home/airflow/.local/lib/python3.7/site-packages/pandas/compat/pyarrow.py", line 6, in <module>
    import pyarrow as pa
  File "/home/airflow/.local/lib/python3.7/site-packages/pyarrow/__init__.py", line 250, in <module>
    from pyarrow._hdfsio import HdfsFile, have_libhdfs
  File "<frozen importlib._bootstrap>", line 416, in parent
  File "/home/airflow/.local/lib/python3.7/site-packages/airflow/utils/timeout.py", line 69, in handle_timeout
    raise AirflowTaskTimeout(self.error_message)
airflow.exceptions.AirflowTaskTimeout: DagBag import timeout for /opt/airflow/dags/cms_upd.py after 30.0s.
Please take a look at these docs to improve your DAG import time:
* https://airflow.apache.org/docs/apache-airflow/2.5.1/best-practices.html#top-level-python-code
* https://airflow.apache.org/docs/apache-airflow/2.5.1/best-practices.html#reducing-dag-complexity, PID: 1585
[2023-03-06T16:35:44.816+0000] {processor.py:755} WARNING - No viable dags retrieved from /opt/airflow/dags/cms_upd.py
[2023-03-06T16:35:50.722+0000] {processor.py:175} INFO - Processing /opt/airflow/dags/cms_upd.py took 45.686 seconds
[2023-03-06T16:36:52.671+0000] {processor.py:153} INFO - Started process (PID=1613) to work on /opt/airflow/dags/cms_upd.py
[2023-03-06T16:36:54.261+0000] {processor.py:743} INFO - Processing file /opt/airflow/dags/cms_upd.py for tasks to queue
[2023-03-06T16:36:54.631+0000] {logging_mixin.py:137} INFO - [2023-03-06T16:36:54.555+0000] {dagbag.py:538} INFO - Filling up the DagBag from /opt/airflow/dags/cms_upd.py
[2023-03-06T16:37:25.944+0000] {logging_mixin.py:137} INFO - [2023-03-06T16:37:25.886+0000] {timeout.py:68} ERROR - Process timed out, PID: 1613
[2023-03-06T16:37:28.509+0000] {logging_mixin.py:137} INFO - [2023-03-06T16:37:26.547+0000] {dagbag.py:343} ERROR - Failed to import: /opt/airflow/dags/cms_upd.py
Traceback (most recent call last):
  File "<frozen importlib._bootstrap_external>", line 87, in _path_is_mode_type
  File "<frozen importlib._bootstrap_external>", line 81, in _path_stat
FileNotFoundError: [Errno 2] No such file or directory: '/home/airflow/.local/lib/python3.7/site-packages/bs4/__init__.abi3.so'

During handling of the above exception, another exception occurred:

Traceback (most recent call last):
  File "/home/airflow/.local/lib/python3.7/site-packages/airflow/models/dagbag.py", line 339, in parse
    loader.exec_module(new_module)
  File "<frozen importlib._bootstrap_external>", line 728, in exec_module
  File "<frozen importlib._bootstrap>", line 219, in _call_with_frames_removed
  File "/opt/airflow/dags/cms_upd.py", line 11, in <module>
    from cms_pg.page_change import *
  File "/opt/airflow/dags/cms_pg/page_change.py", line 2, in <module>
    from bs4 import BeautifulSoup
  File "<frozen importlib._bootstrap>", line 983, in _find_and_load
  File "<frozen importlib._bootstrap>", line 963, in _find_and_load_unlocked
  File "<frozen importlib._bootstrap>", line 906, in _find_spec
  File "<frozen importlib._bootstrap_external>", line 1280, in find_spec
  File "<frozen importlib._bootstrap_external>", line 1252, in _get_spec
  File "<frozen importlib._bootstrap_external>", line 1383, in find_spec
  File "<frozen importlib._bootstrap_external>", line 95, in _path_isfile
  File "<frozen importlib._bootstrap_external>", line 87, in _path_is_mode_type
  File "/home/airflow/.local/lib/python3.7/site-packages/airflow/utils/timeout.py", line 69, in handle_timeout
    raise AirflowTaskTimeout(self.error_message)
airflow.exceptions.AirflowTaskTimeout: DagBag import timeout for /opt/airflow/dags/cms_upd.py after 30.0s.
Please take a look at these docs to improve your DAG import time:
* https://airflow.apache.org/docs/apache-airflow/2.5.1/best-practices.html#top-level-python-code
* https://airflow.apache.org/docs/apache-airflow/2.5.1/best-practices.html#reducing-dag-complexity, PID: 1613
[2023-03-06T16:37:34.265+0000] {processor.py:755} WARNING - No viable dags retrieved from /opt/airflow/dags/cms_upd.py
[2023-03-06T16:38:54.101+0000] {processor.py:175} INFO - Processing /opt/airflow/dags/cms_upd.py took 122.437 seconds
[2023-03-06T16:40:05.160+0000] {processor.py:153} INFO - Started process (PID=1627) to work on /opt/airflow/dags/cms_upd.py
[2023-03-06T16:40:06.220+0000] {processor.py:743} INFO - Processing file /opt/airflow/dags/cms_upd.py for tasks to queue
[2023-03-06T16:40:12.064+0000] {logging_mixin.py:137} INFO - [2023-03-06T16:40:08.765+0000] {dagbag.py:538} INFO - Filling up the DagBag from /opt/airflow/dags/cms_upd.py
[2023-03-06T16:42:07.373+0000] {processor.py:153} INFO - Started process (PID=1632) to work on /opt/airflow/dags/cms_upd.py
[2023-03-06T16:42:08.008+0000] {processor.py:743} INFO - Processing file /opt/airflow/dags/cms_upd.py for tasks to queue
[2023-03-06T16:42:08.302+0000] {logging_mixin.py:137} INFO - [2023-03-06T16:42:08.294+0000] {dagbag.py:538} INFO - Filling up the DagBag from /opt/airflow/dags/cms_upd.py
[2023-03-06T16:42:39.369+0000] {logging_mixin.py:137} INFO - [2023-03-06T16:42:38.597+0000] {timeout.py:68} ERROR - Process timed out, PID: 1632
[2023-03-06T16:42:44.988+0000] {logging_mixin.py:137} INFO - [2023-03-06T16:42:40.128+0000] {dagbag.py:343} ERROR - Failed to import: /opt/airflow/dags/cms_upd.py
Traceback (most recent call last):
  File "/home/airflow/.local/lib/python3.7/site-packages/airflow/models/dagbag.py", line 339, in parse
    loader.exec_module(new_module)
  File "<frozen importlib._bootstrap_external>", line 728, in exec_module
  File "<frozen importlib._bootstrap>", line 219, in _call_with_frames_removed
  File "/opt/airflow/dags/cms_upd.py", line 7, in <module>
    from airflow.providers.postgres.operators.postgres import PostgresOperator
  File "/home/airflow/.local/lib/python3.7/site-packages/airflow/providers/postgres/operators/postgres.py", line 25, in <module>
    from airflow.providers.common.sql.operators.sql import SQLExecuteQueryOperator
  File "/home/airflow/.local/lib/python3.7/site-packages/airflow/providers/common/sql/operators/sql.py", line 26, in <module>
    from airflow.hooks.base import BaseHook
  File "<frozen importlib._bootstrap>", line 983, in _find_and_load
  File "<frozen importlib._bootstrap>", line 963, in _find_and_load_unlocked
  File "<frozen importlib._bootstrap>", line 906, in _find_spec
  File "<frozen importlib._bootstrap_external>", line 1280, in find_spec
  File "<frozen importlib._bootstrap_external>", line 1252, in _get_spec
  File "<frozen importlib._bootstrap_external>", line 1368, in find_spec
  File "<frozen importlib._bootstrap_external>", line 1408, in _fill_cache
  File "/home/airflow/.local/lib/python3.7/site-packages/airflow/utils/timeout.py", line 69, in handle_timeout
    raise AirflowTaskTimeout(self.error_message)
airflow.exceptions.AirflowTaskTimeout: DagBag import timeout for /opt/airflow/dags/cms_upd.py after 30.0s.
Please take a look at these docs to improve your DAG import time:
* https://airflow.apache.org/docs/apache-airflow/2.5.1/best-practices.html#top-level-python-code
* https://airflow.apache.org/docs/apache-airflow/2.5.1/best-practices.html#reducing-dag-complexity, PID: 1632
[2023-03-06T16:42:51.172+0000] {processor.py:755} WARNING - No viable dags retrieved from /opt/airflow/dags/cms_upd.py
[2023-03-06T16:44:30.154+0000] {processor.py:153} INFO - Started process (PID=1635) to work on /opt/airflow/dags/cms_upd.py
[2023-03-06T16:44:30.433+0000] {processor.py:743} INFO - Processing file /opt/airflow/dags/cms_upd.py for tasks to queue
[2023-03-06T16:44:31.276+0000] {logging_mixin.py:137} INFO - [2023-03-06T16:44:31.097+0000] {dagbag.py:538} INFO - Filling up the DagBag from /opt/airflow/dags/cms_upd.py
