[2023-02-08T12:56:21.105+0000] {taskinstance.py:1083} INFO - Dependencies all met for <TaskInstance: cms_asp_noc.download_file scheduled__2022-02-09T00:00:00+00:00 [queued]>
[2023-02-08T12:56:21.875+0000] {taskinstance.py:1083} INFO - Dependencies all met for <TaskInstance: cms_asp_noc.download_file scheduled__2022-02-09T00:00:00+00:00 [queued]>
[2023-02-08T12:56:21.880+0000] {taskinstance.py:1279} INFO - 
--------------------------------------------------------------------------------
[2023-02-08T12:56:21.883+0000] {taskinstance.py:1280} INFO - Starting attempt 1 of 1
[2023-02-08T12:56:21.905+0000] {taskinstance.py:1281} INFO - 
--------------------------------------------------------------------------------
[2023-02-08T12:56:22.801+0000] {taskinstance.py:1300} INFO - Executing <Task(PythonOperator): download_file> on 2022-02-09 00:00:00+00:00
[2023-02-08T12:56:22.866+0000] {standard_task_runner.py:55} INFO - Started process 532 to run task
[2023-02-08T12:56:22.922+0000] {standard_task_runner.py:82} INFO - Running: ['***', 'tasks', 'run', 'cms_asp_noc', 'download_file', 'scheduled__2022-02-09T00:00:00+00:00', '--job-id', '86', '--raw', '--subdir', 'DAGS_FOLDER/cms_upd.py', '--cfg-path', '/tmp/tmpivr5ttv1']
[2023-02-08T12:56:22.954+0000] {standard_task_runner.py:83} INFO - Job 86: Subtask download_file
[2023-02-08T12:56:35.744+0000] {task_command.py:388} INFO - Running <TaskInstance: cms_asp_noc.download_file scheduled__2022-02-09T00:00:00+00:00 [running]> on host 4ed7ae61ecf3
[2023-02-08T12:57:15.469+0000] {taskinstance.py:1509} INFO - Exporting the following env vars:
AIRFLOW_CTX_DAG_OWNER=***
AIRFLOW_CTX_DAG_ID=cms_asp_noc
AIRFLOW_CTX_TASK_ID=download_file
AIRFLOW_CTX_EXECUTION_DATE=2022-02-09T00:00:00+00:00
AIRFLOW_CTX_TRY_NUMBER=1
AIRFLOW_CTX_DAG_RUN_ID=scheduled__2022-02-09T00:00:00+00:00
[2023-02-08T12:57:41.983+0000] {local_task_job.py:208} INFO - Task exited with return code Negsignal.SIGKILL
[2023-02-08T12:58:23.924+0000] {taskinstance.py:2578} INFO - 0 downstream tasks scheduled from follow-on schedule check
