[2023-03-07T15:54:26.755+0000] {taskinstance.py:1083} INFO - Dependencies all met for <TaskInstance: cms_asp_noc.get_files scheduled__2023-03-06T00:00:00+00:00 [queued]>
[2023-03-07T15:54:26.763+0000] {taskinstance.py:1083} INFO - Dependencies all met for <TaskInstance: cms_asp_noc.get_files scheduled__2023-03-06T00:00:00+00:00 [queued]>
[2023-03-07T15:54:26.766+0000] {taskinstance.py:1279} INFO - 
--------------------------------------------------------------------------------
[2023-03-07T15:54:26.772+0000] {taskinstance.py:1280} INFO - Starting attempt 1 of 1
[2023-03-07T15:54:26.773+0000] {taskinstance.py:1281} INFO - 
--------------------------------------------------------------------------------
[2023-03-07T15:54:26.787+0000] {taskinstance.py:1300} INFO - Executing <Task(PythonOperator): get_files> on 2023-03-06 00:00:00+00:00
[2023-03-07T15:54:26.796+0000] {standard_task_runner.py:55} INFO - Started process 150 to run task
[2023-03-07T15:54:26.801+0000] {standard_task_runner.py:82} INFO - Running: ['***', 'tasks', 'run', 'cms_asp_noc', 'get_files', 'scheduled__2023-03-06T00:00:00+00:00', '--job-id', '1956', '--raw', '--subdir', 'DAGS_FOLDER/cms_upd.py', '--cfg-path', '/tmp/tmpx3r11zne']
[2023-03-07T15:54:26.804+0000] {standard_task_runner.py:83} INFO - Job 1956: Subtask get_files
[2023-03-07T15:54:27.199+0000] {task_command.py:388} INFO - Running <TaskInstance: cms_asp_noc.get_files scheduled__2023-03-06T00:00:00+00:00 [running]> on host 2886274f27ea
[2023-03-07T15:54:27.400+0000] {taskinstance.py:1509} INFO - Exporting the following env vars:
AIRFLOW_CTX_DAG_OWNER=***
AIRFLOW_CTX_DAG_ID=cms_asp_noc
AIRFLOW_CTX_TASK_ID=get_files
AIRFLOW_CTX_EXECUTION_DATE=2023-03-06T00:00:00+00:00
AIRFLOW_CTX_TRY_NUMBER=1
AIRFLOW_CTX_DAG_RUN_ID=scheduled__2023-03-06T00:00:00+00:00
[2023-03-07T15:54:27.437+0000] {updates.py:41} INFO - updated asp_pricing
[2023-03-07T15:54:27.479+0000] {updates.py:55} INFO - updated asp_ndc_hcpcs
[2023-03-07T15:54:27.502+0000] {updates.py:69} INFO - updated noc_ndc_hcpcs
[2023-03-07T15:54:27.510+0000] {python.py:177} INFO - Done. Returned value was: NO UPDATES
[2023-03-07T15:54:27.616+0000] {taskinstance.py:1323} INFO - Marking task as SUCCESS. dag_id=cms_asp_noc, task_id=get_files, execution_date=20230306T000000, start_date=20230307T155426, end_date=20230307T155427
[2023-03-07T15:54:27.748+0000] {local_task_job.py:208} INFO - Task exited with return code 0
[2023-03-07T15:54:27.962+0000] {taskinstance.py:2578} INFO - 0 downstream tasks scheduled from follow-on schedule check
