[2023-02-18T00:42:59.538+0000] {taskinstance.py:1083} INFO - Dependencies all met for <TaskInstance: cms_asp_noc.download_file scheduled__2023-02-17T00:00:00+00:00 [queued]>
[2023-02-18T00:42:59.547+0000] {taskinstance.py:1083} INFO - Dependencies all met for <TaskInstance: cms_asp_noc.download_file scheduled__2023-02-17T00:00:00+00:00 [queued]>
[2023-02-18T00:42:59.548+0000] {taskinstance.py:1279} INFO - 
--------------------------------------------------------------------------------
[2023-02-18T00:42:59.548+0000] {taskinstance.py:1280} INFO - Starting attempt 1 of 1
[2023-02-18T00:42:59.549+0000] {taskinstance.py:1281} INFO - 
--------------------------------------------------------------------------------
[2023-02-18T00:42:59.559+0000] {taskinstance.py:1300} INFO - Executing <Task(PythonOperator): download_file> on 2023-02-17 00:00:00+00:00
[2023-02-18T00:42:59.570+0000] {standard_task_runner.py:55} INFO - Started process 15574 to run task
[2023-02-18T00:42:59.576+0000] {standard_task_runner.py:82} INFO - Running: ['***', 'tasks', 'run', 'cms_asp_noc', 'download_file', 'scheduled__2023-02-17T00:00:00+00:00', '--job-id', '1799', '--raw', '--subdir', 'DAGS_FOLDER/cms_upd.py', '--cfg-path', '/tmp/tmpblyyprs9']
[2023-02-18T00:42:59.579+0000] {standard_task_runner.py:83} INFO - Job 1799: Subtask download_file
[2023-02-18T00:43:00.267+0000] {task_command.py:388} INFO - Running <TaskInstance: cms_asp_noc.download_file scheduled__2023-02-17T00:00:00+00:00 [running]> on host 2886274f27ea
[2023-02-18T00:43:00.357+0000] {taskinstance.py:1509} INFO - Exporting the following env vars:
AIRFLOW_CTX_DAG_OWNER=***
AIRFLOW_CTX_DAG_ID=cms_asp_noc
AIRFLOW_CTX_TASK_ID=download_file
AIRFLOW_CTX_EXECUTION_DATE=2023-02-17T00:00:00+00:00
AIRFLOW_CTX_TRY_NUMBER=1
AIRFLOW_CTX_DAG_RUN_ID=scheduled__2023-02-17T00:00:00+00:00
[2023-02-18T00:43:09.721+0000] {logging_mixin.py:137} INFO - october-2022-noc-pricing-file.zip is downloaded.
[2023-02-18T00:43:09.924+0000] {logging_mixin.py:137} INFO - 2023.zip is downloaded.
[2023-02-18T00:43:10.276+0000] {logging_mixin.py:137} INFO - january-2023-noc-pricing-file.zip is downloaded.
[2023-02-18T01:31:33.212+0000] {logging_mixin.py:137} INFO - july-2022-noc-pricing-file.zip is downloaded.
[2023-02-18T01:31:33.684+0000] {logging_mixin.py:137} INFO - october-2022-asp-ndc-hcpcs-crosswalks-updated-12212022.zip is downloaded.
[2023-02-18T01:31:34.099+0000] {logging_mixin.py:137} INFO - april-2022-asp-pricing-file-updated-12142022.zip is downloaded.
[2023-02-18T01:31:34.681+0000] {logging_mixin.py:137} INFO - april-2022-asp-ndc-hcpcs-crosswalk.zip is downloaded.
[2023-02-18T01:31:35.044+0000] {logging_mixin.py:137} INFO - january-2022-noc-pricing-file-updated-03022022.zip is downloaded.
[2023-02-18T01:31:35.425+0000] {logging_mixin.py:137} INFO - 2023.zip is downloaded.
[2023-02-18T01:31:35.745+0000] {logging_mixin.py:137} INFO - april-2022-noc-pricing-file.zip is downloaded.
[2023-02-18T01:31:35.983+0000] {logging_mixin.py:137} INFO - october-2022-asp-pricing-file-updated-12212022.zip is downloaded.
[2023-02-18T01:31:36.458+0000] {logging_mixin.py:137} INFO - january-2022-asp-pricing-file-updated-06082022.zip is downloaded.
[2023-02-18T01:31:36.960+0000] {logging_mixin.py:137} INFO - july-2022-asp-ndc-hcpcs-crosswalk-updated-07142022.zip is downloaded.
[2023-02-18T01:31:37.689+0000] {logging_mixin.py:137} INFO - january-2022-asp-ndc-hcpcs-crosswalk.zip is downloaded.
[2023-02-18T01:31:38.086+0000] {logging_mixin.py:137} INFO - july-2022-asp-pricing-file-updated-12142022.zip is downloaded.
[2023-02-18T01:31:38.089+0000] {python.py:177} INFO - Done. Returned value was: None
[2023-02-18T01:31:38.155+0000] {taskinstance.py:1323} INFO - Marking task as SUCCESS. dag_id=cms_asp_noc, task_id=download_file, execution_date=20230217T000000, start_date=20230218T004259, end_date=20230218T013138
[2023-02-18T01:31:38.412+0000] {local_task_job.py:208} INFO - Task exited with return code 0
[2023-02-18T01:31:39.383+0000] {taskinstance.py:2578} INFO - 0 downstream tasks scheduled from follow-on schedule check
