[2023-02-24T20:52:23.854+0000] {taskinstance.py:1083} INFO - Dependencies all met for <TaskInstance: cms_asp_noc.data_load manual__2023-02-24T20:44:56.320874+00:00 [queued]>
[2023-02-24T20:52:23.861+0000] {taskinstance.py:1083} INFO - Dependencies all met for <TaskInstance: cms_asp_noc.data_load manual__2023-02-24T20:44:56.320874+00:00 [queued]>
[2023-02-24T20:52:23.862+0000] {taskinstance.py:1279} INFO - 
--------------------------------------------------------------------------------
[2023-02-24T20:52:23.862+0000] {taskinstance.py:1280} INFO - Starting attempt 1 of 1
[2023-02-24T20:52:23.862+0000] {taskinstance.py:1281} INFO - 
--------------------------------------------------------------------------------
[2023-02-24T20:52:23.870+0000] {taskinstance.py:1300} INFO - Executing <Task(PythonOperator): data_load> on 2023-02-24 20:44:56.320874+00:00
[2023-02-24T20:52:23.876+0000] {standard_task_runner.py:55} INFO - Started process 97 to run task
[2023-02-24T20:52:23.880+0000] {standard_task_runner.py:82} INFO - Running: ['***', 'tasks', 'run', 'cms_asp_noc', 'data_load', 'manual__2023-02-24T20:44:56.320874+00:00', '--job-id', '1843', '--raw', '--subdir', 'DAGS_FOLDER/cms_upd.py', '--cfg-path', '/tmp/tmpdmbpucjc']
[2023-02-24T20:52:23.883+0000] {standard_task_runner.py:83} INFO - Job 1843: Subtask data_load
[2023-02-24T20:52:23.941+0000] {task_command.py:388} INFO - Running <TaskInstance: cms_asp_noc.data_load manual__2023-02-24T20:44:56.320874+00:00 [running]> on host 2886274f27ea
[2023-02-24T20:52:24.155+0000] {taskinstance.py:1509} INFO - Exporting the following env vars:
AIRFLOW_CTX_DAG_OWNER=***
AIRFLOW_CTX_DAG_ID=cms_asp_noc
AIRFLOW_CTX_TASK_ID=data_load
AIRFLOW_CTX_EXECUTION_DATE=2023-02-24T20:44:56.320874+00:00
AIRFLOW_CTX_TRY_NUMBER=1
AIRFLOW_CTX_DAG_RUN_ID=manual__2023-02-24T20:44:56.320874+00:00
[2023-02-24T20:52:24.158+0000] {logging_mixin.py:137} INFO - ['section 508 version of April 2022 ASP Pricing File updated 060222.csv', 'section 508 version of April 2022 ASP Pricing File updated 120222.csv', 'section 508 version of COVID_19_NDC_HCPCS_Crosswalk.csv', 'section 508 version of January 2022 ASP Pricing File updated 060222.csv', 'section 508 version of July 2022 ASP NDC-HCPCS Crosswalk 060722.csv', 'section 508 version of July 2022 ASP Pricing File updated 120222.csv', 'section 508 version of July 2022 AWP NDC-HCPCS Crosswalk_060722.csv', 'section 508 version of July 2022 NOC NDC-HCPCS Crosswalk 060722.csv', 'section 508 version of July 2022 NOC Pricing File 060722.csv', 'section 508 version of July 2022 OPPS NDC-HCPCS Crosswalk 060722.csv', 'section 508 version of NDC-HCPCS Crosswalk Introduction Text 060722.csv']
[2023-02-24T20:52:24.159+0000] {logging_mixin.py:137} INFO - /opt/***/op_files/cms_zip_files/section 508 version of April 2022 ASP Pricing File updated 060222.csv
[2023-02-24T20:52:24.172+0000] {logging_mixin.py:137} INFO - success
[2023-02-24T20:52:24.173+0000] {logging_mixin.py:137} INFO - section 508 version of April 2022 ASP Pricing File updated 060222.csv
[2023-02-24T20:52:24.174+0000] {logging_mixin.py:137} INFO - excel file has been cleaned
[2023-02-24T20:52:24.192+0000] {logging_mixin.py:137} INFO -     Date_Uploaded HCPCS_Code  ...    modification_time quarter
0      2023-02-24      90371  ...  2022-06-02 10:10:10       2
1      2023-02-24      90375  ...  2022-06-02 10:10:10       2
2      2023-02-24      90376  ...  2022-06-02 10:10:10       2
3      2023-02-24      90377  ...  2022-06-02 10:10:10       2
4      2023-02-24      90586  ...  2022-06-02 10:10:10       2
..            ...        ...  ...                  ...     ...
641    2023-02-24      Q9965  ...  2022-06-02 10:10:10       2
642    2023-02-24      Q9966  ...  2022-06-02 10:10:10       2
643    2023-02-24      Q9967  ...  2022-06-02 10:10:10       2
644    2023-02-24      Q9991  ...  2022-06-02 10:10:10       2
645    2023-02-24      Q9992  ...  2022-06-02 10:10:10       2

[646 rows x 14 columns]
[2023-02-24T20:52:24.337+0000] {logging_mixin.py:137} INFO - deleted:  section 508 version of April 2022 ASP Pricing File updated 060222.csv
[2023-02-24T20:52:24.339+0000] {logging_mixin.py:137} INFO - /opt/***/op_files/cms_zip_files/section 508 version of April 2022 ASP Pricing File updated 120222.csv
[2023-02-24T20:52:24.343+0000] {logging_mixin.py:137} INFO - success
[2023-02-24T20:52:24.344+0000] {logging_mixin.py:137} INFO - section 508 version of April 2022 ASP Pricing File updated 120222.csv
[2023-02-24T20:52:24.345+0000] {logging_mixin.py:137} INFO - excel file has been cleaned
[2023-02-24T20:52:24.358+0000] {logging_mixin.py:137} INFO -     Date_Uploaded HCPCS_Code  ...    modification_time quarter
0      2023-02-24      90371  ...  2022-12-02 10:10:10       2
1      2023-02-24      90375  ...  2022-12-02 10:10:10       2
2      2023-02-24      90376  ...  2022-12-02 10:10:10       2
3      2023-02-24      90377  ...  2022-12-02 10:10:10       2
4      2023-02-24      90586  ...  2022-12-02 10:10:10       2
..            ...        ...  ...                  ...     ...
641    2023-02-24      Q9965  ...  2022-12-02 10:10:10       2
642    2023-02-24      Q9966  ...  2022-12-02 10:10:10       2
643    2023-02-24      Q9967  ...  2022-12-02 10:10:10       2
644    2023-02-24      Q9991  ...  2022-12-02 10:10:10       2
645    2023-02-24      Q9992  ...  2022-12-02 10:10:10       2

[646 rows x 14 columns]
[2023-02-24T20:52:24.447+0000] {logging_mixin.py:137} INFO - deleted:  section 508 version of April 2022 ASP Pricing File updated 120222.csv
[2023-02-24T20:52:24.448+0000] {logging_mixin.py:137} INFO - /opt/***/op_files/cms_zip_files/section 508 version of COVID_19_NDC_HCPCS_Crosswalk.csv
[2023-02-24T20:52:24.449+0000] {logging_mixin.py:137} INFO - /opt/***/op_files/cms_zip_files/section 508 version of January 2022 ASP Pricing File updated 060222.csv
[2023-02-24T20:52:24.454+0000] {logging_mixin.py:137} INFO - success
[2023-02-24T20:52:24.455+0000] {logging_mixin.py:137} INFO - section 508 version of January 2022 ASP Pricing File updated 060222.csv
[2023-02-24T20:52:24.455+0000] {logging_mixin.py:137} INFO - excel file has been cleaned
[2023-02-24T20:52:24.464+0000] {logging_mixin.py:137} INFO -     Date_Uploaded HCPCS_Code  ...    modification_time quarter
0      2023-02-24      90371  ...  2022-06-02 10:10:10       1
1      2023-02-24      90375  ...  2022-06-02 10:10:10       1
2      2023-02-24      90376  ...  2022-06-02 10:10:10       1
3      2023-02-24      90377  ...  2022-06-02 10:10:10       1
4      2023-02-24      90586  ...  2022-06-02 10:10:10       1
..            ...        ...  ...                  ...     ...
638    2023-02-24      Q9965  ...  2022-06-02 10:10:10       1
639    2023-02-24      Q9966  ...  2022-06-02 10:10:10       1
640    2023-02-24      Q9967  ...  2022-06-02 10:10:10       1
641    2023-02-24      Q9991  ...  2022-06-02 10:10:10       1
642    2023-02-24      Q9992  ...  2022-06-02 10:10:10       1

[643 rows x 14 columns]
[2023-02-24T20:52:24.552+0000] {logging_mixin.py:137} INFO - deleted:  section 508 version of January 2022 ASP Pricing File updated 060222.csv
[2023-02-24T20:52:24.553+0000] {logging_mixin.py:137} INFO - /opt/***/op_files/cms_zip_files/section 508 version of July 2022 ASP NDC-HCPCS Crosswalk 060722.csv
[2023-02-24T20:52:24.566+0000] {logging_mixin.py:137} INFO - success
[2023-02-24T20:52:24.567+0000] {logging_mixin.py:137} INFO - section 508 version of July 2022 ASP NDC-HCPCS Crosswalk 060722.csv
[2023-02-24T20:52:24.567+0000] {logging_mixin.py:137} INFO - excel file has been cleaned
[2023-02-24T20:52:24.575+0000] {logging_mixin.py:137} INFO -      Date_Uploaded   Code  ...    modification_time quarter
0       2023-02-24  90371  ...  2022-06-07 10:10:10       3
1       2023-02-24  90371  ...  2022-06-07 10:10:10       3
2       2023-02-24  90371  ...  2022-06-07 10:10:10       3
3       2023-02-24  90371  ...  2022-06-07 10:10:10       3
4       2023-02-24  90371  ...  2022-06-07 10:10:10       3
...            ...    ...  ...                  ...     ...
5378    2023-02-24  Q9967  ...  2022-06-07 10:10:10       3
5379    2023-02-24  Q9991  ...  2022-06-07 10:10:10       3
5380    2023-02-24  Q9991  ...  2022-06-07 10:10:10       3
5381    2023-02-24  Q9992  ...  2022-06-07 10:10:10       3
5382    2023-02-24  Q9992  ...  2022-06-07 10:10:10       3

[5383 rows x 14 columns]
[2023-02-24T20:52:24.886+0000] {logging_mixin.py:137} INFO - deleted:  section 508 version of July 2022 ASP NDC-HCPCS Crosswalk 060722.csv
[2023-02-24T20:52:24.888+0000] {logging_mixin.py:137} INFO - /opt/***/op_files/cms_zip_files/section 508 version of July 2022 ASP Pricing File updated 120222.csv
[2023-02-24T20:52:24.893+0000] {logging_mixin.py:137} INFO - success
[2023-02-24T20:52:24.894+0000] {logging_mixin.py:137} INFO - section 508 version of July 2022 ASP Pricing File updated 120222.csv
[2023-02-24T20:52:24.895+0000] {logging_mixin.py:137} INFO - excel file has been cleaned
[2023-02-24T20:52:24.904+0000] {logging_mixin.py:137} INFO -     Date_Uploaded HCPCS_Code  ...    modification_time quarter
0      2023-02-24      90371  ...  2022-12-02 10:10:10       3
1      2023-02-24      90375  ...  2022-12-02 10:10:10       3
2      2023-02-24      90376  ...  2022-12-02 10:10:10       3
3      2023-02-24      90377  ...  2022-12-02 10:10:10       3
4      2023-02-24      90586  ...  2022-12-02 10:10:10       3
..            ...        ...  ...                  ...     ...
653    2023-02-24      Q9965  ...  2022-12-02 10:10:10       3
654    2023-02-24      Q9966  ...  2022-12-02 10:10:10       3
655    2023-02-24      Q9967  ...  2022-12-02 10:10:10       3
656    2023-02-24      Q9991  ...  2022-12-02 10:10:10       3
657    2023-02-24      Q9992  ...  2022-12-02 10:10:10       3

[658 rows x 14 columns]
[2023-02-24T20:52:24.991+0000] {logging_mixin.py:137} INFO - deleted:  section 508 version of July 2022 ASP Pricing File updated 120222.csv
[2023-02-24T20:52:24.992+0000] {logging_mixin.py:137} INFO - /opt/***/op_files/cms_zip_files/section 508 version of July 2022 AWP NDC-HCPCS Crosswalk_060722.csv
[2023-02-24T20:52:24.995+0000] {logging_mixin.py:137} INFO - success
[2023-02-24T20:52:24.995+0000] {logging_mixin.py:137} INFO - section 508 version of July 2022 AWP NDC-HCPCS Crosswalk_060722.csv
[2023-02-24T20:52:24.996+0000] {logging_mixin.py:137} INFO - excel file has been cleaned
[2023-02-24T20:52:25.004+0000] {logging_mixin.py:137} INFO -     Date_Uploaded HCPCS_Code  ...    modification_time quarter
0      2023-02-24      90653  ...  2022-06-07 10:10:10       3
1      2023-02-24      90653  ...  2022-06-07 10:10:10       3
2      2023-02-24      90662  ...  2022-06-07 10:10:10       3
3      2023-02-24      90662  ...  2022-06-07 10:10:10       3
4      2023-02-24      90662  ...  2022-06-07 10:10:10       3
..            ...        ...  ...                  ...     ...
187    2023-02-24      P9047  ...  2022-06-07 10:10:10       3
188    2023-02-24      P9047  ...  2022-06-07 10:10:10       3
189    2023-02-24      P9047  ...  2022-06-07 10:10:10       3
190    2023-02-24      P9047  ...  2022-06-07 10:10:10       3
191    2023-02-24      P9047  ...  2022-06-07 10:10:10       3

[192 rows x 14 columns]
[2023-02-24T20:52:25.081+0000] {logging_mixin.py:137} INFO - deleted:  section 508 version of July 2022 AWP NDC-HCPCS Crosswalk_060722.csv
[2023-02-24T20:52:25.082+0000] {logging_mixin.py:137} INFO - /opt/***/op_files/cms_zip_files/section 508 version of July 2022 NOC NDC-HCPCS Crosswalk 060722.csv
[2023-02-24T20:52:25.086+0000] {logging_mixin.py:137} INFO - success
[2023-02-24T20:52:25.086+0000] {logging_mixin.py:137} INFO - section 508 version of July 2022 NOC NDC-HCPCS Crosswalk 060722.csv
[2023-02-24T20:52:25.087+0000] {logging_mixin.py:137} INFO - excel file has been cleaned
[2023-02-24T20:52:25.097+0000] {logging_mixin.py:137} INFO -     Date_Uploaded   Drug Generic Name  ...    modification_time quarter
0      2023-02-24      Alfentanil Hcl  ...  2022-06-07 10:10:10       3
1      2023-02-24      Alfentanil Hcl  ...  2022-06-07 10:10:10       3
2      2023-02-24  Allopurinol Sodium  ...  2022-06-07 10:10:10       3
3      2023-02-24  Allopurinol Sodium  ...  2022-06-07 10:10:10       3
4      2023-02-24  Allopurinol Sodium  ...  2022-06-07 10:10:10       3
..            ...                 ...  ...                  ...     ...
308    2023-02-24         Vasopressin  ...  2022-06-07 10:10:10       3
309    2023-02-24         Vasopressin  ...  2022-06-07 10:10:10       3
310    2023-02-24         Vasopressin  ...  2022-06-07 10:10:10       3
311    2023-02-24         Vasopressin  ...  2022-06-07 10:10:10       3
312    2023-02-24         Vasopressin  ...  2022-06-07 10:10:10       3

[313 rows x 13 columns]
[2023-02-24T20:52:25.169+0000] {logging_mixin.py:137} INFO - deleted:  section 508 version of July 2022 NOC NDC-HCPCS Crosswalk 060722.csv
[2023-02-24T20:52:25.171+0000] {logging_mixin.py:137} INFO - /opt/***/op_files/cms_zip_files/section 508 version of July 2022 NOC Pricing File 060722.csv
[2023-02-24T20:52:25.173+0000] {logging_mixin.py:137} INFO - success
[2023-02-24T20:52:25.174+0000] {logging_mixin.py:137} INFO - section 508 version of July 2022 NOC Pricing File 060722.csv
[2023-02-24T20:52:25.174+0000] {logging_mixin.py:137} INFO - excel file has been cleaned
[2023-02-24T20:52:25.184+0000] {logging_mixin.py:137} INFO -    Date_Uploaded  ... quarter
0     2023-02-24  ...       3
1     2023-02-24  ...       3
2     2023-02-24  ...       3
3     2023-02-24  ...       3
4     2023-02-24  ...       3
5     2023-02-24  ...       3
6     2023-02-24  ...       3
7     2023-02-24  ...       3
8     2023-02-24  ...       3
9     2023-02-24  ...       3
10    2023-02-24  ...       3
11    2023-02-24  ...       3
12    2023-02-24  ...       3
13    2023-02-24  ...       3
14    2023-02-24  ...       3
15    2023-02-24  ...       3
16    2023-02-24  ...       3
17    2023-02-24  ...       3
18    2023-02-24  ...       3
19    2023-02-24  ...       3
20    2023-02-24  ...       3
21    2023-02-24  ...       3
22    2023-02-24  ...       3
23    2023-02-24  ...       3
24    2023-02-24  ...       3
25    2023-02-24  ...       3
26    2023-02-24  ...       3
27    2023-02-24  ...       3

[28 rows x 9 columns]
[2023-02-24T20:52:25.257+0000] {logging_mixin.py:137} INFO - deleted:  section 508 version of July 2022 NOC Pricing File 060722.csv
[2023-02-24T20:52:25.259+0000] {logging_mixin.py:137} INFO - /opt/***/op_files/cms_zip_files/section 508 version of July 2022 OPPS NDC-HCPCS Crosswalk 060722.csv
[2023-02-24T20:52:25.263+0000] {logging_mixin.py:137} INFO - success
[2023-02-24T20:52:25.264+0000] {logging_mixin.py:137} INFO - section 508 version of July 2022 OPPS NDC-HCPCS Crosswalk 060722.csv
[2023-02-24T20:52:25.270+0000] {logging_mixin.py:137} INFO - excel file has been cleaned
[2023-02-24T20:52:25.290+0000] {logging_mixin.py:137} INFO -     Date_Uploaded   Code  ...    modification_time quarter
0      2023-02-24  A9513  ...  2022-06-07 10:10:10       3
1      2023-02-24  A9543  ...  2022-06-07 10:10:10       3
2      2023-02-24  A9543  ...  2022-06-07 10:10:10       3
3      2023-02-24  A9590  ...  2022-06-07 10:10:10       3
4      2023-02-24  A9590  ...  2022-06-07 10:10:10       3
..            ...    ...  ...                  ...     ...
232    2023-02-24  Q2055  ...  2022-06-07 10:10:10       3
233    2023-02-24  Q9968  ...  2022-06-07 10:10:10       3
234    2023-02-24  Q9968  ...  2022-06-07 10:10:10       3
235    2023-02-24  Q9968  ...  2022-06-07 10:10:10       3
236    2023-02-24  Q9968  ...  2022-06-07 10:10:10       3

[237 rows x 14 columns]
[2023-02-24T20:52:25.364+0000] {logging_mixin.py:137} INFO - deleted:  section 508 version of July 2022 OPPS NDC-HCPCS Crosswalk 060722.csv
[2023-02-24T20:52:25.365+0000] {logging_mixin.py:137} INFO - /opt/***/op_files/cms_zip_files/section 508 version of NDC-HCPCS Crosswalk Introduction Text 060722.csv
[2023-02-24T20:52:25.367+0000] {python.py:177} INFO - Done. Returned value was: None
[2023-02-24T20:52:25.379+0000] {taskinstance.py:1323} INFO - Marking task as SUCCESS. dag_id=cms_asp_noc, task_id=data_load, execution_date=20230224T204456, start_date=20230224T205223, end_date=20230224T205225
[2023-02-24T20:52:25.463+0000] {local_task_job.py:208} INFO - Task exited with return code 0
[2023-02-24T20:52:25.656+0000] {taskinstance.py:2578} INFO - 1 downstream tasks scheduled from follow-on schedule check
