[2023-02-09T20:20:33.062+0000] {taskinstance.py:1083} INFO - Dependencies all met for <TaskInstance: cms_asp_noc.website_changed manual__2023-02-09T20:20:28+00:00 [queued]>
[2023-02-09T20:20:33.074+0000] {taskinstance.py:1083} INFO - Dependencies all met for <TaskInstance: cms_asp_noc.website_changed manual__2023-02-09T20:20:28+00:00 [queued]>
[2023-02-09T20:20:33.075+0000] {taskinstance.py:1279} INFO - 
--------------------------------------------------------------------------------
[2023-02-09T20:20:33.076+0000] {taskinstance.py:1280} INFO - Starting attempt 1 of 1
[2023-02-09T20:20:33.077+0000] {taskinstance.py:1281} INFO - 
--------------------------------------------------------------------------------
[2023-02-09T20:20:33.092+0000] {taskinstance.py:1300} INFO - Executing <Task(PythonOperator): website_changed> on 2023-02-09 20:20:28+00:00
[2023-02-09T20:20:33.101+0000] {standard_task_runner.py:55} INFO - Started process 12789 to run task
[2023-02-09T20:20:33.117+0000] {standard_task_runner.py:82} INFO - Running: ['***', 'tasks', 'run', 'cms_asp_noc', 'website_changed', 'manual__2023-02-09T20:20:28+00:00', '--job-id', '1595', '--raw', '--subdir', 'DAGS_FOLDER/cms_upd.py', '--cfg-path', '/tmp/tmpnhihxkjg']
[2023-02-09T20:20:33.127+0000] {standard_task_runner.py:83} INFO - Job 1595: Subtask website_changed
[2023-02-09T20:20:33.213+0000] {task_command.py:388} INFO - Running <TaskInstance: cms_asp_noc.website_changed manual__2023-02-09T20:20:28+00:00 [running]> on host 64b688f0f9e2
[2023-02-09T20:20:33.308+0000] {taskinstance.py:1509} INFO - Exporting the following env vars:
AIRFLOW_CTX_DAG_OWNER=***
AIRFLOW_CTX_DAG_ID=cms_asp_noc
AIRFLOW_CTX_TASK_ID=website_changed
AIRFLOW_CTX_EXECUTION_DATE=2023-02-09T20:20:28+00:00
AIRFLOW_CTX_TRY_NUMBER=1
AIRFLOW_CTX_DAG_RUN_ID=manual__2023-02-09T20:20:28+00:00
[2023-02-09T20:20:34.007+0000] {logging_mixin.py:137} INFO - Website is not changed.
[2023-02-09T20:20:34.008+0000] {python.py:177} INFO - Done. Returned value was: Website is not changed
[2023-02-09T20:20:34.034+0000] {taskinstance.py:1323} INFO - Marking task as SUCCESS. dag_id=cms_asp_noc, task_id=website_changed, execution_date=20230209T202028, start_date=20230209T202033, end_date=20230209T202034
[2023-02-09T20:20:34.137+0000] {local_task_job.py:208} INFO - Task exited with return code 0
[2023-02-09T20:20:34.173+0000] {taskinstance.py:2578} INFO - 2 downstream tasks scheduled from follow-on schedule check
