[2023-02-08T13:04:34.596+0000] {taskinstance.py:1083} INFO - Dependencies all met for <TaskInstance: cms_asp_noc.extract scheduled__2022-03-04T00:00:00+00:00 [queued]>
[2023-02-08T13:04:34.840+0000] {taskinstance.py:1083} INFO - Dependencies all met for <TaskInstance: cms_asp_noc.extract scheduled__2022-03-04T00:00:00+00:00 [queued]>
[2023-02-08T13:04:34.865+0000] {taskinstance.py:1279} INFO - 
--------------------------------------------------------------------------------
[2023-02-08T13:04:34.878+0000] {taskinstance.py:1280} INFO - Starting attempt 1 of 1
[2023-02-08T13:04:34.879+0000] {taskinstance.py:1281} INFO - 
--------------------------------------------------------------------------------
[2023-02-08T13:04:35.031+0000] {taskinstance.py:1300} INFO - Executing <Task(PythonOperator): extract> on 2022-03-04 00:00:00+00:00
[2023-02-08T13:04:35.055+0000] {standard_task_runner.py:55} INFO - Started process 925 to run task
[2023-02-08T13:04:35.076+0000] {standard_task_runner.py:82} INFO - Running: ['***', 'tasks', 'run', 'cms_asp_noc', 'extract', 'scheduled__2022-03-04T00:00:00+00:00', '--job-id', '138', '--raw', '--subdir', 'DAGS_FOLDER/cms_upd.py', '--cfg-path', '/tmp/tmpup64fu1a']
[2023-02-08T13:04:35.084+0000] {standard_task_runner.py:83} INFO - Job 138: Subtask extract
[2023-02-08T13:04:35.362+0000] {task_command.py:388} INFO - Running <TaskInstance: cms_asp_noc.extract scheduled__2022-03-04T00:00:00+00:00 [running]> on host 4ed7ae61ecf3
[2023-02-08T13:05:06.072+0000] {taskinstance.py:1509} INFO - Exporting the following env vars:
AIRFLOW_CTX_DAG_OWNER=***
AIRFLOW_CTX_DAG_ID=cms_asp_noc
AIRFLOW_CTX_TASK_ID=extract
AIRFLOW_CTX_EXECUTION_DATE=2022-03-04T00:00:00+00:00
AIRFLOW_CTX_TRY_NUMBER=1
AIRFLOW_CTX_DAG_RUN_ID=scheduled__2022-03-04T00:00:00+00:00
[2023-02-08T13:05:06.363+0000] {logging_mixin.py:137} INFO - /opt/***/op_files/cms_zip_files/april-2022-asp-pricing-file-updated-06082022.zip
[2023-02-08T13:05:07.171+0000] {logging_mixin.py:137} INFO - /opt/***/op_files/cms_zip_files/april-2022-asp-pricing-file-updated-12142022.zip
[2023-02-08T13:05:07.479+0000] {logging_mixin.py:137} INFO - /opt/***/op_files/cms_zip_files/january-2022-asp-pricing-file-updated-06082022.zip
[2023-02-08T13:05:07.505+0000] {logging_mixin.py:137} INFO - /opt/***/op_files/cms_zip_files/july-2022-asp-ndc-hcpcs-crosswalk-updated-07142022.zip
[2023-02-08T13:05:07.769+0000] {logging_mixin.py:137} INFO - /opt/***/op_files/cms_zip_files/july-2022-asp-pricing-file-updated-12142022.zip
[2023-02-08T13:05:07.807+0000] {logging_mixin.py:137} INFO - /opt/***/op_files/cms_zip_files/july-2022-noc-pricing-file.zip
[2023-02-08T13:05:07.829+0000] {python.py:177} INFO - Done. Returned value was: None
[2023-02-08T13:05:08.008+0000] {taskinstance.py:1323} INFO - Marking task as SUCCESS. dag_id=cms_asp_noc, task_id=extract, execution_date=20220304T000000, start_date=20230208T130434, end_date=20230208T130508
[2023-02-08T13:05:14.473+0000] {local_task_job.py:208} INFO - Task exited with return code 0
[2023-02-08T13:05:34.615+0000] {taskinstance.py:2578} INFO - 0 downstream tasks scheduled from follow-on schedule check
