[2023-03-06T16:02:53.628+0000] {taskinstance.py:1083} INFO - Dependencies all met for <TaskInstance: cms_asp_noc.website_changed scheduled__2023-03-05T00:00:00+00:00 [queued]>
[2023-03-06T16:02:53.764+0000] {taskinstance.py:1083} INFO - Dependencies all met for <TaskInstance: cms_asp_noc.website_changed scheduled__2023-03-05T00:00:00+00:00 [queued]>
[2023-03-06T16:02:53.767+0000] {taskinstance.py:1279} INFO - 
--------------------------------------------------------------------------------
[2023-03-06T16:02:53.774+0000] {taskinstance.py:1280} INFO - Starting attempt 1 of 1
[2023-03-06T16:02:53.777+0000] {taskinstance.py:1281} INFO - 
--------------------------------------------------------------------------------
[2023-03-06T16:02:53.896+0000] {taskinstance.py:1300} INFO - Executing <Task(PythonOperator): website_changed> on 2023-03-05 00:00:00+00:00
[2023-03-06T16:02:54.003+0000] {standard_task_runner.py:55} INFO - Started process 118 to run task
[2023-03-06T16:02:54.096+0000] {standard_task_runner.py:82} INFO - Running: ['***', 'tasks', 'run', 'cms_asp_noc', 'website_changed', 'scheduled__2023-03-05T00:00:00+00:00', '--job-id', '1926', '--raw', '--subdir', 'DAGS_FOLDER/cms_upd.py', '--cfg-path', '/tmp/tmp0t4opa_f']
[2023-03-06T16:02:54.140+0000] {standard_task_runner.py:83} INFO - Job 1926: Subtask website_changed
[2023-03-06T16:02:58.543+0000] {task_command.py:388} INFO - Running <TaskInstance: cms_asp_noc.website_changed scheduled__2023-03-05T00:00:00+00:00 [running]> on host 2886274f27ea
[2023-03-06T16:02:58.643+0000] {taskinstance.py:1509} INFO - Exporting the following env vars:
AIRFLOW_CTX_DAG_OWNER=***
AIRFLOW_CTX_DAG_ID=cms_asp_noc
AIRFLOW_CTX_TASK_ID=website_changed
AIRFLOW_CTX_EXECUTION_DATE=2023-03-05T00:00:00+00:00
AIRFLOW_CTX_TRY_NUMBER=1
AIRFLOW_CTX_DAG_RUN_ID=scheduled__2023-03-05T00:00:00+00:00
[2023-03-06T16:02:59.076+0000] {logging_mixin.py:137} INFO - Website is not changed.
[2023-03-06T16:02:59.078+0000] {python.py:177} INFO - Done. Returned value was: Website is not changed
[2023-03-06T16:02:59.153+0000] {taskinstance.py:1323} INFO - Marking task as SUCCESS. dag_id=cms_asp_noc, task_id=website_changed, execution_date=20230305T000000, start_date=20230306T160253, end_date=20230306T160259
[2023-03-06T16:02:59.421+0000] {local_task_job.py:208} INFO - Task exited with return code 0
[2023-03-06T16:03:00.412+0000] {taskinstance.py:2578} INFO - 2 downstream tasks scheduled from follow-on schedule check
