[2023-02-10T15:28:34.993+0000] {taskinstance.py:1083} INFO - Dependencies all met for <TaskInstance: cms_asp_noc.website_changed manual__2023-02-10T15:28:32.560061+00:00 [queued]>
[2023-02-10T15:28:35.005+0000] {taskinstance.py:1083} INFO - Dependencies all met for <TaskInstance: cms_asp_noc.website_changed manual__2023-02-10T15:28:32.560061+00:00 [queued]>
[2023-02-10T15:28:35.006+0000] {taskinstance.py:1279} INFO - 
--------------------------------------------------------------------------------
[2023-02-10T15:28:35.007+0000] {taskinstance.py:1280} INFO - Starting attempt 1 of 1
[2023-02-10T15:28:35.007+0000] {taskinstance.py:1281} INFO - 
--------------------------------------------------------------------------------
[2023-02-10T15:28:35.019+0000] {taskinstance.py:1300} INFO - Executing <Task(PythonOperator): website_changed> on 2023-02-10 15:28:32.560061+00:00
[2023-02-10T15:28:35.029+0000] {standard_task_runner.py:55} INFO - Started process 43019 to run task
[2023-02-10T15:28:35.035+0000] {standard_task_runner.py:82} INFO - Running: ['***', 'tasks', 'run', 'cms_asp_noc', 'website_changed', 'manual__2023-02-10T15:28:32.560061+00:00', '--job-id', '1699', '--raw', '--subdir', 'DAGS_FOLDER/cms_upd.py', '--cfg-path', '/tmp/tmpurh6gvvg']
[2023-02-10T15:28:35.039+0000] {standard_task_runner.py:83} INFO - Job 1699: Subtask website_changed
[2023-02-10T15:28:35.153+0000] {task_command.py:388} INFO - Running <TaskInstance: cms_asp_noc.website_changed manual__2023-02-10T15:28:32.560061+00:00 [running]> on host 2886274f27ea
[2023-02-10T15:28:35.284+0000] {taskinstance.py:1509} INFO - Exporting the following env vars:
AIRFLOW_CTX_DAG_OWNER=***
AIRFLOW_CTX_DAG_ID=cms_asp_noc
AIRFLOW_CTX_TASK_ID=website_changed
AIRFLOW_CTX_EXECUTION_DATE=2023-02-10T15:28:32.560061+00:00
AIRFLOW_CTX_TRY_NUMBER=1
AIRFLOW_CTX_DAG_RUN_ID=manual__2023-02-10T15:28:32.560061+00:00
[2023-02-10T15:28:36.008+0000] {logging_mixin.py:137} INFO - Website is not changed.
[2023-02-10T15:28:36.009+0000] {python.py:177} INFO - Done. Returned value was: Website is not changed
[2023-02-10T15:28:36.049+0000] {taskinstance.py:1323} INFO - Marking task as SUCCESS. dag_id=cms_asp_noc, task_id=website_changed, execution_date=20230210T152832, start_date=20230210T152834, end_date=20230210T152836
[2023-02-10T15:28:36.121+0000] {local_task_job.py:208} INFO - Task exited with return code 0
[2023-02-10T15:28:36.188+0000] {taskinstance.py:2578} INFO - 0 downstream tasks scheduled from follow-on schedule check
