[2023-02-08T12:48:33.717+0000] {taskinstance.py:1083} INFO - Dependencies all met for <TaskInstance: cms_asp_noc.download_file scheduled__2022-01-01T00:00:00+00:00 [queued]>
[2023-02-08T12:48:33.766+0000] {taskinstance.py:1083} INFO - Dependencies all met for <TaskInstance: cms_asp_noc.download_file scheduled__2022-01-01T00:00:00+00:00 [queued]>
[2023-02-08T12:48:33.772+0000] {taskinstance.py:1279} INFO - 
--------------------------------------------------------------------------------
[2023-02-08T12:48:33.772+0000] {taskinstance.py:1280} INFO - Starting attempt 1 of 1
[2023-02-08T12:48:33.773+0000] {taskinstance.py:1281} INFO - 
--------------------------------------------------------------------------------
[2023-02-08T12:48:33.853+0000] {taskinstance.py:1300} INFO - Executing <Task(PythonOperator): download_file> on 2022-01-01 00:00:00+00:00
[2023-02-08T12:48:33.868+0000] {standard_task_runner.py:55} INFO - Started process 150 to run task
[2023-02-08T12:48:33.879+0000] {standard_task_runner.py:82} INFO - Running: ['***', 'tasks', 'run', 'cms_asp_noc', 'download_file', 'scheduled__2022-01-01T00:00:00+00:00', '--job-id', '20', '--raw', '--subdir', 'DAGS_FOLDER/cms_upd.py', '--cfg-path', '/tmp/tmpj5pubbpu']
[2023-02-08T12:48:33.886+0000] {standard_task_runner.py:83} INFO - Job 20: Subtask download_file
[2023-02-08T12:48:34.062+0000] {task_command.py:388} INFO - Running <TaskInstance: cms_asp_noc.download_file scheduled__2022-01-01T00:00:00+00:00 [running]> on host 4ed7ae61ecf3
[2023-02-08T12:48:36.123+0000] {taskinstance.py:1509} INFO - Exporting the following env vars:
AIRFLOW_CTX_DAG_OWNER=***
AIRFLOW_CTX_DAG_ID=cms_asp_noc
AIRFLOW_CTX_TASK_ID=download_file
AIRFLOW_CTX_EXECUTION_DATE=2022-01-01T00:00:00+00:00
AIRFLOW_CTX_TRY_NUMBER=1
AIRFLOW_CTX_DAG_RUN_ID=scheduled__2022-01-01T00:00:00+00:00
[2023-02-08T12:48:44.671+0000] {logging_mixin.py:137} INFO - october-2022-noc-pricing-file.zip is downloaded.
[2023-02-08T12:48:45.157+0000] {logging_mixin.py:137} INFO - april-2022-noc-pricing-file.zip is downloaded.
[2023-02-08T12:48:46.036+0000] {logging_mixin.py:137} INFO - 2023.zip is downloaded.
[2023-02-08T12:48:46.262+0000] {logging_mixin.py:137} INFO - 2023.zip is downloaded.
[2023-02-08T12:48:47.038+0000] {logging_mixin.py:137} INFO - april-2022-asp-ndc-hcpcs-crosswalk.zip is downloaded.
[2023-02-08T12:48:47.254+0000] {logging_mixin.py:137} INFO - july-2022-asp-pricing-file-updated-12142022.zip is downloaded.
[2023-02-08T12:48:47.452+0000] {logging_mixin.py:137} INFO - april-2022-asp-pricing-file-updated-12142022.zip is downloaded.
[2023-02-08T12:48:48.405+0000] {logging_mixin.py:137} INFO - january-2022-asp-ndc-hcpcs-crosswalk.zip is downloaded.
[2023-02-08T12:48:48.545+0000] {logging_mixin.py:137} INFO - january-2023-noc-pricing-file.zip is downloaded.
[2023-02-08T12:48:49.529+0000] {logging_mixin.py:137} INFO - october-2022-asp-ndc-hcpcs-crosswalks-updated-12212022.zip is downloaded.
[2023-02-08T12:48:49.742+0000] {logging_mixin.py:137} INFO - october-2022-asp-pricing-file-updated-12212022.zip is downloaded.
[2023-02-08T12:48:50.657+0000] {logging_mixin.py:137} INFO - july-2022-asp-ndc-hcpcs-crosswalk-updated-07142022.zip is downloaded.
[2023-02-08T12:48:51.058+0000] {logging_mixin.py:137} INFO - july-2022-noc-pricing-file.zip is downloaded.
[2023-02-08T12:48:51.300+0000] {logging_mixin.py:137} INFO - january-2022-asp-pricing-file-updated-06082022.zip is downloaded.
[2023-02-08T12:48:51.630+0000] {logging_mixin.py:137} INFO - january-2022-noc-pricing-file-updated-03022022.zip is downloaded.
[2023-02-08T12:48:51.634+0000] {python.py:177} INFO - Done. Returned value was: None
[2023-02-08T12:48:51.770+0000] {taskinstance.py:1323} INFO - Marking task as SUCCESS. dag_id=cms_asp_noc, task_id=download_file, execution_date=20220101T000000, start_date=20230208T124833, end_date=20230208T124851
[2023-02-08T12:48:52.872+0000] {local_task_job.py:208} INFO - Task exited with return code 0
[2023-02-08T12:49:00.418+0000] {taskinstance.py:2578} INFO - 0 downstream tasks scheduled from follow-on schedule check
