[2023-02-10T13:53:25.703+0000] {taskinstance.py:1083} INFO - Dependencies all met for <TaskInstance: cms_asp_noc.populate_all_tables manual__2023-02-10T13:53:02+00:00 [queued]>
[2023-02-10T13:53:25.713+0000] {taskinstance.py:1083} INFO - Dependencies all met for <TaskInstance: cms_asp_noc.populate_all_tables manual__2023-02-10T13:53:02+00:00 [queued]>
[2023-02-10T13:53:25.714+0000] {taskinstance.py:1279} INFO - 
--------------------------------------------------------------------------------
[2023-02-10T13:53:25.715+0000] {taskinstance.py:1280} INFO - Starting attempt 1 of 1
[2023-02-10T13:53:25.715+0000] {taskinstance.py:1281} INFO - 
--------------------------------------------------------------------------------
[2023-02-10T13:53:25.728+0000] {taskinstance.py:1300} INFO - Executing <Task(PostgresOperator): populate_all_tables> on 2023-02-10 13:53:02+00:00
[2023-02-10T13:53:25.744+0000] {standard_task_runner.py:55} INFO - Started process 37479 to run task
[2023-02-10T13:53:25.753+0000] {standard_task_runner.py:82} INFO - Running: ['***', 'tasks', 'run', 'cms_asp_noc', 'populate_all_tables', 'manual__2023-02-10T13:53:02+00:00', '--job-id', '1670', '--raw', '--subdir', 'DAGS_FOLDER/cms_upd.py', '--cfg-path', '/tmp/tmpa6br2ih2']
[2023-02-10T13:53:25.757+0000] {standard_task_runner.py:83} INFO - Job 1670: Subtask populate_all_tables
[2023-02-10T13:53:25.867+0000] {task_command.py:388} INFO - Running <TaskInstance: cms_asp_noc.populate_all_tables manual__2023-02-10T13:53:02+00:00 [running]> on host 2886274f27ea
[2023-02-10T13:53:25.975+0000] {taskinstance.py:1509} INFO - Exporting the following env vars:
AIRFLOW_CTX_DAG_OWNER=***
AIRFLOW_CTX_DAG_ID=cms_asp_noc
AIRFLOW_CTX_TASK_ID=populate_all_tables
AIRFLOW_CTX_EXECUTION_DATE=2023-02-10T13:53:02+00:00
AIRFLOW_CTX_TRY_NUMBER=1
AIRFLOW_CTX_DAG_RUN_ID=manual__2023-02-10T13:53:02+00:00
[2023-02-10T13:53:25.977+0000] {sql.py:254} INFO - Executing: ['call sp_upsert_asp_pricing();\ncall sp_upsert_asp_ndc_hcpcs();\ncall sp_upsert_noc_NDC_HCPCS();']
[2023-02-10T13:53:26.519+0000] {base.py:73} INFO - Using connection ID 'postgres_conn' for task execution.
[2023-02-10T13:53:26.789+0000] {base.py:73} INFO - Using connection ID 'postgres_conn' for task execution.
[2023-02-10T13:53:26.820+0000] {sql.py:375} INFO - Running statement: call sp_upsert_asp_pricing();
call sp_upsert_asp_ndc_hcpcs();
call sp_upsert_noc_NDC_HCPCS();, parameters: None
[2023-02-10T13:53:26.828+0000] {taskinstance.py:1768} ERROR - Task failed with exception
Traceback (most recent call last):
  File "/home/airflow/.local/lib/python3.7/site-packages/airflow/providers/common/sql/operators/sql.py", line 266, in execute
    **extra_kwargs,
  File "/home/airflow/.local/lib/python3.7/site-packages/airflow/providers/common/sql/hooks/sql.py", line 349, in run
    self._run_command(cur, sql_statement, parameters)
  File "/home/airflow/.local/lib/python3.7/site-packages/airflow/providers/common/sql/hooks/sql.py", line 380, in _run_command
    cur.execute(sql_statement)
psycopg2.errors.UndefinedFunction: procedure sp_upsert_asp_pricing() does not exist
LINE 1: call sp_upsert_asp_pricing();
             ^
HINT:  No procedure matches the given name and argument types. You might need to add explicit type casts.

[2023-02-10T13:53:26.847+0000] {taskinstance.py:1323} INFO - Marking task as FAILED. dag_id=cms_asp_noc, task_id=populate_all_tables, execution_date=20230210T135302, start_date=20230210T135325, end_date=20230210T135326
[2023-02-10T13:53:26.862+0000] {standard_task_runner.py:105} ERROR - Failed to execute job 1670 for task populate_all_tables (procedure sp_upsert_asp_pricing() does not exist
LINE 1: call sp_upsert_asp_pricing();
             ^
HINT:  No procedure matches the given name and argument types. You might need to add explicit type casts.
; 37479)
[2023-02-10T13:53:26.939+0000] {local_task_job.py:208} INFO - Task exited with return code 1
[2023-02-10T13:53:26.996+0000] {taskinstance.py:2578} INFO - 0 downstream tasks scheduled from follow-on schedule check
