[2023-02-10T14:33:15.359+0000] {taskinstance.py:1083} INFO - Dependencies all met for <TaskInstance: cms_asp_noc.populate_all_tables manual__2023-02-10T13:53:02+00:00 [queued]>
[2023-02-10T14:33:15.367+0000] {taskinstance.py:1083} INFO - Dependencies all met for <TaskInstance: cms_asp_noc.populate_all_tables manual__2023-02-10T13:53:02+00:00 [queued]>
[2023-02-10T14:33:15.368+0000] {taskinstance.py:1279} INFO - 
--------------------------------------------------------------------------------
[2023-02-10T14:33:15.368+0000] {taskinstance.py:1280} INFO - Starting attempt 3 of 3
[2023-02-10T14:33:15.369+0000] {taskinstance.py:1281} INFO - 
--------------------------------------------------------------------------------
[2023-02-10T14:33:15.379+0000] {taskinstance.py:1300} INFO - Executing <Task(PostgresOperator): populate_all_tables> on 2023-02-10 13:53:02+00:00
[2023-02-10T14:33:15.392+0000] {standard_task_runner.py:55} INFO - Started process 40096 to run task
[2023-02-10T14:33:15.397+0000] {standard_task_runner.py:82} INFO - Running: ['***', 'tasks', 'run', 'cms_asp_noc', 'populate_all_tables', 'manual__2023-02-10T13:53:02+00:00', '--job-id', '1672', '--raw', '--subdir', 'DAGS_FOLDER/cms_upd.py', '--cfg-path', '/tmp/tmpmu9dsoe8']
[2023-02-10T14:33:15.401+0000] {standard_task_runner.py:83} INFO - Job 1672: Subtask populate_all_tables
[2023-02-10T14:33:15.471+0000] {task_command.py:388} INFO - Running <TaskInstance: cms_asp_noc.populate_all_tables manual__2023-02-10T13:53:02+00:00 [running]> on host 2886274f27ea
[2023-02-10T14:33:15.534+0000] {taskinstance.py:1509} INFO - Exporting the following env vars:
AIRFLOW_CTX_DAG_OWNER=***
AIRFLOW_CTX_DAG_ID=cms_asp_noc
AIRFLOW_CTX_TASK_ID=populate_all_tables
AIRFLOW_CTX_EXECUTION_DATE=2023-02-10T13:53:02+00:00
AIRFLOW_CTX_TRY_NUMBER=3
AIRFLOW_CTX_DAG_RUN_ID=manual__2023-02-10T13:53:02+00:00
[2023-02-10T14:33:15.536+0000] {sql.py:254} INFO - Executing: ['call sp_upsert_asp_pricing();\ncall sp_upsert_asp_ndc_hcpcs();\ncall sp_upsert_noc_NDC_HCPCS();']
[2023-02-10T14:33:16.188+0000] {base.py:73} INFO - Using connection ID 'postgres_conn' for task execution.
[2023-02-10T14:33:16.498+0000] {base.py:73} INFO - Using connection ID 'postgres_conn' for task execution.
[2023-02-10T14:33:16.605+0000] {sql.py:375} INFO - Running statement: call sp_upsert_asp_pricing();
call sp_upsert_asp_ndc_hcpcs();
call sp_upsert_noc_NDC_HCPCS();, parameters: None
[2023-02-10T14:33:16.613+0000] {taskinstance.py:1768} ERROR - Task failed with exception
Traceback (most recent call last):
  File "/home/airflow/.local/lib/python3.7/site-packages/airflow/providers/common/sql/operators/sql.py", line 266, in execute
    **extra_kwargs,
  File "/home/airflow/.local/lib/python3.7/site-packages/airflow/providers/common/sql/hooks/sql.py", line 349, in run
    self._run_command(cur, sql_statement, parameters)
  File "/home/airflow/.local/lib/python3.7/site-packages/airflow/providers/common/sql/hooks/sql.py", line 380, in _run_command
    cur.execute(sql_statement)
psycopg2.errors.UndefinedFunction: procedure sp_upsert_asp_pricing() does not exist
LINE 1: call sp_upsert_asp_pricing();
             ^
HINT:  No procedure matches the given name and argument types. You might need to add explicit type casts.

[2023-02-10T14:33:16.640+0000] {taskinstance.py:1323} INFO - Marking task as FAILED. dag_id=cms_asp_noc, task_id=populate_all_tables, execution_date=20230210T135302, start_date=20230210T143315, end_date=20230210T143316
[2023-02-10T14:33:16.656+0000] {standard_task_runner.py:105} ERROR - Failed to execute job 1672 for task populate_all_tables (procedure sp_upsert_asp_pricing() does not exist
LINE 1: call sp_upsert_asp_pricing();
             ^
HINT:  No procedure matches the given name and argument types. You might need to add explicit type casts.
; 40096)
[2023-02-10T14:33:16.743+0000] {local_task_job.py:208} INFO - Task exited with return code 1
[2023-02-10T14:33:16.774+0000] {taskinstance.py:2578} INFO - 0 downstream tasks scheduled from follow-on schedule check
