[2023-02-08T15:15:11.858+0000] {taskinstance.py:1083} INFO - Dependencies all met for <TaskInstance: cms_asp_noc.download_file scheduled__2022-09-14T00:00:00+00:00 [queued]>
[2023-02-08T15:15:11.880+0000] {taskinstance.py:1083} INFO - Dependencies all met for <TaskInstance: cms_asp_noc.download_file scheduled__2022-09-14T00:00:00+00:00 [queued]>
[2023-02-08T15:15:11.881+0000] {taskinstance.py:1279} INFO - 
--------------------------------------------------------------------------------
[2023-02-08T15:15:11.886+0000] {taskinstance.py:1280} INFO - Starting attempt 1 of 1
[2023-02-08T15:15:11.888+0000] {taskinstance.py:1281} INFO - 
--------------------------------------------------------------------------------
[2023-02-08T15:15:11.930+0000] {taskinstance.py:1300} INFO - Executing <Task(PythonOperator): download_file> on 2022-09-14 00:00:00+00:00
[2023-02-08T15:15:11.946+0000] {standard_task_runner.py:55} INFO - Started process 2331 to run task
[2023-02-08T15:15:11.963+0000] {standard_task_runner.py:82} INFO - Running: ['***', 'tasks', 'run', 'cms_asp_noc', 'download_file', 'scheduled__2022-09-14T00:00:00+00:00', '--job-id', '842', '--raw', '--subdir', 'DAGS_FOLDER/cms_upd.py', '--cfg-path', '/tmp/tmpddv02f1t']
[2023-02-08T15:15:11.980+0000] {standard_task_runner.py:83} INFO - Job 842: Subtask download_file
[2023-02-08T15:15:12.288+0000] {task_command.py:388} INFO - Running <TaskInstance: cms_asp_noc.download_file scheduled__2022-09-14T00:00:00+00:00 [running]> on host 1f90076947be
[2023-02-08T15:15:13.665+0000] {taskinstance.py:1509} INFO - Exporting the following env vars:
AIRFLOW_CTX_DAG_OWNER=***
AIRFLOW_CTX_DAG_ID=cms_asp_noc
AIRFLOW_CTX_TASK_ID=download_file
AIRFLOW_CTX_EXECUTION_DATE=2022-09-14T00:00:00+00:00
AIRFLOW_CTX_TRY_NUMBER=1
AIRFLOW_CTX_DAG_RUN_ID=scheduled__2022-09-14T00:00:00+00:00
[2023-02-08T15:15:16.587+0000] {logging_mixin.py:137} INFO - july-2022-asp-pricing-file-updated-12142022.zip is downloaded.
[2023-02-08T15:15:16.758+0000] {logging_mixin.py:137} INFO - january-2023-noc-pricing-file.zip is downloaded.
[2023-02-08T15:15:17.226+0000] {logging_mixin.py:137} INFO - january-2022-asp-ndc-hcpcs-crosswalk.zip is downloaded.
[2023-02-08T15:15:17.448+0000] {logging_mixin.py:137} INFO - january-2022-asp-pricing-file-updated-06082022.zip is downloaded.
[2023-02-08T15:15:17.868+0000] {logging_mixin.py:137} INFO - october-2022-asp-ndc-hcpcs-crosswalks-updated-12212022.zip is downloaded.
[2023-02-08T15:15:18.055+0000] {logging_mixin.py:137} INFO - july-2022-noc-pricing-file.zip is downloaded.
[2023-02-08T15:15:18.213+0000] {logging_mixin.py:137} INFO - april-2022-noc-pricing-file.zip is downloaded.
[2023-02-08T15:15:18.520+0000] {logging_mixin.py:137} INFO - july-2022-asp-ndc-hcpcs-crosswalk-updated-07142022.zip is downloaded.
[2023-02-08T15:15:18.673+0000] {logging_mixin.py:137} INFO - october-2022-noc-pricing-file.zip is downloaded.
[2023-02-08T15:15:19.110+0000] {logging_mixin.py:137} INFO - april-2022-asp-ndc-hcpcs-crosswalk.zip is downloaded.
[2023-02-08T15:15:19.293+0000] {logging_mixin.py:137} INFO - 2023.zip is downloaded.
[2023-02-08T15:15:19.439+0000] {logging_mixin.py:137} INFO - january-2022-noc-pricing-file-updated-03022022.zip is downloaded.
[2023-02-08T15:15:19.612+0000] {logging_mixin.py:137} INFO - october-2022-asp-pricing-file-updated-12212022.zip is downloaded.
[2023-02-08T15:15:19.881+0000] {logging_mixin.py:137} INFO - april-2022-asp-pricing-file-updated-12142022.zip is downloaded.
[2023-02-08T15:15:20.306+0000] {logging_mixin.py:137} INFO - 2023.zip is downloaded.
[2023-02-08T15:15:20.308+0000] {python.py:177} INFO - Done. Returned value was: None
[2023-02-08T15:15:20.394+0000] {taskinstance.py:1323} INFO - Marking task as SUCCESS. dag_id=cms_asp_noc, task_id=download_file, execution_date=20220914T000000, start_date=20230208T151511, end_date=20230208T151520
[2023-02-08T15:15:20.720+0000] {local_task_job.py:208} INFO - Task exited with return code 0
[2023-02-08T15:15:21.933+0000] {taskinstance.py:2578} INFO - 0 downstream tasks scheduled from follow-on schedule check
