[2023-02-08T15:12:55.357+0000] {taskinstance.py:1083} INFO - Dependencies all met for <TaskInstance: cms_asp_noc.download_file scheduled__2022-08-14T00:00:00+00:00 [queued]>
[2023-02-08T15:12:55.388+0000] {taskinstance.py:1083} INFO - Dependencies all met for <TaskInstance: cms_asp_noc.download_file scheduled__2022-08-14T00:00:00+00:00 [queued]>
[2023-02-08T15:12:55.389+0000] {taskinstance.py:1279} INFO - 
--------------------------------------------------------------------------------
[2023-02-08T15:12:55.390+0000] {taskinstance.py:1280} INFO - Starting attempt 1 of 1
[2023-02-08T15:12:55.390+0000] {taskinstance.py:1281} INFO - 
--------------------------------------------------------------------------------
[2023-02-08T15:12:55.438+0000] {taskinstance.py:1300} INFO - Executing <Task(PythonOperator): download_file> on 2022-08-14 00:00:00+00:00
[2023-02-08T15:12:55.463+0000] {standard_task_runner.py:55} INFO - Started process 1775 to run task
[2023-02-08T15:12:55.492+0000] {standard_task_runner.py:82} INFO - Running: ['***', 'tasks', 'run', 'cms_asp_noc', 'download_file', 'scheduled__2022-08-14T00:00:00+00:00', '--job-id', '701', '--raw', '--subdir', 'DAGS_FOLDER/cms_upd.py', '--cfg-path', '/tmp/tmp6j005oa1']
[2023-02-08T15:12:55.510+0000] {standard_task_runner.py:83} INFO - Job 701: Subtask download_file
[2023-02-08T15:12:55.707+0000] {task_command.py:388} INFO - Running <TaskInstance: cms_asp_noc.download_file scheduled__2022-08-14T00:00:00+00:00 [running]> on host 1f90076947be
[2023-02-08T15:12:55.916+0000] {taskinstance.py:1509} INFO - Exporting the following env vars:
AIRFLOW_CTX_DAG_OWNER=***
AIRFLOW_CTX_DAG_ID=cms_asp_noc
AIRFLOW_CTX_TASK_ID=download_file
AIRFLOW_CTX_EXECUTION_DATE=2022-08-14T00:00:00+00:00
AIRFLOW_CTX_TRY_NUMBER=1
AIRFLOW_CTX_DAG_RUN_ID=scheduled__2022-08-14T00:00:00+00:00
[2023-02-08T15:12:59.007+0000] {logging_mixin.py:137} INFO - july-2022-asp-pricing-file-updated-12142022.zip is downloaded.
[2023-02-08T15:12:59.140+0000] {logging_mixin.py:137} INFO - january-2023-noc-pricing-file.zip is downloaded.
[2023-02-08T15:12:59.459+0000] {logging_mixin.py:137} INFO - january-2022-asp-ndc-hcpcs-crosswalk.zip is downloaded.
[2023-02-08T15:12:59.710+0000] {logging_mixin.py:137} INFO - january-2022-asp-pricing-file-updated-06082022.zip is downloaded.
[2023-02-08T15:13:00.068+0000] {logging_mixin.py:137} INFO - october-2022-asp-ndc-hcpcs-crosswalks-updated-12212022.zip is downloaded.
[2023-02-08T15:13:00.215+0000] {logging_mixin.py:137} INFO - july-2022-noc-pricing-file.zip is downloaded.
[2023-02-08T15:13:00.378+0000] {logging_mixin.py:137} INFO - april-2022-noc-pricing-file.zip is downloaded.
[2023-02-08T15:13:00.669+0000] {logging_mixin.py:137} INFO - july-2022-asp-ndc-hcpcs-crosswalk-updated-07142022.zip is downloaded.
[2023-02-08T15:13:00.813+0000] {logging_mixin.py:137} INFO - october-2022-noc-pricing-file.zip is downloaded.
[2023-02-08T15:13:01.083+0000] {logging_mixin.py:137} INFO - april-2022-asp-ndc-hcpcs-crosswalk.zip is downloaded.
[2023-02-08T15:13:01.241+0000] {logging_mixin.py:137} INFO - 2023.zip is downloaded.
[2023-02-08T15:13:01.372+0000] {logging_mixin.py:137} INFO - january-2022-noc-pricing-file-updated-03022022.zip is downloaded.
[2023-02-08T15:13:01.528+0000] {logging_mixin.py:137} INFO - october-2022-asp-pricing-file-updated-12212022.zip is downloaded.
[2023-02-08T15:13:01.703+0000] {logging_mixin.py:137} INFO - april-2022-asp-pricing-file-updated-12142022.zip is downloaded.
[2023-02-08T15:13:02.049+0000] {logging_mixin.py:137} INFO - 2023.zip is downloaded.
[2023-02-08T15:13:02.051+0000] {python.py:177} INFO - Done. Returned value was: None
[2023-02-08T15:13:02.119+0000] {taskinstance.py:1323} INFO - Marking task as SUCCESS. dag_id=cms_asp_noc, task_id=download_file, execution_date=20220814T000000, start_date=20230208T151255, end_date=20230208T151302
[2023-02-08T15:13:02.339+0000] {local_task_job.py:208} INFO - Task exited with return code 0
[2023-02-08T15:13:02.437+0000] {taskinstance.py:2578} INFO - 1 downstream tasks scheduled from follow-on schedule check
