[2023-02-13T00:00:47.453+0000] {taskinstance.py:1083} INFO - Dependencies all met for <TaskInstance: cms_asp_noc.check_if_updates scheduled__2023-02-12T00:00:00+00:00 [queued]>
[2023-02-13T00:00:47.466+0000] {taskinstance.py:1083} INFO - Dependencies all met for <TaskInstance: cms_asp_noc.check_if_updates scheduled__2023-02-12T00:00:00+00:00 [queued]>
[2023-02-13T00:00:47.467+0000] {taskinstance.py:1279} INFO - 
--------------------------------------------------------------------------------
[2023-02-13T00:00:47.468+0000] {taskinstance.py:1280} INFO - Starting attempt 1 of 1
[2023-02-13T00:00:47.469+0000] {taskinstance.py:1281} INFO - 
--------------------------------------------------------------------------------
[2023-02-13T00:00:47.479+0000] {taskinstance.py:1300} INFO - Executing <Task(BranchPythonOperator): check_if_updates> on 2023-02-12 00:00:00+00:00
[2023-02-13T00:00:47.488+0000] {standard_task_runner.py:55} INFO - Started process 84058 to run task
[2023-02-13T00:00:47.492+0000] {standard_task_runner.py:82} INFO - Running: ['***', 'tasks', 'run', 'cms_asp_noc', 'check_if_updates', 'scheduled__2023-02-12T00:00:00+00:00', '--job-id', '1752', '--raw', '--subdir', 'DAGS_FOLDER/cms_upd.py', '--cfg-path', '/tmp/tmpdts4ito_']
[2023-02-13T00:00:47.494+0000] {standard_task_runner.py:83} INFO - Job 1752: Subtask check_if_updates
[2023-02-13T00:00:47.888+0000] {task_command.py:388} INFO - Running <TaskInstance: cms_asp_noc.check_if_updates scheduled__2023-02-12T00:00:00+00:00 [running]> on host 2886274f27ea
[2023-02-13T00:00:47.963+0000] {taskinstance.py:1509} INFO - Exporting the following env vars:
AIRFLOW_CTX_DAG_OWNER=***
AIRFLOW_CTX_DAG_ID=cms_asp_noc
AIRFLOW_CTX_TASK_ID=check_if_updates
AIRFLOW_CTX_EXECUTION_DATE=2023-02-12T00:00:00+00:00
AIRFLOW_CTX_TRY_NUMBER=1
AIRFLOW_CTX_DAG_RUN_ID=scheduled__2023-02-12T00:00:00+00:00
[2023-02-13T00:00:47.975+0000] {python.py:177} INFO - Done. Returned value was: email_alert
[2023-02-13T00:00:47.976+0000] {python.py:211} INFO - Branch callable return email_alert
[2023-02-13T00:00:47.976+0000] {skipmixin.py:155} INFO - Following branch email_alert
[2023-02-13T00:00:47.977+0000] {skipmixin.py:211} INFO - Skipping tasks ['file_not_found', 'no_update']
[2023-02-13T00:00:48.017+0000] {taskinstance.py:1323} INFO - Marking task as SUCCESS. dag_id=cms_asp_noc, task_id=check_if_updates, execution_date=20230212T000000, start_date=20230213T000047, end_date=20230213T000048
[2023-02-13T00:00:48.072+0000] {local_task_job.py:208} INFO - Task exited with return code 0
[2023-02-13T00:00:48.118+0000] {taskinstance.py:2578} INFO - 1 downstream tasks scheduled from follow-on schedule check
