[2023-02-10T14:46:16.958+0000] {taskinstance.py:1083} INFO - Dependencies all met for <TaskInstance: cms_asp_noc.website_changed manual__2023-02-10T14:46:10+00:00 [queued]>
[2023-02-10T14:46:16.971+0000] {taskinstance.py:1083} INFO - Dependencies all met for <TaskInstance: cms_asp_noc.website_changed manual__2023-02-10T14:46:10+00:00 [queued]>
[2023-02-10T14:46:16.972+0000] {taskinstance.py:1279} INFO - 
--------------------------------------------------------------------------------
[2023-02-10T14:46:16.973+0000] {taskinstance.py:1280} INFO - Starting attempt 1 of 1
[2023-02-10T14:46:16.974+0000] {taskinstance.py:1281} INFO - 
--------------------------------------------------------------------------------
[2023-02-10T14:46:16.988+0000] {taskinstance.py:1300} INFO - Executing <Task(PythonOperator): website_changed> on 2023-02-10 14:46:10+00:00
[2023-02-10T14:46:17.018+0000] {standard_task_runner.py:55} INFO - Started process 40924 to run task
[2023-02-10T14:46:17.024+0000] {standard_task_runner.py:82} INFO - Running: ['***', 'tasks', 'run', 'cms_asp_noc', 'website_changed', 'manual__2023-02-10T14:46:10+00:00', '--job-id', '1680', '--raw', '--subdir', 'DAGS_FOLDER/cms_upd.py', '--cfg-path', '/tmp/tmpehd34azn']
[2023-02-10T14:46:17.031+0000] {standard_task_runner.py:83} INFO - Job 1680: Subtask website_changed
[2023-02-10T14:46:17.167+0000] {task_command.py:388} INFO - Running <TaskInstance: cms_asp_noc.website_changed manual__2023-02-10T14:46:10+00:00 [running]> on host 2886274f27ea
[2023-02-10T14:46:17.249+0000] {taskinstance.py:1509} INFO - Exporting the following env vars:
AIRFLOW_CTX_DAG_OWNER=***
AIRFLOW_CTX_DAG_ID=cms_asp_noc
AIRFLOW_CTX_TASK_ID=website_changed
AIRFLOW_CTX_EXECUTION_DATE=2023-02-10T14:46:10+00:00
AIRFLOW_CTX_TRY_NUMBER=1
AIRFLOW_CTX_DAG_RUN_ID=manual__2023-02-10T14:46:10+00:00
[2023-02-10T14:46:18.545+0000] {logging_mixin.py:137} INFO - Website is not changed.
[2023-02-10T14:46:18.546+0000] {python.py:177} INFO - Done. Returned value was: Website is not changed
[2023-02-10T14:46:18.587+0000] {taskinstance.py:1323} INFO - Marking task as SUCCESS. dag_id=cms_asp_noc, task_id=website_changed, execution_date=20230210T144610, start_date=20230210T144616, end_date=20230210T144618
[2023-02-10T14:46:18.690+0000] {local_task_job.py:208} INFO - Task exited with return code 0
[2023-02-10T14:46:18.797+0000] {taskinstance.py:2578} INFO - 2 downstream tasks scheduled from follow-on schedule check
