[2023-02-08T12:58:26.609+0000] {taskinstance.py:1083} INFO - Dependencies all met for <TaskInstance: cms_asp_noc.data_load scheduled__2022-02-02T00:00:00+00:00 [queued]>
[2023-02-08T12:58:26.877+0000] {taskinstance.py:1083} INFO - Dependencies all met for <TaskInstance: cms_asp_noc.data_load scheduled__2022-02-02T00:00:00+00:00 [queued]>
[2023-02-08T12:58:26.910+0000] {taskinstance.py:1279} INFO - 
--------------------------------------------------------------------------------
[2023-02-08T12:58:26.911+0000] {taskinstance.py:1280} INFO - Starting attempt 1 of 1
[2023-02-08T12:58:26.916+0000] {taskinstance.py:1281} INFO - 
--------------------------------------------------------------------------------
[2023-02-08T12:58:27.837+0000] {taskinstance.py:1300} INFO - Executing <Task(PythonOperator): data_load> on 2022-02-02 00:00:00+00:00
[2023-02-08T12:58:28.236+0000] {standard_task_runner.py:55} INFO - Started process 626 to run task
[2023-02-08T12:58:28.670+0000] {standard_task_runner.py:82} INFO - Running: ['***', 'tasks', 'run', 'cms_asp_noc', 'data_load', 'scheduled__2022-02-02T00:00:00+00:00', '--job-id', '95', '--raw', '--subdir', 'DAGS_FOLDER/cms_upd.py', '--cfg-path', '/tmp/tmppd28noad']
[2023-02-08T12:58:28.940+0000] {standard_task_runner.py:83} INFO - Job 95: Subtask data_load
[2023-02-08T12:58:30.414+0000] {task_command.py:388} INFO - Running <TaskInstance: cms_asp_noc.data_load scheduled__2022-02-02T00:00:00+00:00 [running]> on host 4ed7ae61ecf3
[2023-02-08T12:59:09.521+0000] {taskinstance.py:1509} INFO - Exporting the following env vars:
AIRFLOW_CTX_DAG_OWNER=***
AIRFLOW_CTX_DAG_ID=cms_asp_noc
AIRFLOW_CTX_TASK_ID=data_load
AIRFLOW_CTX_EXECUTION_DATE=2022-02-02T00:00:00+00:00
AIRFLOW_CTX_TRY_NUMBER=1
AIRFLOW_CTX_DAG_RUN_ID=scheduled__2022-02-02T00:00:00+00:00
[2023-02-08T12:59:09.750+0000] {logging_mixin.py:137} INFO - []
[2023-02-08T12:59:09.751+0000] {python.py:177} INFO - Done. Returned value was: None
[2023-02-08T12:59:09.916+0000] {taskinstance.py:1323} INFO - Marking task as SUCCESS. dag_id=cms_asp_noc, task_id=data_load, execution_date=20220202T000000, start_date=20230208T125826, end_date=20230208T125909
[2023-02-08T12:59:12.257+0000] {local_task_job.py:208} INFO - Task exited with return code 0
[2023-02-08T12:59:29.590+0000] {taskinstance.py:2578} INFO - 0 downstream tasks scheduled from follow-on schedule check
