[2023-02-08T12:55:59.415+0000] {taskinstance.py:1083} INFO - Dependencies all met for <TaskInstance: cms_asp_noc.download_file scheduled__2022-02-06T00:00:00+00:00 [queued]>
[2023-02-08T12:55:59.490+0000] {taskinstance.py:1083} INFO - Dependencies all met for <TaskInstance: cms_asp_noc.download_file scheduled__2022-02-06T00:00:00+00:00 [queued]>
[2023-02-08T12:55:59.501+0000] {taskinstance.py:1279} INFO - 
--------------------------------------------------------------------------------
[2023-02-08T12:55:59.507+0000] {taskinstance.py:1280} INFO - Starting attempt 1 of 1
[2023-02-08T12:55:59.508+0000] {taskinstance.py:1281} INFO - 
--------------------------------------------------------------------------------
[2023-02-08T12:55:59.598+0000] {taskinstance.py:1300} INFO - Executing <Task(PythonOperator): download_file> on 2022-02-06 00:00:00+00:00
[2023-02-08T12:55:59.649+0000] {standard_task_runner.py:55} INFO - Started process 507 to run task
[2023-02-08T12:55:59.682+0000] {standard_task_runner.py:82} INFO - Running: ['***', 'tasks', 'run', 'cms_asp_noc', 'download_file', 'scheduled__2022-02-06T00:00:00+00:00', '--job-id', '82', '--raw', '--subdir', 'DAGS_FOLDER/cms_upd.py', '--cfg-path', '/tmp/tmpxwunjwtp']
[2023-02-08T12:55:59.697+0000] {standard_task_runner.py:83} INFO - Job 82: Subtask download_file
[2023-02-08T12:56:00.092+0000] {task_command.py:388} INFO - Running <TaskInstance: cms_asp_noc.download_file scheduled__2022-02-06T00:00:00+00:00 [running]> on host 4ed7ae61ecf3
[2023-02-08T12:56:36.500+0000] {taskinstance.py:1509} INFO - Exporting the following env vars:
AIRFLOW_CTX_DAG_OWNER=***
AIRFLOW_CTX_DAG_ID=cms_asp_noc
AIRFLOW_CTX_TASK_ID=download_file
AIRFLOW_CTX_EXECUTION_DATE=2022-02-06T00:00:00+00:00
AIRFLOW_CTX_TRY_NUMBER=1
AIRFLOW_CTX_DAG_RUN_ID=scheduled__2022-02-06T00:00:00+00:00
[2023-02-08T12:56:57.828+0000] {logging_mixin.py:137} INFO - october-2022-noc-pricing-file.zip is downloaded.
[2023-02-08T12:56:58.582+0000] {logging_mixin.py:137} INFO - april-2022-noc-pricing-file.zip is downloaded.
[2023-02-08T12:56:59.223+0000] {logging_mixin.py:137} INFO - 2023.zip is downloaded.
[2023-02-08T12:57:00.626+0000] {logging_mixin.py:137} INFO - 2023.zip is downloaded.
[2023-02-08T12:57:03.135+0000] {logging_mixin.py:137} INFO - april-2022-asp-ndc-hcpcs-crosswalk.zip is downloaded.
[2023-02-08T12:57:04.120+0000] {logging_mixin.py:137} INFO - july-2022-asp-pricing-file-updated-12142022.zip is downloaded.
[2023-02-08T12:57:05.943+0000] {logging_mixin.py:137} INFO - april-2022-asp-pricing-file-updated-12142022.zip is downloaded.
[2023-02-08T12:57:08.239+0000] {logging_mixin.py:137} INFO - january-2022-asp-ndc-hcpcs-crosswalk.zip is downloaded.
[2023-02-08T12:57:08.681+0000] {logging_mixin.py:137} INFO - january-2023-noc-pricing-file.zip is downloaded.
[2023-02-08T12:57:09.196+0000] {logging_mixin.py:137} INFO - october-2022-asp-ndc-hcpcs-crosswalks-updated-12212022.zip is downloaded.
[2023-02-08T12:57:09.521+0000] {logging_mixin.py:137} INFO - october-2022-asp-pricing-file-updated-12212022.zip is downloaded.
[2023-02-08T12:57:10.433+0000] {logging_mixin.py:137} INFO - july-2022-asp-ndc-hcpcs-crosswalk-updated-07142022.zip is downloaded.
[2023-02-08T12:57:11.503+0000] {logging_mixin.py:137} INFO - july-2022-noc-pricing-file.zip is downloaded.
[2023-02-08T12:57:11.893+0000] {logging_mixin.py:137} INFO - january-2022-asp-pricing-file-updated-06082022.zip is downloaded.
[2023-02-08T12:57:12.140+0000] {logging_mixin.py:137} INFO - january-2022-noc-pricing-file-updated-03022022.zip is downloaded.
[2023-02-08T12:57:12.145+0000] {python.py:177} INFO - Done. Returned value was: None
[2023-02-08T12:57:13.226+0000] {taskinstance.py:1323} INFO - Marking task as SUCCESS. dag_id=cms_asp_noc, task_id=download_file, execution_date=20220206T000000, start_date=20230208T125559, end_date=20230208T125713
[2023-02-08T12:57:17.119+0000] {local_task_job.py:208} INFO - Task exited with return code 0
[2023-02-08T12:57:58.576+0000] {taskinstance.py:2578} INFO - 0 downstream tasks scheduled from follow-on schedule check
