[2023-02-08T13:02:39.822+0000] {taskinstance.py:1083} INFO - Dependencies all met for <TaskInstance: cms_asp_noc.download_file scheduled__2022-03-03T00:00:00+00:00 [queued]>
[2023-02-08T13:02:40.060+0000] {taskinstance.py:1083} INFO - Dependencies all met for <TaskInstance: cms_asp_noc.download_file scheduled__2022-03-03T00:00:00+00:00 [queued]>
[2023-02-08T13:02:40.126+0000] {taskinstance.py:1279} INFO - 
--------------------------------------------------------------------------------
[2023-02-08T13:02:40.127+0000] {taskinstance.py:1280} INFO - Starting attempt 1 of 1
[2023-02-08T13:02:40.128+0000] {taskinstance.py:1281} INFO - 
--------------------------------------------------------------------------------
[2023-02-08T13:02:40.309+0000] {taskinstance.py:1300} INFO - Executing <Task(PythonOperator): download_file> on 2022-03-03 00:00:00+00:00
[2023-02-08T13:02:40.435+0000] {standard_task_runner.py:55} INFO - Started process 835 to run task
[2023-02-08T13:02:40.517+0000] {standard_task_runner.py:82} INFO - Running: ['***', 'tasks', 'run', 'cms_asp_noc', 'download_file', 'scheduled__2022-03-03T00:00:00+00:00', '--job-id', '127', '--raw', '--subdir', 'DAGS_FOLDER/cms_upd.py', '--cfg-path', '/tmp/tmpxha5k4_o']
[2023-02-08T13:02:40.541+0000] {standard_task_runner.py:83} INFO - Job 127: Subtask download_file
[2023-02-08T13:02:41.529+0000] {task_command.py:388} INFO - Running <TaskInstance: cms_asp_noc.download_file scheduled__2022-03-03T00:00:00+00:00 [running]> on host 4ed7ae61ecf3
[2023-02-08T13:03:30.395+0000] {taskinstance.py:1509} INFO - Exporting the following env vars:
AIRFLOW_CTX_DAG_OWNER=***
AIRFLOW_CTX_DAG_ID=cms_asp_noc
AIRFLOW_CTX_TASK_ID=download_file
AIRFLOW_CTX_EXECUTION_DATE=2022-03-03T00:00:00+00:00
AIRFLOW_CTX_TRY_NUMBER=1
AIRFLOW_CTX_DAG_RUN_ID=scheduled__2022-03-03T00:00:00+00:00
[2023-02-08T13:03:42.788+0000] {logging_mixin.py:137} INFO - october-2022-noc-pricing-file.zip is downloaded.
[2023-02-08T13:03:43.051+0000] {logging_mixin.py:137} INFO - april-2022-noc-pricing-file.zip is downloaded.
[2023-02-08T13:03:43.830+0000] {logging_mixin.py:137} INFO - 2023.zip is downloaded.
[2023-02-08T13:03:44.162+0000] {logging_mixin.py:137} INFO - 2023.zip is downloaded.
[2023-02-08T13:03:45.020+0000] {logging_mixin.py:137} INFO - april-2022-asp-ndc-hcpcs-crosswalk.zip is downloaded.
[2023-02-08T13:03:45.362+0000] {logging_mixin.py:137} INFO - july-2022-asp-pricing-file-updated-12142022.zip is downloaded.
[2023-02-08T13:03:45.617+0000] {logging_mixin.py:137} INFO - april-2022-asp-pricing-file-updated-12142022.zip is downloaded.
[2023-02-08T13:03:46.182+0000] {logging_mixin.py:137} INFO - january-2022-asp-ndc-hcpcs-crosswalk.zip is downloaded.
[2023-02-08T13:03:46.625+0000] {logging_mixin.py:137} INFO - january-2023-noc-pricing-file.zip is downloaded.
[2023-02-08T13:03:47.140+0000] {logging_mixin.py:137} INFO - october-2022-asp-ndc-hcpcs-crosswalks-updated-12212022.zip is downloaded.
[2023-02-08T13:03:47.418+0000] {logging_mixin.py:137} INFO - october-2022-asp-pricing-file-updated-12212022.zip is downloaded.
[2023-02-08T13:03:48.037+0000] {logging_mixin.py:137} INFO - july-2022-asp-ndc-hcpcs-crosswalk-updated-07142022.zip is downloaded.
[2023-02-08T13:03:48.284+0000] {logging_mixin.py:137} INFO - july-2022-noc-pricing-file.zip is downloaded.
[2023-02-08T13:03:48.515+0000] {logging_mixin.py:137} INFO - january-2022-asp-pricing-file-updated-06082022.zip is downloaded.
[2023-02-08T13:03:48.666+0000] {logging_mixin.py:137} INFO - january-2022-noc-pricing-file-updated-03022022.zip is downloaded.
[2023-02-08T13:03:48.669+0000] {python.py:177} INFO - Done. Returned value was: None
[2023-02-08T13:03:49.057+0000] {taskinstance.py:1323} INFO - Marking task as SUCCESS. dag_id=cms_asp_noc, task_id=download_file, execution_date=20220303T000000, start_date=20230208T130239, end_date=20230208T130349
[2023-02-08T13:03:52.411+0000] {local_task_job.py:208} INFO - Task exited with return code 0
[2023-02-08T13:04:31.031+0000] {taskinstance.py:2578} INFO - 0 downstream tasks scheduled from follow-on schedule check
