[2023-02-10T00:00:02.220+0000] {taskinstance.py:1083} INFO - Dependencies all met for <TaskInstance: cms_asp_noc.website_changed scheduled__2023-02-09T00:00:00+00:00 [queued]>
[2023-02-10T00:00:02.228+0000] {taskinstance.py:1083} INFO - Dependencies all met for <TaskInstance: cms_asp_noc.website_changed scheduled__2023-02-09T00:00:00+00:00 [queued]>
[2023-02-10T00:00:02.229+0000] {taskinstance.py:1279} INFO - 
--------------------------------------------------------------------------------
[2023-02-10T00:00:02.229+0000] {taskinstance.py:1280} INFO - Starting attempt 1 of 1
[2023-02-10T00:00:02.230+0000] {taskinstance.py:1281} INFO - 
--------------------------------------------------------------------------------
[2023-02-10T00:00:02.239+0000] {taskinstance.py:1300} INFO - Executing <Task(PythonOperator): website_changed> on 2023-02-09 00:00:00+00:00
[2023-02-10T00:00:02.246+0000] {standard_task_runner.py:55} INFO - Started process 11143 to run task
[2023-02-10T00:00:02.250+0000] {standard_task_runner.py:82} INFO - Running: ['***', 'tasks', 'run', 'cms_asp_noc', 'website_changed', 'scheduled__2023-02-09T00:00:00+00:00', '--job-id', '1625', '--raw', '--subdir', 'DAGS_FOLDER/cms_upd.py', '--cfg-path', '/tmp/tmpuk10n2h8']
[2023-02-10T00:00:02.252+0000] {standard_task_runner.py:83} INFO - Job 1625: Subtask website_changed
[2023-02-10T00:00:02.314+0000] {task_command.py:388} INFO - Running <TaskInstance: cms_asp_noc.website_changed scheduled__2023-02-09T00:00:00+00:00 [running]> on host 2886274f27ea
[2023-02-10T00:00:02.377+0000] {taskinstance.py:1509} INFO - Exporting the following env vars:
AIRFLOW_CTX_DAG_OWNER=***
AIRFLOW_CTX_DAG_ID=cms_asp_noc
AIRFLOW_CTX_TASK_ID=website_changed
AIRFLOW_CTX_EXECUTION_DATE=2023-02-09T00:00:00+00:00
AIRFLOW_CTX_TRY_NUMBER=1
AIRFLOW_CTX_DAG_RUN_ID=scheduled__2023-02-09T00:00:00+00:00
[2023-02-10T00:00:02.932+0000] {logging_mixin.py:137} INFO - Website is not changed.
[2023-02-10T00:00:02.933+0000] {python.py:177} INFO - Done. Returned value was: Website is not changed
[2023-02-10T00:00:02.962+0000] {taskinstance.py:1323} INFO - Marking task as SUCCESS. dag_id=cms_asp_noc, task_id=website_changed, execution_date=20230209T000000, start_date=20230210T000002, end_date=20230210T000002
[2023-02-10T00:00:03.006+0000] {local_task_job.py:208} INFO - Task exited with return code 0
[2023-02-10T00:00:03.038+0000] {taskinstance.py:2578} INFO - 2 downstream tasks scheduled from follow-on schedule check
