[2023-02-09T20:52:12.293+0000] {taskinstance.py:1083} INFO - Dependencies all met for <TaskInstance: cms_asp_noc.download_file manual__2023-02-09T20:52:08.203846+00:00 [queued]>
[2023-02-09T20:52:12.300+0000] {taskinstance.py:1083} INFO - Dependencies all met for <TaskInstance: cms_asp_noc.download_file manual__2023-02-09T20:52:08.203846+00:00 [queued]>
[2023-02-09T20:52:12.301+0000] {taskinstance.py:1279} INFO - 
--------------------------------------------------------------------------------
[2023-02-09T20:52:12.301+0000] {taskinstance.py:1280} INFO - Starting attempt 1 of 1
[2023-02-09T20:52:12.302+0000] {taskinstance.py:1281} INFO - 
--------------------------------------------------------------------------------
[2023-02-09T20:52:12.312+0000] {taskinstance.py:1300} INFO - Executing <Task(PythonOperator): download_file> on 2023-02-09 20:52:08.203846+00:00
[2023-02-09T20:52:12.319+0000] {standard_task_runner.py:55} INFO - Started process 147 to run task
[2023-02-09T20:52:12.323+0000] {standard_task_runner.py:82} INFO - Running: ['***', 'tasks', 'run', 'cms_asp_noc', 'download_file', 'manual__2023-02-09T20:52:08.203846+00:00', '--job-id', '1603', '--raw', '--subdir', 'DAGS_FOLDER/cms_upd.py', '--cfg-path', '/tmp/tmp_rmhwkdv']
[2023-02-09T20:52:12.325+0000] {standard_task_runner.py:83} INFO - Job 1603: Subtask download_file
[2023-02-09T20:52:12.389+0000] {task_command.py:388} INFO - Running <TaskInstance: cms_asp_noc.download_file manual__2023-02-09T20:52:08.203846+00:00 [running]> on host 8ef717bf51f5
[2023-02-09T20:52:12.449+0000] {taskinstance.py:1509} INFO - Exporting the following env vars:
AIRFLOW_CTX_DAG_OWNER=***
AIRFLOW_CTX_DAG_ID=cms_asp_noc
AIRFLOW_CTX_TASK_ID=download_file
AIRFLOW_CTX_EXECUTION_DATE=2023-02-09T20:52:08.203846+00:00
AIRFLOW_CTX_TRY_NUMBER=1
AIRFLOW_CTX_DAG_RUN_ID=manual__2023-02-09T20:52:08.203846+00:00
[2023-02-09T20:52:15.943+0000] {python.py:177} INFO - Done. Returned value was: None
[2023-02-09T20:52:15.984+0000] {taskinstance.py:1323} INFO - Marking task as SUCCESS. dag_id=cms_asp_noc, task_id=download_file, execution_date=20230209T205208, start_date=20230209T205212, end_date=20230209T205215
[2023-02-09T20:52:16.126+0000] {local_task_job.py:208} INFO - Task exited with return code 0
[2023-02-09T20:52:16.204+0000] {taskinstance.py:2578} INFO - 1 downstream tasks scheduled from follow-on schedule check
