[2023-03-03T00:00:28.904+0000] {taskinstance.py:1083} INFO - Dependencies all met for <TaskInstance: cms_asp_noc.call_asp_pricing scheduled__2023-03-02T00:00:00+00:00 [queued]>
[2023-03-03T00:00:28.911+0000] {taskinstance.py:1083} INFO - Dependencies all met for <TaskInstance: cms_asp_noc.call_asp_pricing scheduled__2023-03-02T00:00:00+00:00 [queued]>
[2023-03-03T00:00:28.912+0000] {taskinstance.py:1279} INFO - 
--------------------------------------------------------------------------------
[2023-03-03T00:00:28.912+0000] {taskinstance.py:1280} INFO - Starting attempt 1 of 1
[2023-03-03T00:00:28.913+0000] {taskinstance.py:1281} INFO - 
--------------------------------------------------------------------------------
[2023-03-03T00:00:28.921+0000] {taskinstance.py:1300} INFO - Executing <Task(PythonOperator): call_asp_pricing> on 2023-03-02 00:00:00+00:00
[2023-03-03T00:00:28.926+0000] {standard_task_runner.py:55} INFO - Started process 84145 to run task
[2023-03-03T00:00:28.930+0000] {standard_task_runner.py:82} INFO - Running: ['***', 'tasks', 'run', 'cms_asp_noc', 'call_asp_pricing', 'scheduled__2023-03-02T00:00:00+00:00', '--job-id', '1917', '--raw', '--subdir', 'DAGS_FOLDER/cms_upd.py', '--cfg-path', '/tmp/tmp523576oq']
[2023-03-03T00:00:28.932+0000] {standard_task_runner.py:83} INFO - Job 1917: Subtask call_asp_pricing
[2023-03-03T00:00:29.109+0000] {task_command.py:388} INFO - Running <TaskInstance: cms_asp_noc.call_asp_pricing scheduled__2023-03-02T00:00:00+00:00 [running]> on host 2886274f27ea
[2023-03-03T00:00:29.153+0000] {taskinstance.py:1509} INFO - Exporting the following env vars:
AIRFLOW_CTX_DAG_OWNER=***
AIRFLOW_CTX_DAG_ID=cms_asp_noc
AIRFLOW_CTX_TASK_ID=call_asp_pricing
AIRFLOW_CTX_EXECUTION_DATE=2023-03-02T00:00:00+00:00
AIRFLOW_CTX_TRY_NUMBER=1
AIRFLOW_CTX_DAG_RUN_ID=scheduled__2023-03-02T00:00:00+00:00
[2023-03-03T00:00:29.172+0000] {python.py:177} INFO - Done. Returned value was: None
[2023-03-03T00:00:29.181+0000] {taskinstance.py:1323} INFO - Marking task as SUCCESS. dag_id=cms_asp_noc, task_id=call_asp_pricing, execution_date=20230302T000000, start_date=20230303T000028, end_date=20230303T000029
[2023-03-03T00:00:29.226+0000] {local_task_job.py:208} INFO - Task exited with return code 0
[2023-03-03T00:00:29.374+0000] {taskinstance.py:2578} INFO - 1 downstream tasks scheduled from follow-on schedule check
