[2023-02-08T15:08:32.549+0000] {taskinstance.py:1083} INFO - Dependencies all met for <TaskInstance: cms_asp_noc.download_file scheduled__2022-06-25T00:00:00+00:00 [queued]>
[2023-02-08T15:08:32.688+0000] {taskinstance.py:1083} INFO - Dependencies all met for <TaskInstance: cms_asp_noc.download_file scheduled__2022-06-25T00:00:00+00:00 [queued]>
[2023-02-08T15:08:32.705+0000] {taskinstance.py:1279} INFO - 
--------------------------------------------------------------------------------
[2023-02-08T15:08:32.707+0000] {taskinstance.py:1280} INFO - Starting attempt 1 of 1
[2023-02-08T15:08:32.708+0000] {taskinstance.py:1281} INFO - 
--------------------------------------------------------------------------------
[2023-02-08T15:08:32.802+0000] {taskinstance.py:1300} INFO - Executing <Task(PythonOperator): download_file> on 2022-06-25 00:00:00+00:00
[2023-02-08T15:08:32.862+0000] {standard_task_runner.py:55} INFO - Started process 809 to run task
[2023-02-08T15:08:32.943+0000] {standard_task_runner.py:82} INFO - Running: ['***', 'tasks', 'run', 'cms_asp_noc', 'download_file', 'scheduled__2022-06-25T00:00:00+00:00', '--job-id', '455', '--raw', '--subdir', 'DAGS_FOLDER/cms_upd.py', '--cfg-path', '/tmp/tmpzxk3fdid']
[2023-02-08T15:08:32.998+0000] {standard_task_runner.py:83} INFO - Job 455: Subtask download_file
[2023-02-08T15:08:33.222+0000] {task_command.py:388} INFO - Running <TaskInstance: cms_asp_noc.download_file scheduled__2022-06-25T00:00:00+00:00 [running]> on host 1f90076947be
[2023-02-08T15:08:37.403+0000] {taskinstance.py:1509} INFO - Exporting the following env vars:
AIRFLOW_CTX_DAG_OWNER=***
AIRFLOW_CTX_DAG_ID=cms_asp_noc
AIRFLOW_CTX_TASK_ID=download_file
AIRFLOW_CTX_EXECUTION_DATE=2022-06-25T00:00:00+00:00
AIRFLOW_CTX_TRY_NUMBER=1
AIRFLOW_CTX_DAG_RUN_ID=scheduled__2022-06-25T00:00:00+00:00
[2023-02-08T15:08:40.812+0000] {logging_mixin.py:137} INFO - july-2022-asp-pricing-file-updated-12142022.zip is downloaded.
[2023-02-08T15:08:41.082+0000] {logging_mixin.py:137} INFO - january-2023-noc-pricing-file.zip is downloaded.
[2023-02-08T15:08:41.352+0000] {logging_mixin.py:137} INFO - january-2022-asp-ndc-hcpcs-crosswalk.zip is downloaded.
[2023-02-08T15:08:41.528+0000] {logging_mixin.py:137} INFO - january-2022-asp-pricing-file-updated-06082022.zip is downloaded.
[2023-02-08T15:08:41.897+0000] {logging_mixin.py:137} INFO - october-2022-asp-ndc-hcpcs-crosswalks-updated-12212022.zip is downloaded.
[2023-02-08T15:08:42.076+0000] {logging_mixin.py:137} INFO - july-2022-noc-pricing-file.zip is downloaded.
[2023-02-08T15:08:42.248+0000] {logging_mixin.py:137} INFO - april-2022-noc-pricing-file.zip is downloaded.
[2023-02-08T15:08:42.888+0000] {logging_mixin.py:137} INFO - july-2022-asp-ndc-hcpcs-crosswalk-updated-07142022.zip is downloaded.
[2023-02-08T15:08:43.244+0000] {logging_mixin.py:137} INFO - october-2022-noc-pricing-file.zip is downloaded.
[2023-02-08T15:08:44.589+0000] {logging_mixin.py:137} INFO - april-2022-asp-ndc-hcpcs-crosswalk.zip is downloaded.
[2023-02-08T15:08:45.274+0000] {logging_mixin.py:137} INFO - 2023.zip is downloaded.
[2023-02-08T15:08:45.670+0000] {logging_mixin.py:137} INFO - january-2022-noc-pricing-file-updated-03022022.zip is downloaded.
[2023-02-08T15:08:45.867+0000] {logging_mixin.py:137} INFO - october-2022-asp-pricing-file-updated-12212022.zip is downloaded.
[2023-02-08T15:08:46.109+0000] {logging_mixin.py:137} INFO - april-2022-asp-pricing-file-updated-12142022.zip is downloaded.
[2023-02-08T15:08:46.452+0000] {logging_mixin.py:137} INFO - 2023.zip is downloaded.
[2023-02-08T15:08:46.453+0000] {python.py:177} INFO - Done. Returned value was: None
[2023-02-08T15:08:46.521+0000] {taskinstance.py:1323} INFO - Marking task as SUCCESS. dag_id=cms_asp_noc, task_id=download_file, execution_date=20220625T000000, start_date=20230208T150832, end_date=20230208T150846
[2023-02-08T15:08:46.719+0000] {local_task_job.py:208} INFO - Task exited with return code 0
[2023-02-08T15:08:47.504+0000] {taskinstance.py:2578} INFO - 1 downstream tasks scheduled from follow-on schedule check
